{"timestamp":"2025-08-21T12:13:09.271659","level":"info","event":"DAG bundles loaded: dags-folder, example_dags","logger":"airflow.dag_processing.bundles.manager.DagBundlesManager"}
{"timestamp":"2025-08-21T12:13:09.272040","level":"info","event":"Filling up the DagBag from /opt/airflow/dags/dbt_process_data.py","logger":"airflow.models.dagbag.DagBag"}
{"timestamp":"2025-08-21T12:13:09.677430Z","level":"info","event":"Task instance is in running state","chan":"stdout","logger":"task"}
{"timestamp":"2025-08-21T12:13:09.677576Z","level":"info","event":" Previous state of the Task instance: TaskInstanceState.QUEUED","chan":"stdout","logger":"task"}
{"timestamp":"2025-08-21T12:13:09.678734Z","level":"info","event":"Current task name:dbt_invalid","chan":"stdout","logger":"task"}
{"timestamp":"2025-08-21T12:13:09.678853Z","level":"info","event":"Dag name:dbt_pipeline_invalid_staging_silver","chan":"stdout","logger":"task"}
{"timestamp":"2025-08-21T12:13:09.679304","level":"info","event":"Tmp dir root location: /tmp","logger":"airflow.task.hooks.airflow.providers.standard.hooks.subprocess.SubprocessHook"}
{"timestamp":"2025-08-21T12:13:09.680571","level":"info","event":"Running command: ['/usr/bin/bash', '-c', 'cd /opt/airflow/dbt && dbt run --select path:models/invalid --full-refresh --profiles-dir /home/airflow/.dbt']","logger":"airflow.task.hooks.airflow.providers.standard.hooks.subprocess.SubprocessHook"}
{"timestamp":"2025-08-21T12:13:09.695720","level":"info","event":"Output:","logger":"airflow.task.hooks.airflow.providers.standard.hooks.subprocess.SubprocessHook"}
{"timestamp":"2025-08-21T12:13:11.435134","level":"info","event":"\u001b[0m12:13:11  Running with dbt=1.10.9","logger":"airflow.task.hooks.airflow.providers.standard.hooks.subprocess.SubprocessHook"}
{"timestamp":"2025-08-21T12:13:11.669680","level":"info","event":"\u001b[0m12:13:11  Registered adapter: postgres=1.9.0","logger":"airflow.task.hooks.airflow.providers.standard.hooks.subprocess.SubprocessHook"}
{"timestamp":"2025-08-21T12:13:12.001858","level":"info","event":"\u001b[0m12:13:12  Found 65 models, 23 sources, 435 macros","logger":"airflow.task.hooks.airflow.providers.standard.hooks.subprocess.SubprocessHook"}
{"timestamp":"2025-08-21T12:13:12.005528","level":"info","event":"\u001b[0m12:13:12","logger":"airflow.task.hooks.airflow.providers.standard.hooks.subprocess.SubprocessHook"}
{"timestamp":"2025-08-21T12:13:12.005872","level":"info","event":"\u001b[0m12:13:12  Concurrency: 4 threads (target='dev')","logger":"airflow.task.hooks.airflow.providers.standard.hooks.subprocess.SubprocessHook"}
{"timestamp":"2025-08-21T12:13:12.006202","level":"info","event":"\u001b[0m12:13:12","logger":"airflow.task.hooks.airflow.providers.standard.hooks.subprocess.SubprocessHook"}
{"timestamp":"2025-08-21T12:13:54.915265","level":"info","event":"\u001b[0m12:13:54","logger":"airflow.task.hooks.airflow.providers.standard.hooks.subprocess.SubprocessHook"}
{"timestamp":"2025-08-21T12:13:54.915743","level":"info","event":"\u001b[0m12:13:54  Finished running  in 0 hours 0 minutes and 42.91 seconds (42.91s).","logger":"airflow.task.hooks.airflow.providers.standard.hooks.subprocess.SubprocessHook"}
{"timestamp":"2025-08-21T12:13:54.916257","level":"info","event":"\u001b[0m12:13:54  Encountered an error:","logger":"airflow.task.hooks.airflow.providers.standard.hooks.subprocess.SubprocessHook"}
{"timestamp":"2025-08-21T12:13:54.916315","level":"info","event":"Database Error","logger":"airflow.task.hooks.airflow.providers.standard.hooks.subprocess.SubprocessHook"}
{"timestamp":"2025-08-21T12:13:54.916359","level":"info","event":"  connection to server at \"db-thanhnv164-postgres.ceahrljdchqz.us-east-1.rds.amazonaws.com\" (3.227.45.54), port 5432 failed: timeout expired","logger":"airflow.task.hooks.airflow.providers.standard.hooks.subprocess.SubprocessHook"}
{"timestamp":"2025-08-21T12:13:54.916410","level":"info","event":"  connection to server at \"db-thanhnv164-postgres.ceahrljdchqz.us-east-1.rds.amazonaws.com\" (3.227.45.54), port 5432 failed: timeout expired","logger":"airflow.task.hooks.airflow.providers.standard.hooks.subprocess.SubprocessHook"}
{"timestamp":"2025-08-21T12:13:54.916448","level":"info","event":"","logger":"airflow.task.hooks.airflow.providers.standard.hooks.subprocess.SubprocessHook"}
{"timestamp":"2025-08-21T12:13:56.453020","level":"info","event":"Command exited with return code 2","logger":"airflow.task.hooks.airflow.providers.standard.hooks.subprocess.SubprocessHook"}
{"timestamp":"2025-08-21T12:13:56.453678","level":"error","event":"Task failed with exception","logger":"task","error_detail":[{"exc_type":"AirflowException","exc_value":"Bash command failed. The command returned a non-zero exit code 2.","exc_notes":[],"syntax_error":null,"is_cause":false,"frames":[{"filename":"/home/airflow/.local/lib/python3.12/site-packages/airflow/sdk/execution_time/task_runner.py","lineno":890,"name":"run"},{"filename":"/home/airflow/.local/lib/python3.12/site-packages/airflow/sdk/execution_time/task_runner.py","lineno":1177,"name":"_execute_task"},{"filename":"/home/airflow/.local/lib/python3.12/site-packages/airflow/sdk/bases/operator.py","lineno":397,"name":"wrapper"},{"filename":"/home/airflow/.local/lib/python3.12/site-packages/airflow/providers/standard/operators/bash.py","lineno":232,"name":"execute"}],"is_group":false,"exceptions":[]}]}
{"timestamp":"2025-08-21T12:13:56.456812","level":"warning","event":"/home/airflow/.local/lib/python3.12/site-packages/airflow/models/variable.py:147: DeprecationWarning: Using Variable.get from `airflow.models` is deprecated.Please use `from airflow.sdk import Variable` instead\n  warnings.warn(\n","logger":"py.warnings"}
{"timestamp":"2025-08-21T12:13:56.467053","level":"warning","event":"/home/airflow/.local/lib/python3.12/site-packages/airflow/models/connection.py:471: DeprecationWarning: Using Connection.get_connection_from_secrets from `airflow.models` is deprecated.Please use `from airflow.sdk import Connection` instead\n  warnings.warn(\n","logger":"py.warnings"}
{"timestamp":"2025-08-21T12:13:56.472514","level":"info","event":"Connection Retrieved 'ms_teams_webhook'","logger":"airflow.hooks.base"}
{"timestamp":"2025-08-21T12:13:58.390744Z","level":"info","event":"Task instance in failure state","chan":"stdout","logger":"task"}
{"timestamp":"2025-08-21T12:13:58.391895Z","level":"info","event":"Task start","chan":"stdout","logger":"task"}
{"timestamp":"2025-08-21T12:13:58.392052Z","level":"info","event":"Task:<Task(BashOperator): dbt_invalid>","chan":"stdout","logger":"task"}
{"timestamp":"2025-08-21T12:13:58.392105Z","level":"info","event":"Failure caused by Bash command failed. The command returned a non-zero exit code 2.","chan":"stdout","logger":"task"}
