{"timestamp":"2025-08-21T17:41:20.923673","level":"info","event":"DAG bundles loaded: dags-folder, example_dags","logger":"airflow.dag_processing.bundles.manager.DagBundlesManager"}
{"timestamp":"2025-08-21T17:41:20.924031","level":"info","event":"Filling up the DagBag from /opt/airflow/dags/dbt_process_data.py","logger":"airflow.models.dagbag.DagBag"}
{"timestamp":"2025-08-21T17:41:20.948805Z","level":"info","event":"Task instance is in running state","chan":"stdout","logger":"task"}
{"timestamp":"2025-08-21T17:41:20.948937Z","level":"info","event":" Previous state of the Task instance: TaskInstanceState.QUEUED","chan":"stdout","logger":"task"}
{"timestamp":"2025-08-21T17:41:20.949809Z","level":"info","event":"Current task name:dbt_invalid","chan":"stdout","logger":"task"}
{"timestamp":"2025-08-21T17:41:20.949900Z","level":"info","event":"Dag name:dbt_pipeline_invalid_staging_silver","chan":"stdout","logger":"task"}
{"timestamp":"2025-08-21T17:41:20.950283","level":"info","event":"Tmp dir root location: /tmp","logger":"airflow.task.hooks.airflow.providers.standard.hooks.subprocess.SubprocessHook"}
{"timestamp":"2025-08-21T17:41:20.951453","level":"info","event":"Running command: ['/usr/bin/bash', '-c', 'cd /opt/airflow/dbt && dbt run --select path:models/invalid --full-refresh --profiles-dir /home/airflow/.dbt']","logger":"airflow.task.hooks.airflow.providers.standard.hooks.subprocess.SubprocessHook"}
{"timestamp":"2025-08-21T17:41:20.965430","level":"info","event":"Output:","logger":"airflow.task.hooks.airflow.providers.standard.hooks.subprocess.SubprocessHook"}
{"timestamp":"2025-08-21T17:41:22.746558","level":"info","event":"\u001b[0m17:41:22  Running with dbt=1.10.9","logger":"airflow.task.hooks.airflow.providers.standard.hooks.subprocess.SubprocessHook"}
{"timestamp":"2025-08-21T17:41:22.934037","level":"info","event":"\u001b[0m17:41:22  Registered adapter: postgres=1.9.0","logger":"airflow.task.hooks.airflow.providers.standard.hooks.subprocess.SubprocessHook"}
{"timestamp":"2025-08-21T17:41:23.222987","level":"info","event":"\u001b[0m17:41:23  Found 65 models, 23 sources, 435 macros","logger":"airflow.task.hooks.airflow.providers.standard.hooks.subprocess.SubprocessHook"}
{"timestamp":"2025-08-21T17:41:23.226413","level":"info","event":"\u001b[0m17:41:23","logger":"airflow.task.hooks.airflow.providers.standard.hooks.subprocess.SubprocessHook"}
{"timestamp":"2025-08-21T17:41:23.226695","level":"info","event":"\u001b[0m17:41:23  Concurrency: 4 threads (target='dev')","logger":"airflow.task.hooks.airflow.providers.standard.hooks.subprocess.SubprocessHook"}
{"timestamp":"2025-08-21T17:41:23.226928","level":"info","event":"\u001b[0m17:41:23","logger":"airflow.task.hooks.airflow.providers.standard.hooks.subprocess.SubprocessHook"}
{"timestamp":"2025-08-21T17:41:33.995696","level":"info","event":"\u001b[0m17:41:33  1 of 19 START sql view model silver_invalid.campaign_invalid ................... [RUN]","logger":"airflow.task.hooks.airflow.providers.standard.hooks.subprocess.SubprocessHook"}
{"timestamp":"2025-08-21T17:41:33.997275","level":"info","event":"\u001b[0m17:41:33  2 of 19 START sql view model silver_invalid.customer_feedback_invalid .......... [RUN]","logger":"airflow.task.hooks.airflow.providers.standard.hooks.subprocess.SubprocessHook"}
{"timestamp":"2025-08-21T17:41:33.997840","level":"info","event":"\u001b[0m17:41:33  3 of 19 START sql view model silver_invalid.customer_invalid ................... [RUN]","logger":"airflow.task.hooks.airflow.providers.standard.hooks.subprocess.SubprocessHook"}
{"timestamp":"2025-08-21T17:41:33.998442","level":"info","event":"\u001b[0m17:41:33  4 of 19 START sql view model silver_invalid.discount_rules_invalid ............. [RUN]","logger":"airflow.task.hooks.airflow.providers.standard.hooks.subprocess.SubprocessHook"}
{"timestamp":"2025-08-21T17:41:34.017405","level":"info","event":"\u001b[0m17:41:34  \u001b[31mUnhandled error while executing \u001b[0m","logger":"airflow.task.hooks.airflow.providers.standard.hooks.subprocess.SubprocessHook"}
{"timestamp":"2025-08-21T17:41:34.017547","level":"info","event":"[Errno 13] Permission denied: '/opt/airflow/dbt/target/compiled/retail_dbt/models/invalid/campaign_invalid.sql'","logger":"airflow.task.hooks.airflow.providers.standard.hooks.subprocess.SubprocessHook"}
{"timestamp":"2025-08-21T17:41:34.078955","level":"info","event":"\u001b[0m17:41:34  1 of 19 ERROR creating sql view model silver_invalid.campaign_invalid .......... [\u001b[31mERROR\u001b[0m in 0.08s]","logger":"airflow.task.hooks.airflow.providers.standard.hooks.subprocess.SubprocessHook"}
{"timestamp":"2025-08-21T17:41:34.081602","level":"info","event":"\u001b[0m17:41:34  5 of 19 START sql view model silver_invalid.employees_invalid .................. [RUN]","logger":"airflow.task.hooks.airflow.providers.standard.hooks.subprocess.SubprocessHook"}
{"timestamp":"2025-08-21T17:41:37.306012","level":"info","event":"\u001b[0m17:41:37  5 of 19 OK created sql view model silver_invalid.employees_invalid ............. [\u001b[32mCREATE VIEW\u001b[0m in 3.22s]","logger":"airflow.task.hooks.airflow.providers.standard.hooks.subprocess.SubprocessHook"}
{"timestamp":"2025-08-21T17:41:37.308266","level":"info","event":"\u001b[0m17:41:37  6 of 19 START sql view model silver_invalid.inventory_invalid .................. [RUN]","logger":"airflow.task.hooks.airflow.providers.standard.hooks.subprocess.SubprocessHook"}
{"timestamp":"2025-08-21T17:41:37.857981","level":"info","event":"\u001b[0m17:41:37  3 of 19 OK created sql view model silver_invalid.customer_invalid .............. [\u001b[32mCREATE VIEW\u001b[0m in 3.86s]","logger":"airflow.task.hooks.airflow.providers.standard.hooks.subprocess.SubprocessHook"}
{"timestamp":"2025-08-21T17:41:37.858604","level":"info","event":"\u001b[0m17:41:37  4 of 19 OK created sql view model silver_invalid.discount_rules_invalid ........ [\u001b[32mCREATE VIEW\u001b[0m in 3.86s]","logger":"airflow.task.hooks.airflow.providers.standard.hooks.subprocess.SubprocessHook"}
{"timestamp":"2025-08-21T17:41:37.860992","level":"info","event":"\u001b[0m17:41:37  7 of 19 START sql table model silver_invalid.loyalty_programs_invalid .......... [RUN]","logger":"airflow.task.hooks.airflow.providers.standard.hooks.subprocess.SubprocessHook"}
{"timestamp":"2025-08-21T17:41:37.861447","level":"info","event":"\u001b[0m17:41:37  8 of 19 START sql view model silver_invalid.payments_invalid ................... [RUN]","logger":"airflow.task.hooks.airflow.providers.standard.hooks.subprocess.SubprocessHook"}
{"timestamp":"2025-08-21T17:41:37.947650","level":"info","event":"\u001b[0m17:41:37  2 of 19 OK created sql view model silver_invalid.customer_feedback_invalid ..... [\u001b[32mCREATE VIEW\u001b[0m in 3.95s]","logger":"airflow.task.hooks.airflow.providers.standard.hooks.subprocess.SubprocessHook"}
{"timestamp":"2025-08-21T17:41:37.948920","level":"info","event":"\u001b[0m17:41:37  9 of 19 START sql view model silver_invalid.pricing_history_invalid ............ [RUN]","logger":"airflow.task.hooks.airflow.providers.standard.hooks.subprocess.SubprocessHook"}
{"timestamp":"2025-08-21T17:41:40.866789","level":"info","event":"\u001b[0m17:41:40  6 of 19 OK created sql view model silver_invalid.inventory_invalid ............. [\u001b[32mCREATE VIEW\u001b[0m in 3.55s]","logger":"airflow.task.hooks.airflow.providers.standard.hooks.subprocess.SubprocessHook"}
{"timestamp":"2025-08-21T17:41:40.868215","level":"info","event":"\u001b[0m17:41:40  10 of 19 START sql view model silver_invalid.products_invalid .................. [RUN]","logger":"airflow.task.hooks.airflow.providers.standard.hooks.subprocess.SubprocessHook"}
{"timestamp":"2025-08-21T17:41:41.149292","level":"info","event":"\u001b[0m17:41:41  7 of 19 OK created sql table model silver_invalid.loyalty_programs_invalid ..... [\u001b[32mSELECT 0\u001b[0m in 3.29s]","logger":"airflow.task.hooks.airflow.providers.standard.hooks.subprocess.SubprocessHook"}
{"timestamp":"2025-08-21T17:41:41.150060","level":"info","event":"\u001b[0m17:41:41  8 of 19 OK created sql view model silver_invalid.payments_invalid .............. [\u001b[32mCREATE VIEW\u001b[0m in 3.29s]","logger":"airflow.task.hooks.airflow.providers.standard.hooks.subprocess.SubprocessHook"}
{"timestamp":"2025-08-21T17:41:41.152526","level":"info","event":"\u001b[0m17:41:41  11 of 19 START sql view model silver_invalid.promotions_invalid ................ [RUN]","logger":"airflow.task.hooks.airflow.providers.standard.hooks.subprocess.SubprocessHook"}
{"timestamp":"2025-08-21T17:41:41.153028","level":"info","event":"\u001b[0m17:41:41  12 of 19 START sql view model silver_invalid.purchase_orders_invalid ........... [RUN]","logger":"airflow.task.hooks.airflow.providers.standard.hooks.subprocess.SubprocessHook"}
{"timestamp":"2025-08-21T17:41:41.241472","level":"info","event":"\u001b[0m17:41:41  9 of 19 OK created sql view model silver_invalid.pricing_history_invalid ....... [\u001b[32mCREATE VIEW\u001b[0m in 3.29s]","logger":"airflow.task.hooks.airflow.providers.standard.hooks.subprocess.SubprocessHook"}
{"timestamp":"2025-08-21T17:41:41.242783","level":"info","event":"\u001b[0m17:41:41  13 of 19 START sql table model silver_invalid.returns_invalid .................. [RUN]","logger":"airflow.task.hooks.airflow.providers.standard.hooks.subprocess.SubprocessHook"}
{"timestamp":"2025-08-21T17:41:44.064087","level":"info","event":"\u001b[0m17:41:44  10 of 19 OK created sql view model silver_invalid.products_invalid ............. [\u001b[32mCREATE VIEW\u001b[0m in 3.19s]","logger":"airflow.task.hooks.airflow.providers.standard.hooks.subprocess.SubprocessHook"}
{"timestamp":"2025-08-21T17:41:44.065409","level":"info","event":"\u001b[0m17:41:44  14 of 19 START sql view model silver_invalid.sales_items_invalid ............... [RUN]","logger":"airflow.task.hooks.airflow.providers.standard.hooks.subprocess.SubprocessHook"}
{"timestamp":"2025-08-21T17:41:44.326193","level":"info","event":"\u001b[0m17:41:44  11 of 19 OK created sql view model silver_invalid.promotions_invalid ........... [\u001b[32mCREATE VIEW\u001b[0m in 3.17s]","logger":"airflow.task.hooks.airflow.providers.standard.hooks.subprocess.SubprocessHook"}
{"timestamp":"2025-08-21T17:41:44.327585","level":"info","event":"\u001b[0m17:41:44  15 of 19 START sql view model silver_invalid.sales_transactions_invalid ........ [RUN]","logger":"airflow.task.hooks.airflow.providers.standard.hooks.subprocess.SubprocessHook"}
{"timestamp":"2025-08-21T17:41:44.674745","level":"info","event":"\u001b[0m17:41:44  13 of 19 OK created sql table model silver_invalid.returns_invalid ............. [\u001b[32mSELECT 500\u001b[0m in 3.43s]","logger":"airflow.task.hooks.airflow.providers.standard.hooks.subprocess.SubprocessHook"}
{"timestamp":"2025-08-21T17:41:44.675967","level":"info","event":"\u001b[0m17:41:44  16 of 19 START sql view model silver_invalid.shipments_invalid ................. [RUN]","logger":"airflow.task.hooks.airflow.providers.standard.hooks.subprocess.SubprocessHook"}
{"timestamp":"2025-08-21T17:41:44.973271","level":"info","event":"\u001b[0m17:41:44  12 of 19 OK created sql view model silver_invalid.purchase_orders_invalid ...... [\u001b[32mCREATE VIEW\u001b[0m in 3.82s]","logger":"airflow.task.hooks.airflow.providers.standard.hooks.subprocess.SubprocessHook"}
{"timestamp":"2025-08-21T17:41:44.974558","level":"info","event":"\u001b[0m17:41:44  17 of 19 START sql view model silver_invalid.stock_movements_invalid ........... [RUN]","logger":"airflow.task.hooks.airflow.providers.standard.hooks.subprocess.SubprocessHook"}
{"timestamp":"2025-08-21T17:41:47.499426","level":"info","event":"\u001b[0m17:41:47  15 of 19 OK created sql view model silver_invalid.sales_transactions_invalid ... [\u001b[32mCREATE VIEW\u001b[0m in 3.17s]","logger":"airflow.task.hooks.airflow.providers.standard.hooks.subprocess.SubprocessHook"}
{"timestamp":"2025-08-21T17:41:47.501069","level":"info","event":"\u001b[0m17:41:47  18 of 19 START sql view model silver_invalid.store_visits_invalid .............. [RUN]","logger":"airflow.task.hooks.airflow.providers.standard.hooks.subprocess.SubprocessHook"}
{"timestamp":"2025-08-21T17:41:47.803412","level":"info","event":"\u001b[0m17:41:47  14 of 19 OK created sql view model silver_invalid.sales_items_invalid .......... [\u001b[32mCREATE VIEW\u001b[0m in 3.74s]","logger":"airflow.task.hooks.airflow.providers.standard.hooks.subprocess.SubprocessHook"}
{"timestamp":"2025-08-21T17:41:47.804624","level":"info","event":"\u001b[0m17:41:47  19 of 19 START sql view model silver_invalid.tax_rules_invalid ................. [RUN]","logger":"airflow.task.hooks.airflow.providers.standard.hooks.subprocess.SubprocessHook"}
{"timestamp":"2025-08-21T17:41:47.813608","level":"info","event":"\u001b[0m17:41:47  16 of 19 OK created sql view model silver_invalid.shipments_invalid ............ [\u001b[32mCREATE VIEW\u001b[0m in 3.13s]","logger":"airflow.task.hooks.airflow.providers.standard.hooks.subprocess.SubprocessHook"}
{"timestamp":"2025-08-21T17:41:48.668299","level":"info","event":"\u001b[0m17:41:48  17 of 19 OK created sql view model silver_invalid.stock_movements_invalid ...... [\u001b[32mCREATE VIEW\u001b[0m in 3.69s]","logger":"airflow.task.hooks.airflow.providers.standard.hooks.subprocess.SubprocessHook"}
{"timestamp":"2025-08-21T17:41:51.100707","level":"info","event":"\u001b[0m17:41:51  19 of 19 OK created sql view model silver_invalid.tax_rules_invalid ............ [\u001b[32mCREATE VIEW\u001b[0m in 3.29s]","logger":"airflow.task.hooks.airflow.providers.standard.hooks.subprocess.SubprocessHook"}
{"timestamp":"2025-08-21T17:41:51.292141","level":"info","event":"\u001b[0m17:41:51  18 of 19 OK created sql view model silver_invalid.store_visits_invalid ......... [\u001b[32mCREATE VIEW\u001b[0m in 3.79s]","logger":"airflow.task.hooks.airflow.providers.standard.hooks.subprocess.SubprocessHook"}
{"timestamp":"2025-08-21T17:41:53.885913","level":"info","event":"\u001b[0m17:41:53","logger":"airflow.task.hooks.airflow.providers.standard.hooks.subprocess.SubprocessHook"}
{"timestamp":"2025-08-21T17:41:53.886196","level":"info","event":"\u001b[0m17:41:53  Finished running 2 table models, 17 view models in 0 hours 0 minutes and 30.66 seconds (30.66s).","logger":"airflow.task.hooks.airflow.providers.standard.hooks.subprocess.SubprocessHook"}
{"timestamp":"2025-08-21T17:41:53.921853","level":"info","event":"\u001b[0m17:41:53","logger":"airflow.task.hooks.airflow.providers.standard.hooks.subprocess.SubprocessHook"}
{"timestamp":"2025-08-21T17:41:53.922142","level":"info","event":"\u001b[0m17:41:53  \u001b[31mCompleted with 1 error, 0 partial successes, and 0 warnings:\u001b[0m","logger":"airflow.task.hooks.airflow.providers.standard.hooks.subprocess.SubprocessHook"}
{"timestamp":"2025-08-21T17:41:53.922402","level":"info","event":"\u001b[0m17:41:53","logger":"airflow.task.hooks.airflow.providers.standard.hooks.subprocess.SubprocessHook"}
{"timestamp":"2025-08-21T17:41:53.922799","level":"info","event":"\u001b[0m17:41:53  \u001b[31mFailure in model campaign_invalid (models/invalid/campaign_invalid.sql)\u001b[0m","logger":"airflow.task.hooks.airflow.providers.standard.hooks.subprocess.SubprocessHook"}
{"timestamp":"2025-08-21T17:41:53.923124","level":"info","event":"\u001b[0m17:41:53    [Errno 13] Permission denied: '/opt/airflow/dbt/target/compiled/retail_dbt/models/invalid/campaign_invalid.sql'","logger":"airflow.task.hooks.airflow.providers.standard.hooks.subprocess.SubprocessHook"}
{"timestamp":"2025-08-21T17:41:53.923410","level":"info","event":"\u001b[0m17:41:53","logger":"airflow.task.hooks.airflow.providers.standard.hooks.subprocess.SubprocessHook"}
{"timestamp":"2025-08-21T17:41:53.923741","level":"info","event":"\u001b[0m17:41:53    compiled code at target/compiled/retail_dbt/models/invalid/campaign_invalid.sql","logger":"airflow.task.hooks.airflow.providers.standard.hooks.subprocess.SubprocessHook"}
{"timestamp":"2025-08-21T17:41:53.924038","level":"info","event":"\u001b[0m17:41:53","logger":"airflow.task.hooks.airflow.providers.standard.hooks.subprocess.SubprocessHook"}
{"timestamp":"2025-08-21T17:41:53.924347","level":"info","event":"\u001b[0m17:41:53  Done. PASS=18 WARN=0 ERROR=1 SKIP=0 NO-OP=0 TOTAL=19","logger":"airflow.task.hooks.airflow.providers.standard.hooks.subprocess.SubprocessHook"}
{"timestamp":"2025-08-21T17:41:55.429586","level":"info","event":"Command exited with return code 1","logger":"airflow.task.hooks.airflow.providers.standard.hooks.subprocess.SubprocessHook"}
{"timestamp":"2025-08-21T17:41:55.430119","level":"error","event":"Task failed with exception","logger":"task","error_detail":[{"exc_type":"AirflowException","exc_value":"Bash command failed. The command returned a non-zero exit code 1.","exc_notes":[],"syntax_error":null,"is_cause":false,"frames":[{"filename":"/home/airflow/.local/lib/python3.12/site-packages/airflow/sdk/execution_time/task_runner.py","lineno":890,"name":"run"},{"filename":"/home/airflow/.local/lib/python3.12/site-packages/airflow/sdk/execution_time/task_runner.py","lineno":1177,"name":"_execute_task"},{"filename":"/home/airflow/.local/lib/python3.12/site-packages/airflow/sdk/bases/operator.py","lineno":397,"name":"wrapper"},{"filename":"/home/airflow/.local/lib/python3.12/site-packages/airflow/providers/standard/operators/bash.py","lineno":232,"name":"execute"}],"is_group":false,"exceptions":[]}]}
{"timestamp":"2025-08-21T17:41:55.438035","level":"warning","event":"/home/airflow/.local/lib/python3.12/site-packages/airflow/models/connection.py:471: DeprecationWarning: Using Connection.get_connection_from_secrets from `airflow.models` is deprecated.Please use `from airflow.sdk import Connection` instead\n  warnings.warn(\n","logger":"py.warnings"}
{"timestamp":"2025-08-21T17:41:55.442309","level":"info","event":"Connection Retrieved 'ms_teams_webhook'","logger":"airflow.hooks.base"}
{"timestamp":"2025-08-21T17:41:56.760584Z","level":"info","event":"Task instance in failure state","chan":"stdout","logger":"task"}
{"timestamp":"2025-08-21T17:41:56.761727Z","level":"info","event":"Task start","chan":"stdout","logger":"task"}
{"timestamp":"2025-08-21T17:41:56.761807Z","level":"info","event":"Task:<Task(BashOperator): dbt_invalid>","chan":"stdout","logger":"task"}
{"timestamp":"2025-08-21T17:41:56.761883Z","level":"info","event":"Failure caused by Bash command failed. The command returned a non-zero exit code 1.","chan":"stdout","logger":"task"}
