{"timestamp":"2025-08-22T12:03:07.208711","level":"info","event":"DAG bundles loaded: dags-folder, example_dags","logger":"airflow.dag_processing.bundles.manager.DagBundlesManager"}
{"timestamp":"2025-08-22T12:03:07.209078","level":"info","event":"Filling up the DagBag from /opt/airflow/dags/dbt_process_data.py","logger":"airflow.models.dagbag.DagBag"}
{"timestamp":"2025-08-22T12:03:07.235443Z","level":"info","event":"Task instance is in running state","chan":"stdout","logger":"task"}
{"timestamp":"2025-08-22T12:03:07.235601Z","level":"info","event":" Previous state of the Task instance: TaskInstanceState.QUEUED","chan":"stdout","logger":"task"}
{"timestamp":"2025-08-22T12:03:07.236338Z","level":"info","event":"Current task name:dbt_snapshot_run","chan":"stdout","logger":"task"}
{"timestamp":"2025-08-22T12:03:07.236412Z","level":"info","event":"Dag name:dbt_pipeline_invalid_staging_silver","chan":"stdout","logger":"task"}
{"timestamp":"2025-08-22T12:03:07.236790","level":"info","event":"Tmp dir root location: /tmp","logger":"airflow.task.hooks.airflow.providers.standard.hooks.subprocess.SubprocessHook"}
{"timestamp":"2025-08-22T12:03:07.238205","level":"info","event":"Running command: ['/usr/bin/bash', '-c', 'cd /opt/airflow/dbt && dbt snapshot --profiles-dir /home/airflow/.dbt']","logger":"airflow.task.hooks.airflow.providers.standard.hooks.subprocess.SubprocessHook"}
{"timestamp":"2025-08-22T12:03:07.252624","level":"info","event":"Output:","logger":"airflow.task.hooks.airflow.providers.standard.hooks.subprocess.SubprocessHook"}
{"timestamp":"2025-08-22T12:03:09.014002","level":"info","event":"\u001b[0m12:03:09  Running with dbt=1.10.9","logger":"airflow.task.hooks.airflow.providers.standard.hooks.subprocess.SubprocessHook"}
{"timestamp":"2025-08-22T12:03:09.230492","level":"info","event":"\u001b[0m12:03:09  Registered adapter: postgres=1.9.0","logger":"airflow.task.hooks.airflow.providers.standard.hooks.subprocess.SubprocessHook"}
{"timestamp":"2025-08-22T12:03:09.952824","level":"info","event":"\u001b[0m12:03:09  Found 88 models, 9 snapshots, 376 data tests, 23 sources, 816 macros","logger":"airflow.task.hooks.airflow.providers.standard.hooks.subprocess.SubprocessHook"}
{"timestamp":"2025-08-22T12:03:09.961481","level":"info","event":"\u001b[0m12:03:09","logger":"airflow.task.hooks.airflow.providers.standard.hooks.subprocess.SubprocessHook"}
{"timestamp":"2025-08-22T12:03:09.961804","level":"info","event":"\u001b[0m12:03:09  Concurrency: 4 threads (target='dev')","logger":"airflow.task.hooks.airflow.providers.standard.hooks.subprocess.SubprocessHook"}
{"timestamp":"2025-08-22T12:03:09.962071","level":"info","event":"\u001b[0m12:03:09","logger":"airflow.task.hooks.airflow.providers.standard.hooks.subprocess.SubprocessHook"}
{"timestamp":"2025-08-22T12:03:21.133768","level":"info","event":"\u001b[0m12:03:21  1 of 9 START snapshot silver.dim_brands_snapshot ............................... [RUN]","logger":"airflow.task.hooks.airflow.providers.standard.hooks.subprocess.SubprocessHook"}
{"timestamp":"2025-08-22T12:03:21.135336","level":"info","event":"\u001b[0m12:03:21  2 of 9 START snapshot silver.dim_categories_snapshot ........................... [RUN]","logger":"airflow.task.hooks.airflow.providers.standard.hooks.subprocess.SubprocessHook"}
{"timestamp":"2025-08-22T12:03:21.135969","level":"info","event":"\u001b[0m12:03:21  3 of 9 START snapshot silver.dim_customers_snapshot ............................ [RUN]","logger":"airflow.task.hooks.airflow.providers.standard.hooks.subprocess.SubprocessHook"}
{"timestamp":"2025-08-22T12:03:21.137141","level":"info","event":"\u001b[0m12:03:21  4 of 9 START snapshot silver.dim_employees_snapshot ............................ [RUN]","logger":"airflow.task.hooks.airflow.providers.standard.hooks.subprocess.SubprocessHook"}
{"timestamp":"2025-08-22T12:03:24.646596","level":"info","event":"\u001b[0m12:03:24  4 of 9 OK snapshotted silver.dim_employees_snapshot ............................ [\u001b[32mSELECT 200\u001b[0m in 3.51s]","logger":"airflow.task.hooks.airflow.providers.standard.hooks.subprocess.SubprocessHook"}
{"timestamp":"2025-08-22T12:03:24.648201","level":"info","event":"\u001b[0m12:03:24  5 of 9 START snapshot silver.dim_loyalty_programs_snapshot ..................... [RUN]","logger":"airflow.task.hooks.airflow.providers.standard.hooks.subprocess.SubprocessHook"}
{"timestamp":"2025-08-22T12:03:24.696922","level":"info","event":"\u001b[0m12:03:24  2 of 9 OK snapshotted silver.dim_categories_snapshot ........................... [\u001b[32mSELECT 10\u001b[0m in 3.56s]","logger":"airflow.task.hooks.airflow.providers.standard.hooks.subprocess.SubprocessHook"}
{"timestamp":"2025-08-22T12:03:24.698412","level":"info","event":"\u001b[0m12:03:24  6 of 9 START snapshot silver.dim_products_snapshot ............................. [RUN]","logger":"airflow.task.hooks.airflow.providers.standard.hooks.subprocess.SubprocessHook"}
{"timestamp":"2025-08-22T12:03:25.718590","level":"info","event":"\u001b[0m12:03:25  3 of 9 OK snapshotted silver.dim_customers_snapshot ............................ [\u001b[32mSELECT 902\u001b[0m in 4.58s]","logger":"airflow.task.hooks.airflow.providers.standard.hooks.subprocess.SubprocessHook"}
{"timestamp":"2025-08-22T12:03:25.720473","level":"info","event":"\u001b[0m12:03:25  7 of 9 START snapshot silver.dim_promotions_snapshot ........................... [RUN]","logger":"airflow.task.hooks.airflow.providers.standard.hooks.subprocess.SubprocessHook"}
{"timestamp":"2025-08-22T12:03:25.828396","level":"info","event":"\u001b[0m12:03:25  1 of 9 OK snapshotted silver.dim_brands_snapshot ............................... [\u001b[32mSELECT 10\u001b[0m in 4.69s]","logger":"airflow.task.hooks.airflow.providers.standard.hooks.subprocess.SubprocessHook"}
{"timestamp":"2025-08-22T12:03:25.830224","level":"info","event":"\u001b[0m12:03:25  8 of 9 START snapshot silver.dim_stores_snapshot ............................... [RUN]","logger":"airflow.task.hooks.airflow.providers.standard.hooks.subprocess.SubprocessHook"}
{"timestamp":"2025-08-22T12:03:27.903179","level":"info","event":"\u001b[0m12:03:27  5 of 9 OK snapshotted silver.dim_loyalty_programs_snapshot ..................... [\u001b[32mSELECT 5\u001b[0m in 3.25s]","logger":"airflow.task.hooks.airflow.providers.standard.hooks.subprocess.SubprocessHook"}
{"timestamp":"2025-08-22T12:03:27.904999","level":"info","event":"\u001b[0m12:03:27  9 of 9 START snapshot silver.dim_suppliers_snapshot ............................ [RUN]","logger":"airflow.task.hooks.airflow.providers.standard.hooks.subprocess.SubprocessHook"}
{"timestamp":"2025-08-22T12:03:27.946652","level":"info","event":"\u001b[0m12:03:27  6 of 9 OK snapshotted silver.dim_products_snapshot ............................. [\u001b[32mSELECT 400\u001b[0m in 3.25s]","logger":"airflow.task.hooks.airflow.providers.standard.hooks.subprocess.SubprocessHook"}
{"timestamp":"2025-08-22T12:03:29.455625","level":"info","event":"\u001b[0m12:03:29  7 of 9 OK snapshotted silver.dim_promotions_snapshot ........................... [\u001b[32mSELECT 248\u001b[0m in 3.73s]","logger":"airflow.task.hooks.airflow.providers.standard.hooks.subprocess.SubprocessHook"}
{"timestamp":"2025-08-22T12:03:31.137482","level":"info","event":"\u001b[0m12:03:31  8 of 9 OK snapshotted silver.dim_stores_snapshot ............................... [\u001b[32mSELECT 20\u001b[0m in 5.31s]","logger":"airflow.task.hooks.airflow.providers.standard.hooks.subprocess.SubprocessHook"}
{"timestamp":"2025-08-22T12:03:31.813888","level":"info","event":"\u001b[0m12:03:31  9 of 9 OK snapshotted silver.dim_suppliers_snapshot ............................ [\u001b[32mSELECT 10\u001b[0m in 3.91s]","logger":"airflow.task.hooks.airflow.providers.standard.hooks.subprocess.SubprocessHook"}
{"timestamp":"2025-08-22T12:03:35.018248","level":"info","event":"\u001b[0m12:03:35","logger":"airflow.task.hooks.airflow.providers.standard.hooks.subprocess.SubprocessHook"}
{"timestamp":"2025-08-22T12:03:35.018518","level":"info","event":"\u001b[0m12:03:35  Finished running 9 snapshots in 0 hours 0 minutes and 25.06 seconds (25.06s).","logger":"airflow.task.hooks.airflow.providers.standard.hooks.subprocess.SubprocessHook"}
{"timestamp":"2025-08-22T12:03:35.127043","level":"info","event":"\u001b[0m12:03:35","logger":"airflow.task.hooks.airflow.providers.standard.hooks.subprocess.SubprocessHook"}
{"timestamp":"2025-08-22T12:03:35.127602","level":"info","event":"\u001b[0m12:03:35  \u001b[32mCompleted successfully\u001b[0m","logger":"airflow.task.hooks.airflow.providers.standard.hooks.subprocess.SubprocessHook"}
{"timestamp":"2025-08-22T12:03:35.127927","level":"info","event":"\u001b[0m12:03:35","logger":"airflow.task.hooks.airflow.providers.standard.hooks.subprocess.SubprocessHook"}
{"timestamp":"2025-08-22T12:03:35.128270","level":"info","event":"\u001b[0m12:03:35  Done. PASS=9 WARN=0 ERROR=0 SKIP=0 NO-OP=0 TOTAL=9","logger":"airflow.task.hooks.airflow.providers.standard.hooks.subprocess.SubprocessHook"}
{"timestamp":"2025-08-22T12:03:36.679852","level":"info","event":"Command exited with return code 0","logger":"airflow.task.hooks.airflow.providers.standard.hooks.subprocess.SubprocessHook"}
{"timestamp":"2025-08-22T12:03:36.680540","level":"info","event":"Pushing xcom","ti":"RuntimeTaskInstance(id=UUID('0198d1a4-a861-7686-9568-8538c3b9df9f'), task_id='dbt_snapshot_run', dag_id='dbt_pipeline_invalid_staging_silver', run_id='manual__2025-08-22T11:58:05.878146+00:00', try_number=1, map_index=-1, hostname='b7bddf1c9a48', context_carrier={}, task=<Task(BashOperator): dbt_snapshot_run>, bundle_instance=LocalDagBundle(name=dags-folder), max_tries=0, start_date=datetime.datetime(2025, 8, 22, 12, 3, 6, 848276, tzinfo=datetime.timezone.utc), end_date=None, state=<TaskInstanceState.RUNNING: 'running'>, is_mapped=False, rendered_map_index=None, log_url='http://localhost:8080/dags/dbt_pipeline_invalid_staging_silver/runs/manual__2025-08-22T11%3A58%3A05.878146%2B00%3A00/tasks/dbt_snapshot_run?try_number=1')","logger":"task"}
{"timestamp":"2025-08-22T12:03:36.710536","level":"warning","event":"/home/airflow/.local/lib/python3.12/site-packages/airflow/models/connection.py:471: DeprecationWarning: Using Connection.get_connection_from_secrets from `airflow.models` is deprecated.Please use `from airflow.sdk import Connection` instead\n  warnings.warn(\n","logger":"py.warnings"}
{"timestamp":"2025-08-22T12:03:36.714296","level":"info","event":"Connection Retrieved 'ms_teams_webhook'","logger":"airflow.hooks.base"}
{"timestamp":"2025-08-22T12:03:38.558813Z","level":"info","event":"Task instance in success state","chan":"stdout","logger":"task"}
{"timestamp":"2025-08-22T12:03:38.558977Z","level":"info","event":" Previous state of the Task instance: TaskInstanceState.RUNNING","chan":"stdout","logger":"task"}
{"timestamp":"2025-08-22T12:03:38.560000Z","level":"info","event":"Task operator:<Task(BashOperator): dbt_snapshot_run>","chan":"stdout","logger":"task"}
