{"timestamp":"2025-08-22T12:03:37.473735","level":"info","event":"DAG bundles loaded: dags-folder, example_dags","logger":"airflow.dag_processing.bundles.manager.DagBundlesManager"}
{"timestamp":"2025-08-22T12:03:37.474101","level":"info","event":"Filling up the DagBag from /opt/airflow/dags/dbt_process_data.py","logger":"airflow.models.dagbag.DagBag"}
{"timestamp":"2025-08-22T12:03:37.499227Z","level":"info","event":"Task instance is in running state","chan":"stdout","logger":"task"}
{"timestamp":"2025-08-22T12:03:37.499349Z","level":"info","event":" Previous state of the Task instance: TaskInstanceState.QUEUED","chan":"stdout","logger":"task"}
{"timestamp":"2025-08-22T12:03:37.500218Z","level":"info","event":"Current task name:dbt_golden","chan":"stdout","logger":"task"}
{"timestamp":"2025-08-22T12:03:37.500308Z","level":"info","event":"Dag name:dbt_pipeline_invalid_staging_silver","chan":"stdout","logger":"task"}
{"timestamp":"2025-08-22T12:03:37.500637","level":"info","event":"Tmp dir root location: /tmp","logger":"airflow.task.hooks.airflow.providers.standard.hooks.subprocess.SubprocessHook"}
{"timestamp":"2025-08-22T12:03:37.501929","level":"info","event":"Running command: ['/usr/bin/bash', '-c', 'cd /opt/airflow/dbt && dbt run --select path:models/golden --full-refresh --profiles-dir /home/airflow/.dbt']","logger":"airflow.task.hooks.airflow.providers.standard.hooks.subprocess.SubprocessHook"}
{"timestamp":"2025-08-22T12:03:37.516657","level":"info","event":"Output:","logger":"airflow.task.hooks.airflow.providers.standard.hooks.subprocess.SubprocessHook"}
{"timestamp":"2025-08-22T12:03:39.262344","level":"info","event":"\u001b[0m12:03:39  Running with dbt=1.10.9","logger":"airflow.task.hooks.airflow.providers.standard.hooks.subprocess.SubprocessHook"}
{"timestamp":"2025-08-22T12:03:39.468751","level":"info","event":"\u001b[0m12:03:39  Registered adapter: postgres=1.9.0","logger":"airflow.task.hooks.airflow.providers.standard.hooks.subprocess.SubprocessHook"}
{"timestamp":"2025-08-22T12:03:40.038914","level":"info","event":"\u001b[0m12:03:40  Found 88 models, 9 snapshots, 376 data tests, 23 sources, 816 macros","logger":"airflow.task.hooks.airflow.providers.standard.hooks.subprocess.SubprocessHook"}
{"timestamp":"2025-08-22T12:03:40.051122","level":"info","event":"\u001b[0m12:03:40","logger":"airflow.task.hooks.airflow.providers.standard.hooks.subprocess.SubprocessHook"}
{"timestamp":"2025-08-22T12:03:40.051430","level":"info","event":"\u001b[0m12:03:40  Concurrency: 4 threads (target='dev')","logger":"airflow.task.hooks.airflow.providers.standard.hooks.subprocess.SubprocessHook"}
{"timestamp":"2025-08-22T12:03:40.051693","level":"info","event":"\u001b[0m12:03:40","logger":"airflow.task.hooks.airflow.providers.standard.hooks.subprocess.SubprocessHook"}
{"timestamp":"2025-08-22T12:03:53.972655","level":"info","event":"\u001b[0m12:03:53  1 of 23 START sql table model silver_to_golden.dim_brands_scd .................. [RUN]","logger":"airflow.task.hooks.airflow.providers.standard.hooks.subprocess.SubprocessHook"}
{"timestamp":"2025-08-22T12:03:53.974054","level":"info","event":"\u001b[0m12:03:53  2 of 23 START sql table model silver_to_golden.dim_campaigns ................... [RUN]","logger":"airflow.task.hooks.airflow.providers.standard.hooks.subprocess.SubprocessHook"}
{"timestamp":"2025-08-22T12:03:53.974653","level":"info","event":"\u001b[0m12:03:53  3 of 23 START sql table model silver_to_golden.dim_categories_scd .............. [RUN]","logger":"airflow.task.hooks.airflow.providers.standard.hooks.subprocess.SubprocessHook"}
{"timestamp":"2025-08-22T12:03:53.975193","level":"info","event":"\u001b[0m12:03:53  4 of 23 START sql table model silver_to_golden.dim_customers_scd ............... [RUN]","logger":"airflow.task.hooks.airflow.providers.standard.hooks.subprocess.SubprocessHook"}
{"timestamp":"2025-08-22T12:03:58.133443","level":"info","event":"\u001b[0m12:03:58  4 of 23 OK created sql table model silver_to_golden.dim_customers_scd .......... [\u001b[32mSELECT 902\u001b[0m in 4.15s]","logger":"airflow.task.hooks.airflow.providers.standard.hooks.subprocess.SubprocessHook"}
{"timestamp":"2025-08-22T12:03:58.135718","level":"info","event":"\u001b[0m12:03:58  5 of 23 START sql table model silver_to_golden.dim_discount_rules .............. [RUN]","logger":"airflow.task.hooks.airflow.providers.standard.hooks.subprocess.SubprocessHook"}
{"timestamp":"2025-08-22T12:03:58.198421","level":"info","event":"\u001b[0m12:03:58  3 of 23 OK created sql table model silver_to_golden.dim_categories_scd ......... [\u001b[32mSELECT 10\u001b[0m in 4.22s]","logger":"airflow.task.hooks.airflow.providers.standard.hooks.subprocess.SubprocessHook"}
{"timestamp":"2025-08-22T12:03:58.200988","level":"info","event":"\u001b[0m12:03:58  6 of 23 START sql table model silver_to_golden.dim_employees_scd ............... [RUN]","logger":"airflow.task.hooks.airflow.providers.standard.hooks.subprocess.SubprocessHook"}
{"timestamp":"2025-08-22T12:03:58.346593","level":"info","event":"\u001b[0m12:03:58  1 of 23 OK created sql table model silver_to_golden.dim_brands_scd ............. [\u001b[32mSELECT 10\u001b[0m in 4.37s]","logger":"airflow.task.hooks.airflow.providers.standard.hooks.subprocess.SubprocessHook"}
{"timestamp":"2025-08-22T12:03:58.348310","level":"info","event":"\u001b[0m12:03:58  7 of 23 START sql table model silver_to_golden.dim_loyalty_programs_scd ........ [RUN]","logger":"airflow.task.hooks.airflow.providers.standard.hooks.subprocess.SubprocessHook"}
{"timestamp":"2025-08-22T12:04:00.404582","level":"info","event":"\u001b[0m12:04:00  2 of 23 OK created sql table model silver_to_golden.dim_campaigns .............. [\u001b[32mSELECT 177\u001b[0m in 6.43s]","logger":"airflow.task.hooks.airflow.providers.standard.hooks.subprocess.SubprocessHook"}
{"timestamp":"2025-08-22T12:04:00.406373","level":"info","event":"\u001b[0m12:04:00  8 of 23 START sql table model silver_to_golden.dim_products_scd ................ [RUN]","logger":"airflow.task.hooks.airflow.providers.standard.hooks.subprocess.SubprocessHook"}
{"timestamp":"2025-08-22T12:04:01.457327","level":"info","event":"\u001b[0m12:04:01  6 of 23 OK created sql table model silver_to_golden.dim_employees_scd .......... [\u001b[32mSELECT 200\u001b[0m in 3.26s]","logger":"airflow.task.hooks.airflow.providers.standard.hooks.subprocess.SubprocessHook"}
{"timestamp":"2025-08-22T12:04:01.458915","level":"info","event":"\u001b[0m12:04:01  9 of 23 START sql table model silver_to_golden.dim_promotions_scd .............. [RUN]","logger":"airflow.task.hooks.airflow.providers.standard.hooks.subprocess.SubprocessHook"}
{"timestamp":"2025-08-22T12:04:01.582445","level":"info","event":"\u001b[0m12:04:01  7 of 23 OK created sql table model silver_to_golden.dim_loyalty_programs_scd ... [\u001b[32mSELECT 5\u001b[0m in 3.23s]","logger":"airflow.task.hooks.airflow.providers.standard.hooks.subprocess.SubprocessHook"}
{"timestamp":"2025-08-22T12:04:01.584265","level":"info","event":"\u001b[0m12:04:01  10 of 23 START sql table model silver_to_golden.dim_stores_scd ................. [RUN]","logger":"airflow.task.hooks.airflow.providers.standard.hooks.subprocess.SubprocessHook"}
{"timestamp":"2025-08-22T12:04:03.798132","level":"info","event":"\u001b[0m12:04:03  8 of 23 OK created sql table model silver_to_golden.dim_products_scd ........... [\u001b[32mSELECT 400\u001b[0m in 3.39s]","logger":"airflow.task.hooks.airflow.providers.standard.hooks.subprocess.SubprocessHook"}
{"timestamp":"2025-08-22T12:04:03.799775","level":"info","event":"\u001b[0m12:04:03  11 of 23 START sql table model silver_to_golden.dim_suppliers_scd .............. [RUN]","logger":"airflow.task.hooks.airflow.providers.standard.hooks.subprocess.SubprocessHook"}
{"timestamp":"2025-08-22T12:04:04.074024","level":"info","event":"\u001b[0m12:04:04  5 of 23 OK created sql table model silver_to_golden.dim_discount_rules ......... [\u001b[32mSELECT 454\u001b[0m in 5.94s]","logger":"airflow.task.hooks.airflow.providers.standard.hooks.subprocess.SubprocessHook"}
{"timestamp":"2025-08-22T12:04:04.075464","level":"info","event":"\u001b[0m12:04:04  12 of 23 START sql table model silver_to_golden.dim_tax_rules .................. [RUN]","logger":"airflow.task.hooks.airflow.providers.standard.hooks.subprocess.SubprocessHook"}
{"timestamp":"2025-08-22T12:04:04.850727","level":"info","event":"\u001b[0m12:04:04  10 of 23 OK created sql table model silver_to_golden.dim_stores_scd ............ [\u001b[32mSELECT 20\u001b[0m in 3.27s]","logger":"airflow.task.hooks.airflow.providers.standard.hooks.subprocess.SubprocessHook"}
{"timestamp":"2025-08-22T12:04:04.852132","level":"info","event":"\u001b[0m12:04:04  13 of 23 START sql table model silver_to_golden.fct_customer_feedback .......... [RUN]","logger":"airflow.task.hooks.airflow.providers.standard.hooks.subprocess.SubprocessHook"}
{"timestamp":"2025-08-22T12:04:05.209165","level":"info","event":"\u001b[0m12:04:05  9 of 23 OK created sql table model silver_to_golden.dim_promotions_scd ......... [\u001b[32mSELECT 248\u001b[0m in 3.75s]","logger":"airflow.task.hooks.airflow.providers.standard.hooks.subprocess.SubprocessHook"}
{"timestamp":"2025-08-22T12:04:05.210785","level":"info","event":"\u001b[0m12:04:05  14 of 23 START sql table model silver_to_golden.fct_inventory .................. [RUN]","logger":"airflow.task.hooks.airflow.providers.standard.hooks.subprocess.SubprocessHook"}
{"timestamp":"2025-08-22T12:04:07.310211","level":"info","event":"\u001b[0m12:04:07  11 of 23 OK created sql table model silver_to_golden.dim_suppliers_scd ......... [\u001b[32mSELECT 10\u001b[0m in 3.51s]","logger":"airflow.task.hooks.airflow.providers.standard.hooks.subprocess.SubprocessHook"}
{"timestamp":"2025-08-22T12:04:07.311639","level":"info","event":"\u001b[0m12:04:07  15 of 23 START sql table model silver_to_golden.fct_payments ................... [RUN]","logger":"airflow.task.hooks.airflow.providers.standard.hooks.subprocess.SubprocessHook"}
{"timestamp":"2025-08-22T12:04:08.021045","level":"info","event":"\u001b[0m12:04:08  12 of 23 OK created sql table model silver_to_golden.dim_tax_rules ............. [\u001b[32mSELECT 387\u001b[0m in 3.94s]","logger":"airflow.task.hooks.airflow.providers.standard.hooks.subprocess.SubprocessHook"}
{"timestamp":"2025-08-22T12:04:08.022714","level":"info","event":"\u001b[0m12:04:08  16 of 23 START sql table model silver_to_golden.fct_pricing_history ............ [RUN]","logger":"airflow.task.hooks.airflow.providers.standard.hooks.subprocess.SubprocessHook"}
{"timestamp":"2025-08-22T12:04:08.501010","level":"info","event":"\u001b[0m12:04:08  13 of 23 OK created sql table model silver_to_golden.fct_customer_feedback ..... [\u001b[32mSELECT 2753\u001b[0m in 3.65s]","logger":"airflow.task.hooks.airflow.providers.standard.hooks.subprocess.SubprocessHook"}
{"timestamp":"2025-08-22T12:04:08.502673","level":"info","event":"\u001b[0m12:04:08  17 of 23 START sql table model silver_to_golden.fct_purchase_orders ............ [RUN]","logger":"airflow.task.hooks.airflow.providers.standard.hooks.subprocess.SubprocessHook"}
{"timestamp":"2025-08-22T12:04:08.606922","level":"info","event":"\u001b[0m12:04:08  14 of 23 OK created sql table model silver_to_golden.fct_inventory ............. [\u001b[32mSELECT 1254\u001b[0m in 3.39s]","logger":"airflow.task.hooks.airflow.providers.standard.hooks.subprocess.SubprocessHook"}
{"timestamp":"2025-08-22T12:04:08.608653","level":"info","event":"\u001b[0m12:04:08  18 of 23 START sql table model silver_to_golden.fct_returns .................... [RUN]","logger":"airflow.task.hooks.airflow.providers.standard.hooks.subprocess.SubprocessHook"}
{"timestamp":"2025-08-22T12:04:11.306273","level":"info","event":"\u001b[0m12:04:11  15 of 23 OK created sql table model silver_to_golden.fct_payments .............. [\u001b[32mSELECT 13951\u001b[0m in 3.99s]","logger":"airflow.task.hooks.airflow.providers.standard.hooks.subprocess.SubprocessHook"}
{"timestamp":"2025-08-22T12:04:11.308179","level":"info","event":"\u001b[0m12:04:11  19 of 23 START sql table model silver_to_golden.fct_sales_items ................ [RUN]","logger":"airflow.task.hooks.airflow.providers.standard.hooks.subprocess.SubprocessHook"}
{"timestamp":"2025-08-22T12:04:11.855481","level":"info","event":"\u001b[0m12:04:11  16 of 23 OK created sql table model silver_to_golden.fct_pricing_history ....... [\u001b[32mSELECT 6479\u001b[0m in 3.83s]","logger":"airflow.task.hooks.airflow.providers.standard.hooks.subprocess.SubprocessHook"}
{"timestamp":"2025-08-22T12:04:11.856995","level":"info","event":"\u001b[0m12:04:11  20 of 23 START sql table model silver_to_golden.fct_sales_transactions ......... [RUN]","logger":"airflow.task.hooks.airflow.providers.standard.hooks.subprocess.SubprocessHook"}
{"timestamp":"2025-08-22T12:04:11.878932","level":"info","event":"\u001b[0m12:04:11  18 of 23 OK created sql table model silver_to_golden.fct_returns ............... [\u001b[32mSELECT 3223\u001b[0m in 3.27s]","logger":"airflow.task.hooks.airflow.providers.standard.hooks.subprocess.SubprocessHook"}
{"timestamp":"2025-08-22T12:04:11.880308","level":"info","event":"\u001b[0m12:04:11  21 of 23 START sql table model silver_to_golden.fct_shipments .................. [RUN]","logger":"airflow.task.hooks.airflow.providers.standard.hooks.subprocess.SubprocessHook"}
{"timestamp":"2025-08-22T12:04:12.194005","level":"info","event":"\u001b[0m12:04:12  17 of 23 OK created sql table model silver_to_golden.fct_purchase_orders ....... [\u001b[32mSELECT 895\u001b[0m in 3.69s]","logger":"airflow.task.hooks.airflow.providers.standard.hooks.subprocess.SubprocessHook"}
{"timestamp":"2025-08-22T12:04:12.196293","level":"info","event":"\u001b[0m12:04:12  22 of 23 START sql table model silver_to_golden.fct_stock_movements ............ [RUN]","logger":"airflow.task.hooks.airflow.providers.standard.hooks.subprocess.SubprocessHook"}
{"timestamp":"2025-08-22T12:04:15.318967","level":"info","event":"\u001b[0m12:04:15  20 of 23 OK created sql table model silver_to_golden.fct_sales_transactions .... [\u001b[32mSELECT 36049\u001b[0m in 3.46s]","logger":"airflow.task.hooks.airflow.providers.standard.hooks.subprocess.SubprocessHook"}
{"timestamp":"2025-08-22T12:04:15.320877","level":"info","event":"\u001b[0m12:04:15  23 of 23 START sql table model silver_to_golden.fct_store_visits ............... [RUN]","logger":"airflow.task.hooks.airflow.providers.standard.hooks.subprocess.SubprocessHook"}
{"timestamp":"2025-08-22T12:04:15.528062","level":"info","event":"\u001b[0m12:04:15  22 of 23 OK created sql table model silver_to_golden.fct_stock_movements ....... [\u001b[32mSELECT 6455\u001b[0m in 3.33s]","logger":"airflow.task.hooks.airflow.providers.standard.hooks.subprocess.SubprocessHook"}
{"timestamp":"2025-08-22T12:04:15.586153","level":"info","event":"\u001b[0m12:04:15  19 of 23 OK created sql table model silver_to_golden.fct_sales_items ........... [\u001b[32mSELECT 72072\u001b[0m in 4.28s]","logger":"airflow.task.hooks.airflow.providers.standard.hooks.subprocess.SubprocessHook"}
{"timestamp":"2025-08-22T12:04:15.823053","level":"info","event":"\u001b[0m12:04:15  21 of 23 OK created sql table model silver_to_golden.fct_shipments ............. [\u001b[32mSELECT 368\u001b[0m in 3.94s]","logger":"airflow.task.hooks.airflow.providers.standard.hooks.subprocess.SubprocessHook"}
{"timestamp":"2025-08-22T12:04:20.321999","level":"info","event":"\u001b[0m12:04:20  23 of 23 OK created sql table model silver_to_golden.fct_store_visits .......... [\u001b[32mSELECT 8999\u001b[0m in 3.38s]","logger":"airflow.task.hooks.airflow.providers.standard.hooks.subprocess.SubprocessHook"}
{"timestamp":"2025-08-22T12:04:23.297182","level":"info","event":"\u001b[0m12:04:23","logger":"airflow.task.hooks.airflow.providers.standard.hooks.subprocess.SubprocessHook"}
{"timestamp":"2025-08-22T12:04:23.297456","level":"info","event":"\u001b[0m12:04:23  Finished running 23 table models in 0 hours 0 minutes and 43.24 seconds (43.24s).","logger":"airflow.task.hooks.airflow.providers.standard.hooks.subprocess.SubprocessHook"}
{"timestamp":"2025-08-22T12:04:23.404481","level":"info","event":"\u001b[0m12:04:23","logger":"airflow.task.hooks.airflow.providers.standard.hooks.subprocess.SubprocessHook"}
{"timestamp":"2025-08-22T12:04:23.404801","level":"info","event":"\u001b[0m12:04:23  \u001b[32mCompleted successfully\u001b[0m","logger":"airflow.task.hooks.airflow.providers.standard.hooks.subprocess.SubprocessHook"}
{"timestamp":"2025-08-22T12:04:23.405214","level":"info","event":"\u001b[0m12:04:23","logger":"airflow.task.hooks.airflow.providers.standard.hooks.subprocess.SubprocessHook"}
{"timestamp":"2025-08-22T12:04:23.405606","level":"info","event":"\u001b[0m12:04:23  Done. PASS=23 WARN=0 ERROR=0 SKIP=0 NO-OP=0 TOTAL=23","logger":"airflow.task.hooks.airflow.providers.standard.hooks.subprocess.SubprocessHook"}
{"timestamp":"2025-08-22T12:04:24.917676","level":"info","event":"Command exited with return code 0","logger":"airflow.task.hooks.airflow.providers.standard.hooks.subprocess.SubprocessHook"}
{"timestamp":"2025-08-22T12:04:24.918332","level":"info","event":"Pushing xcom","ti":"RuntimeTaskInstance(id=UUID('0198d1a4-a862-746e-8d33-7a6f6b9a9bbe'), task_id='dbt_golden', dag_id='dbt_pipeline_invalid_staging_silver', run_id='manual__2025-08-22T11:58:05.878146+00:00', try_number=1, map_index=-1, hostname='b7bddf1c9a48', context_carrier={}, task=<Task(BashOperator): dbt_golden>, bundle_instance=LocalDagBundle(name=dags-folder), max_tries=0, start_date=datetime.datetime(2025, 8, 22, 12, 3, 37, 148244, tzinfo=datetime.timezone.utc), end_date=None, state=<TaskInstanceState.RUNNING: 'running'>, is_mapped=False, rendered_map_index=None, log_url='http://localhost:8080/dags/dbt_pipeline_invalid_staging_silver/runs/manual__2025-08-22T11%3A58%3A05.878146%2B00%3A00/tasks/dbt_golden?try_number=1')","logger":"task"}
{"timestamp":"2025-08-22T12:04:24.943043","level":"warning","event":"/home/airflow/.local/lib/python3.12/site-packages/airflow/models/connection.py:471: DeprecationWarning: Using Connection.get_connection_from_secrets from `airflow.models` is deprecated.Please use `from airflow.sdk import Connection` instead\n  warnings.warn(\n","logger":"py.warnings"}
{"timestamp":"2025-08-22T12:04:24.946796","level":"info","event":"Connection Retrieved 'ms_teams_webhook'","logger":"airflow.hooks.base"}
{"timestamp":"2025-08-22T12:04:26.775743Z","level":"info","event":"Task instance in success state","chan":"stdout","logger":"task"}
{"timestamp":"2025-08-22T12:04:26.775899Z","level":"info","event":" Previous state of the Task instance: TaskInstanceState.RUNNING","chan":"stdout","logger":"task"}
{"timestamp":"2025-08-22T12:04:26.777130Z","level":"info","event":"Task operator:<Task(BashOperator): dbt_golden>","chan":"stdout","logger":"task"}
