{"timestamp":"2025-08-26T15:30:01.434115","level":"info","event":"DAG bundles loaded: dags-folder, example_dags","logger":"airflow.dag_processing.bundles.manager.DagBundlesManager"}
{"timestamp":"2025-08-26T15:30:01.434628","level":"info","event":"Filling up the DagBag from /opt/airflow/dags/dbt_process_data.py","logger":"airflow.models.dagbag.DagBag"}
{"timestamp":"2025-08-26T15:30:01.461668Z","level":"info","event":"Task instance is in running state","chan":"stdout","logger":"task"}
{"timestamp":"2025-08-26T15:30:01.461804Z","level":"info","event":" Previous state of the Task instance: TaskInstanceState.QUEUED","chan":"stdout","logger":"task"}
{"timestamp":"2025-08-26T15:30:01.462495Z","level":"info","event":"Current task name:dbt_golden","chan":"stdout","logger":"task"}
{"timestamp":"2025-08-26T15:30:01.462607Z","level":"info","event":"Dag name:dbt_pipeline_invalid_staging_silver","chan":"stdout","logger":"task"}
{"timestamp":"2025-08-26T15:30:01.462959","level":"info","event":"Tmp dir root location: /tmp","logger":"airflow.task.hooks.airflow.providers.standard.hooks.subprocess.SubprocessHook"}
{"timestamp":"2025-08-26T15:30:01.464273","level":"info","event":"Running command: ['/usr/bin/bash', '-c', 'cd /opt/airflow/dbt && dbt run --select path:models/golden --full-refresh --profiles-dir /home/airflow/.dbt']","logger":"airflow.task.hooks.airflow.providers.standard.hooks.subprocess.SubprocessHook"}
{"timestamp":"2025-08-26T15:30:01.478314","level":"info","event":"Output:","logger":"airflow.task.hooks.airflow.providers.standard.hooks.subprocess.SubprocessHook"}
{"timestamp":"2025-08-26T15:30:03.167543","level":"info","event":"\u001b[0m15:30:03  Running with dbt=1.10.9","logger":"airflow.task.hooks.airflow.providers.standard.hooks.subprocess.SubprocessHook"}
{"timestamp":"2025-08-26T15:30:03.372692","level":"info","event":"\u001b[0m15:30:03  Registered adapter: postgres=1.9.0","logger":"airflow.task.hooks.airflow.providers.standard.hooks.subprocess.SubprocessHook"}
{"timestamp":"2025-08-26T15:30:03.936173","level":"info","event":"\u001b[0m15:30:03  Found 88 models, 9 snapshots, 376 data tests, 23 sources, 816 macros","logger":"airflow.task.hooks.airflow.providers.standard.hooks.subprocess.SubprocessHook"}
{"timestamp":"2025-08-26T15:30:03.947199","level":"info","event":"\u001b[0m15:30:03","logger":"airflow.task.hooks.airflow.providers.standard.hooks.subprocess.SubprocessHook"}
{"timestamp":"2025-08-26T15:30:03.947514","level":"info","event":"\u001b[0m15:30:03  Concurrency: 4 threads (target='dev')","logger":"airflow.task.hooks.airflow.providers.standard.hooks.subprocess.SubprocessHook"}
{"timestamp":"2025-08-26T15:30:03.947774","level":"info","event":"\u001b[0m15:30:03","logger":"airflow.task.hooks.airflow.providers.standard.hooks.subprocess.SubprocessHook"}
{"timestamp":"2025-08-26T15:30:27.113316","level":"info","event":"\u001b[0m15:30:27  1 of 23 START sql table model silver_to_golden.dim_brands_scd .................. [RUN]","logger":"airflow.task.hooks.airflow.providers.standard.hooks.subprocess.SubprocessHook"}
{"timestamp":"2025-08-26T15:30:27.115112","level":"info","event":"\u001b[0m15:30:27  2 of 23 START sql table model silver_to_golden.dim_campaigns ................... [RUN]","logger":"airflow.task.hooks.airflow.providers.standard.hooks.subprocess.SubprocessHook"}
{"timestamp":"2025-08-26T15:30:27.115735","level":"info","event":"\u001b[0m15:30:27  3 of 23 START sql table model silver_to_golden.dim_categories_scd .............. [RUN]","logger":"airflow.task.hooks.airflow.providers.standard.hooks.subprocess.SubprocessHook"}
{"timestamp":"2025-08-26T15:30:27.117036","level":"info","event":"\u001b[0m15:30:27  4 of 23 START sql table model silver_to_golden.dim_customers_scd ............... [RUN]","logger":"airflow.task.hooks.airflow.providers.standard.hooks.subprocess.SubprocessHook"}
{"timestamp":"2025-08-26T15:30:30.788288","level":"info","event":"\u001b[0m15:30:30  3 of 23 OK created sql table model silver_to_golden.dim_categories_scd ......... [\u001b[32mSELECT 10\u001b[0m in 3.67s]","logger":"airflow.task.hooks.airflow.providers.standard.hooks.subprocess.SubprocessHook"}
{"timestamp":"2025-08-26T15:30:30.789671","level":"info","event":"\u001b[0m15:30:30  5 of 23 START sql table model silver_to_golden.dim_discount_rules .............. [RUN]","logger":"airflow.task.hooks.airflow.providers.standard.hooks.subprocess.SubprocessHook"}
{"timestamp":"2025-08-26T15:30:30.978331","level":"info","event":"\u001b[0m15:30:30  1 of 23 OK created sql table model silver_to_golden.dim_brands_scd ............. [\u001b[32mSELECT 10\u001b[0m in 3.86s]","logger":"airflow.task.hooks.airflow.providers.standard.hooks.subprocess.SubprocessHook"}
{"timestamp":"2025-08-26T15:30:30.979731","level":"info","event":"\u001b[0m15:30:30  6 of 23 START sql table model silver_to_golden.dim_employees_scd ............... [RUN]","logger":"airflow.task.hooks.airflow.providers.standard.hooks.subprocess.SubprocessHook"}
{"timestamp":"2025-08-26T15:30:31.630060","level":"info","event":"\u001b[0m15:30:31  2 of 23 OK created sql table model silver_to_golden.dim_campaigns .............. [\u001b[32mSELECT 177\u001b[0m in 4.51s]","logger":"airflow.task.hooks.airflow.providers.standard.hooks.subprocess.SubprocessHook"}
{"timestamp":"2025-08-26T15:30:31.631365","level":"info","event":"\u001b[0m15:30:31  7 of 23 START sql table model silver_to_golden.dim_loyalty_programs_scd ........ [RUN]","logger":"airflow.task.hooks.airflow.providers.standard.hooks.subprocess.SubprocessHook"}
{"timestamp":"2025-08-26T15:30:32.610506","level":"info","event":"\u001b[0m15:30:32  4 of 23 OK created sql table model silver_to_golden.dim_customers_scd .......... [\u001b[32mSELECT 902\u001b[0m in 5.49s]","logger":"airflow.task.hooks.airflow.providers.standard.hooks.subprocess.SubprocessHook"}
{"timestamp":"2025-08-26T15:30:32.611880","level":"info","event":"\u001b[0m15:30:32  8 of 23 START sql table model silver_to_golden.dim_products_scd ................ [RUN]","logger":"airflow.task.hooks.airflow.providers.standard.hooks.subprocess.SubprocessHook"}
{"timestamp":"2025-08-26T15:30:34.978822","level":"info","event":"\u001b[0m15:30:34  5 of 23 OK created sql table model silver_to_golden.dim_discount_rules ......... [\u001b[32mSELECT 454\u001b[0m in 4.19s]","logger":"airflow.task.hooks.airflow.providers.standard.hooks.subprocess.SubprocessHook"}
{"timestamp":"2025-08-26T15:30:34.980377","level":"info","event":"\u001b[0m15:30:34  9 of 23 START sql table model silver_to_golden.dim_promotions_scd .............. [RUN]","logger":"airflow.task.hooks.airflow.providers.standard.hooks.subprocess.SubprocessHook"}
{"timestamp":"2025-08-26T15:30:35.313387","level":"info","event":"\u001b[0m15:30:35  6 of 23 OK created sql table model silver_to_golden.dim_employees_scd .......... [\u001b[32mSELECT 200\u001b[0m in 4.33s]","logger":"airflow.task.hooks.airflow.providers.standard.hooks.subprocess.SubprocessHook"}
{"timestamp":"2025-08-26T15:30:35.314851","level":"info","event":"\u001b[0m15:30:35  10 of 23 START sql table model silver_to_golden.dim_stores_scd ................. [RUN]","logger":"airflow.task.hooks.airflow.providers.standard.hooks.subprocess.SubprocessHook"}
{"timestamp":"2025-08-26T15:30:35.726263","level":"info","event":"\u001b[0m15:30:35  7 of 23 OK created sql table model silver_to_golden.dim_loyalty_programs_scd ... [\u001b[32mSELECT 5\u001b[0m in 4.09s]","logger":"airflow.task.hooks.airflow.providers.standard.hooks.subprocess.SubprocessHook"}
{"timestamp":"2025-08-26T15:30:35.727617","level":"info","event":"\u001b[0m15:30:35  11 of 23 START sql table model silver_to_golden.dim_suppliers_scd .............. [RUN]","logger":"airflow.task.hooks.airflow.providers.standard.hooks.subprocess.SubprocessHook"}
{"timestamp":"2025-08-26T15:30:37.773384","level":"info","event":"\u001b[0m15:30:37  8 of 23 OK created sql table model silver_to_golden.dim_products_scd ........... [\u001b[32mSELECT 400\u001b[0m in 5.16s]","logger":"airflow.task.hooks.airflow.providers.standard.hooks.subprocess.SubprocessHook"}
{"timestamp":"2025-08-26T15:30:37.774892","level":"info","event":"\u001b[0m15:30:37  12 of 23 START sql table model silver_to_golden.dim_tax_rules .................. [RUN]","logger":"airflow.task.hooks.airflow.providers.standard.hooks.subprocess.SubprocessHook"}
{"timestamp":"2025-08-26T15:30:38.582359","level":"info","event":"\u001b[0m15:30:38  10 of 23 OK created sql table model silver_to_golden.dim_stores_scd ............ [\u001b[32mSELECT 20\u001b[0m in 3.27s]","logger":"airflow.task.hooks.airflow.providers.standard.hooks.subprocess.SubprocessHook"}
{"timestamp":"2025-08-26T15:30:38.583883","level":"info","event":"\u001b[0m15:30:38  13 of 23 START sql table model silver_to_golden.fct_customer_feedback .......... [RUN]","logger":"airflow.task.hooks.airflow.providers.standard.hooks.subprocess.SubprocessHook"}
{"timestamp":"2025-08-26T15:30:39.530502","level":"info","event":"\u001b[0m15:30:39  11 of 23 OK created sql table model silver_to_golden.dim_suppliers_scd ......... [\u001b[32mSELECT 10\u001b[0m in 3.80s]","logger":"airflow.task.hooks.airflow.providers.standard.hooks.subprocess.SubprocessHook"}
{"timestamp":"2025-08-26T15:30:39.531957","level":"info","event":"\u001b[0m15:30:39  14 of 23 START sql table model silver_to_golden.fct_inventory .................. [RUN]","logger":"airflow.task.hooks.airflow.providers.standard.hooks.subprocess.SubprocessHook"}
{"timestamp":"2025-08-26T15:30:39.725732","level":"info","event":"\u001b[0m15:30:39  9 of 23 OK created sql table model silver_to_golden.dim_promotions_scd ......... [\u001b[32mSELECT 248\u001b[0m in 4.74s]","logger":"airflow.task.hooks.airflow.providers.standard.hooks.subprocess.SubprocessHook"}
{"timestamp":"2025-08-26T15:30:39.727245","level":"info","event":"\u001b[0m15:30:39  15 of 23 START sql table model silver_to_golden.fct_payments ................... [RUN]","logger":"airflow.task.hooks.airflow.providers.standard.hooks.subprocess.SubprocessHook"}
{"timestamp":"2025-08-26T15:30:43.574049","level":"info","event":"\u001b[0m15:30:43  12 of 23 OK created sql table model silver_to_golden.dim_tax_rules ............. [\u001b[32mSELECT 387\u001b[0m in 5.80s]","logger":"airflow.task.hooks.airflow.providers.standard.hooks.subprocess.SubprocessHook"}
{"timestamp":"2025-08-26T15:30:43.575468","level":"info","event":"\u001b[0m15:30:43  16 of 23 START sql table model silver_to_golden.fct_pricing_history ............ [RUN]","logger":"airflow.task.hooks.airflow.providers.standard.hooks.subprocess.SubprocessHook"}
{"timestamp":"2025-08-26T15:30:44.355007","level":"info","event":"\u001b[0m15:30:44  15 of 23 OK created sql table model silver_to_golden.fct_payments .............. [\u001b[32mSELECT 13951\u001b[0m in 4.63s]","logger":"airflow.task.hooks.airflow.providers.standard.hooks.subprocess.SubprocessHook"}
{"timestamp":"2025-08-26T15:30:44.356518","level":"info","event":"\u001b[0m15:30:44  17 of 23 START sql table model silver_to_golden.fct_purchase_orders ............ [RUN]","logger":"airflow.task.hooks.airflow.providers.standard.hooks.subprocess.SubprocessHook"}
{"timestamp":"2025-08-26T15:30:45.308806","level":"info","event":"\u001b[0m15:30:45  13 of 23 OK created sql table model silver_to_golden.fct_customer_feedback ..... [\u001b[32mSELECT 2753\u001b[0m in 6.72s]","logger":"airflow.task.hooks.airflow.providers.standard.hooks.subprocess.SubprocessHook"}
{"timestamp":"2025-08-26T15:30:45.310375","level":"info","event":"\u001b[0m15:30:45  18 of 23 START sql table model silver_to_golden.fct_returns .................... [RUN]","logger":"airflow.task.hooks.airflow.providers.standard.hooks.subprocess.SubprocessHook"}
{"timestamp":"2025-08-26T15:30:46.316107","level":"info","event":"\u001b[0m15:30:46  14 of 23 OK created sql table model silver_to_golden.fct_inventory ............. [\u001b[32mSELECT 1254\u001b[0m in 6.78s]","logger":"airflow.task.hooks.airflow.providers.standard.hooks.subprocess.SubprocessHook"}
{"timestamp":"2025-08-26T15:30:46.317775","level":"info","event":"\u001b[0m15:30:46  19 of 23 START sql table model silver_to_golden.fct_sales_items ................ [RUN]","logger":"airflow.task.hooks.airflow.providers.standard.hooks.subprocess.SubprocessHook"}
{"timestamp":"2025-08-26T15:30:48.877056","level":"info","event":"\u001b[0m15:30:48  16 of 23 OK created sql table model silver_to_golden.fct_pricing_history ....... [\u001b[32mSELECT 6479\u001b[0m in 5.30s]","logger":"airflow.task.hooks.airflow.providers.standard.hooks.subprocess.SubprocessHook"}
{"timestamp":"2025-08-26T15:30:48.878502","level":"info","event":"\u001b[0m15:30:48  20 of 23 START sql table model silver_to_golden.fct_sales_transactions ......... [RUN]","logger":"airflow.task.hooks.airflow.providers.standard.hooks.subprocess.SubprocessHook"}
{"timestamp":"2025-08-26T15:30:49.975850","level":"info","event":"\u001b[0m15:30:49  17 of 23 OK created sql table model silver_to_golden.fct_purchase_orders ....... [\u001b[32mSELECT 895\u001b[0m in 5.62s]","logger":"airflow.task.hooks.airflow.providers.standard.hooks.subprocess.SubprocessHook"}
{"timestamp":"2025-08-26T15:30:49.977367","level":"info","event":"\u001b[0m15:30:49  21 of 23 START sql table model silver_to_golden.fct_shipments .................. [RUN]","logger":"airflow.task.hooks.airflow.providers.standard.hooks.subprocess.SubprocessHook"}
{"timestamp":"2025-08-26T15:30:50.173133","level":"info","event":"\u001b[0m15:30:50  19 of 23 OK created sql table model silver_to_golden.fct_sales_items ........... [\u001b[32mSELECT 72072\u001b[0m in 3.85s]","logger":"airflow.task.hooks.airflow.providers.standard.hooks.subprocess.SubprocessHook"}
{"timestamp":"2025-08-26T15:30:50.174504","level":"info","event":"\u001b[0m15:30:50  22 of 23 START sql table model silver_to_golden.fct_stock_movements ............ [RUN]","logger":"airflow.task.hooks.airflow.providers.standard.hooks.subprocess.SubprocessHook"}
{"timestamp":"2025-08-26T15:30:51.030662","level":"info","event":"\u001b[0m15:30:51  18 of 23 OK created sql table model silver_to_golden.fct_returns ............... [\u001b[32mSELECT 3223\u001b[0m in 5.72s]","logger":"airflow.task.hooks.airflow.providers.standard.hooks.subprocess.SubprocessHook"}
{"timestamp":"2025-08-26T15:30:51.031978","level":"info","event":"\u001b[0m15:30:51  23 of 23 START sql table model silver_to_golden.fct_store_visits ............... [RUN]","logger":"airflow.task.hooks.airflow.providers.standard.hooks.subprocess.SubprocessHook"}
{"timestamp":"2025-08-26T15:30:53.408255","level":"info","event":"\u001b[0m15:30:53  22 of 23 OK created sql table model silver_to_golden.fct_stock_movements ....... [\u001b[32mSELECT 6455\u001b[0m in 3.23s]","logger":"airflow.task.hooks.airflow.providers.standard.hooks.subprocess.SubprocessHook"}
{"timestamp":"2025-08-26T15:30:53.465531","level":"info","event":"\u001b[0m15:30:53  20 of 23 OK created sql table model silver_to_golden.fct_sales_transactions .... [\u001b[32mSELECT 36049\u001b[0m in 4.59s]","logger":"airflow.task.hooks.airflow.providers.standard.hooks.subprocess.SubprocessHook"}
{"timestamp":"2025-08-26T15:30:53.839730","level":"info","event":"\u001b[0m15:30:53  21 of 23 OK created sql table model silver_to_golden.fct_shipments ............. [\u001b[32mSELECT 368\u001b[0m in 3.86s]","logger":"airflow.task.hooks.airflow.providers.standard.hooks.subprocess.SubprocessHook"}
{"timestamp":"2025-08-26T15:30:57.871008","level":"info","event":"\u001b[0m15:30:57  23 of 23 OK created sql table model silver_to_golden.fct_store_visits .......... [\u001b[32mSELECT 8999\u001b[0m in 4.97s]","logger":"airflow.task.hooks.airflow.providers.standard.hooks.subprocess.SubprocessHook"}
{"timestamp":"2025-08-26T15:31:01.266643","level":"info","event":"\u001b[0m15:31:01","logger":"airflow.task.hooks.airflow.providers.standard.hooks.subprocess.SubprocessHook"}
{"timestamp":"2025-08-26T15:31:01.266905","level":"info","event":"\u001b[0m15:31:01  Finished running 23 table models in 0 hours 0 minutes and 57.32 seconds (57.32s).","logger":"airflow.task.hooks.airflow.providers.standard.hooks.subprocess.SubprocessHook"}
{"timestamp":"2025-08-26T15:31:01.450226","level":"info","event":"\u001b[0m15:31:01","logger":"airflow.task.hooks.airflow.providers.standard.hooks.subprocess.SubprocessHook"}
{"timestamp":"2025-08-26T15:31:01.450593","level":"info","event":"\u001b[0m15:31:01  \u001b[32mCompleted successfully\u001b[0m","logger":"airflow.task.hooks.airflow.providers.standard.hooks.subprocess.SubprocessHook"}
{"timestamp":"2025-08-26T15:31:01.450973","level":"info","event":"\u001b[0m15:31:01","logger":"airflow.task.hooks.airflow.providers.standard.hooks.subprocess.SubprocessHook"}
{"timestamp":"2025-08-26T15:31:01.451390","level":"info","event":"\u001b[0m15:31:01  Done. PASS=23 WARN=0 ERROR=0 SKIP=0 NO-OP=0 TOTAL=23","logger":"airflow.task.hooks.airflow.providers.standard.hooks.subprocess.SubprocessHook"}
{"timestamp":"2025-08-26T15:31:02.939515","level":"info","event":"Command exited with return code 0","logger":"airflow.task.hooks.airflow.providers.standard.hooks.subprocess.SubprocessHook"}
{"timestamp":"2025-08-26T15:31:02.940213","level":"info","event":"Pushing xcom","ti":"RuntimeTaskInstance(id=UUID('0198e6fb-6e43-78ae-b9c5-53b4276b2307'), task_id='dbt_golden', dag_id='dbt_pipeline_invalid_staging_silver', run_id='manual__2025-08-26T15:24:54.193527+00:00', try_number=1, map_index=-1, hostname='609becd29040', context_carrier={}, task=<Task(BashOperator): dbt_golden>, bundle_instance=LocalDagBundle(name=dags-folder), max_tries=0, start_date=datetime.datetime(2025, 8, 26, 15, 30, 1, 114806, tzinfo=datetime.timezone.utc), end_date=None, state=<TaskInstanceState.RUNNING: 'running'>, is_mapped=False, rendered_map_index=None, log_url='http://localhost:8080/dags/dbt_pipeline_invalid_staging_silver/runs/manual__2025-08-26T15%3A24%3A54.193527%2B00%3A00/tasks/dbt_golden?try_number=1')","logger":"task"}
{"timestamp":"2025-08-26T15:31:02.971175","level":"warning","event":"/home/airflow/.local/lib/python3.12/site-packages/airflow/models/connection.py:471: DeprecationWarning: Using Connection.get_connection_from_secrets from `airflow.models` is deprecated.Please use `from airflow.sdk import Connection` instead\n  warnings.warn(\n","logger":"py.warnings"}
{"timestamp":"2025-08-26T15:31:02.975537","level":"info","event":"Connection Retrieved 'ms_teams_webhook'","logger":"airflow.hooks.base"}
{"timestamp":"2025-08-26T15:31:05.697187Z","level":"info","event":"Task instance in success state","chan":"stdout","logger":"task"}
{"timestamp":"2025-08-26T15:31:05.697339Z","level":"info","event":" Previous state of the Task instance: TaskInstanceState.RUNNING","chan":"stdout","logger":"task"}
{"timestamp":"2025-08-26T15:31:05.698486Z","level":"info","event":"Task operator:<Task(BashOperator): dbt_golden>","chan":"stdout","logger":"task"}
