{"timestamp":"2025-08-21T17:27:54.044188","level":"info","event":"DAG bundles loaded: dags-folder, example_dags","logger":"airflow.dag_processing.bundles.manager.DagBundlesManager"}
{"timestamp":"2025-08-21T17:27:54.044512","level":"info","event":"Filling up the DagBag from /opt/airflow/dags/dbt_process_data.py","logger":"airflow.models.dagbag.DagBag"}
{"timestamp":"2025-08-21T17:27:54.098825Z","level":"info","event":"Task instance is in running state","chan":"stdout","logger":"task"}
{"timestamp":"2025-08-21T17:27:54.098945Z","level":"info","event":" Previous state of the Task instance: TaskInstanceState.QUEUED","chan":"stdout","logger":"task"}
{"timestamp":"2025-08-21T17:27:54.099631Z","level":"info","event":"Current task name:dbt_staging","chan":"stdout","logger":"task"}
{"timestamp":"2025-08-21T17:27:54.099703Z","level":"info","event":"Dag name:dbt_pipeline_invalid_staging_silver","chan":"stdout","logger":"task"}
{"timestamp":"2025-08-21T17:27:54.100140","level":"info","event":"Tmp dir root location: /tmp","logger":"airflow.task.hooks.airflow.providers.standard.hooks.subprocess.SubprocessHook"}
{"timestamp":"2025-08-21T17:27:54.101292","level":"info","event":"Running command: ['/usr/bin/bash', '-c', 'cd /opt/airflow/dbt && dbt run --select path:models/staging --full-refresh --profiles-dir /home/airflow/.dbt']","logger":"airflow.task.hooks.airflow.providers.standard.hooks.subprocess.SubprocessHook"}
{"timestamp":"2025-08-21T17:27:54.113447","level":"info","event":"Output:","logger":"airflow.task.hooks.airflow.providers.standard.hooks.subprocess.SubprocessHook"}
{"timestamp":"2025-08-21T17:27:55.799584","level":"info","event":"\u001b[0m17:27:55  Running with dbt=1.10.9","logger":"airflow.task.hooks.airflow.providers.standard.hooks.subprocess.SubprocessHook"}
{"timestamp":"2025-08-21T17:27:56.025827","level":"info","event":"\u001b[0m17:27:56  Registered adapter: postgres=1.9.0","logger":"airflow.task.hooks.airflow.providers.standard.hooks.subprocess.SubprocessHook"}
{"timestamp":"2025-08-21T17:27:56.313538","level":"info","event":"\u001b[0m17:27:56  Found 65 models, 23 sources, 435 macros","logger":"airflow.task.hooks.airflow.providers.standard.hooks.subprocess.SubprocessHook"}
{"timestamp":"2025-08-21T17:27:56.317030","level":"info","event":"\u001b[0m17:27:56","logger":"airflow.task.hooks.airflow.providers.standard.hooks.subprocess.SubprocessHook"}
{"timestamp":"2025-08-21T17:27:56.317334","level":"info","event":"\u001b[0m17:27:56  Concurrency: 4 threads (target='dev')","logger":"airflow.task.hooks.airflow.providers.standard.hooks.subprocess.SubprocessHook"}
{"timestamp":"2025-08-21T17:27:56.317619","level":"info","event":"\u001b[0m17:27:56","logger":"airflow.task.hooks.airflow.providers.standard.hooks.subprocess.SubprocessHook"}
{"timestamp":"2025-08-21T17:28:07.646258","level":"info","event":"\u001b[0m17:28:07  1 of 23 START sql view model silver_staging.stg_brands ......................... [RUN]","logger":"airflow.task.hooks.airflow.providers.standard.hooks.subprocess.SubprocessHook"}
{"timestamp":"2025-08-21T17:28:07.647699","level":"info","event":"\u001b[0m17:28:07  2 of 23 START sql view model silver_staging.stg_campaigns ...................... [RUN]","logger":"airflow.task.hooks.airflow.providers.standard.hooks.subprocess.SubprocessHook"}
{"timestamp":"2025-08-21T17:28:07.648334","level":"info","event":"\u001b[0m17:28:07  3 of 23 START sql view model silver_staging.stg_categories ..................... [RUN]","logger":"airflow.task.hooks.airflow.providers.standard.hooks.subprocess.SubprocessHook"}
{"timestamp":"2025-08-21T17:28:07.648875","level":"info","event":"\u001b[0m17:28:07  4 of 23 START sql view model silver_staging.stg_customer_feedback .............. [RUN]","logger":"airflow.task.hooks.airflow.providers.standard.hooks.subprocess.SubprocessHook"}
{"timestamp":"2025-08-21T17:28:10.985548","level":"info","event":"\u001b[0m17:28:10  3 of 23 OK created sql view model silver_staging.stg_categories ................ [\u001b[32mCREATE VIEW\u001b[0m in 3.33s]","logger":"airflow.task.hooks.airflow.providers.standard.hooks.subprocess.SubprocessHook"}
{"timestamp":"2025-08-21T17:28:10.987040","level":"info","event":"\u001b[0m17:28:10  5 of 23 START sql view model silver_staging.stg_customers ...................... [RUN]","logger":"airflow.task.hooks.airflow.providers.standard.hooks.subprocess.SubprocessHook"}
{"timestamp":"2025-08-21T17:28:11.307445","level":"info","event":"\u001b[0m17:28:11  1 of 23 OK created sql view model silver_staging.stg_brands .................... [\u001b[32mCREATE VIEW\u001b[0m in 3.66s]","logger":"airflow.task.hooks.airflow.providers.standard.hooks.subprocess.SubprocessHook"}
{"timestamp":"2025-08-21T17:28:11.308774","level":"info","event":"\u001b[0m17:28:11  6 of 23 START sql view model silver_staging.stg_discount_rules ................. [RUN]","logger":"airflow.task.hooks.airflow.providers.standard.hooks.subprocess.SubprocessHook"}
{"timestamp":"2025-08-21T17:28:11.526980","level":"info","event":"\u001b[0m17:28:11  2 of 23 OK created sql view model silver_staging.stg_campaigns ................. [\u001b[32mCREATE VIEW\u001b[0m in 3.88s]","logger":"airflow.task.hooks.airflow.providers.standard.hooks.subprocess.SubprocessHook"}
{"timestamp":"2025-08-21T17:28:11.527439","level":"info","event":"\u001b[0m17:28:11  4 of 23 OK created sql view model silver_staging.stg_customer_feedback ......... [\u001b[32mCREATE VIEW\u001b[0m in 3.88s]","logger":"airflow.task.hooks.airflow.providers.standard.hooks.subprocess.SubprocessHook"}
{"timestamp":"2025-08-21T17:28:11.530312","level":"info","event":"\u001b[0m17:28:11  7 of 23 START sql view model silver_staging.stg_employees ...................... [RUN]","logger":"airflow.task.hooks.airflow.providers.standard.hooks.subprocess.SubprocessHook"}
{"timestamp":"2025-08-21T17:28:11.530764","level":"info","event":"\u001b[0m17:28:11  8 of 23 START sql view model silver_staging.stg_inventory ...................... [RUN]","logger":"airflow.task.hooks.airflow.providers.standard.hooks.subprocess.SubprocessHook"}
{"timestamp":"2025-08-21T17:28:14.614487","level":"info","event":"\u001b[0m17:28:14  5 of 23 OK created sql view model silver_staging.stg_customers ................. [\u001b[32mCREATE VIEW\u001b[0m in 3.63s]","logger":"airflow.task.hooks.airflow.providers.standard.hooks.subprocess.SubprocessHook"}
{"timestamp":"2025-08-21T17:28:14.616128","level":"info","event":"\u001b[0m17:28:14  9 of 23 START sql view model silver_staging.stg_loyalty_programs ............... [RUN]","logger":"airflow.task.hooks.airflow.providers.standard.hooks.subprocess.SubprocessHook"}
{"timestamp":"2025-08-21T17:28:14.680810","level":"info","event":"\u001b[0m17:28:14  7 of 23 OK created sql view model silver_staging.stg_employees ................. [\u001b[32mCREATE VIEW\u001b[0m in 3.15s]","logger":"airflow.task.hooks.airflow.providers.standard.hooks.subprocess.SubprocessHook"}
{"timestamp":"2025-08-21T17:28:14.682459","level":"info","event":"\u001b[0m17:28:14  10 of 23 START sql view model silver_staging.stg_payments ...................... [RUN]","logger":"airflow.task.hooks.airflow.providers.standard.hooks.subprocess.SubprocessHook"}
{"timestamp":"2025-08-21T17:28:14.883571","level":"info","event":"\u001b[0m17:28:14  6 of 23 OK created sql view model silver_staging.stg_discount_rules ............ [\u001b[32mCREATE VIEW\u001b[0m in 3.57s]","logger":"airflow.task.hooks.airflow.providers.standard.hooks.subprocess.SubprocessHook"}
{"timestamp":"2025-08-21T17:28:14.885231","level":"info","event":"\u001b[0m17:28:14  11 of 23 START sql view model silver_staging.stg_pricing_history ............... [RUN]","logger":"airflow.task.hooks.airflow.providers.standard.hooks.subprocess.SubprocessHook"}
{"timestamp":"2025-08-21T17:28:15.064493","level":"info","event":"\u001b[0m17:28:15  8 of 23 OK created sql view model silver_staging.stg_inventory ................. [\u001b[32mCREATE VIEW\u001b[0m in 3.53s]","logger":"airflow.task.hooks.airflow.providers.standard.hooks.subprocess.SubprocessHook"}
{"timestamp":"2025-08-21T17:28:15.066305","level":"info","event":"\u001b[0m17:28:15  12 of 23 START sql view model silver_staging.stg_products ...................... [RUN]","logger":"airflow.task.hooks.airflow.providers.standard.hooks.subprocess.SubprocessHook"}
{"timestamp":"2025-08-21T17:28:19.631161","level":"info","event":"\u001b[0m17:28:19  10 of 23 OK created sql view model silver_staging.stg_payments ................. [\u001b[32mCREATE VIEW\u001b[0m in 4.95s]","logger":"airflow.task.hooks.airflow.providers.standard.hooks.subprocess.SubprocessHook"}
{"timestamp":"2025-08-21T17:28:19.632492","level":"info","event":"\u001b[0m17:28:19  13 of 23 START sql view model silver_staging.stg_promotions .................... [RUN]","logger":"airflow.task.hooks.airflow.providers.standard.hooks.subprocess.SubprocessHook"}
{"timestamp":"2025-08-21T17:28:19.771362","level":"info","event":"\u001b[0m17:28:19  11 of 23 OK created sql view model silver_staging.stg_pricing_history .......... [\u001b[32mCREATE VIEW\u001b[0m in 4.89s]","logger":"airflow.task.hooks.airflow.providers.standard.hooks.subprocess.SubprocessHook"}
{"timestamp":"2025-08-21T17:28:19.772570","level":"info","event":"\u001b[0m17:28:19  14 of 23 START sql view model silver_staging.stg_purchase_orders ............... [RUN]","logger":"airflow.task.hooks.airflow.providers.standard.hooks.subprocess.SubprocessHook"}
{"timestamp":"2025-08-21T17:28:19.937805","level":"info","event":"\u001b[0m17:28:19  12 of 23 OK created sql view model silver_staging.stg_products ................. [\u001b[32mCREATE VIEW\u001b[0m in 4.87s]","logger":"airflow.task.hooks.airflow.providers.standard.hooks.subprocess.SubprocessHook"}
{"timestamp":"2025-08-21T17:28:19.939471","level":"info","event":"\u001b[0m17:28:19  15 of 23 START sql view model silver_staging.stg_returns ....................... [RUN]","logger":"airflow.task.hooks.airflow.providers.standard.hooks.subprocess.SubprocessHook"}
{"timestamp":"2025-08-21T17:28:20.073510","level":"info","event":"\u001b[0m17:28:20  9 of 23 OK created sql view model silver_staging.stg_loyalty_programs .......... [\u001b[32mCREATE VIEW\u001b[0m in 5.46s]","logger":"airflow.task.hooks.airflow.providers.standard.hooks.subprocess.SubprocessHook"}
{"timestamp":"2025-08-21T17:28:20.074849","level":"info","event":"\u001b[0m17:28:20  16 of 23 START sql view model silver_staging.stg_sales_items ................... [RUN]","logger":"airflow.task.hooks.airflow.providers.standard.hooks.subprocess.SubprocessHook"}
{"timestamp":"2025-08-21T17:28:22.684442","level":"info","event":"\u001b[0m17:28:22  13 of 23 OK created sql view model silver_staging.stg_promotions ............... [\u001b[32mCREATE VIEW\u001b[0m in 3.05s]","logger":"airflow.task.hooks.airflow.providers.standard.hooks.subprocess.SubprocessHook"}
{"timestamp":"2025-08-21T17:28:22.686054","level":"info","event":"\u001b[0m17:28:22  17 of 23 START sql view model silver_staging.stg_sales_transactions ............ [RUN]","logger":"airflow.task.hooks.airflow.providers.standard.hooks.subprocess.SubprocessHook"}
{"timestamp":"2025-08-21T17:28:22.743061","level":"info","event":"\u001b[0m17:28:22  14 of 23 OK created sql view model silver_staging.stg_purchase_orders .......... [\u001b[32mCREATE VIEW\u001b[0m in 2.97s]","logger":"airflow.task.hooks.airflow.providers.standard.hooks.subprocess.SubprocessHook"}
{"timestamp":"2025-08-21T17:28:22.744697","level":"info","event":"\u001b[0m17:28:22  18 of 23 START sql view model silver_staging.stg_shipments ..................... [RUN]","logger":"airflow.task.hooks.airflow.providers.standard.hooks.subprocess.SubprocessHook"}
{"timestamp":"2025-08-21T17:28:23.103585","level":"info","event":"\u001b[0m17:28:23  16 of 23 OK created sql view model silver_staging.stg_sales_items .............. [\u001b[32mCREATE VIEW\u001b[0m in 3.03s]","logger":"airflow.task.hooks.airflow.providers.standard.hooks.subprocess.SubprocessHook"}
{"timestamp":"2025-08-21T17:28:23.105224","level":"info","event":"\u001b[0m17:28:23  19 of 23 START sql view model silver_staging.stg_stock_movements ............... [RUN]","logger":"airflow.task.hooks.airflow.providers.standard.hooks.subprocess.SubprocessHook"}
{"timestamp":"2025-08-21T17:28:23.423601","level":"info","event":"\u001b[0m17:28:23  15 of 23 OK created sql view model silver_staging.stg_returns .................. [\u001b[32mCREATE VIEW\u001b[0m in 3.48s]","logger":"airflow.task.hooks.airflow.providers.standard.hooks.subprocess.SubprocessHook"}
{"timestamp":"2025-08-21T17:28:23.424898","level":"info","event":"\u001b[0m17:28:23  20 of 23 START sql view model silver_staging.stg_store_visits .................. [RUN]","logger":"airflow.task.hooks.airflow.providers.standard.hooks.subprocess.SubprocessHook"}
{"timestamp":"2025-08-21T17:28:25.991313","level":"info","event":"\u001b[0m17:28:25  18 of 23 OK created sql view model silver_staging.stg_shipments ................ [\u001b[32mCREATE VIEW\u001b[0m in 3.25s]","logger":"airflow.task.hooks.airflow.providers.standard.hooks.subprocess.SubprocessHook"}
{"timestamp":"2025-08-21T17:28:25.992615","level":"info","event":"\u001b[0m17:28:25  21 of 23 START sql view model silver_staging.stg_stores ........................ [RUN]","logger":"airflow.task.hooks.airflow.providers.standard.hooks.subprocess.SubprocessHook"}
{"timestamp":"2025-08-21T17:28:26.382188","level":"info","event":"\u001b[0m17:28:26  17 of 23 OK created sql view model silver_staging.stg_sales_transactions ....... [\u001b[32mCREATE VIEW\u001b[0m in 3.70s]","logger":"airflow.task.hooks.airflow.providers.standard.hooks.subprocess.SubprocessHook"}
{"timestamp":"2025-08-21T17:28:26.383686","level":"info","event":"\u001b[0m17:28:26  22 of 23 START sql view model silver_staging.stg_suppliers ..................... [RUN]","logger":"airflow.task.hooks.airflow.providers.standard.hooks.subprocess.SubprocessHook"}
{"timestamp":"2025-08-21T17:28:26.550675","level":"info","event":"\u001b[0m17:28:26  19 of 23 OK created sql view model silver_staging.stg_stock_movements .......... [\u001b[32mCREATE VIEW\u001b[0m in 3.44s]","logger":"airflow.task.hooks.airflow.providers.standard.hooks.subprocess.SubprocessHook"}
{"timestamp":"2025-08-21T17:28:26.551988","level":"info","event":"\u001b[0m17:28:26  23 of 23 START sql view model silver_staging.stg_tax_rules ..................... [RUN]","logger":"airflow.task.hooks.airflow.providers.standard.hooks.subprocess.SubprocessHook"}
{"timestamp":"2025-08-21T17:28:26.574058","level":"info","event":"\u001b[0m17:28:26  20 of 23 OK created sql view model silver_staging.stg_store_visits ............. [\u001b[32mCREATE VIEW\u001b[0m in 3.15s]","logger":"airflow.task.hooks.airflow.providers.standard.hooks.subprocess.SubprocessHook"}
{"timestamp":"2025-08-21T17:28:29.468711","level":"info","event":"\u001b[0m17:28:29  21 of 23 OK created sql view model silver_staging.stg_stores ................... [\u001b[32mCREATE VIEW\u001b[0m in 3.48s]","logger":"airflow.task.hooks.airflow.providers.standard.hooks.subprocess.SubprocessHook"}
{"timestamp":"2025-08-21T17:28:29.692735","level":"info","event":"\u001b[0m17:28:29  23 of 23 OK created sql view model silver_staging.stg_tax_rules ................ [\u001b[32mCREATE VIEW\u001b[0m in 3.14s]","logger":"airflow.task.hooks.airflow.providers.standard.hooks.subprocess.SubprocessHook"}
{"timestamp":"2025-08-21T17:28:31.261569","level":"info","event":"\u001b[0m17:28:31  22 of 23 OK created sql view model silver_staging.stg_suppliers ................ [\u001b[32mCREATE VIEW\u001b[0m in 3.56s]","logger":"airflow.task.hooks.airflow.providers.standard.hooks.subprocess.SubprocessHook"}
{"timestamp":"2025-08-21T17:28:34.493124","level":"info","event":"\u001b[0m17:28:34","logger":"airflow.task.hooks.airflow.providers.standard.hooks.subprocess.SubprocessHook"}
{"timestamp":"2025-08-21T17:28:34.493373","level":"info","event":"\u001b[0m17:28:34  Finished running 23 view models in 0 hours 0 minutes and 38.18 seconds (38.18s).","logger":"airflow.task.hooks.airflow.providers.standard.hooks.subprocess.SubprocessHook"}
{"timestamp":"2025-08-21T17:28:34.532813","level":"info","event":"\u001b[0m17:28:34","logger":"airflow.task.hooks.airflow.providers.standard.hooks.subprocess.SubprocessHook"}
{"timestamp":"2025-08-21T17:28:34.533086","level":"info","event":"\u001b[0m17:28:34  \u001b[32mCompleted successfully\u001b[0m","logger":"airflow.task.hooks.airflow.providers.standard.hooks.subprocess.SubprocessHook"}
{"timestamp":"2025-08-21T17:28:34.533348","level":"info","event":"\u001b[0m17:28:34","logger":"airflow.task.hooks.airflow.providers.standard.hooks.subprocess.SubprocessHook"}
{"timestamp":"2025-08-21T17:28:34.533645","level":"info","event":"\u001b[0m17:28:34  Done. PASS=23 WARN=0 ERROR=0 SKIP=0 NO-OP=0 TOTAL=23","logger":"airflow.task.hooks.airflow.providers.standard.hooks.subprocess.SubprocessHook"}
{"timestamp":"2025-08-21T17:28:35.789715","level":"info","event":"Command exited with return code 0","logger":"airflow.task.hooks.airflow.providers.standard.hooks.subprocess.SubprocessHook"}
{"timestamp":"2025-08-21T17:28:35.790377","level":"info","event":"Pushing xcom","ti":"RuntimeTaskInstance(id=UUID('0198cdac-32cd-7ad5-9c87-fa722e9f1a93'), task_id='dbt_staging', dag_id='dbt_pipeline_invalid_staging_silver', run_id='manual__2025-08-21T17:27:51.226564+00:00', try_number=1, map_index=-1, hostname='f01d7095ef98', context_carrier={}, task=<Task(BashOperator): dbt_staging>, bundle_instance=LocalDagBundle(name=dags-folder), max_tries=0, start_date=datetime.datetime(2025, 8, 21, 17, 27, 52, 558385, tzinfo=datetime.timezone.utc), end_date=None, state=<TaskInstanceState.RUNNING: 'running'>, is_mapped=False, rendered_map_index=None, log_url='http://localhost:8080/dags/dbt_pipeline_invalid_staging_silver/runs/manual__2025-08-21T17%3A27%3A51.226564%2B00%3A00/tasks/dbt_staging?try_number=1')","logger":"task"}
{"timestamp":"2025-08-21T17:28:35.822556","level":"warning","event":"/home/airflow/.local/lib/python3.12/site-packages/airflow/models/connection.py:471: DeprecationWarning: Using Connection.get_connection_from_secrets from `airflow.models` is deprecated.Please use `from airflow.sdk import Connection` instead\n  warnings.warn(\n","logger":"py.warnings"}
{"timestamp":"2025-08-21T17:28:35.829040","level":"info","event":"Connection Retrieved 'ms_teams_webhook'","logger":"airflow.hooks.base"}
{"timestamp":"2025-08-21T17:28:38.335329Z","level":"info","event":"Task instance in success state","chan":"stdout","logger":"task"}
{"timestamp":"2025-08-21T17:28:38.335464Z","level":"info","event":" Previous state of the Task instance: TaskInstanceState.RUNNING","chan":"stdout","logger":"task"}
{"timestamp":"2025-08-21T17:28:38.336315Z","level":"info","event":"Task operator:<Task(BashOperator): dbt_staging>","chan":"stdout","logger":"task"}
