{"timestamp":"2025-08-26T15:26:34.433843","level":"info","event":"DAG bundles loaded: dags-folder, example_dags","logger":"airflow.dag_processing.bundles.manager.DagBundlesManager"}
{"timestamp":"2025-08-26T15:26:34.434355","level":"info","event":"Filling up the DagBag from /opt/airflow/dags/dbt_process_data.py","logger":"airflow.models.dagbag.DagBag"}
{"timestamp":"2025-08-26T15:26:34.468644Z","level":"info","event":"Task instance is in running state","chan":"stdout","logger":"task"}
{"timestamp":"2025-08-26T15:26:34.468779Z","level":"info","event":" Previous state of the Task instance: TaskInstanceState.QUEUED","chan":"stdout","logger":"task"}
{"timestamp":"2025-08-26T15:26:34.469663Z","level":"info","event":"Current task name:dbt_silver","chan":"stdout","logger":"task"}
{"timestamp":"2025-08-26T15:26:34.469734Z","level":"info","event":"Dag name:dbt_pipeline_invalid_staging_silver","chan":"stdout","logger":"task"}
{"timestamp":"2025-08-26T15:26:34.470156","level":"info","event":"Tmp dir root location: /tmp","logger":"airflow.task.hooks.airflow.providers.standard.hooks.subprocess.SubprocessHook"}
{"timestamp":"2025-08-26T15:26:34.471544","level":"info","event":"Running command: ['/usr/bin/bash', '-c', 'cd /opt/airflow/dbt && dbt run --select path:models/silver --full-refresh --profiles-dir /home/airflow/.dbt']","logger":"airflow.task.hooks.airflow.providers.standard.hooks.subprocess.SubprocessHook"}
{"timestamp":"2025-08-26T15:26:34.485718","level":"info","event":"Output:","logger":"airflow.task.hooks.airflow.providers.standard.hooks.subprocess.SubprocessHook"}
{"timestamp":"2025-08-26T15:26:36.327286","level":"info","event":"\u001b[0m15:26:36  Running with dbt=1.10.9","logger":"airflow.task.hooks.airflow.providers.standard.hooks.subprocess.SubprocessHook"}
{"timestamp":"2025-08-26T15:26:36.532978","level":"info","event":"\u001b[0m15:26:36  Registered adapter: postgres=1.9.0","logger":"airflow.task.hooks.airflow.providers.standard.hooks.subprocess.SubprocessHook"}
{"timestamp":"2025-08-26T15:26:37.129263","level":"info","event":"\u001b[0m15:26:37  Found 88 models, 9 snapshots, 376 data tests, 23 sources, 816 macros","logger":"airflow.task.hooks.airflow.providers.standard.hooks.subprocess.SubprocessHook"}
{"timestamp":"2025-08-26T15:26:37.141134","level":"info","event":"\u001b[0m15:26:37","logger":"airflow.task.hooks.airflow.providers.standard.hooks.subprocess.SubprocessHook"}
{"timestamp":"2025-08-26T15:26:37.141443","level":"info","event":"\u001b[0m15:26:37  Concurrency: 4 threads (target='dev')","logger":"airflow.task.hooks.airflow.providers.standard.hooks.subprocess.SubprocessHook"}
{"timestamp":"2025-08-26T15:26:37.141784","level":"info","event":"\u001b[0m15:26:37","logger":"airflow.task.hooks.airflow.providers.standard.hooks.subprocess.SubprocessHook"}
{"timestamp":"2025-08-26T15:26:53.242770","level":"info","event":"\u001b[0m15:26:53  1 of 23 START sql table model silver.brands_silver ............................. [RUN]","logger":"airflow.task.hooks.airflow.providers.standard.hooks.subprocess.SubprocessHook"}
{"timestamp":"2025-08-26T15:26:53.244453","level":"info","event":"\u001b[0m15:26:53  2 of 23 START sql table model silver.campaigns_silver .......................... [RUN]","logger":"airflow.task.hooks.airflow.providers.standard.hooks.subprocess.SubprocessHook"}
{"timestamp":"2025-08-26T15:26:53.245021","level":"info","event":"\u001b[0m15:26:53  3 of 23 START sql table model silver.categories_silver ......................... [RUN]","logger":"airflow.task.hooks.airflow.providers.standard.hooks.subprocess.SubprocessHook"}
{"timestamp":"2025-08-26T15:26:53.246045","level":"info","event":"\u001b[0m15:26:53  4 of 23 START sql table model silver.customer_feedback_silver .................. [RUN]","logger":"airflow.task.hooks.airflow.providers.standard.hooks.subprocess.SubprocessHook"}
{"timestamp":"2025-08-26T15:26:56.763187","level":"info","event":"\u001b[0m15:26:56  3 of 23 OK created sql table model silver.categories_silver .................... [\u001b[32mSELECT 10\u001b[0m in 3.51s]","logger":"airflow.task.hooks.airflow.providers.standard.hooks.subprocess.SubprocessHook"}
{"timestamp":"2025-08-26T15:26:56.764667","level":"info","event":"\u001b[0m15:26:56  5 of 23 START sql table model silver.customers_silver .......................... [RUN]","logger":"airflow.task.hooks.airflow.providers.standard.hooks.subprocess.SubprocessHook"}
{"timestamp":"2025-08-26T15:26:57.260847","level":"info","event":"\u001b[0m15:26:57  4 of 23 OK created sql table model silver.customer_feedback_silver ............. [\u001b[32mSELECT 3786\u001b[0m in 4.01s]","logger":"airflow.task.hooks.airflow.providers.standard.hooks.subprocess.SubprocessHook"}
{"timestamp":"2025-08-26T15:26:57.262368","level":"info","event":"\u001b[0m15:26:57  6 of 23 START sql table model silver.discount_rules_silver ..................... [RUN]","logger":"airflow.task.hooks.airflow.providers.standard.hooks.subprocess.SubprocessHook"}
{"timestamp":"2025-08-26T15:26:57.289198","level":"info","event":"\u001b[0m15:26:57  1 of 23 OK created sql table model silver.brands_silver ........................ [\u001b[32mSELECT 10\u001b[0m in 4.04s]","logger":"airflow.task.hooks.airflow.providers.standard.hooks.subprocess.SubprocessHook"}
{"timestamp":"2025-08-26T15:26:57.290974","level":"info","event":"\u001b[0m15:26:57  7 of 23 START sql table model silver.employees_silver .......................... [RUN]","logger":"airflow.task.hooks.airflow.providers.standard.hooks.subprocess.SubprocessHook"}
{"timestamp":"2025-08-26T15:26:57.899494","level":"info","event":"\u001b[0m15:26:57  2 of 23 OK created sql table model silver.campaigns_silver ..................... [\u001b[32mSELECT 177\u001b[0m in 4.65s]","logger":"airflow.task.hooks.airflow.providers.standard.hooks.subprocess.SubprocessHook"}
{"timestamp":"2025-08-26T15:26:57.901210","level":"info","event":"\u001b[0m15:26:57  8 of 23 START sql table model silver.inventory_silver .......................... [RUN]","logger":"airflow.task.hooks.airflow.providers.standard.hooks.subprocess.SubprocessHook"}
{"timestamp":"2025-08-26T15:27:00.552512","level":"info","event":"\u001b[0m15:27:00  7 of 23 OK created sql table model silver.employees_silver ..................... [\u001b[32mSELECT 200\u001b[0m in 3.26s]","logger":"airflow.task.hooks.airflow.providers.standard.hooks.subprocess.SubprocessHook"}
{"timestamp":"2025-08-26T15:27:00.554074","level":"info","event":"\u001b[0m15:27:00  9 of 23 START sql table model silver.loyalty_programs_silver ................... [RUN]","logger":"airflow.task.hooks.airflow.providers.standard.hooks.subprocess.SubprocessHook"}
{"timestamp":"2025-08-26T15:27:01.075781","level":"info","event":"\u001b[0m15:27:01  5 of 23 OK created sql table model silver.customers_silver ..................... [\u001b[32mSELECT 902\u001b[0m in 4.31s]","logger":"airflow.task.hooks.airflow.providers.standard.hooks.subprocess.SubprocessHook"}
{"timestamp":"2025-08-26T15:27:01.077335","level":"info","event":"\u001b[0m15:27:01  10 of 23 START sql table model silver.payments_silver .......................... [RUN]","logger":"airflow.task.hooks.airflow.providers.standard.hooks.subprocess.SubprocessHook"}
{"timestamp":"2025-08-26T15:27:01.335934","level":"info","event":"\u001b[0m15:27:01  6 of 23 OK created sql table model silver.discount_rules_silver ................ [\u001b[32mSELECT 454\u001b[0m in 4.07s]","logger":"airflow.task.hooks.airflow.providers.standard.hooks.subprocess.SubprocessHook"}
{"timestamp":"2025-08-26T15:27:01.337368","level":"info","event":"\u001b[0m15:27:01  11 of 23 START sql table model silver.pricing_history_silver ................... [RUN]","logger":"airflow.task.hooks.airflow.providers.standard.hooks.subprocess.SubprocessHook"}
{"timestamp":"2025-08-26T15:27:01.466361","level":"info","event":"\u001b[0m15:27:01  8 of 23 OK created sql table model silver.inventory_silver ..................... [\u001b[32mSELECT 1649\u001b[0m in 3.56s]","logger":"airflow.task.hooks.airflow.providers.standard.hooks.subprocess.SubprocessHook"}
{"timestamp":"2025-08-26T15:27:01.467793","level":"info","event":"\u001b[0m15:27:01  12 of 23 START sql table model silver.products_silver .......................... [RUN]","logger":"airflow.task.hooks.airflow.providers.standard.hooks.subprocess.SubprocessHook"}
{"timestamp":"2025-08-26T15:27:04.707532","level":"info","event":"\u001b[0m15:27:04  10 of 23 OK created sql table model silver.payments_silver ..................... [\u001b[32mSELECT 50000\u001b[0m in 3.63s]","logger":"airflow.task.hooks.airflow.providers.standard.hooks.subprocess.SubprocessHook"}
{"timestamp":"2025-08-26T15:27:04.708993","level":"info","event":"\u001b[0m15:27:04  13 of 23 START sql table model silver.promotions_silver ........................ [RUN]","logger":"airflow.task.hooks.airflow.providers.standard.hooks.subprocess.SubprocessHook"}
{"timestamp":"2025-08-26T15:27:05.185601","level":"info","event":"\u001b[0m15:27:05  11 of 23 OK created sql table model silver.pricing_history_silver .............. [\u001b[32mSELECT 8160\u001b[0m in 3.85s]","logger":"airflow.task.hooks.airflow.providers.standard.hooks.subprocess.SubprocessHook"}
{"timestamp":"2025-08-26T15:27:05.187099","level":"info","event":"\u001b[0m15:27:05  14 of 23 START sql table model silver.purchase_orders_silver ................... [RUN]","logger":"airflow.task.hooks.airflow.providers.standard.hooks.subprocess.SubprocessHook"}
{"timestamp":"2025-08-26T15:27:05.467341","level":"info","event":"\u001b[0m15:27:05  9 of 23 OK created sql table model silver.loyalty_programs_silver .............. [\u001b[32mSELECT 5\u001b[0m in 4.91s]","logger":"airflow.task.hooks.airflow.providers.standard.hooks.subprocess.SubprocessHook"}
{"timestamp":"2025-08-26T15:27:05.468736","level":"info","event":"\u001b[0m15:27:05  15 of 23 START sql table model silver.returns_silver ........................... [RUN]","logger":"airflow.task.hooks.airflow.providers.standard.hooks.subprocess.SubprocessHook"}
{"timestamp":"2025-08-26T15:27:07.374427","level":"info","event":"\u001b[0m15:27:07  12 of 23 OK created sql table model silver.products_silver ..................... [\u001b[32mSELECT 400\u001b[0m in 5.91s]","logger":"airflow.task.hooks.airflow.providers.standard.hooks.subprocess.SubprocessHook"}
{"timestamp":"2025-08-26T15:27:07.376115","level":"info","event":"\u001b[0m15:27:07  16 of 23 START sql table model silver.sales_items_silver ....................... [RUN]","logger":"airflow.task.hooks.airflow.providers.standard.hooks.subprocess.SubprocessHook"}
{"timestamp":"2025-08-26T15:27:08.814238","level":"info","event":"\u001b[0m15:27:08  14 of 23 OK created sql table model silver.purchase_orders_silver .............. [\u001b[32mSELECT 895\u001b[0m in 3.63s]","logger":"airflow.task.hooks.airflow.providers.standard.hooks.subprocess.SubprocessHook"}
{"timestamp":"2025-08-26T15:27:08.815630","level":"info","event":"\u001b[0m15:27:08  17 of 23 START sql table model silver.sales_transactions_silver ................ [RUN]","logger":"airflow.task.hooks.airflow.providers.standard.hooks.subprocess.SubprocessHook"}
{"timestamp":"2025-08-26T15:27:09.970399","level":"info","event":"\u001b[0m15:27:09  15 of 23 OK created sql table model silver.returns_silver ...................... [\u001b[32mSELECT 4500\u001b[0m in 4.50s]","logger":"airflow.task.hooks.airflow.providers.standard.hooks.subprocess.SubprocessHook"}
{"timestamp":"2025-08-26T15:27:09.971935","level":"info","event":"\u001b[0m15:27:09  18 of 23 START sql table model silver.shipments_silver ......................... [RUN]","logger":"airflow.task.hooks.airflow.providers.standard.hooks.subprocess.SubprocessHook"}
{"timestamp":"2025-08-26T15:27:10.455147","level":"info","event":"\u001b[0m15:27:10  13 of 23 OK created sql table model silver.promotions_silver ................... [\u001b[32mSELECT 248\u001b[0m in 5.75s]","logger":"airflow.task.hooks.airflow.providers.standard.hooks.subprocess.SubprocessHook"}
{"timestamp":"2025-08-26T15:27:10.456565","level":"info","event":"\u001b[0m15:27:10  19 of 23 START sql table model silver.stock_movements_silver ................... [RUN]","logger":"airflow.task.hooks.airflow.providers.standard.hooks.subprocess.SubprocessHook"}
{"timestamp":"2025-08-26T15:27:11.795530","level":"info","event":"\u001b[0m15:27:11  16 of 23 OK created sql table model silver.sales_items_silver .................. [\u001b[32mSELECT 91190\u001b[0m in 4.42s]","logger":"airflow.task.hooks.airflow.providers.standard.hooks.subprocess.SubprocessHook"}
{"timestamp":"2025-08-26T15:27:11.797053","level":"info","event":"\u001b[0m15:27:11  20 of 23 START sql table model silver.store_visits_silver ...................... [RUN]","logger":"airflow.task.hooks.airflow.providers.standard.hooks.subprocess.SubprocessHook"}
{"timestamp":"2025-08-26T15:27:12.927169","level":"info","event":"\u001b[0m15:27:12  17 of 23 OK created sql table model silver.sales_transactions_silver ........... [\u001b[32mSELECT 39986\u001b[0m in 4.11s]","logger":"airflow.task.hooks.airflow.providers.standard.hooks.subprocess.SubprocessHook"}
{"timestamp":"2025-08-26T15:27:12.928742","level":"info","event":"\u001b[0m15:27:12  21 of 23 START sql table model silver.stores_silver ............................ [RUN]","logger":"airflow.task.hooks.airflow.providers.standard.hooks.subprocess.SubprocessHook"}
{"timestamp":"2025-08-26T15:27:13.186408","level":"info","event":"\u001b[0m15:27:13  18 of 23 OK created sql table model silver.shipments_silver .................... [\u001b[32mSELECT 400\u001b[0m in 3.21s]","logger":"airflow.task.hooks.airflow.providers.standard.hooks.subprocess.SubprocessHook"}
{"timestamp":"2025-08-26T15:27:13.187766","level":"info","event":"\u001b[0m15:27:13  22 of 23 START sql table model silver.suppliers_silver ......................... [RUN]","logger":"airflow.task.hooks.airflow.providers.standard.hooks.subprocess.SubprocessHook"}
{"timestamp":"2025-08-26T15:27:15.137903","level":"info","event":"\u001b[0m15:27:15  19 of 23 OK created sql table model silver.stock_movements_silver .............. [\u001b[32mSELECT 8067\u001b[0m in 4.68s]","logger":"airflow.task.hooks.airflow.providers.standard.hooks.subprocess.SubprocessHook"}
{"timestamp":"2025-08-26T15:27:15.139381","level":"info","event":"\u001b[0m15:27:15  23 of 23 START sql table model silver.tax_rules_silver ......................... [RUN]","logger":"airflow.task.hooks.airflow.providers.standard.hooks.subprocess.SubprocessHook"}
{"timestamp":"2025-08-26T15:27:16.406936","level":"info","event":"\u001b[0m15:27:16  21 of 23 OK created sql table model silver.stores_silver ....................... [\u001b[32mSELECT 20\u001b[0m in 3.48s]","logger":"airflow.task.hooks.airflow.providers.standard.hooks.subprocess.SubprocessHook"}
{"timestamp":"2025-08-26T15:27:16.502721","level":"info","event":"\u001b[0m15:27:16  22 of 23 OK created sql table model silver.suppliers_silver .................... [\u001b[32mSELECT 10\u001b[0m in 3.31s]","logger":"airflow.task.hooks.airflow.providers.standard.hooks.subprocess.SubprocessHook"}
{"timestamp":"2025-08-26T15:27:16.793808","level":"info","event":"\u001b[0m15:27:16  20 of 23 OK created sql table model silver.store_visits_silver ................. [\u001b[32mSELECT 8999\u001b[0m in 5.00s]","logger":"airflow.task.hooks.airflow.providers.standard.hooks.subprocess.SubprocessHook"}
{"timestamp":"2025-08-26T15:27:19.995375","level":"info","event":"\u001b[0m15:27:19  23 of 23 OK created sql table model silver.tax_rules_silver .................... [\u001b[32mSELECT 387\u001b[0m in 3.42s]","logger":"airflow.task.hooks.airflow.providers.standard.hooks.subprocess.SubprocessHook"}
{"timestamp":"2025-08-26T15:27:22.686112","level":"info","event":"\u001b[0m15:27:22","logger":"airflow.task.hooks.airflow.providers.standard.hooks.subprocess.SubprocessHook"}
{"timestamp":"2025-08-26T15:27:22.686387","level":"info","event":"\u001b[0m15:27:22  Finished running 23 table models in 0 hours 0 minutes and 45.54 seconds (45.54s).","logger":"airflow.task.hooks.airflow.providers.standard.hooks.subprocess.SubprocessHook"}
{"timestamp":"2025-08-26T15:27:22.861056","level":"info","event":"\u001b[0m15:27:22","logger":"airflow.task.hooks.airflow.providers.standard.hooks.subprocess.SubprocessHook"}
{"timestamp":"2025-08-26T15:27:22.861416","level":"info","event":"\u001b[0m15:27:22  \u001b[32mCompleted successfully\u001b[0m","logger":"airflow.task.hooks.airflow.providers.standard.hooks.subprocess.SubprocessHook"}
{"timestamp":"2025-08-26T15:27:22.861726","level":"info","event":"\u001b[0m15:27:22","logger":"airflow.task.hooks.airflow.providers.standard.hooks.subprocess.SubprocessHook"}
{"timestamp":"2025-08-26T15:27:22.862061","level":"info","event":"\u001b[0m15:27:22  Done. PASS=23 WARN=0 ERROR=0 SKIP=0 NO-OP=0 TOTAL=23","logger":"airflow.task.hooks.airflow.providers.standard.hooks.subprocess.SubprocessHook"}
{"timestamp":"2025-08-26T15:27:24.131821","level":"info","event":"Command exited with return code 0","logger":"airflow.task.hooks.airflow.providers.standard.hooks.subprocess.SubprocessHook"}
{"timestamp":"2025-08-26T15:27:24.132518","level":"info","event":"Pushing xcom","ti":"RuntimeTaskInstance(id=UUID('0198e6fb-6e40-7454-9163-e4bbe073b6e3'), task_id='dbt_silver', dag_id='dbt_pipeline_invalid_staging_silver', run_id='manual__2025-08-26T15:24:54.193527+00:00', try_number=1, map_index=-1, hostname='609becd29040', context_carrier={}, task=<Task(BashOperator): dbt_silver>, bundle_instance=LocalDagBundle(name=dags-folder), max_tries=0, start_date=datetime.datetime(2025, 8, 26, 15, 26, 34, 76206, tzinfo=datetime.timezone.utc), end_date=None, state=<TaskInstanceState.RUNNING: 'running'>, is_mapped=False, rendered_map_index=None, log_url='http://localhost:8080/dags/dbt_pipeline_invalid_staging_silver/runs/manual__2025-08-26T15%3A24%3A54.193527%2B00%3A00/tasks/dbt_silver?try_number=1')","logger":"task"}
{"timestamp":"2025-08-26T15:27:24.157962","level":"warning","event":"/home/airflow/.local/lib/python3.12/site-packages/airflow/models/connection.py:471: DeprecationWarning: Using Connection.get_connection_from_secrets from `airflow.models` is deprecated.Please use `from airflow.sdk import Connection` instead\n  warnings.warn(\n","logger":"py.warnings"}
{"timestamp":"2025-08-26T15:27:24.163245","level":"info","event":"Connection Retrieved 'ms_teams_webhook'","logger":"airflow.hooks.base"}
{"timestamp":"2025-08-26T15:27:29.103500Z","level":"info","event":"Task instance in success state","chan":"stdout","logger":"task"}
{"timestamp":"2025-08-26T15:27:29.103657Z","level":"info","event":" Previous state of the Task instance: TaskInstanceState.RUNNING","chan":"stdout","logger":"task"}
{"timestamp":"2025-08-26T15:27:29.104579Z","level":"info","event":"Task operator:<Task(BashOperator): dbt_silver>","chan":"stdout","logger":"task"}
