{"timestamp":"2025-08-25T18:16:05.272457","level":"info","event":"DAG bundles loaded: dags-folder, example_dags","logger":"airflow.dag_processing.bundles.manager.DagBundlesManager"}
{"timestamp":"2025-08-25T18:16:05.272812","level":"info","event":"Filling up the DagBag from /opt/airflow/dags/dbt_process_data.py","logger":"airflow.models.dagbag.DagBag"}
{"timestamp":"2025-08-25T18:16:05.459453Z","level":"info","event":"Task instance is in running state","chan":"stdout","logger":"task"}
{"timestamp":"2025-08-25T18:16:05.459586Z","level":"info","event":" Previous state of the Task instance: TaskInstanceState.QUEUED","chan":"stdout","logger":"task"}
{"timestamp":"2025-08-25T18:16:05.460442Z","level":"info","event":"Current task name:dbt_staging","chan":"stdout","logger":"task"}
{"timestamp":"2025-08-25T18:16:05.460511Z","level":"info","event":"Dag name:dbt_pipeline_invalid_staging_silver","chan":"stdout","logger":"task"}
{"timestamp":"2025-08-25T18:16:05.460892","level":"info","event":"Tmp dir root location: /tmp","logger":"airflow.task.hooks.airflow.providers.standard.hooks.subprocess.SubprocessHook"}
{"timestamp":"2025-08-25T18:16:05.462093","level":"info","event":"Running command: ['/usr/bin/bash', '-c', 'cd /opt/airflow/dbt && dbt run --select path:models/staging --full-refresh --profiles-dir /home/airflow/.dbt']","logger":"airflow.task.hooks.airflow.providers.standard.hooks.subprocess.SubprocessHook"}
{"timestamp":"2025-08-25T18:16:05.474753","level":"info","event":"Output:","logger":"airflow.task.hooks.airflow.providers.standard.hooks.subprocess.SubprocessHook"}
{"timestamp":"2025-08-25T18:16:07.517166","level":"info","event":"\u001b[0m18:16:07  Running with dbt=1.10.9","logger":"airflow.task.hooks.airflow.providers.standard.hooks.subprocess.SubprocessHook"}
{"timestamp":"2025-08-25T18:16:08.221383","level":"info","event":"\u001b[0m18:16:08  Registered adapter: postgres=1.9.0","logger":"airflow.task.hooks.airflow.providers.standard.hooks.subprocess.SubprocessHook"}
{"timestamp":"2025-08-25T18:16:08.887968","level":"info","event":"\u001b[0m18:16:08  Found 88 models, 9 snapshots, 376 data tests, 23 sources, 816 macros","logger":"airflow.task.hooks.airflow.providers.standard.hooks.subprocess.SubprocessHook"}
{"timestamp":"2025-08-25T18:16:08.900221","level":"info","event":"\u001b[0m18:16:08","logger":"airflow.task.hooks.airflow.providers.standard.hooks.subprocess.SubprocessHook"}
{"timestamp":"2025-08-25T18:16:08.900505","level":"info","event":"\u001b[0m18:16:08  Concurrency: 4 threads (target='dev')","logger":"airflow.task.hooks.airflow.providers.standard.hooks.subprocess.SubprocessHook"}
{"timestamp":"2025-08-25T18:16:08.900777","level":"info","event":"\u001b[0m18:16:08","logger":"airflow.task.hooks.airflow.providers.standard.hooks.subprocess.SubprocessHook"}
{"timestamp":"2025-08-25T18:16:21.600128","level":"info","event":"\u001b[0m18:16:21  1 of 23 START sql view model silver_staging.stg_brands ......................... [RUN]","logger":"airflow.task.hooks.airflow.providers.standard.hooks.subprocess.SubprocessHook"}
{"timestamp":"2025-08-25T18:16:21.601387","level":"info","event":"\u001b[0m18:16:21  2 of 23 START sql view model silver_staging.stg_campaigns ...................... [RUN]","logger":"airflow.task.hooks.airflow.providers.standard.hooks.subprocess.SubprocessHook"}
{"timestamp":"2025-08-25T18:16:21.601907","level":"info","event":"\u001b[0m18:16:21  3 of 23 START sql view model silver_staging.stg_categories ..................... [RUN]","logger":"airflow.task.hooks.airflow.providers.standard.hooks.subprocess.SubprocessHook"}
{"timestamp":"2025-08-25T18:16:21.602445","level":"info","event":"\u001b[0m18:16:21  4 of 23 START sql view model silver_staging.stg_customer_feedback .............. [RUN]","logger":"airflow.task.hooks.airflow.providers.standard.hooks.subprocess.SubprocessHook"}
{"timestamp":"2025-08-25T18:16:25.051046","level":"info","event":"\u001b[0m18:16:25  1 of 23 OK created sql view model silver_staging.stg_brands .................... [\u001b[32mCREATE VIEW\u001b[0m in 3.45s]","logger":"airflow.task.hooks.airflow.providers.standard.hooks.subprocess.SubprocessHook"}
{"timestamp":"2025-08-25T18:16:25.052699","level":"info","event":"\u001b[0m18:16:25  5 of 23 START sql view model silver_staging.stg_customers ...................... [RUN]","logger":"airflow.task.hooks.airflow.providers.standard.hooks.subprocess.SubprocessHook"}
{"timestamp":"2025-08-25T18:16:25.448133","level":"info","event":"\u001b[0m18:16:25  4 of 23 OK created sql view model silver_staging.stg_customer_feedback ......... [\u001b[32mCREATE VIEW\u001b[0m in 3.84s]","logger":"airflow.task.hooks.airflow.providers.standard.hooks.subprocess.SubprocessHook"}
{"timestamp":"2025-08-25T18:16:25.452491","level":"info","event":"\u001b[0m18:16:25  6 of 23 START sql view model silver_staging.stg_discount_rules ................. [RUN]","logger":"airflow.task.hooks.airflow.providers.standard.hooks.subprocess.SubprocessHook"}
{"timestamp":"2025-08-25T18:16:25.453279","level":"info","event":"\u001b[0m18:16:25  3 of 23 OK created sql view model silver_staging.stg_categories ................ [\u001b[32mCREATE VIEW\u001b[0m in 3.85s]","logger":"airflow.task.hooks.airflow.providers.standard.hooks.subprocess.SubprocessHook"}
{"timestamp":"2025-08-25T18:16:25.459660","level":"info","event":"\u001b[0m18:16:25  7 of 23 START sql view model silver_staging.stg_employees ...................... [RUN]","logger":"airflow.task.hooks.airflow.providers.standard.hooks.subprocess.SubprocessHook"}
{"timestamp":"2025-08-25T18:16:25.623058","level":"info","event":"\u001b[0m18:16:25  2 of 23 OK created sql view model silver_staging.stg_campaigns ................. [\u001b[32mCREATE VIEW\u001b[0m in 4.02s]","logger":"airflow.task.hooks.airflow.providers.standard.hooks.subprocess.SubprocessHook"}
{"timestamp":"2025-08-25T18:16:25.624789","level":"info","event":"\u001b[0m18:16:25  8 of 23 START sql view model silver_staging.stg_inventory ...................... [RUN]","logger":"airflow.task.hooks.airflow.providers.standard.hooks.subprocess.SubprocessHook"}
{"timestamp":"2025-08-25T18:16:28.819494","level":"info","event":"\u001b[0m18:16:28  5 of 23 OK created sql view model silver_staging.stg_customers ................. [\u001b[32mCREATE VIEW\u001b[0m in 3.77s]","logger":"airflow.task.hooks.airflow.providers.standard.hooks.subprocess.SubprocessHook"}
{"timestamp":"2025-08-25T18:16:28.821091","level":"info","event":"\u001b[0m18:16:28  9 of 23 START sql view model silver_staging.stg_loyalty_programs ............... [RUN]","logger":"airflow.task.hooks.airflow.providers.standard.hooks.subprocess.SubprocessHook"}
{"timestamp":"2025-08-25T18:16:28.851714","level":"info","event":"\u001b[0m18:16:28  8 of 23 OK created sql view model silver_staging.stg_inventory ................. [\u001b[32mCREATE VIEW\u001b[0m in 3.23s]","logger":"airflow.task.hooks.airflow.providers.standard.hooks.subprocess.SubprocessHook"}
{"timestamp":"2025-08-25T18:16:28.853344","level":"info","event":"\u001b[0m18:16:28  10 of 23 START sql view model silver_staging.stg_payments ...................... [RUN]","logger":"airflow.task.hooks.airflow.providers.standard.hooks.subprocess.SubprocessHook"}
{"timestamp":"2025-08-25T18:16:29.193406","level":"info","event":"\u001b[0m18:16:29  6 of 23 OK created sql view model silver_staging.stg_discount_rules ............ [\u001b[32mCREATE VIEW\u001b[0m in 3.74s]","logger":"airflow.task.hooks.airflow.providers.standard.hooks.subprocess.SubprocessHook"}
{"timestamp":"2025-08-25T18:16:29.195062","level":"info","event":"\u001b[0m18:16:29  11 of 23 START sql view model silver_staging.stg_pricing_history ............... [RUN]","logger":"airflow.task.hooks.airflow.providers.standard.hooks.subprocess.SubprocessHook"}
{"timestamp":"2025-08-25T18:16:29.260957","level":"info","event":"\u001b[0m18:16:29  7 of 23 OK created sql view model silver_staging.stg_employees ................. [\u001b[32mCREATE VIEW\u001b[0m in 3.80s]","logger":"airflow.task.hooks.airflow.providers.standard.hooks.subprocess.SubprocessHook"}
{"timestamp":"2025-08-25T18:16:29.262575","level":"info","event":"\u001b[0m18:16:29  12 of 23 START sql view model silver_staging.stg_products ...................... [RUN]","logger":"airflow.task.hooks.airflow.providers.standard.hooks.subprocess.SubprocessHook"}
{"timestamp":"2025-08-25T18:16:32.584977","level":"info","event":"\u001b[0m18:16:32  12 of 23 OK created sql view model silver_staging.stg_products ................. [\u001b[32mCREATE VIEW\u001b[0m in 3.32s]","logger":"airflow.task.hooks.airflow.providers.standard.hooks.subprocess.SubprocessHook"}
{"timestamp":"2025-08-25T18:16:32.586487","level":"info","event":"\u001b[0m18:16:32  13 of 23 START sql view model silver_staging.stg_promotions .................... [RUN]","logger":"airflow.task.hooks.airflow.providers.standard.hooks.subprocess.SubprocessHook"}
{"timestamp":"2025-08-25T18:16:32.748645","level":"info","event":"\u001b[0m18:16:32  9 of 23 OK created sql view model silver_staging.stg_loyalty_programs .......... [\u001b[32mCREATE VIEW\u001b[0m in 3.93s]","logger":"airflow.task.hooks.airflow.providers.standard.hooks.subprocess.SubprocessHook"}
{"timestamp":"2025-08-25T18:16:32.750422","level":"info","event":"\u001b[0m18:16:32  14 of 23 START sql view model silver_staging.stg_purchase_orders ............... [RUN]","logger":"airflow.task.hooks.airflow.providers.standard.hooks.subprocess.SubprocessHook"}
{"timestamp":"2025-08-25T18:16:32.761865","level":"info","event":"\u001b[0m18:16:32  10 of 23 OK created sql view model silver_staging.stg_payments ................. [\u001b[32mCREATE VIEW\u001b[0m in 3.90s]","logger":"airflow.task.hooks.airflow.providers.standard.hooks.subprocess.SubprocessHook"}
{"timestamp":"2025-08-25T18:16:32.763676","level":"info","event":"\u001b[0m18:16:32  15 of 23 START sql view model silver_staging.stg_returns ....................... [RUN]","logger":"airflow.task.hooks.airflow.providers.standard.hooks.subprocess.SubprocessHook"}
{"timestamp":"2025-08-25T18:16:32.820020","level":"info","event":"\u001b[0m18:16:32  11 of 23 OK created sql view model silver_staging.stg_pricing_history .......... [\u001b[32mCREATE VIEW\u001b[0m in 3.62s]","logger":"airflow.task.hooks.airflow.providers.standard.hooks.subprocess.SubprocessHook"}
{"timestamp":"2025-08-25T18:16:32.821369","level":"info","event":"\u001b[0m18:16:32  16 of 23 START sql view model silver_staging.stg_sales_items ................... [RUN]","logger":"airflow.task.hooks.airflow.providers.standard.hooks.subprocess.SubprocessHook"}
{"timestamp":"2025-08-25T18:16:36.624327","level":"info","event":"\u001b[0m18:16:36  13 of 23 OK created sql view model silver_staging.stg_promotions ............... [\u001b[32mCREATE VIEW\u001b[0m in 4.04s]","logger":"airflow.task.hooks.airflow.providers.standard.hooks.subprocess.SubprocessHook"}
{"timestamp":"2025-08-25T18:16:36.625989","level":"info","event":"\u001b[0m18:16:36  17 of 23 START sql view model silver_staging.stg_sales_transactions ............ [RUN]","logger":"airflow.task.hooks.airflow.providers.standard.hooks.subprocess.SubprocessHook"}
{"timestamp":"2025-08-25T18:16:36.946248","level":"info","event":"\u001b[0m18:16:36  16 of 23 OK created sql view model silver_staging.stg_sales_items .............. [\u001b[32mCREATE VIEW\u001b[0m in 4.12s]","logger":"airflow.task.hooks.airflow.providers.standard.hooks.subprocess.SubprocessHook"}
{"timestamp":"2025-08-25T18:16:36.948183","level":"info","event":"\u001b[0m18:16:36  18 of 23 START sql view model silver_staging.stg_shipments ..................... [RUN]","logger":"airflow.task.hooks.airflow.providers.standard.hooks.subprocess.SubprocessHook"}
{"timestamp":"2025-08-25T18:16:37.263772","level":"info","event":"\u001b[0m18:16:37  14 of 23 OK created sql view model silver_staging.stg_purchase_orders .......... [\u001b[32mCREATE VIEW\u001b[0m in 4.51s]","logger":"airflow.task.hooks.airflow.providers.standard.hooks.subprocess.SubprocessHook"}
{"timestamp":"2025-08-25T18:16:37.265385","level":"info","event":"\u001b[0m18:16:37  19 of 23 START sql view model silver_staging.stg_stock_movements ............... [RUN]","logger":"airflow.task.hooks.airflow.providers.standard.hooks.subprocess.SubprocessHook"}
{"timestamp":"2025-08-25T18:16:37.508844","level":"info","event":"\u001b[0m18:16:37  15 of 23 OK created sql view model silver_staging.stg_returns .................. [\u001b[32mCREATE VIEW\u001b[0m in 4.74s]","logger":"airflow.task.hooks.airflow.providers.standard.hooks.subprocess.SubprocessHook"}
{"timestamp":"2025-08-25T18:16:37.510238","level":"info","event":"\u001b[0m18:16:37  20 of 23 START sql view model silver_staging.stg_store_visits .................. [RUN]","logger":"airflow.task.hooks.airflow.providers.standard.hooks.subprocess.SubprocessHook"}
{"timestamp":"2025-08-25T18:16:40.749936","level":"info","event":"\u001b[0m18:16:40  17 of 23 OK created sql view model silver_staging.stg_sales_transactions ....... [\u001b[32mCREATE VIEW\u001b[0m in 4.12s]","logger":"airflow.task.hooks.airflow.providers.standard.hooks.subprocess.SubprocessHook"}
{"timestamp":"2025-08-25T18:16:40.751432","level":"info","event":"\u001b[0m18:16:40  21 of 23 START sql view model silver_staging.stg_stores ........................ [RUN]","logger":"airflow.task.hooks.airflow.providers.standard.hooks.subprocess.SubprocessHook"}
{"timestamp":"2025-08-25T18:16:40.979451","level":"info","event":"\u001b[0m18:16:40  18 of 23 OK created sql view model silver_staging.stg_shipments ................ [\u001b[32mCREATE VIEW\u001b[0m in 4.03s]","logger":"airflow.task.hooks.airflow.providers.standard.hooks.subprocess.SubprocessHook"}
{"timestamp":"2025-08-25T18:16:40.980961","level":"info","event":"\u001b[0m18:16:40  22 of 23 START sql view model silver_staging.stg_suppliers ..................... [RUN]","logger":"airflow.task.hooks.airflow.providers.standard.hooks.subprocess.SubprocessHook"}
{"timestamp":"2025-08-25T18:16:41.425270","level":"info","event":"\u001b[0m18:16:41  19 of 23 OK created sql view model silver_staging.stg_stock_movements .......... [\u001b[32mCREATE VIEW\u001b[0m in 4.16s]","logger":"airflow.task.hooks.airflow.providers.standard.hooks.subprocess.SubprocessHook"}
{"timestamp":"2025-08-25T18:16:41.427121","level":"info","event":"\u001b[0m18:16:41  23 of 23 START sql view model silver_staging.stg_tax_rules ..................... [RUN]","logger":"airflow.task.hooks.airflow.providers.standard.hooks.subprocess.SubprocessHook"}
{"timestamp":"2025-08-25T18:16:41.509203","level":"info","event":"\u001b[0m18:16:41  20 of 23 OK created sql view model silver_staging.stg_store_visits ............. [\u001b[32mCREATE VIEW\u001b[0m in 4.00s]","logger":"airflow.task.hooks.airflow.providers.standard.hooks.subprocess.SubprocessHook"}
{"timestamp":"2025-08-25T18:16:45.282425","level":"info","event":"\u001b[0m18:16:45  21 of 23 OK created sql view model silver_staging.stg_stores ................... [\u001b[32mCREATE VIEW\u001b[0m in 4.53s]","logger":"airflow.task.hooks.airflow.providers.standard.hooks.subprocess.SubprocessHook"}
{"timestamp":"2025-08-25T18:16:45.531363","level":"info","event":"\u001b[0m18:16:45  23 of 23 OK created sql view model silver_staging.stg_tax_rules ................ [\u001b[32mCREATE VIEW\u001b[0m in 4.10s]","logger":"airflow.task.hooks.airflow.providers.standard.hooks.subprocess.SubprocessHook"}
{"timestamp":"2025-08-25T18:16:47.001790","level":"info","event":"\u001b[0m18:16:47  22 of 23 OK created sql view model silver_staging.stg_suppliers ................ [\u001b[32mCREATE VIEW\u001b[0m in 4.69s]","logger":"airflow.task.hooks.airflow.providers.standard.hooks.subprocess.SubprocessHook"}
{"timestamp":"2025-08-25T18:16:51.105499","level":"info","event":"\u001b[0m18:16:51","logger":"airflow.task.hooks.airflow.providers.standard.hooks.subprocess.SubprocessHook"}
{"timestamp":"2025-08-25T18:16:51.105833","level":"info","event":"\u001b[0m18:16:51  Finished running 23 view models in 0 hours 0 minutes and 42.20 seconds (42.20s).","logger":"airflow.task.hooks.airflow.providers.standard.hooks.subprocess.SubprocessHook"}
{"timestamp":"2025-08-25T18:16:51.211019","level":"info","event":"\u001b[0m18:16:51","logger":"airflow.task.hooks.airflow.providers.standard.hooks.subprocess.SubprocessHook"}
{"timestamp":"2025-08-25T18:16:51.211281","level":"info","event":"\u001b[0m18:16:51  \u001b[32mCompleted successfully\u001b[0m","logger":"airflow.task.hooks.airflow.providers.standard.hooks.subprocess.SubprocessHook"}
{"timestamp":"2025-08-25T18:16:51.211569","level":"info","event":"\u001b[0m18:16:51","logger":"airflow.task.hooks.airflow.providers.standard.hooks.subprocess.SubprocessHook"}
{"timestamp":"2025-08-25T18:16:51.211892","level":"info","event":"\u001b[0m18:16:51  Done. PASS=23 WARN=0 ERROR=0 SKIP=0 NO-OP=0 TOTAL=23","logger":"airflow.task.hooks.airflow.providers.standard.hooks.subprocess.SubprocessHook"}
{"timestamp":"2025-08-25T18:16:52.590976","level":"info","event":"Command exited with return code 0","logger":"airflow.task.hooks.airflow.providers.standard.hooks.subprocess.SubprocessHook"}
{"timestamp":"2025-08-25T18:16:52.591584","level":"info","event":"Pushing xcom","ti":"RuntimeTaskInstance(id=UUID('0198e271-c6e2-7535-940f-6772b45b075c'), task_id='dbt_staging', dag_id='dbt_pipeline_invalid_staging_silver', run_id='manual__2025-08-25T18:16:04.042661+00:00', try_number=1, map_index=-1, hostname='d71023bd2874', context_carrier={}, task=<Task(BashOperator): dbt_staging>, bundle_instance=LocalDagBundle(name=dags-folder), max_tries=0, start_date=datetime.datetime(2025, 8, 25, 18, 16, 4, 402248, tzinfo=datetime.timezone.utc), end_date=None, state=<TaskInstanceState.RUNNING: 'running'>, is_mapped=False, rendered_map_index=None, log_url='http://localhost:8080/dags/dbt_pipeline_invalid_staging_silver/runs/manual__2025-08-25T18%3A16%3A04.042661%2B00%3A00/tasks/dbt_staging?try_number=1')","logger":"task"}
{"timestamp":"2025-08-25T18:16:52.628760","level":"warning","event":"/home/airflow/.local/lib/python3.12/site-packages/airflow/models/connection.py:471: DeprecationWarning: Using Connection.get_connection_from_secrets from `airflow.models` is deprecated.Please use `from airflow.sdk import Connection` instead\n  warnings.warn(\n","logger":"py.warnings"}
{"timestamp":"2025-08-25T18:16:52.635654","level":"info","event":"Connection Retrieved 'ms_teams_webhook'","logger":"airflow.hooks.base"}
{"timestamp":"2025-08-25T18:16:54.382938Z","level":"info","event":"Task instance in success state","chan":"stdout","logger":"task"}
{"timestamp":"2025-08-25T18:16:54.383083Z","level":"info","event":" Previous state of the Task instance: TaskInstanceState.RUNNING","chan":"stdout","logger":"task"}
{"timestamp":"2025-08-25T18:16:54.383975Z","level":"info","event":"Task operator:<Task(BashOperator): dbt_staging>","chan":"stdout","logger":"task"}
