{"timestamp":"2025-08-27T07:19:33.852725","level":"info","event":"DAG bundles loaded: dags-folder, example_dags","logger":"airflow.dag_processing.bundles.manager.DagBundlesManager"}
{"timestamp":"2025-08-27T07:19:33.853076","level":"info","event":"Filling up the DagBag from /opt/airflow/dags/dbt_process_data.py","logger":"airflow.models.dagbag.DagBag"}
{"timestamp":"2025-08-27T07:19:33.876920Z","level":"info","event":"Task instance is in running state","chan":"stdout","logger":"task"}
{"timestamp":"2025-08-27T07:19:33.877035Z","level":"info","event":" Previous state of the Task instance: TaskInstanceState.QUEUED","chan":"stdout","logger":"task"}
{"timestamp":"2025-08-27T07:19:33.877767Z","level":"info","event":"Current task name:dbt_golden","chan":"stdout","logger":"task"}
{"timestamp":"2025-08-27T07:19:33.877839Z","level":"info","event":"Dag name:dbt_pipeline_invalid_staging_silver","chan":"stdout","logger":"task"}
{"timestamp":"2025-08-27T07:19:33.878200","level":"info","event":"Tmp dir root location: /tmp","logger":"airflow.task.hooks.airflow.providers.standard.hooks.subprocess.SubprocessHook"}
{"timestamp":"2025-08-27T07:19:33.879318","level":"info","event":"Running command: ['/usr/bin/bash', '-c', 'cd /opt/airflow/dbt && dbt run --select path:models/golden --full-refresh --profiles-dir /home/airflow/.dbt']","logger":"airflow.task.hooks.airflow.providers.standard.hooks.subprocess.SubprocessHook"}
{"timestamp":"2025-08-27T07:19:33.893074","level":"info","event":"Output:","logger":"airflow.task.hooks.airflow.providers.standard.hooks.subprocess.SubprocessHook"}
{"timestamp":"2025-08-27T07:19:35.528503","level":"info","event":"\u001b[0m07:19:35  Running with dbt=1.10.9","logger":"airflow.task.hooks.airflow.providers.standard.hooks.subprocess.SubprocessHook"}
{"timestamp":"2025-08-27T07:19:35.724350","level":"info","event":"\u001b[0m07:19:35  Registered adapter: postgres=1.9.0","logger":"airflow.task.hooks.airflow.providers.standard.hooks.subprocess.SubprocessHook"}
{"timestamp":"2025-08-27T07:19:36.261227","level":"info","event":"\u001b[0m07:19:36  Found 88 models, 9 snapshots, 376 data tests, 23 sources, 816 macros","logger":"airflow.task.hooks.airflow.providers.standard.hooks.subprocess.SubprocessHook"}
{"timestamp":"2025-08-27T07:19:36.271626","level":"info","event":"\u001b[0m07:19:36","logger":"airflow.task.hooks.airflow.providers.standard.hooks.subprocess.SubprocessHook"}
{"timestamp":"2025-08-27T07:19:36.271940","level":"info","event":"\u001b[0m07:19:36  Concurrency: 4 threads (target='dev')","logger":"airflow.task.hooks.airflow.providers.standard.hooks.subprocess.SubprocessHook"}
{"timestamp":"2025-08-27T07:19:36.272252","level":"info","event":"\u001b[0m07:19:36","logger":"airflow.task.hooks.airflow.providers.standard.hooks.subprocess.SubprocessHook"}
{"timestamp":"2025-08-27T07:19:51.686664","level":"info","event":"\u001b[0m07:19:51  1 of 23 START sql table model silver_to_golden.dim_brands_scd .................. [RUN]","logger":"airflow.task.hooks.airflow.providers.standard.hooks.subprocess.SubprocessHook"}
{"timestamp":"2025-08-27T07:19:51.687711","level":"info","event":"\u001b[0m07:19:51  2 of 23 START sql table model silver_to_golden.dim_campaigns ................... [RUN]","logger":"airflow.task.hooks.airflow.providers.standard.hooks.subprocess.SubprocessHook"}
{"timestamp":"2025-08-27T07:19:51.688603","level":"info","event":"\u001b[0m07:19:51  3 of 23 START sql table model silver_to_golden.dim_categories_scd .............. [RUN]","logger":"airflow.task.hooks.airflow.providers.standard.hooks.subprocess.SubprocessHook"}
{"timestamp":"2025-08-27T07:19:51.689544","level":"info","event":"\u001b[0m07:19:51  4 of 23 START sql table model silver_to_golden.dim_customers_scd ............... [RUN]","logger":"airflow.task.hooks.airflow.providers.standard.hooks.subprocess.SubprocessHook"}
{"timestamp":"2025-08-27T07:19:54.995422","level":"info","event":"\u001b[0m07:19:54  1 of 23 OK created sql table model silver_to_golden.dim_brands_scd ............. [\u001b[32mSELECT 10\u001b[0m in 3.30s]","logger":"airflow.task.hooks.airflow.providers.standard.hooks.subprocess.SubprocessHook"}
{"timestamp":"2025-08-27T07:19:54.996847","level":"info","event":"\u001b[0m07:19:54  5 of 23 START sql table model silver_to_golden.dim_discount_rules .............. [RUN]","logger":"airflow.task.hooks.airflow.providers.standard.hooks.subprocess.SubprocessHook"}
{"timestamp":"2025-08-27T07:19:55.461636","level":"info","event":"\u001b[0m07:19:55  4 of 23 OK created sql table model silver_to_golden.dim_customers_scd .......... [\u001b[32mSELECT 902\u001b[0m in 3.77s]","logger":"airflow.task.hooks.airflow.providers.standard.hooks.subprocess.SubprocessHook"}
{"timestamp":"2025-08-27T07:19:55.463151","level":"info","event":"\u001b[0m07:19:55  3 of 23 OK created sql table model silver_to_golden.dim_categories_scd ......... [\u001b[32mSELECT 10\u001b[0m in 3.77s]","logger":"airflow.task.hooks.airflow.providers.standard.hooks.subprocess.SubprocessHook"}
{"timestamp":"2025-08-27T07:19:55.464471","level":"info","event":"\u001b[0m07:19:55  2 of 23 OK created sql table model silver_to_golden.dim_campaigns .............. [\u001b[32mSELECT 177\u001b[0m in 3.77s]","logger":"airflow.task.hooks.airflow.providers.standard.hooks.subprocess.SubprocessHook"}
{"timestamp":"2025-08-27T07:19:55.467469","level":"info","event":"\u001b[0m07:19:55  6 of 23 START sql table model silver_to_golden.dim_employees_scd ............... [RUN]","logger":"airflow.task.hooks.airflow.providers.standard.hooks.subprocess.SubprocessHook"}
{"timestamp":"2025-08-27T07:19:55.468592","level":"info","event":"\u001b[0m07:19:55  7 of 23 START sql table model silver_to_golden.dim_loyalty_programs_scd ........ [RUN]","logger":"airflow.task.hooks.airflow.providers.standard.hooks.subprocess.SubprocessHook"}
{"timestamp":"2025-08-27T07:19:55.469451","level":"info","event":"\u001b[0m07:19:55  8 of 23 START sql table model silver_to_golden.dim_products_scd ................ [RUN]","logger":"airflow.task.hooks.airflow.providers.standard.hooks.subprocess.SubprocessHook"}
{"timestamp":"2025-08-27T07:19:58.446887","level":"info","event":"\u001b[0m07:19:58  5 of 23 OK created sql table model silver_to_golden.dim_discount_rules ......... [\u001b[32mSELECT 454\u001b[0m in 3.45s]","logger":"airflow.task.hooks.airflow.providers.standard.hooks.subprocess.SubprocessHook"}
{"timestamp":"2025-08-27T07:19:58.448171","level":"info","event":"\u001b[0m07:19:58  9 of 23 START sql table model silver_to_golden.dim_promotions_scd .............. [RUN]","logger":"airflow.task.hooks.airflow.providers.standard.hooks.subprocess.SubprocessHook"}
{"timestamp":"2025-08-27T07:19:58.855396","level":"info","event":"\u001b[0m07:19:58  8 of 23 OK created sql table model silver_to_golden.dim_products_scd ........... [\u001b[32mSELECT 400\u001b[0m in 3.38s]","logger":"airflow.task.hooks.airflow.providers.standard.hooks.subprocess.SubprocessHook"}
{"timestamp":"2025-08-27T07:19:58.856614","level":"info","event":"\u001b[0m07:19:58  10 of 23 START sql table model silver_to_golden.dim_stores_scd ................. [RUN]","logger":"airflow.task.hooks.airflow.providers.standard.hooks.subprocess.SubprocessHook"}
{"timestamp":"2025-08-27T07:19:58.988556","level":"info","event":"\u001b[0m07:19:58  7 of 23 OK created sql table model silver_to_golden.dim_loyalty_programs_scd ... [\u001b[32mSELECT 5\u001b[0m in 3.52s]","logger":"airflow.task.hooks.airflow.providers.standard.hooks.subprocess.SubprocessHook"}
{"timestamp":"2025-08-27T07:19:58.989824","level":"info","event":"\u001b[0m07:19:58  11 of 23 START sql table model silver_to_golden.dim_suppliers_scd .............. [RUN]","logger":"airflow.task.hooks.airflow.providers.standard.hooks.subprocess.SubprocessHook"}
{"timestamp":"2025-08-27T07:19:59.578204","level":"info","event":"\u001b[0m07:19:59  6 of 23 OK created sql table model silver_to_golden.dim_employees_scd .......... [\u001b[32mSELECT 200\u001b[0m in 4.11s]","logger":"airflow.task.hooks.airflow.providers.standard.hooks.subprocess.SubprocessHook"}
{"timestamp":"2025-08-27T07:19:59.579539","level":"info","event":"\u001b[0m07:19:59  12 of 23 START sql table model silver_to_golden.dim_tax_rules .................. [RUN]","logger":"airflow.task.hooks.airflow.providers.standard.hooks.subprocess.SubprocessHook"}
{"timestamp":"2025-08-27T07:20:01.507024","level":"info","event":"\u001b[0m07:20:01  9 of 23 OK created sql table model silver_to_golden.dim_promotions_scd ......... [\u001b[32mSELECT 248\u001b[0m in 3.06s]","logger":"airflow.task.hooks.airflow.providers.standard.hooks.subprocess.SubprocessHook"}
{"timestamp":"2025-08-27T07:20:01.508851","level":"info","event":"\u001b[0m07:20:01  13 of 23 START sql table model silver_to_golden.fct_customer_feedback .......... [RUN]","logger":"airflow.task.hooks.airflow.providers.standard.hooks.subprocess.SubprocessHook"}
{"timestamp":"2025-08-27T07:20:01.910289","level":"info","event":"\u001b[0m07:20:01  10 of 23 OK created sql table model silver_to_golden.dim_stores_scd ............ [\u001b[32mSELECT 20\u001b[0m in 3.05s]","logger":"airflow.task.hooks.airflow.providers.standard.hooks.subprocess.SubprocessHook"}
{"timestamp":"2025-08-27T07:20:01.911756","level":"info","event":"\u001b[0m07:20:01  14 of 23 START sql table model silver_to_golden.fct_inventory .................. [RUN]","logger":"airflow.task.hooks.airflow.providers.standard.hooks.subprocess.SubprocessHook"}
{"timestamp":"2025-08-27T07:20:02.102362","level":"info","event":"\u001b[0m07:20:02  11 of 23 OK created sql table model silver_to_golden.dim_suppliers_scd ......... [\u001b[32mSELECT 10\u001b[0m in 3.11s]","logger":"airflow.task.hooks.airflow.providers.standard.hooks.subprocess.SubprocessHook"}
{"timestamp":"2025-08-27T07:20:02.103982","level":"info","event":"\u001b[0m07:20:02  15 of 23 START sql table model silver_to_golden.fct_payments ................... [RUN]","logger":"airflow.task.hooks.airflow.providers.standard.hooks.subprocess.SubprocessHook"}
{"timestamp":"2025-08-27T07:20:02.609708","level":"info","event":"\u001b[0m07:20:02  12 of 23 OK created sql table model silver_to_golden.dim_tax_rules ............. [\u001b[32mSELECT 387\u001b[0m in 3.03s]","logger":"airflow.task.hooks.airflow.providers.standard.hooks.subprocess.SubprocessHook"}
{"timestamp":"2025-08-27T07:20:02.611477","level":"info","event":"\u001b[0m07:20:02  16 of 23 START sql table model silver_to_golden.fct_pricing_history ............ [RUN]","logger":"airflow.task.hooks.airflow.providers.standard.hooks.subprocess.SubprocessHook"}
{"timestamp":"2025-08-27T07:20:05.227606","level":"info","event":"\u001b[0m07:20:05  15 of 23 OK created sql table model silver_to_golden.fct_payments .............. [\u001b[32mSELECT 13951\u001b[0m in 3.12s]","logger":"airflow.task.hooks.airflow.providers.standard.hooks.subprocess.SubprocessHook"}
{"timestamp":"2025-08-27T07:20:05.229014","level":"info","event":"\u001b[0m07:20:05  17 of 23 START sql table model silver_to_golden.fct_purchase_orders ............ [RUN]","logger":"airflow.task.hooks.airflow.providers.standard.hooks.subprocess.SubprocessHook"}
{"timestamp":"2025-08-27T07:20:05.681705","level":"info","event":"\u001b[0m07:20:05  16 of 23 OK created sql table model silver_to_golden.fct_pricing_history ....... [\u001b[32mSELECT 6479\u001b[0m in 3.07s]","logger":"airflow.task.hooks.airflow.providers.standard.hooks.subprocess.SubprocessHook"}
{"timestamp":"2025-08-27T07:20:05.683005","level":"info","event":"\u001b[0m07:20:05  18 of 23 START sql table model silver_to_golden.fct_returns .................... [RUN]","logger":"airflow.task.hooks.airflow.providers.standard.hooks.subprocess.SubprocessHook"}
{"timestamp":"2025-08-27T07:20:05.898708","level":"info","event":"\u001b[0m07:20:05  14 of 23 OK created sql table model silver_to_golden.fct_inventory ............. [\u001b[32mSELECT 1254\u001b[0m in 3.99s]","logger":"airflow.task.hooks.airflow.providers.standard.hooks.subprocess.SubprocessHook"}
{"timestamp":"2025-08-27T07:20:05.900012","level":"info","event":"\u001b[0m07:20:05  19 of 23 START sql table model silver_to_golden.fct_sales_items ................ [RUN]","logger":"airflow.task.hooks.airflow.providers.standard.hooks.subprocess.SubprocessHook"}
{"timestamp":"2025-08-27T07:20:06.275491","level":"info","event":"\u001b[0m07:20:06  13 of 23 OK created sql table model silver_to_golden.fct_customer_feedback ..... [\u001b[32mSELECT 2753\u001b[0m in 4.77s]","logger":"airflow.task.hooks.airflow.providers.standard.hooks.subprocess.SubprocessHook"}
{"timestamp":"2025-08-27T07:20:06.276731","level":"info","event":"\u001b[0m07:20:06  20 of 23 START sql table model silver_to_golden.fct_sales_transactions ......... [RUN]","logger":"airflow.task.hooks.airflow.providers.standard.hooks.subprocess.SubprocessHook"}
{"timestamp":"2025-08-27T07:20:08.246166","level":"info","event":"\u001b[0m07:20:08  17 of 23 OK created sql table model silver_to_golden.fct_purchase_orders ....... [\u001b[32mSELECT 895\u001b[0m in 3.02s]","logger":"airflow.task.hooks.airflow.providers.standard.hooks.subprocess.SubprocessHook"}
{"timestamp":"2025-08-27T07:20:08.247687","level":"info","event":"\u001b[0m07:20:08  21 of 23 START sql table model silver_to_golden.fct_shipments .................. [RUN]","logger":"airflow.task.hooks.airflow.providers.standard.hooks.subprocess.SubprocessHook"}
{"timestamp":"2025-08-27T07:20:08.784651","level":"info","event":"\u001b[0m07:20:08  18 of 23 OK created sql table model silver_to_golden.fct_returns ............... [\u001b[32mSELECT 3223\u001b[0m in 3.10s]","logger":"airflow.task.hooks.airflow.providers.standard.hooks.subprocess.SubprocessHook"}
{"timestamp":"2025-08-27T07:20:08.786055","level":"info","event":"\u001b[0m07:20:08  22 of 23 START sql table model silver_to_golden.fct_stock_movements ............ [RUN]","logger":"airflow.task.hooks.airflow.providers.standard.hooks.subprocess.SubprocessHook"}
{"timestamp":"2025-08-27T07:20:09.546096","level":"info","event":"\u001b[0m07:20:09  20 of 23 OK created sql table model silver_to_golden.fct_sales_transactions .... [\u001b[32mSELECT 36049\u001b[0m in 3.27s]","logger":"airflow.task.hooks.airflow.providers.standard.hooks.subprocess.SubprocessHook"}
{"timestamp":"2025-08-27T07:20:09.547518","level":"info","event":"\u001b[0m07:20:09  23 of 23 START sql table model silver_to_golden.fct_store_visits ............... [RUN]","logger":"airflow.task.hooks.airflow.providers.standard.hooks.subprocess.SubprocessHook"}
{"timestamp":"2025-08-27T07:20:09.689350","level":"info","event":"\u001b[0m07:20:09  19 of 23 OK created sql table model silver_to_golden.fct_sales_items ........... [\u001b[32mSELECT 72072\u001b[0m in 3.79s]","logger":"airflow.task.hooks.airflow.providers.standard.hooks.subprocess.SubprocessHook"}
{"timestamp":"2025-08-27T07:20:11.977453","level":"info","event":"\u001b[0m07:20:11  22 of 23 OK created sql table model silver_to_golden.fct_stock_movements ....... [\u001b[32mSELECT 6455\u001b[0m in 3.19s]","logger":"airflow.task.hooks.airflow.providers.standard.hooks.subprocess.SubprocessHook"}
{"timestamp":"2025-08-27T07:20:12.569471","level":"info","event":"\u001b[0m07:20:12  21 of 23 OK created sql table model silver_to_golden.fct_shipments ............. [\u001b[32mSELECT 368\u001b[0m in 4.32s]","logger":"airflow.task.hooks.airflow.providers.standard.hooks.subprocess.SubprocessHook"}
{"timestamp":"2025-08-27T07:20:14.081217","level":"info","event":"\u001b[0m07:20:14  23 of 23 OK created sql table model silver_to_golden.fct_store_visits .......... [\u001b[32mSELECT 8999\u001b[0m in 3.25s]","logger":"airflow.task.hooks.airflow.providers.standard.hooks.subprocess.SubprocessHook"}
{"timestamp":"2025-08-27T07:20:18.897090","level":"info","event":"\u001b[0m07:20:18","logger":"airflow.task.hooks.airflow.providers.standard.hooks.subprocess.SubprocessHook"}
{"timestamp":"2025-08-27T07:20:18.897372","level":"info","event":"\u001b[0m07:20:18  Finished running 23 table models in 0 hours 0 minutes and 42.62 seconds (42.62s).","logger":"airflow.task.hooks.airflow.providers.standard.hooks.subprocess.SubprocessHook"}
{"timestamp":"2025-08-27T07:20:19.075567","level":"info","event":"\u001b[0m07:20:19","logger":"airflow.task.hooks.airflow.providers.standard.hooks.subprocess.SubprocessHook"}
{"timestamp":"2025-08-27T07:20:19.075882","level":"info","event":"\u001b[0m07:20:19  \u001b[32mCompleted successfully\u001b[0m","logger":"airflow.task.hooks.airflow.providers.standard.hooks.subprocess.SubprocessHook"}
{"timestamp":"2025-08-27T07:20:19.076187","level":"info","event":"\u001b[0m07:20:19","logger":"airflow.task.hooks.airflow.providers.standard.hooks.subprocess.SubprocessHook"}
{"timestamp":"2025-08-27T07:20:19.076521","level":"info","event":"\u001b[0m07:20:19  Done. PASS=23 WARN=0 ERROR=0 SKIP=0 NO-OP=0 TOTAL=23","logger":"airflow.task.hooks.airflow.providers.standard.hooks.subprocess.SubprocessHook"}
{"timestamp":"2025-08-27T07:20:20.547286","level":"info","event":"Command exited with return code 0","logger":"airflow.task.hooks.airflow.providers.standard.hooks.subprocess.SubprocessHook"}
{"timestamp":"2025-08-27T07:20:20.548011","level":"info","event":"Pushing xcom","ti":"RuntimeTaskInstance(id=UUID('0198ea60-3194-7eb8-83f6-bdab9e7d8c61'), task_id='dbt_golden', dag_id='dbt_pipeline_invalid_staging_silver', run_id='scheduled__2025-08-27T00:00:00+00:00', try_number=1, map_index=-1, hostname='72fc05857baa', context_carrier={}, task=<Task(BashOperator): dbt_golden>, bundle_instance=LocalDagBundle(name=dags-folder), max_tries=0, start_date=datetime.datetime(2025, 8, 27, 7, 19, 33, 535360, tzinfo=datetime.timezone.utc), end_date=None, state=<TaskInstanceState.RUNNING: 'running'>, is_mapped=False, rendered_map_index=None, log_url='http://localhost:8080/dags/dbt_pipeline_invalid_staging_silver/runs/scheduled__2025-08-27T00%3A00%3A00%2B00%3A00/tasks/dbt_golden?try_number=1')","logger":"task"}
{"timestamp":"2025-08-27T07:20:20.570518","level":"error","event":"Failed to run task callback","kind":"on_success_callback","index":0,"callback":"<function <lambda> at 0x72729cf372e0>","logger":"task","error_detail":[{"exc_type":"TypeError","exc_value":"can't subtract offset-naive and offset-aware datetimes","exc_notes":[],"syntax_error":null,"is_cause":false,"frames":[{"filename":"/home/airflow/.local/lib/python3.12/site-packages/airflow/sdk/execution_time/task_runner.py","lineno":1114,"name":"_run_task_state_change_callbacks"},{"filename":"/home/airflow/.local/lib/python3.12/site-packages/airflow/sdk/execution_time/callback_runner.py","lineno":81,"name":"run"},{"filename":"/opt/airflow/dags/dbt_process_data.py","lineno":189,"name":"<lambda>"},{"filename":"/opt/airflow/dags/dbt_process_data.py","lineno":47,"name":"teams_notify"}],"is_group":false,"exceptions":[]}]}
{"timestamp":"2025-08-27T07:20:20.571003Z","level":"info","event":"Task instance in success state","chan":"stdout","logger":"task"}
{"timestamp":"2025-08-27T07:20:20.571058Z","level":"info","event":" Previous state of the Task instance: TaskInstanceState.RUNNING","chan":"stdout","logger":"task"}
{"timestamp":"2025-08-27T07:20:20.572112Z","level":"info","event":"Task operator:<Task(BashOperator): dbt_golden>","chan":"stdout","logger":"task"}
