{"timestamp":"2025-08-16T17:09:44.702456","level":"info","event":"DAG bundles loaded: dags-folder, example_dags","logger":"airflow.dag_processing.bundles.manager.DagBundlesManager"}
{"timestamp":"2025-08-16T17:09:44.702869","level":"info","event":"Filling up the DagBag from /opt/airflow/dags/grok_migration.py","logger":"airflow.models.dagbag.DagBag"}
{"timestamp":"2025-08-16T17:09:44.732552Z","level":"info","event":"Task instance is in running state","chan":"stdout","logger":"task"}
{"timestamp":"2025-08-16T17:09:44.732665Z","level":"info","event":" Previous state of the Task instance: TaskInstanceState.QUEUED","chan":"stdout","logger":"task"}
{"timestamp":"2025-08-16T17:09:44.732781Z","level":"info","event":"Current task name:migrate_employees","chan":"stdout","logger":"task"}
{"timestamp":"2025-08-16T17:09:44.732853Z","level":"info","event":"Dag name:mysql_to_postgres_raw_zone__grok","chan":"stdout","logger":"task"}
{"timestamp":"2025-08-16T17:09:44.734944","level":"warning","event":"/home/airflow/.local/lib/python3.12/site-packages/airflow/models/connection.py:471: DeprecationWarning: Using Connection.get_connection_from_secrets from `airflow.models` is deprecated.Please use `from airflow.sdk import Connection` instead\n  warnings.warn(\n","logger":"py.warnings"}
{"timestamp":"2025-08-16T17:09:44.740202","level":"info","event":"Connection Retrieved 'mysql_default'","logger":"airflow.hooks.base"}
{"timestamp":"2025-08-16T17:09:44.740360","level":"warning","event":"This setter is for backward compatibility and should not be used.\nSince the introduction of connection property, the providers listed below breaks due to assigning value to self.connection in their __init__ method.\n* apache-airflow-providers-mysql<5.7.1\n* apache-airflow-providers-elasticsearch<5.5.1\n* apache-airflow-providers-postgres<5.13.0","logger":"airflow.task.hooks.airflow.providers.mysql.hooks.mysql.MySqlHook"}
{"timestamp":"2025-08-16T17:09:44.744088","level":"info","event":"Connection Retrieved 'pg_raw'","logger":"airflow.hooks.base"}
{"timestamp":"2025-08-16T17:09:44.744169","level":"warning","event":"This setter is for backward compatibility and should not be used.\nSince the introduction of connection property, the providers listed below breaks due to assigning value to self.connection in their __init__ method.\n* apache-airflow-providers-mysql<5.7.1\n* apache-airflow-providers-elasticsearch<5.5.1\n* apache-airflow-providers-postgres<5.13.0","logger":"airflow.task.hooks.airflow.providers.postgres.hooks.postgres.PostgresHook"}
{"timestamp":"2025-08-16T17:09:44.749792","level":"info","event":"Running statement: SHOW COLUMNS FROM employees, parameters: None","logger":"airflow.task.hooks.airflow.providers.mysql.hooks.mysql.MySqlHook"}
{"timestamp":"2025-08-16T17:09:44.751169","level":"info","event":"Rows affected: 4","logger":"airflow.task.hooks.airflow.providers.mysql.hooks.mysql.MySqlHook"}
{"timestamp":"2025-08-16T17:09:47.275067","level":"info","event":"Running statement: \n    CREATE TABLE IF NOT EXISTS raw.employees (\"employee_id\" TEXT, \"name\" TEXT, \"role\" TEXT, \"store_id\" TEXT);\n    , parameters: None","logger":"airflow.task.hooks.airflow.providers.postgres.hooks.postgres.PostgresHook"}
{"timestamp":"2025-08-16T17:09:47.978933","level":"warning","event":"/home/airflow/.local/lib/python3.12/site-packages/airflow/providers/common/sql/hooks/sql.py:479: UserWarning: pandas only supports SQLAlchemy connectable (engine/connection) or database string URI or sqlite3 DBAPI2 connection. Other DBAPI2 objects are not tested. Please consider using SQLAlchemy.\n  return psql.read_sql(sql, con=conn, params=parameters, **kwargs)\n","logger":"py.warnings"}
{"timestamp":"2025-08-16T17:09:52.908058","level":"error","event":"Task failed with exception","logger":"task","error_detail":[{"exc_type":"TypeError","exc_value":"sequence item 0: expected str instance, cached_property found","exc_notes":[],"syntax_error":null,"is_cause":false,"frames":[{"filename":"/home/airflow/.local/lib/python3.12/site-packages/airflow/sdk/execution_time/task_runner.py","lineno":890,"name":"run"},{"filename":"/home/airflow/.local/lib/python3.12/site-packages/airflow/sdk/execution_time/task_runner.py","lineno":1177,"name":"_execute_task"},{"filename":"/home/airflow/.local/lib/python3.12/site-packages/airflow/sdk/bases/operator.py","lineno":397,"name":"wrapper"},{"filename":"/home/airflow/.local/lib/python3.12/site-packages/airflow/providers/standard/operators/python.py","lineno":217,"name":"execute"},{"filename":"/home/airflow/.local/lib/python3.12/site-packages/airflow/providers/standard/operators/python.py","lineno":240,"name":"execute_callable"},{"filename":"/home/airflow/.local/lib/python3.12/site-packages/airflow/sdk/execution_time/callback_runner.py","lineno":81,"name":"run"},{"filename":"/opt/airflow/dags/grok_migration.py","lineno":96,"name":"migrate_table"},{"filename":"/home/airflow/.local/lib/python3.12/site-packages/airflow/providers/common/sql/hooks/sql.py","lineno":945,"name":"insert_rows"},{"filename":"/home/airflow/.local/lib/python3.12/site-packages/airflow/providers/postgres/hooks/postgres.py","lineno":305,"name":"_generate_insert_sql"}],"is_group":false,"exceptions":[]}]}
{"timestamp":"2025-08-16T17:09:52.908996Z","level":"info","event":"Task instance in failure state","chan":"stdout","logger":"task"}
{"timestamp":"2025-08-16T17:09:52.909237Z","level":"info","event":"Task start","chan":"stdout","logger":"task"}
{"timestamp":"2025-08-16T17:09:52.909314Z","level":"info","event":"Task:<Task(PythonOperator): migrate_employees>","chan":"stdout","logger":"task"}
{"timestamp":"2025-08-16T17:09:52.909360Z","level":"info","event":"Failure caused by sequence item 0: expected str instance, cached_property found","chan":"stdout","logger":"task"}
