{"timestamp":"2025-08-21T17:48:32.429500","level":"info","event":"DAG bundles loaded: dags-folder, example_dags","logger":"airflow.dag_processing.bundles.manager.DagBundlesManager"}
{"timestamp":"2025-08-21T17:48:32.429841","level":"info","event":"Filling up the DagBag from /opt/airflow/dags/dbt_process_data.py","logger":"airflow.models.dagbag.DagBag"}
{"timestamp":"2025-08-21T17:48:32.452571Z","level":"info","event":"Task instance is in running state","chan":"stdout","logger":"task"}
{"timestamp":"2025-08-21T17:48:32.452698Z","level":"info","event":" Previous state of the Task instance: TaskInstanceState.QUEUED","chan":"stdout","logger":"task"}
{"timestamp":"2025-08-21T17:48:32.453390Z","level":"info","event":"Current task name:dbt_silver","chan":"stdout","logger":"task"}
{"timestamp":"2025-08-21T17:48:32.453458Z","level":"info","event":"Dag name:dbt_pipeline_invalid_staging_silver","chan":"stdout","logger":"task"}
{"timestamp":"2025-08-21T17:48:32.453751","level":"info","event":"Tmp dir root location: /tmp","logger":"airflow.task.hooks.airflow.providers.standard.hooks.subprocess.SubprocessHook"}
{"timestamp":"2025-08-21T17:48:32.454870","level":"info","event":"Running command: ['/usr/bin/bash', '-c', 'cd /opt/airflow/dbt && dbt run --select path:models/silver --full-refresh --profiles-dir /home/airflow/.dbt']","logger":"airflow.task.hooks.airflow.providers.standard.hooks.subprocess.SubprocessHook"}
{"timestamp":"2025-08-21T17:48:32.467851","level":"info","event":"Output:","logger":"airflow.task.hooks.airflow.providers.standard.hooks.subprocess.SubprocessHook"}
{"timestamp":"2025-08-21T17:48:34.188267","level":"info","event":"\u001b[0m17:48:34  Running with dbt=1.10.9","logger":"airflow.task.hooks.airflow.providers.standard.hooks.subprocess.SubprocessHook"}
{"timestamp":"2025-08-21T17:48:34.369174","level":"info","event":"\u001b[0m17:48:34  Registered adapter: postgres=1.9.0","logger":"airflow.task.hooks.airflow.providers.standard.hooks.subprocess.SubprocessHook"}
{"timestamp":"2025-08-21T17:48:34.634082","level":"info","event":"\u001b[0m17:48:34  Found 65 models, 23 sources, 435 macros","logger":"airflow.task.hooks.airflow.providers.standard.hooks.subprocess.SubprocessHook"}
{"timestamp":"2025-08-21T17:48:34.637589","level":"info","event":"\u001b[0m17:48:34","logger":"airflow.task.hooks.airflow.providers.standard.hooks.subprocess.SubprocessHook"}
{"timestamp":"2025-08-21T17:48:34.637877","level":"info","event":"\u001b[0m17:48:34  Concurrency: 4 threads (target='dev')","logger":"airflow.task.hooks.airflow.providers.standard.hooks.subprocess.SubprocessHook"}
{"timestamp":"2025-08-21T17:48:34.638138","level":"info","event":"\u001b[0m17:48:34","logger":"airflow.task.hooks.airflow.providers.standard.hooks.subprocess.SubprocessHook"}
{"timestamp":"2025-08-21T17:48:46.424644","level":"info","event":"\u001b[0m17:48:46  1 of 23 START sql table model silver.brands_silver ............................. [RUN]","logger":"airflow.task.hooks.airflow.providers.standard.hooks.subprocess.SubprocessHook"}
{"timestamp":"2025-08-21T17:48:46.426024","level":"info","event":"\u001b[0m17:48:46  2 of 23 START sql table model silver.campaigns_silver .......................... [RUN]","logger":"airflow.task.hooks.airflow.providers.standard.hooks.subprocess.SubprocessHook"}
{"timestamp":"2025-08-21T17:48:46.426654","level":"info","event":"\u001b[0m17:48:46  3 of 23 START sql table model silver.categories_silver ......................... [RUN]","logger":"airflow.task.hooks.airflow.providers.standard.hooks.subprocess.SubprocessHook"}
{"timestamp":"2025-08-21T17:48:46.427132","level":"info","event":"\u001b[0m17:48:46  4 of 23 START sql table model silver.customer_feedback_silver .................. [RUN]","logger":"airflow.task.hooks.airflow.providers.standard.hooks.subprocess.SubprocessHook"}
{"timestamp":"2025-08-21T17:48:50.149457","level":"info","event":"\u001b[0m17:48:50  2 of 23 OK created sql table model silver.campaigns_silver ..................... [\u001b[32mSELECT 190\u001b[0m in 3.72s]","logger":"airflow.task.hooks.airflow.providers.standard.hooks.subprocess.SubprocessHook"}
{"timestamp":"2025-08-21T17:48:50.150064","level":"info","event":"\u001b[0m17:48:50  3 of 23 OK created sql table model silver.categories_silver .................... [\u001b[32mSELECT 10\u001b[0m in 3.72s]","logger":"airflow.task.hooks.airflow.providers.standard.hooks.subprocess.SubprocessHook"}
{"timestamp":"2025-08-21T17:48:50.152834","level":"info","event":"\u001b[0m17:48:50  5 of 23 START sql table model silver.customers_silver .......................... [RUN]","logger":"airflow.task.hooks.airflow.providers.standard.hooks.subprocess.SubprocessHook"}
{"timestamp":"2025-08-21T17:48:50.153437","level":"info","event":"\u001b[0m17:48:50  6 of 23 START sql table model silver.discount_rules_silver ..................... [RUN]","logger":"airflow.task.hooks.airflow.providers.standard.hooks.subprocess.SubprocessHook"}
{"timestamp":"2025-08-21T17:48:50.170856","level":"info","event":"\u001b[0m17:48:50  1 of 23 OK created sql table model silver.brands_silver ........................ [\u001b[32mSELECT 10\u001b[0m in 3.74s]","logger":"airflow.task.hooks.airflow.providers.standard.hooks.subprocess.SubprocessHook"}
{"timestamp":"2025-08-21T17:48:50.174244","level":"info","event":"\u001b[0m17:48:50  7 of 23 START sql table model silver.employees_silver .......................... [RUN]","logger":"airflow.task.hooks.airflow.providers.standard.hooks.subprocess.SubprocessHook"}
{"timestamp":"2025-08-21T17:48:50.179878","level":"info","event":"\u001b[0m17:48:50  4 of 23 OK created sql table model silver.customer_feedback_silver ............. [\u001b[32mSELECT 3786\u001b[0m in 3.75s]","logger":"airflow.task.hooks.airflow.providers.standard.hooks.subprocess.SubprocessHook"}
{"timestamp":"2025-08-21T17:48:50.181394","level":"info","event":"\u001b[0m17:48:50  8 of 23 START sql table model silver.inventory_silver .......................... [RUN]","logger":"airflow.task.hooks.airflow.providers.standard.hooks.subprocess.SubprocessHook"}
{"timestamp":"2025-08-21T17:48:53.209407","level":"info","event":"\u001b[0m17:48:53  5 of 23 OK created sql table model silver.customers_silver ..................... [\u001b[32mSELECT 902\u001b[0m in 3.05s]","logger":"airflow.task.hooks.airflow.providers.standard.hooks.subprocess.SubprocessHook"}
{"timestamp":"2025-08-21T17:48:53.210748","level":"info","event":"\u001b[0m17:48:53  9 of 23 START sql table model silver.loyalty_programs .......................... [RUN]","logger":"airflow.task.hooks.airflow.providers.standard.hooks.subprocess.SubprocessHook"}
{"timestamp":"2025-08-21T17:48:53.220952","level":"info","event":"\u001b[0m17:48:53  6 of 23 OK created sql table model silver.discount_rules_silver ................ [\u001b[32mSELECT 454\u001b[0m in 3.07s]","logger":"airflow.task.hooks.airflow.providers.standard.hooks.subprocess.SubprocessHook"}
{"timestamp":"2025-08-21T17:48:53.222455","level":"info","event":"\u001b[0m17:48:53  10 of 23 START sql table model silver.payments_silver .......................... [RUN]","logger":"airflow.task.hooks.airflow.providers.standard.hooks.subprocess.SubprocessHook"}
{"timestamp":"2025-08-21T17:48:53.438236","level":"info","event":"\u001b[0m17:48:53  8 of 23 OK created sql table model silver.inventory_silver ..................... [\u001b[32mSELECT 10000\u001b[0m in 3.21s]","logger":"airflow.task.hooks.airflow.providers.standard.hooks.subprocess.SubprocessHook"}
{"timestamp":"2025-08-21T17:48:53.440115","level":"info","event":"\u001b[0m17:48:53  11 of 23 START sql table model silver.pricing_history_silver ................... [RUN]","logger":"airflow.task.hooks.airflow.providers.standard.hooks.subprocess.SubprocessHook"}
{"timestamp":"2025-08-21T17:48:53.793170","level":"info","event":"\u001b[0m17:48:53  7 of 23 OK created sql table model silver.employees_silver ..................... [\u001b[32mSELECT 200\u001b[0m in 3.62s]","logger":"airflow.task.hooks.airflow.providers.standard.hooks.subprocess.SubprocessHook"}
{"timestamp":"2025-08-21T17:48:53.794481","level":"info","event":"\u001b[0m17:48:53  12 of 23 START sql table model silver.products_silver .......................... [RUN]","logger":"airflow.task.hooks.airflow.providers.standard.hooks.subprocess.SubprocessHook"}
{"timestamp":"2025-08-21T17:48:56.879162","level":"info","event":"\u001b[0m17:48:56  9 of 23 OK created sql table model silver.loyalty_programs ..................... [\u001b[32mSELECT 5\u001b[0m in 3.67s]","logger":"airflow.task.hooks.airflow.providers.standard.hooks.subprocess.SubprocessHook"}
{"timestamp":"2025-08-21T17:48:56.880480","level":"info","event":"\u001b[0m17:48:56  13 of 23 START sql table model silver.promotions_silver ........................ [RUN]","logger":"airflow.task.hooks.airflow.providers.standard.hooks.subprocess.SubprocessHook"}
{"timestamp":"2025-08-21T17:48:57.081628","level":"info","event":"\u001b[0m17:48:57  11 of 23 OK created sql table model silver.pricing_history_silver .............. [\u001b[32mSELECT 8160\u001b[0m in 3.64s]","logger":"airflow.task.hooks.airflow.providers.standard.hooks.subprocess.SubprocessHook"}
{"timestamp":"2025-08-21T17:48:57.083068","level":"info","event":"\u001b[0m17:48:57  14 of 23 START sql table model silver.purchase_orders_silver ................... [RUN]","logger":"airflow.task.hooks.airflow.providers.standard.hooks.subprocess.SubprocessHook"}
{"timestamp":"2025-08-21T17:48:57.296257","level":"info","event":"\u001b[0m17:48:57  10 of 23 OK created sql table model silver.payments_silver ..................... [\u001b[32mSELECT 50000\u001b[0m in 4.07s]","logger":"airflow.task.hooks.airflow.providers.standard.hooks.subprocess.SubprocessHook"}
{"timestamp":"2025-08-21T17:48:57.297188","level":"info","event":"\u001b[0m17:48:57  12 of 23 OK created sql table model silver.products_silver ..................... [\u001b[32mSELECT 400\u001b[0m in 3.50s]","logger":"airflow.task.hooks.airflow.providers.standard.hooks.subprocess.SubprocessHook"}
{"timestamp":"2025-08-21T17:48:57.299772","level":"info","event":"\u001b[0m17:48:57  15 of 23 START sql table model silver.returns_silver ........................... [RUN]","logger":"airflow.task.hooks.airflow.providers.standard.hooks.subprocess.SubprocessHook"}
{"timestamp":"2025-08-21T17:48:57.300303","level":"info","event":"\u001b[0m17:48:57  16 of 23 START sql table model silver.sales_items_silver ....................... [RUN]","logger":"airflow.task.hooks.airflow.providers.standard.hooks.subprocess.SubprocessHook"}
{"timestamp":"2025-08-21T17:49:01.948840","level":"info","event":"\u001b[0m17:49:01  14 of 23 OK created sql table model silver.purchase_orders_silver .............. [\u001b[32mSELECT 895\u001b[0m in 4.86s]","logger":"airflow.task.hooks.airflow.providers.standard.hooks.subprocess.SubprocessHook"}
{"timestamp":"2025-08-21T17:49:01.950192","level":"info","event":"\u001b[0m17:49:01  17 of 23 START sql table model silver.sales_transactions_silver ................ [RUN]","logger":"airflow.task.hooks.airflow.providers.standard.hooks.subprocess.SubprocessHook"}
{"timestamp":"2025-08-21T17:49:02.307735","level":"info","event":"\u001b[0m17:49:02  13 of 23 OK created sql table model silver.promotions_silver ................... [\u001b[32mSELECT 248\u001b[0m in 5.43s]","logger":"airflow.task.hooks.airflow.providers.standard.hooks.subprocess.SubprocessHook"}
{"timestamp":"2025-08-21T17:49:02.309115","level":"info","event":"\u001b[0m17:49:02  18 of 23 START sql table model silver.shipments_silver ......................... [RUN]","logger":"airflow.task.hooks.airflow.providers.standard.hooks.subprocess.SubprocessHook"}
{"timestamp":"2025-08-21T17:49:02.343903","level":"info","event":"\u001b[0m17:49:02  15 of 23 OK created sql table model silver.returns_silver ...................... [\u001b[32mSELECT 4500\u001b[0m in 5.04s]","logger":"airflow.task.hooks.airflow.providers.standard.hooks.subprocess.SubprocessHook"}
{"timestamp":"2025-08-21T17:49:02.345158","level":"info","event":"\u001b[0m17:49:02  19 of 23 START sql table model silver.stock_movements_silver ................... [RUN]","logger":"airflow.task.hooks.airflow.providers.standard.hooks.subprocess.SubprocessHook"}
{"timestamp":"2025-08-21T17:49:03.491820","level":"info","event":"\u001b[0m17:49:03  16 of 23 OK created sql table model silver.sales_items_silver .................. [\u001b[32mSELECT 91190\u001b[0m in 6.19s]","logger":"airflow.task.hooks.airflow.providers.standard.hooks.subprocess.SubprocessHook"}
{"timestamp":"2025-08-21T17:49:03.493124","level":"info","event":"\u001b[0m17:49:03  20 of 23 START sql table model silver.store_visits_silver ...................... [RUN]","logger":"airflow.task.hooks.airflow.providers.standard.hooks.subprocess.SubprocessHook"}
{"timestamp":"2025-08-21T17:49:05.466980","level":"info","event":"\u001b[0m17:49:05  18 of 23 OK created sql table model silver.shipments_silver .................... [\u001b[32mSELECT 400\u001b[0m in 3.16s]","logger":"airflow.task.hooks.airflow.providers.standard.hooks.subprocess.SubprocessHook"}
{"timestamp":"2025-08-21T17:49:05.468269","level":"info","event":"\u001b[0m17:49:05  21 of 23 START sql table model silver.stores_silver ............................ [RUN]","logger":"airflow.task.hooks.airflow.providers.standard.hooks.subprocess.SubprocessHook"}
{"timestamp":"2025-08-21T17:49:05.838675","level":"info","event":"\u001b[0m17:49:05  17 of 23 OK created sql table model silver.sales_transactions_silver ........... [\u001b[32mSELECT 39986\u001b[0m in 3.89s]","logger":"airflow.task.hooks.airflow.providers.standard.hooks.subprocess.SubprocessHook"}
{"timestamp":"2025-08-21T17:49:05.840415","level":"info","event":"\u001b[0m17:49:05  22 of 23 START sql table model silver.suppliers_silver ......................... [RUN]","logger":"airflow.task.hooks.airflow.providers.standard.hooks.subprocess.SubprocessHook"}
{"timestamp":"2025-08-21T17:49:06.128199","level":"info","event":"\u001b[0m17:49:06  19 of 23 OK created sql table model silver.stock_movements_silver .............. [\u001b[32mSELECT 8067\u001b[0m in 3.78s]","logger":"airflow.task.hooks.airflow.providers.standard.hooks.subprocess.SubprocessHook"}
{"timestamp":"2025-08-21T17:49:06.129613","level":"info","event":"\u001b[0m17:49:06  23 of 23 START sql table model silver.tax_rules_silver ......................... [RUN]","logger":"airflow.task.hooks.airflow.providers.standard.hooks.subprocess.SubprocessHook"}
{"timestamp":"2025-08-21T17:49:06.800972","level":"info","event":"\u001b[0m17:49:06  20 of 23 OK created sql table model silver.store_visits_silver ................. [\u001b[32mSELECT 8999\u001b[0m in 3.31s]","logger":"airflow.task.hooks.airflow.providers.standard.hooks.subprocess.SubprocessHook"}
{"timestamp":"2025-08-21T17:49:09.043370","level":"info","event":"\u001b[0m17:49:09  21 of 23 OK created sql table model silver.stores_silver ....................... [\u001b[32mSELECT 20\u001b[0m in 3.57s]","logger":"airflow.task.hooks.airflow.providers.standard.hooks.subprocess.SubprocessHook"}
{"timestamp":"2025-08-21T17:49:09.283355","level":"info","event":"\u001b[0m17:49:09  22 of 23 OK created sql table model silver.suppliers_silver .................... [\u001b[32mSELECT 10\u001b[0m in 3.44s]","logger":"airflow.task.hooks.airflow.providers.standard.hooks.subprocess.SubprocessHook"}
{"timestamp":"2025-08-21T17:49:11.031147","level":"info","event":"\u001b[0m17:49:11  23 of 23 OK created sql table model silver.tax_rules_silver .................... [\u001b[32mSELECT 387\u001b[0m in 3.55s]","logger":"airflow.task.hooks.airflow.providers.standard.hooks.subprocess.SubprocessHook"}
{"timestamp":"2025-08-21T17:49:14.120831","level":"info","event":"\u001b[0m17:49:14","logger":"airflow.task.hooks.airflow.providers.standard.hooks.subprocess.SubprocessHook"}
{"timestamp":"2025-08-21T17:49:14.121114","level":"info","event":"\u001b[0m17:49:14  Finished running 23 table models in 0 hours 0 minutes and 39.48 seconds (39.48s).","logger":"airflow.task.hooks.airflow.providers.standard.hooks.subprocess.SubprocessHook"}
{"timestamp":"2025-08-21T17:49:14.157494","level":"info","event":"\u001b[0m17:49:14","logger":"airflow.task.hooks.airflow.providers.standard.hooks.subprocess.SubprocessHook"}
{"timestamp":"2025-08-21T17:49:14.157773","level":"info","event":"\u001b[0m17:49:14  \u001b[32mCompleted successfully\u001b[0m","logger":"airflow.task.hooks.airflow.providers.standard.hooks.subprocess.SubprocessHook"}
{"timestamp":"2025-08-21T17:49:14.158148","level":"info","event":"\u001b[0m17:49:14","logger":"airflow.task.hooks.airflow.providers.standard.hooks.subprocess.SubprocessHook"}
{"timestamp":"2025-08-21T17:49:14.158565","level":"info","event":"\u001b[0m17:49:14  Done. PASS=23 WARN=0 ERROR=0 SKIP=0 NO-OP=0 TOTAL=23","logger":"airflow.task.hooks.airflow.providers.standard.hooks.subprocess.SubprocessHook"}
{"timestamp":"2025-08-21T17:49:15.371645","level":"info","event":"Command exited with return code 0","logger":"airflow.task.hooks.airflow.providers.standard.hooks.subprocess.SubprocessHook"}
{"timestamp":"2025-08-21T17:49:15.372250","level":"info","event":"Pushing xcom","ti":"RuntimeTaskInstance(id=UUID('0198cdbd-ae62-738c-89ee-50618dd1154d'), task_id='dbt_silver', dag_id='dbt_pipeline_invalid_staging_silver', run_id='manual__2025-08-21T17:46:56.975220+00:00', try_number=1, map_index=-1, hostname='975cbe71504f', context_carrier={}, task=<Task(BashOperator): dbt_silver>, bundle_instance=LocalDagBundle(name=dags-folder), max_tries=0, start_date=datetime.datetime(2025, 8, 21, 17, 48, 32, 112911, tzinfo=datetime.timezone.utc), end_date=None, state=<TaskInstanceState.RUNNING: 'running'>, is_mapped=False, rendered_map_index=None, log_url='http://localhost:8080/dags/dbt_pipeline_invalid_staging_silver/runs/manual__2025-08-21T17%3A46%3A56.975220%2B00%3A00/tasks/dbt_silver?try_number=1')","logger":"task"}
{"timestamp":"2025-08-21T17:49:15.395612","level":"warning","event":"/home/airflow/.local/lib/python3.12/site-packages/airflow/models/connection.py:471: DeprecationWarning: Using Connection.get_connection_from_secrets from `airflow.models` is deprecated.Please use `from airflow.sdk import Connection` instead\n  warnings.warn(\n","logger":"py.warnings"}
{"timestamp":"2025-08-21T17:49:15.399562","level":"info","event":"Connection Retrieved 'ms_teams_webhook'","logger":"airflow.hooks.base"}
{"timestamp":"2025-08-21T17:49:17.014618Z","level":"info","event":"Task instance in success state","chan":"stdout","logger":"task"}
{"timestamp":"2025-08-21T17:49:17.014745Z","level":"info","event":" Previous state of the Task instance: TaskInstanceState.RUNNING","chan":"stdout","logger":"task"}
{"timestamp":"2025-08-21T17:49:17.015591Z","level":"info","event":"Task operator:<Task(BashOperator): dbt_silver>","chan":"stdout","logger":"task"}
