{"timestamp":"2025-08-21T12:29:13.671248","level":"info","event":"DAG bundles loaded: dags-folder, example_dags","logger":"airflow.dag_processing.bundles.manager.DagBundlesManager"}
{"timestamp":"2025-08-21T12:29:13.671660","level":"info","event":"Filling up the DagBag from /opt/airflow/dags/dbt_process_data.py","logger":"airflow.models.dagbag.DagBag"}
{"timestamp":"2025-08-21T12:29:13.700037Z","level":"info","event":"Task instance is in running state","chan":"stdout","logger":"task"}
{"timestamp":"2025-08-21T12:29:13.700175Z","level":"info","event":" Previous state of the Task instance: TaskInstanceState.QUEUED","chan":"stdout","logger":"task"}
{"timestamp":"2025-08-21T12:29:13.700945Z","level":"info","event":"Current task name:dbt_silver","chan":"stdout","logger":"task"}
{"timestamp":"2025-08-21T12:29:13.701023Z","level":"info","event":"Dag name:dbt_pipeline_invalid_staging_silver","chan":"stdout","logger":"task"}
{"timestamp":"2025-08-21T12:29:13.701421","level":"info","event":"Tmp dir root location: /tmp","logger":"airflow.task.hooks.airflow.providers.standard.hooks.subprocess.SubprocessHook"}
{"timestamp":"2025-08-21T12:29:13.702640","level":"info","event":"Running command: ['/usr/bin/bash', '-c', 'cd /opt/airflow/dbt && dbt run --select path:models/silver --full-refresh --profiles-dir /home/airflow/.dbt']","logger":"airflow.task.hooks.airflow.providers.standard.hooks.subprocess.SubprocessHook"}
{"timestamp":"2025-08-21T12:29:13.716773","level":"info","event":"Output:","logger":"airflow.task.hooks.airflow.providers.standard.hooks.subprocess.SubprocessHook"}
{"timestamp":"2025-08-21T12:29:15.554303","level":"info","event":"\u001b[0m12:29:15  Running with dbt=1.10.9","logger":"airflow.task.hooks.airflow.providers.standard.hooks.subprocess.SubprocessHook"}
{"timestamp":"2025-08-21T12:29:15.747560","level":"info","event":"\u001b[0m12:29:15  Registered adapter: postgres=1.9.0","logger":"airflow.task.hooks.airflow.providers.standard.hooks.subprocess.SubprocessHook"}
{"timestamp":"2025-08-21T12:29:16.057404","level":"info","event":"\u001b[0m12:29:16  Found 65 models, 23 sources, 435 macros","logger":"airflow.task.hooks.airflow.providers.standard.hooks.subprocess.SubprocessHook"}
{"timestamp":"2025-08-21T12:29:16.061052","level":"info","event":"\u001b[0m12:29:16","logger":"airflow.task.hooks.airflow.providers.standard.hooks.subprocess.SubprocessHook"}
{"timestamp":"2025-08-21T12:29:16.061385","level":"info","event":"\u001b[0m12:29:16  Concurrency: 4 threads (target='dev')","logger":"airflow.task.hooks.airflow.providers.standard.hooks.subprocess.SubprocessHook"}
{"timestamp":"2025-08-21T12:29:16.061674","level":"info","event":"\u001b[0m12:29:16","logger":"airflow.task.hooks.airflow.providers.standard.hooks.subprocess.SubprocessHook"}
{"timestamp":"2025-08-21T12:29:40.751061","level":"info","event":"\u001b[0m12:29:40  1 of 23 START sql table model silver.brands_silver ............................. [RUN]","logger":"airflow.task.hooks.airflow.providers.standard.hooks.subprocess.SubprocessHook"}
{"timestamp":"2025-08-21T12:29:40.752271","level":"info","event":"\u001b[0m12:29:40  2 of 23 START sql table model silver.campaigns_silver .......................... [RUN]","logger":"airflow.task.hooks.airflow.providers.standard.hooks.subprocess.SubprocessHook"}
{"timestamp":"2025-08-21T12:29:40.752835","level":"info","event":"\u001b[0m12:29:40  3 of 23 START sql table model silver.categories_silver ......................... [RUN]","logger":"airflow.task.hooks.airflow.providers.standard.hooks.subprocess.SubprocessHook"}
{"timestamp":"2025-08-21T12:29:40.753303","level":"info","event":"\u001b[0m12:29:40  4 of 23 START sql table model silver.customer_feedback_silver .................. [RUN]","logger":"airflow.task.hooks.airflow.providers.standard.hooks.subprocess.SubprocessHook"}
{"timestamp":"2025-08-21T12:29:45.246585","level":"info","event":"\u001b[0m12:29:45  4 of 23 OK created sql table model silver.customer_feedback_silver ............. [\u001b[32mSELECT 3786\u001b[0m in 4.49s]","logger":"airflow.task.hooks.airflow.providers.standard.hooks.subprocess.SubprocessHook"}
{"timestamp":"2025-08-21T12:29:45.248005","level":"info","event":"\u001b[0m12:29:45  5 of 23 START sql table model silver.customers_silver .......................... [RUN]","logger":"airflow.task.hooks.airflow.providers.standard.hooks.subprocess.SubprocessHook"}
{"timestamp":"2025-08-21T12:29:45.442154","level":"info","event":"\u001b[0m12:29:45  2 of 23 OK created sql table model silver.campaigns_silver ..................... [\u001b[32mSELECT 500\u001b[0m in 4.69s]","logger":"airflow.task.hooks.airflow.providers.standard.hooks.subprocess.SubprocessHook"}
{"timestamp":"2025-08-21T12:29:45.443716","level":"info","event":"\u001b[0m12:29:45  6 of 23 START sql table model silver.discount_rules_silver ..................... [RUN]","logger":"airflow.task.hooks.airflow.providers.standard.hooks.subprocess.SubprocessHook"}
{"timestamp":"2025-08-21T12:29:45.743688","level":"info","event":"\u001b[0m12:29:45  1 of 23 OK created sql table model silver.brands_silver ........................ [\u001b[32mSELECT 10\u001b[0m in 4.99s]","logger":"airflow.task.hooks.airflow.providers.standard.hooks.subprocess.SubprocessHook"}
{"timestamp":"2025-08-21T12:29:45.745049","level":"info","event":"\u001b[0m12:29:45  7 of 23 START sql table model silver.employees_silver .......................... [RUN]","logger":"airflow.task.hooks.airflow.providers.standard.hooks.subprocess.SubprocessHook"}
{"timestamp":"2025-08-21T12:29:48.680083","level":"info","event":"\u001b[0m12:29:48  3 of 23 OK created sql table model silver.categories_silver .................... [\u001b[32mSELECT 10\u001b[0m in 7.92s]","logger":"airflow.task.hooks.airflow.providers.standard.hooks.subprocess.SubprocessHook"}
{"timestamp":"2025-08-21T12:29:48.681465","level":"info","event":"\u001b[0m12:29:48  8 of 23 START sql table model silver.inventory_silver .......................... [RUN]","logger":"airflow.task.hooks.airflow.providers.standard.hooks.subprocess.SubprocessHook"}
{"timestamp":"2025-08-21T12:29:49.205690","level":"info","event":"\u001b[0m12:29:49  5 of 23 OK created sql table model silver.customers_silver ..................... [\u001b[32mSELECT 902\u001b[0m in 3.96s]","logger":"airflow.task.hooks.airflow.providers.standard.hooks.subprocess.SubprocessHook"}
{"timestamp":"2025-08-21T12:29:49.206986","level":"info","event":"\u001b[0m12:29:49  9 of 23 START sql table model silver.loyalty_programs .......................... [RUN]","logger":"airflow.task.hooks.airflow.providers.standard.hooks.subprocess.SubprocessHook"}
{"timestamp":"2025-08-21T12:29:50.579867","level":"info","event":"\u001b[0m12:29:50  7 of 23 OK created sql table model silver.employees_silver ..................... [\u001b[32mSELECT 200\u001b[0m in 4.83s]","logger":"airflow.task.hooks.airflow.providers.standard.hooks.subprocess.SubprocessHook"}
{"timestamp":"2025-08-21T12:29:50.581433","level":"info","event":"\u001b[0m12:29:50  10 of 23 START sql table model silver.payments_silver .......................... [RUN]","logger":"airflow.task.hooks.airflow.providers.standard.hooks.subprocess.SubprocessHook"}
{"timestamp":"2025-08-21T12:29:52.395526","level":"info","event":"\u001b[0m12:29:52  6 of 23 OK created sql table model silver.discount_rules_silver ................ [\u001b[32mSELECT 454\u001b[0m in 6.95s]","logger":"airflow.task.hooks.airflow.providers.standard.hooks.subprocess.SubprocessHook"}
{"timestamp":"2025-08-21T12:29:52.397027","level":"info","event":"\u001b[0m12:29:52  11 of 23 START sql table model silver.pricing_history_silver ................... [RUN]","logger":"airflow.task.hooks.airflow.providers.standard.hooks.subprocess.SubprocessHook"}
{"timestamp":"2025-08-21T12:29:54.186900","level":"info","event":"\u001b[0m12:29:54  8 of 23 OK created sql table model silver.inventory_silver ..................... [\u001b[32mSELECT 10000\u001b[0m in 5.50s]","logger":"airflow.task.hooks.airflow.providers.standard.hooks.subprocess.SubprocessHook"}
{"timestamp":"2025-08-21T12:29:54.188446","level":"info","event":"\u001b[0m12:29:54  12 of 23 START sql table model silver.products_silver .......................... [RUN]","logger":"airflow.task.hooks.airflow.providers.standard.hooks.subprocess.SubprocessHook"}
{"timestamp":"2025-08-21T12:29:55.588605","level":"info","event":"\u001b[0m12:29:55  9 of 23 OK created sql table model silver.loyalty_programs ..................... [\u001b[32mSELECT 5\u001b[0m in 6.38s]","logger":"airflow.task.hooks.airflow.providers.standard.hooks.subprocess.SubprocessHook"}
{"timestamp":"2025-08-21T12:29:55.589954","level":"info","event":"\u001b[0m12:29:55  13 of 23 START sql table model silver.promotions_silver ........................ [RUN]","logger":"airflow.task.hooks.airflow.providers.standard.hooks.subprocess.SubprocessHook"}
{"timestamp":"2025-08-21T12:29:57.172103","level":"info","event":"\u001b[0m12:29:57  10 of 23 OK created sql table model silver.payments_silver ..................... [\u001b[32mSELECT 50000\u001b[0m in 6.59s]","logger":"airflow.task.hooks.airflow.providers.standard.hooks.subprocess.SubprocessHook"}
{"timestamp":"2025-08-21T12:29:57.174040","level":"info","event":"\u001b[0m12:29:57  14 of 23 START sql table model silver.purchase_orders_silver ................... [RUN]","logger":"airflow.task.hooks.airflow.providers.standard.hooks.subprocess.SubprocessHook"}
{"timestamp":"2025-08-21T12:29:57.419732","level":"info","event":"\u001b[0m12:29:57  12 of 23 OK created sql table model silver.products_silver ..................... [\u001b[32mSELECT 400\u001b[0m in 3.23s]","logger":"airflow.task.hooks.airflow.providers.standard.hooks.subprocess.SubprocessHook"}
{"timestamp":"2025-08-21T12:29:57.421045","level":"info","event":"\u001b[0m12:29:57  15 of 23 START sql table model silver.returns_silver ........................... [RUN]","logger":"airflow.task.hooks.airflow.providers.standard.hooks.subprocess.SubprocessHook"}
{"timestamp":"2025-08-21T12:30:00.862104","level":"info","event":"\u001b[0m12:30:00  11 of 23 OK created sql table model silver.pricing_history_silver .............. [\u001b[32mSELECT 8160\u001b[0m in 8.46s]","logger":"airflow.task.hooks.airflow.providers.standard.hooks.subprocess.SubprocessHook"}
{"timestamp":"2025-08-21T12:30:00.863337","level":"info","event":"\u001b[0m12:30:00  16 of 23 START sql table model silver.sales_items_silver ....................... [RUN]","logger":"airflow.task.hooks.airflow.providers.standard.hooks.subprocess.SubprocessHook"}
{"timestamp":"2025-08-21T12:30:01.020600","level":"info","event":"\u001b[0m12:30:01  13 of 23 OK created sql table model silver.promotions_silver ................... [\u001b[32mSELECT 248\u001b[0m in 5.43s]","logger":"airflow.task.hooks.airflow.providers.standard.hooks.subprocess.SubprocessHook"}
{"timestamp":"2025-08-21T12:30:01.021934","level":"info","event":"\u001b[0m12:30:01  17 of 23 START sql table model silver.sales_transactions_silver ................ [RUN]","logger":"airflow.task.hooks.airflow.providers.standard.hooks.subprocess.SubprocessHook"}
{"timestamp":"2025-08-21T12:30:02.928212","level":"info","event":"\u001b[0m12:30:02  15 of 23 OK created sql table model silver.returns_silver ...................... [\u001b[32mSELECT 4500\u001b[0m in 5.51s]","logger":"airflow.task.hooks.airflow.providers.standard.hooks.subprocess.SubprocessHook"}
{"timestamp":"2025-08-21T12:30:02.930394","level":"info","event":"\u001b[0m12:30:02  18 of 23 START sql table model silver.shipments_silver ......................... [RUN]","logger":"airflow.task.hooks.airflow.providers.standard.hooks.subprocess.SubprocessHook"}
{"timestamp":"2025-08-21T12:30:03.654210","level":"info","event":"\u001b[0m12:30:03  14 of 23 OK created sql table model silver.purchase_orders_silver .............. [\u001b[32mSELECT 895\u001b[0m in 6.48s]","logger":"airflow.task.hooks.airflow.providers.standard.hooks.subprocess.SubprocessHook"}
{"timestamp":"2025-08-21T12:30:03.655580","level":"info","event":"\u001b[0m12:30:03  19 of 23 START sql table model silver.stock_movements_silver ................... [RUN]","logger":"airflow.task.hooks.airflow.providers.standard.hooks.subprocess.SubprocessHook"}
{"timestamp":"2025-08-21T12:30:05.740446","level":"info","event":"\u001b[0m12:30:05  16 of 23 OK created sql table model silver.sales_items_silver .................. [\u001b[32mSELECT 91190\u001b[0m in 4.88s]","logger":"airflow.task.hooks.airflow.providers.standard.hooks.subprocess.SubprocessHook"}
{"timestamp":"2025-08-21T12:30:05.741730","level":"info","event":"\u001b[0m12:30:05  20 of 23 START sql table model silver.store_visits_silver ...................... [RUN]","logger":"airflow.task.hooks.airflow.providers.standard.hooks.subprocess.SubprocessHook"}
{"timestamp":"2025-08-21T12:30:09.484917","level":"info","event":"\u001b[0m12:30:09  18 of 23 OK created sql table model silver.shipments_silver .................... [\u001b[32mSELECT 400\u001b[0m in 6.55s]","logger":"airflow.task.hooks.airflow.providers.standard.hooks.subprocess.SubprocessHook"}
{"timestamp":"2025-08-21T12:30:09.487023","level":"info","event":"\u001b[0m12:30:09  21 of 23 START sql table model silver.stores_silver ............................ [RUN]","logger":"airflow.task.hooks.airflow.providers.standard.hooks.subprocess.SubprocessHook"}
{"timestamp":"2025-08-21T12:30:10.611497","level":"info","event":"\u001b[0m12:30:10  19 of 23 OK created sql table model silver.stock_movements_silver .............. [\u001b[32mSELECT 8067\u001b[0m in 6.95s]","logger":"airflow.task.hooks.airflow.providers.standard.hooks.subprocess.SubprocessHook"}
{"timestamp":"2025-08-21T12:30:10.613130","level":"info","event":"\u001b[0m12:30:10  22 of 23 START sql table model silver.suppliers_silver ......................... [RUN]","logger":"airflow.task.hooks.airflow.providers.standard.hooks.subprocess.SubprocessHook"}
{"timestamp":"2025-08-21T12:30:11.209518","level":"info","event":"\u001b[0m12:30:11  20 of 23 OK created sql table model silver.store_visits_silver ................. [\u001b[32mSELECT 8999\u001b[0m in 5.47s]","logger":"airflow.task.hooks.airflow.providers.standard.hooks.subprocess.SubprocessHook"}
{"timestamp":"2025-08-21T12:30:11.210811","level":"info","event":"\u001b[0m12:30:11  23 of 23 START sql table model silver.tax_rules_silver ......................... [RUN]","logger":"airflow.task.hooks.airflow.providers.standard.hooks.subprocess.SubprocessHook"}
{"timestamp":"2025-08-21T12:30:13.299407","level":"info","event":"\u001b[0m12:30:13  17 of 23 OK created sql table model silver.sales_transactions_silver ........... [\u001b[32mSELECT 39986\u001b[0m in 12.28s]","logger":"airflow.task.hooks.airflow.providers.standard.hooks.subprocess.SubprocessHook"}
{"timestamp":"2025-08-21T12:30:17.349795","level":"info","event":"\u001b[0m12:30:17  22 of 23 OK created sql table model silver.suppliers_silver .................... [\u001b[32mSELECT 10\u001b[0m in 6.74s]","logger":"airflow.task.hooks.airflow.providers.standard.hooks.subprocess.SubprocessHook"}
{"timestamp":"2025-08-21T12:30:20.264805","level":"info","event":"\u001b[0m12:30:20  21 of 23 OK created sql table model silver.stores_silver ....................... [\u001b[32mSELECT 20\u001b[0m in 10.78s]","logger":"airflow.task.hooks.airflow.providers.standard.hooks.subprocess.SubprocessHook"}
{"timestamp":"2025-08-21T12:30:44.478065","level":"info","event":"\u001b[0m12:30:44  23 of 23 OK created sql table model silver.tax_rules_silver .................... [\u001b[32mSELECT 387\u001b[0m in 31.47s]","logger":"airflow.task.hooks.airflow.providers.standard.hooks.subprocess.SubprocessHook"}
{"timestamp":"2025-08-21T12:30:48.379709","level":"info","event":"\u001b[0m12:30:48","logger":"airflow.task.hooks.airflow.providers.standard.hooks.subprocess.SubprocessHook"}
{"timestamp":"2025-08-21T12:30:48.379987","level":"info","event":"\u001b[0m12:30:48  Finished running 23 table models in 0 hours 1 minutes and 32.32 seconds (92.32s).","logger":"airflow.task.hooks.airflow.providers.standard.hooks.subprocess.SubprocessHook"}
{"timestamp":"2025-08-21T12:30:48.431802","level":"info","event":"\u001b[0m12:30:48","logger":"airflow.task.hooks.airflow.providers.standard.hooks.subprocess.SubprocessHook"}
{"timestamp":"2025-08-21T12:30:48.432063","level":"info","event":"\u001b[0m12:30:48  \u001b[32mCompleted successfully\u001b[0m","logger":"airflow.task.hooks.airflow.providers.standard.hooks.subprocess.SubprocessHook"}
{"timestamp":"2025-08-21T12:30:48.432480","level":"info","event":"\u001b[0m12:30:48","logger":"airflow.task.hooks.airflow.providers.standard.hooks.subprocess.SubprocessHook"}
{"timestamp":"2025-08-21T12:30:48.432971","level":"info","event":"\u001b[0m12:30:48  Done. PASS=23 WARN=0 ERROR=0 SKIP=0 NO-OP=0 TOTAL=23","logger":"airflow.task.hooks.airflow.providers.standard.hooks.subprocess.SubprocessHook"}
{"timestamp":"2025-08-21T12:30:49.936036","level":"info","event":"Command exited with return code 0","logger":"airflow.task.hooks.airflow.providers.standard.hooks.subprocess.SubprocessHook"}
{"timestamp":"2025-08-21T12:30:49.936778","level":"info","event":"Pushing xcom","ti":"RuntimeTaskInstance(id=UUID('0198cc98-f19a-766a-9378-279a4afd0b80'), task_id='dbt_silver', dag_id='dbt_pipeline_invalid_staging_silver', run_id='manual__2025-08-21T12:27:12.137790+00:00', try_number=1, map_index=-1, hostname='398c7f86e06f', context_carrier={}, task=<Task(BashOperator): dbt_silver>, bundle_instance=LocalDagBundle(name=dags-folder), max_tries=0, start_date=datetime.datetime(2025, 8, 21, 12, 29, 13, 321586, tzinfo=datetime.timezone.utc), end_date=None, state=<TaskInstanceState.RUNNING: 'running'>, is_mapped=False, rendered_map_index=None, log_url='http://localhost:8080/dags/dbt_pipeline_invalid_staging_silver/runs/manual__2025-08-21T12%3A27%3A12.137790%2B00%3A00/tasks/dbt_silver?try_number=1')","logger":"task"}
{"timestamp":"2025-08-21T12:30:49.966256","level":"warning","event":"/home/airflow/.local/lib/python3.12/site-packages/airflow/models/connection.py:471: DeprecationWarning: Using Connection.get_connection_from_secrets from `airflow.models` is deprecated.Please use `from airflow.sdk import Connection` instead\n  warnings.warn(\n","logger":"py.warnings"}
{"timestamp":"2025-08-21T12:30:49.971994","level":"info","event":"Connection Retrieved 'ms_teams_webhook'","logger":"airflow.hooks.base"}
{"timestamp":"2025-08-21T12:30:51.879370Z","level":"info","event":"Task instance in success state","chan":"stdout","logger":"task"}
{"timestamp":"2025-08-21T12:30:51.879512Z","level":"info","event":" Previous state of the Task instance: TaskInstanceState.RUNNING","chan":"stdout","logger":"task"}
{"timestamp":"2025-08-21T12:30:51.880494Z","level":"info","event":"Task operator:<Task(BashOperator): dbt_silver>","chan":"stdout","logger":"task"}
