{"timestamp":"2025-08-26T15:21:16.820737","level":"info","event":"DAG bundles loaded: dags-folder, example_dags","logger":"airflow.dag_processing.bundles.manager.DagBundlesManager"}
{"timestamp":"2025-08-26T15:21:16.821133","level":"info","event":"Filling up the DagBag from /opt/airflow/dags/dbt_process_data.py","logger":"airflow.models.dagbag.DagBag"}
{"timestamp":"2025-08-26T15:21:16.879206Z","level":"info","event":"Task instance is in running state","chan":"stdout","logger":"task"}
{"timestamp":"2025-08-26T15:21:16.879347Z","level":"info","event":" Previous state of the Task instance: TaskInstanceState.QUEUED","chan":"stdout","logger":"task"}
{"timestamp":"2025-08-26T15:21:16.879988Z","level":"info","event":"Current task name:dbt_staging","chan":"stdout","logger":"task"}
{"timestamp":"2025-08-26T15:21:16.880061Z","level":"info","event":"Dag name:dbt_pipeline_invalid_staging_silver","chan":"stdout","logger":"task"}
{"timestamp":"2025-08-26T15:21:16.880389","level":"info","event":"Tmp dir root location: /tmp","logger":"airflow.task.hooks.airflow.providers.standard.hooks.subprocess.SubprocessHook"}
{"timestamp":"2025-08-26T15:21:16.881545","level":"info","event":"Running command: ['/usr/bin/bash', '-c', 'cd /opt/airflow/dbt && dbt run --select path:models/staging --full-refresh --profiles-dir /home/airflow/.dbt']","logger":"airflow.task.hooks.airflow.providers.standard.hooks.subprocess.SubprocessHook"}
{"timestamp":"2025-08-26T15:21:16.895029","level":"info","event":"Output:","logger":"airflow.task.hooks.airflow.providers.standard.hooks.subprocess.SubprocessHook"}
{"timestamp":"2025-08-26T15:21:18.745729","level":"info","event":"\u001b[0m15:21:18  Running with dbt=1.10.9","logger":"airflow.task.hooks.airflow.providers.standard.hooks.subprocess.SubprocessHook"}
{"timestamp":"2025-08-26T15:21:18.989490","level":"info","event":"\u001b[0m15:21:18  Registered adapter: postgres=1.9.0","logger":"airflow.task.hooks.airflow.providers.standard.hooks.subprocess.SubprocessHook"}
{"timestamp":"2025-08-26T15:21:19.211570","level":"info","event":"\u001b[0m15:21:19  Unable to do partial parsing because profile has changed","logger":"airflow.task.hooks.airflow.providers.standard.hooks.subprocess.SubprocessHook"}
{"timestamp":"2025-08-26T15:21:21.903260","level":"info","event":"\u001b[0m15:21:21  Found 88 models, 9 snapshots, 376 data tests, 23 sources, 816 macros","logger":"airflow.task.hooks.airflow.providers.standard.hooks.subprocess.SubprocessHook"}
{"timestamp":"2025-08-26T15:21:21.915159","level":"info","event":"\u001b[0m15:21:21","logger":"airflow.task.hooks.airflow.providers.standard.hooks.subprocess.SubprocessHook"}
{"timestamp":"2025-08-26T15:21:21.915495","level":"info","event":"\u001b[0m15:21:21  Concurrency: 4 threads (target='dev')","logger":"airflow.task.hooks.airflow.providers.standard.hooks.subprocess.SubprocessHook"}
{"timestamp":"2025-08-26T15:21:21.915768","level":"info","event":"\u001b[0m15:21:21","logger":"airflow.task.hooks.airflow.providers.standard.hooks.subprocess.SubprocessHook"}
{"timestamp":"2025-08-26T15:21:39.346338","level":"info","event":"\u001b[0m15:21:39  1 of 23 START sql view model silver_staging.stg_brands ......................... [RUN]","logger":"airflow.task.hooks.airflow.providers.standard.hooks.subprocess.SubprocessHook"}
{"timestamp":"2025-08-26T15:21:39.347950","level":"info","event":"\u001b[0m15:21:39  2 of 23 START sql view model silver_staging.stg_campaigns ...................... [RUN]","logger":"airflow.task.hooks.airflow.providers.standard.hooks.subprocess.SubprocessHook"}
{"timestamp":"2025-08-26T15:21:39.348594","level":"info","event":"\u001b[0m15:21:39  3 of 23 START sql view model silver_staging.stg_categories ..................... [RUN]","logger":"airflow.task.hooks.airflow.providers.standard.hooks.subprocess.SubprocessHook"}
{"timestamp":"2025-08-26T15:21:39.349255","level":"info","event":"\u001b[0m15:21:39  4 of 23 START sql view model silver_staging.stg_customer_feedback .............. [RUN]","logger":"airflow.task.hooks.airflow.providers.standard.hooks.subprocess.SubprocessHook"}
{"timestamp":"2025-08-26T15:21:42.578213","level":"info","event":"\u001b[0m15:21:42  2 of 23 ERROR creating sql view model silver_staging.stg_campaigns ............. [\u001b[31mERROR\u001b[0m in 3.22s]","logger":"airflow.task.hooks.airflow.providers.standard.hooks.subprocess.SubprocessHook"}
{"timestamp":"2025-08-26T15:21:42.579378","level":"info","event":"\u001b[0m15:21:42  4 of 23 ERROR creating sql view model silver_staging.stg_customer_feedback ..... [\u001b[31mERROR\u001b[0m in 3.23s]","logger":"airflow.task.hooks.airflow.providers.standard.hooks.subprocess.SubprocessHook"}
{"timestamp":"2025-08-26T15:21:42.582805","level":"info","event":"\u001b[0m15:21:42  5 of 23 START sql view model silver_staging.stg_customers ...................... [RUN]","logger":"airflow.task.hooks.airflow.providers.standard.hooks.subprocess.SubprocessHook"}
{"timestamp":"2025-08-26T15:21:42.584335","level":"info","event":"\u001b[0m15:21:42  6 of 23 START sql view model silver_staging.stg_discount_rules ................. [RUN]","logger":"airflow.task.hooks.airflow.providers.standard.hooks.subprocess.SubprocessHook"}
{"timestamp":"2025-08-26T15:21:43.018324","level":"info","event":"\u001b[0m15:21:43  3 of 23 ERROR creating sql view model silver_staging.stg_categories ............ [\u001b[31mERROR\u001b[0m in 3.67s]","logger":"airflow.task.hooks.airflow.providers.standard.hooks.subprocess.SubprocessHook"}
{"timestamp":"2025-08-26T15:21:43.020274","level":"info","event":"\u001b[0m15:21:43  7 of 23 START sql view model silver_staging.stg_employees ...................... [RUN]","logger":"airflow.task.hooks.airflow.providers.standard.hooks.subprocess.SubprocessHook"}
{"timestamp":"2025-08-26T15:21:43.524539","level":"info","event":"\u001b[0m15:21:43  1 of 23 ERROR creating sql view model silver_staging.stg_brands ................ [\u001b[31mERROR\u001b[0m in 4.17s]","logger":"airflow.task.hooks.airflow.providers.standard.hooks.subprocess.SubprocessHook"}
{"timestamp":"2025-08-26T15:21:43.526332","level":"info","event":"\u001b[0m15:21:43  8 of 23 START sql view model silver_staging.stg_inventory ...................... [RUN]","logger":"airflow.task.hooks.airflow.providers.standard.hooks.subprocess.SubprocessHook"}
{"timestamp":"2025-08-26T15:21:45.872199","level":"info","event":"\u001b[0m15:21:45  5 of 23 ERROR creating sql view model silver_staging.stg_customers ............. [\u001b[31mERROR\u001b[0m in 3.29s]","logger":"airflow.task.hooks.airflow.providers.standard.hooks.subprocess.SubprocessHook"}
{"timestamp":"2025-08-26T15:21:45.873599","level":"info","event":"\u001b[0m15:21:45  9 of 23 START sql view model silver_staging.stg_loyalty_programs ............... [RUN]","logger":"airflow.task.hooks.airflow.providers.standard.hooks.subprocess.SubprocessHook"}
{"timestamp":"2025-08-26T15:21:46.152098","level":"info","event":"\u001b[0m15:21:46  6 of 23 ERROR creating sql view model silver_staging.stg_discount_rules ........ [\u001b[31mERROR\u001b[0m in 3.57s]","logger":"airflow.task.hooks.airflow.providers.standard.hooks.subprocess.SubprocessHook"}
{"timestamp":"2025-08-26T15:21:46.154258","level":"info","event":"\u001b[0m15:21:46  10 of 23 START sql view model silver_staging.stg_payments ...................... [RUN]","logger":"airflow.task.hooks.airflow.providers.standard.hooks.subprocess.SubprocessHook"}
{"timestamp":"2025-08-26T15:21:46.168237","level":"info","event":"\u001b[0m15:21:46  7 of 23 ERROR creating sql view model silver_staging.stg_employees ............. [\u001b[31mERROR\u001b[0m in 3.15s]","logger":"airflow.task.hooks.airflow.providers.standard.hooks.subprocess.SubprocessHook"}
{"timestamp":"2025-08-26T15:21:46.170189","level":"info","event":"\u001b[0m15:21:46  11 of 23 START sql view model silver_staging.stg_pricing_history ............... [RUN]","logger":"airflow.task.hooks.airflow.providers.standard.hooks.subprocess.SubprocessHook"}
{"timestamp":"2025-08-26T15:21:49.276120","level":"info","event":"\u001b[0m15:21:49  9 of 23 ERROR creating sql view model silver_staging.stg_loyalty_programs ...... [\u001b[31mERROR\u001b[0m in 3.40s]","logger":"airflow.task.hooks.airflow.providers.standard.hooks.subprocess.SubprocessHook"}
{"timestamp":"2025-08-26T15:21:49.277869","level":"info","event":"\u001b[0m15:21:49  12 of 23 START sql view model silver_staging.stg_products ...................... [RUN]","logger":"airflow.task.hooks.airflow.providers.standard.hooks.subprocess.SubprocessHook"}
{"timestamp":"2025-08-26T15:21:49.563364","level":"info","event":"\u001b[0m15:21:49  8 of 23 ERROR creating sql view model silver_staging.stg_inventory ............. [\u001b[31mERROR\u001b[0m in 6.04s]","logger":"airflow.task.hooks.airflow.providers.standard.hooks.subprocess.SubprocessHook"}
{"timestamp":"2025-08-26T15:21:49.565188","level":"info","event":"\u001b[0m15:21:49  13 of 23 START sql view model silver_staging.stg_promotions .................... [RUN]","logger":"airflow.task.hooks.airflow.providers.standard.hooks.subprocess.SubprocessHook"}
{"timestamp":"2025-08-26T15:21:49.742285","level":"info","event":"\u001b[0m15:21:49  11 of 23 ERROR creating sql view model silver_staging.stg_pricing_history ...... [\u001b[31mERROR\u001b[0m in 3.57s]","logger":"airflow.task.hooks.airflow.providers.standard.hooks.subprocess.SubprocessHook"}
{"timestamp":"2025-08-26T15:21:49.744157","level":"info","event":"\u001b[0m15:21:49  14 of 23 START sql view model silver_staging.stg_purchase_orders ............... [RUN]","logger":"airflow.task.hooks.airflow.providers.standard.hooks.subprocess.SubprocessHook"}
{"timestamp":"2025-08-26T15:21:51.117042","level":"info","event":"\u001b[0m15:21:51  10 of 23 ERROR creating sql view model silver_staging.stg_payments ............. [\u001b[31mERROR\u001b[0m in 4.96s]","logger":"airflow.task.hooks.airflow.providers.standard.hooks.subprocess.SubprocessHook"}
{"timestamp":"2025-08-26T15:21:51.118892","level":"info","event":"\u001b[0m15:21:51  15 of 23 START sql view model silver_staging.stg_returns ....................... [RUN]","logger":"airflow.task.hooks.airflow.providers.standard.hooks.subprocess.SubprocessHook"}
{"timestamp":"2025-08-26T15:21:52.787842","level":"info","event":"\u001b[0m15:21:52  14 of 23 ERROR creating sql view model silver_staging.stg_purchase_orders ...... [\u001b[31mERROR\u001b[0m in 3.04s]","logger":"airflow.task.hooks.airflow.providers.standard.hooks.subprocess.SubprocessHook"}
{"timestamp":"2025-08-26T15:21:52.789969","level":"info","event":"\u001b[0m15:21:52  16 of 23 START sql view model silver_staging.stg_sales_items ................... [RUN]","logger":"airflow.task.hooks.airflow.providers.standard.hooks.subprocess.SubprocessHook"}
{"timestamp":"2025-08-26T15:21:52.802453","level":"info","event":"\u001b[0m15:21:52  13 of 23 ERROR creating sql view model silver_staging.stg_promotions ........... [\u001b[31mERROR\u001b[0m in 3.24s]","logger":"airflow.task.hooks.airflow.providers.standard.hooks.subprocess.SubprocessHook"}
{"timestamp":"2025-08-26T15:21:52.804621","level":"info","event":"\u001b[0m15:21:52  17 of 23 START sql view model silver_staging.stg_sales_transactions ............ [RUN]","logger":"airflow.task.hooks.airflow.providers.standard.hooks.subprocess.SubprocessHook"}
{"timestamp":"2025-08-26T15:21:54.388334","level":"info","event":"\u001b[0m15:21:54  12 of 23 ERROR creating sql view model silver_staging.stg_products ............. [\u001b[31mERROR\u001b[0m in 5.11s]","logger":"airflow.task.hooks.airflow.providers.standard.hooks.subprocess.SubprocessHook"}
{"timestamp":"2025-08-26T15:21:54.390565","level":"info","event":"\u001b[0m15:21:54  18 of 23 START sql view model silver_staging.stg_shipments ..................... [RUN]","logger":"airflow.task.hooks.airflow.providers.standard.hooks.subprocess.SubprocessHook"}
{"timestamp":"2025-08-26T15:21:55.047791","level":"info","event":"\u001b[0m15:21:55  15 of 23 ERROR creating sql view model silver_staging.stg_returns .............. [\u001b[31mERROR\u001b[0m in 3.93s]","logger":"airflow.task.hooks.airflow.providers.standard.hooks.subprocess.SubprocessHook"}
{"timestamp":"2025-08-26T15:21:55.049616","level":"info","event":"\u001b[0m15:21:55  19 of 23 START sql view model silver_staging.stg_stock_movements ............... [RUN]","logger":"airflow.task.hooks.airflow.providers.standard.hooks.subprocess.SubprocessHook"}
{"timestamp":"2025-08-26T15:21:55.771975","level":"info","event":"\u001b[0m15:21:55  17 of 23 ERROR creating sql view model silver_staging.stg_sales_transactions ... [\u001b[31mERROR\u001b[0m in 2.97s]","logger":"airflow.task.hooks.airflow.providers.standard.hooks.subprocess.SubprocessHook"}
{"timestamp":"2025-08-26T15:21:55.773967","level":"info","event":"\u001b[0m15:21:55  20 of 23 START sql view model silver_staging.stg_store_visits .................. [RUN]","logger":"airflow.task.hooks.airflow.providers.standard.hooks.subprocess.SubprocessHook"}
{"timestamp":"2025-08-26T15:21:56.981661","level":"info","event":"\u001b[0m15:21:56  16 of 23 ERROR creating sql view model silver_staging.stg_sales_items .......... [\u001b[31mERROR\u001b[0m in 4.19s]","logger":"airflow.task.hooks.airflow.providers.standard.hooks.subprocess.SubprocessHook"}
{"timestamp":"2025-08-26T15:21:56.983051","level":"info","event":"\u001b[0m15:21:56  21 of 23 START sql view model silver_staging.stg_stores ........................ [RUN]","logger":"airflow.task.hooks.airflow.providers.standard.hooks.subprocess.SubprocessHook"}
{"timestamp":"2025-08-26T15:21:57.265226","level":"info","event":"\u001b[0m15:21:57  18 of 23 ERROR creating sql view model silver_staging.stg_shipments ............ [\u001b[31mERROR\u001b[0m in 2.87s]","logger":"airflow.task.hooks.airflow.providers.standard.hooks.subprocess.SubprocessHook"}
{"timestamp":"2025-08-26T15:21:57.267133","level":"info","event":"\u001b[0m15:21:57  22 of 23 START sql view model silver_staging.stg_suppliers ..................... [RUN]","logger":"airflow.task.hooks.airflow.providers.standard.hooks.subprocess.SubprocessHook"}
{"timestamp":"2025-08-26T15:21:59.072221","level":"info","event":"\u001b[0m15:21:59  19 of 23 ERROR creating sql view model silver_staging.stg_stock_movements ...... [\u001b[31mERROR\u001b[0m in 4.02s]","logger":"airflow.task.hooks.airflow.providers.standard.hooks.subprocess.SubprocessHook"}
{"timestamp":"2025-08-26T15:21:59.073976","level":"info","event":"\u001b[0m15:21:59  23 of 23 START sql view model silver_staging.stg_tax_rules ..................... [RUN]","logger":"airflow.task.hooks.airflow.providers.standard.hooks.subprocess.SubprocessHook"}
{"timestamp":"2025-08-26T15:21:59.665919","level":"info","event":"\u001b[0m15:21:59  21 of 23 ERROR creating sql view model silver_staging.stg_stores ............... [\u001b[31mERROR\u001b[0m in 2.68s]","logger":"airflow.task.hooks.airflow.providers.standard.hooks.subprocess.SubprocessHook"}
{"timestamp":"2025-08-26T15:22:00.372289","level":"info","event":"\u001b[0m15:22:00  22 of 23 ERROR creating sql view model silver_staging.stg_suppliers ............ [\u001b[31mERROR\u001b[0m in 3.10s]","logger":"airflow.task.hooks.airflow.providers.standard.hooks.subprocess.SubprocessHook"}
{"timestamp":"2025-08-26T15:22:02.564164","level":"info","event":"\u001b[0m15:22:02  23 of 23 ERROR creating sql view model silver_staging.stg_tax_rules ............ [\u001b[31mERROR\u001b[0m in 2.82s]","logger":"airflow.task.hooks.airflow.providers.standard.hooks.subprocess.SubprocessHook"}
{"timestamp":"2025-08-26T15:22:02.564922","level":"info","event":"\u001b[0m15:22:02  20 of 23 ERROR creating sql view model silver_staging.stg_store_visits ......... [\u001b[31mERROR\u001b[0m in 5.25s]","logger":"airflow.task.hooks.airflow.providers.standard.hooks.subprocess.SubprocessHook"}
{"timestamp":"2025-08-26T15:22:05.589977","level":"info","event":"\u001b[0m15:22:05","logger":"airflow.task.hooks.airflow.providers.standard.hooks.subprocess.SubprocessHook"}
{"timestamp":"2025-08-26T15:22:05.590319","level":"info","event":"\u001b[0m15:22:05  Finished running 23 view models in 0 hours 0 minutes and 43.67 seconds (43.67s).","logger":"airflow.task.hooks.airflow.providers.standard.hooks.subprocess.SubprocessHook"}
{"timestamp":"2025-08-26T15:22:05.706794","level":"info","event":"\u001b[0m15:22:05","logger":"airflow.task.hooks.airflow.providers.standard.hooks.subprocess.SubprocessHook"}
{"timestamp":"2025-08-26T15:22:05.707131","level":"info","event":"\u001b[0m15:22:05  \u001b[31mCompleted with 23 errors, 0 partial successes, and 0 warnings:\u001b[0m","logger":"airflow.task.hooks.airflow.providers.standard.hooks.subprocess.SubprocessHook"}
{"timestamp":"2025-08-26T15:22:05.707413","level":"info","event":"\u001b[0m15:22:05","logger":"airflow.task.hooks.airflow.providers.standard.hooks.subprocess.SubprocessHook"}
{"timestamp":"2025-08-26T15:22:05.707796","level":"info","event":"\u001b[0m15:22:05  \u001b[31mFailure in model stg_campaigns (models/staging/stg_campaigns.sql)\u001b[0m","logger":"airflow.task.hooks.airflow.providers.standard.hooks.subprocess.SubprocessHook"}
{"timestamp":"2025-08-26T15:22:05.708206","level":"info","event":"\u001b[0m15:22:05    Database Error in model stg_campaigns (models/staging/stg_campaigns.sql)","logger":"airflow.task.hooks.airflow.providers.standard.hooks.subprocess.SubprocessHook"}
{"timestamp":"2025-08-26T15:22:05.708311","level":"info","event":"  relation \"raw.campaigns\" does not exist","logger":"airflow.task.hooks.airflow.providers.standard.hooks.subprocess.SubprocessHook"}
{"timestamp":"2025-08-26T15:22:05.708378","level":"info","event":"  LINE 8:     select * from \"postgres\".\"raw\".\"campaigns\"","logger":"airflow.task.hooks.airflow.providers.standard.hooks.subprocess.SubprocessHook"}
{"timestamp":"2025-08-26T15:22:05.708430","level":"info","event":"                            ^","logger":"airflow.task.hooks.airflow.providers.standard.hooks.subprocess.SubprocessHook"}
{"timestamp":"2025-08-26T15:22:05.708476","level":"info","event":"  compiled code at target/run/retail_dbt/models/staging/stg_campaigns.sql","logger":"airflow.task.hooks.airflow.providers.standard.hooks.subprocess.SubprocessHook"}
{"timestamp":"2025-08-26T15:22:05.708527","level":"info","event":"\u001b[0m15:22:05","logger":"airflow.task.hooks.airflow.providers.standard.hooks.subprocess.SubprocessHook"}
{"timestamp":"2025-08-26T15:22:05.708805","level":"info","event":"\u001b[0m15:22:05    compiled code at target/compiled/retail_dbt/models/staging/stg_campaigns.sql","logger":"airflow.task.hooks.airflow.providers.standard.hooks.subprocess.SubprocessHook"}
{"timestamp":"2025-08-26T15:22:05.709124","level":"info","event":"\u001b[0m15:22:05","logger":"airflow.task.hooks.airflow.providers.standard.hooks.subprocess.SubprocessHook"}
{"timestamp":"2025-08-26T15:22:05.709475","level":"info","event":"\u001b[0m15:22:05  \u001b[31mFailure in model stg_customer_feedback (models/staging/stg_customer_feedback.sql)\u001b[0m","logger":"airflow.task.hooks.airflow.providers.standard.hooks.subprocess.SubprocessHook"}
{"timestamp":"2025-08-26T15:22:05.709822","level":"info","event":"\u001b[0m15:22:05    Database Error in model stg_customer_feedback (models/staging/stg_customer_feedback.sql)","logger":"airflow.task.hooks.airflow.providers.standard.hooks.subprocess.SubprocessHook"}
{"timestamp":"2025-08-26T15:22:05.709940","level":"info","event":"  relation \"raw.customer_feedback\" does not exist","logger":"airflow.task.hooks.airflow.providers.standard.hooks.subprocess.SubprocessHook"}
{"timestamp":"2025-08-26T15:22:05.710006","level":"info","event":"  LINE 55:     FROM \"postgres\".\"raw\".\"customer_feedback\"","logger":"airflow.task.hooks.airflow.providers.standard.hooks.subprocess.SubprocessHook"}
{"timestamp":"2025-08-26T15:22:05.710062","level":"info","event":"                    ^","logger":"airflow.task.hooks.airflow.providers.standard.hooks.subprocess.SubprocessHook"}
{"timestamp":"2025-08-26T15:22:05.710110","level":"info","event":"  compiled code at target/run/retail_dbt/models/staging/stg_customer_feedback.sql","logger":"airflow.task.hooks.airflow.providers.standard.hooks.subprocess.SubprocessHook"}
{"timestamp":"2025-08-26T15:22:05.710160","level":"info","event":"\u001b[0m15:22:05","logger":"airflow.task.hooks.airflow.providers.standard.hooks.subprocess.SubprocessHook"}
{"timestamp":"2025-08-26T15:22:05.710440","level":"info","event":"\u001b[0m15:22:05    compiled code at target/compiled/retail_dbt/models/staging/stg_customer_feedback.sql","logger":"airflow.task.hooks.airflow.providers.standard.hooks.subprocess.SubprocessHook"}
{"timestamp":"2025-08-26T15:22:05.710727","level":"info","event":"\u001b[0m15:22:05","logger":"airflow.task.hooks.airflow.providers.standard.hooks.subprocess.SubprocessHook"}
{"timestamp":"2025-08-26T15:22:05.711100","level":"info","event":"\u001b[0m15:22:05  \u001b[31mFailure in model stg_categories (models/staging/stg_categories.sql)\u001b[0m","logger":"airflow.task.hooks.airflow.providers.standard.hooks.subprocess.SubprocessHook"}
{"timestamp":"2025-08-26T15:22:05.711430","level":"info","event":"\u001b[0m15:22:05    Database Error in model stg_categories (models/staging/stg_categories.sql)","logger":"airflow.task.hooks.airflow.providers.standard.hooks.subprocess.SubprocessHook"}
{"timestamp":"2025-08-26T15:22:05.711527","level":"info","event":"  relation \"raw.categories\" does not exist","logger":"airflow.task.hooks.airflow.providers.standard.hooks.subprocess.SubprocessHook"}
{"timestamp":"2025-08-26T15:22:05.711591","level":"info","event":"  LINE 10:     select * from \"postgres\".\"raw\".\"categories\"","logger":"airflow.task.hooks.airflow.providers.standard.hooks.subprocess.SubprocessHook"}
{"timestamp":"2025-08-26T15:22:05.711640","level":"info","event":"                             ^","logger":"airflow.task.hooks.airflow.providers.standard.hooks.subprocess.SubprocessHook"}
{"timestamp":"2025-08-26T15:22:05.711685","level":"info","event":"  compiled code at target/run/retail_dbt/models/staging/stg_categories.sql","logger":"airflow.task.hooks.airflow.providers.standard.hooks.subprocess.SubprocessHook"}
{"timestamp":"2025-08-26T15:22:05.711735","level":"info","event":"\u001b[0m15:22:05","logger":"airflow.task.hooks.airflow.providers.standard.hooks.subprocess.SubprocessHook"}
{"timestamp":"2025-08-26T15:22:05.712044","level":"info","event":"\u001b[0m15:22:05    compiled code at target/compiled/retail_dbt/models/staging/stg_categories.sql","logger":"airflow.task.hooks.airflow.providers.standard.hooks.subprocess.SubprocessHook"}
{"timestamp":"2025-08-26T15:22:05.712359","level":"info","event":"\u001b[0m15:22:05","logger":"airflow.task.hooks.airflow.providers.standard.hooks.subprocess.SubprocessHook"}
{"timestamp":"2025-08-26T15:22:05.712696","level":"info","event":"\u001b[0m15:22:05  \u001b[31mFailure in model stg_brands (models/staging/stg_brands.sql)\u001b[0m","logger":"airflow.task.hooks.airflow.providers.standard.hooks.subprocess.SubprocessHook"}
{"timestamp":"2025-08-26T15:22:05.713058","level":"info","event":"\u001b[0m15:22:05    Database Error in model stg_brands (models/staging/stg_brands.sql)","logger":"airflow.task.hooks.airflow.providers.standard.hooks.subprocess.SubprocessHook"}
{"timestamp":"2025-08-26T15:22:05.713131","level":"info","event":"  relation \"raw.brands\" does not exist","logger":"airflow.task.hooks.airflow.providers.standard.hooks.subprocess.SubprocessHook"}
{"timestamp":"2025-08-26T15:22:05.713182","level":"info","event":"  LINE 10:     select * from \"postgres\".\"raw\".\"brands\"","logger":"airflow.task.hooks.airflow.providers.standard.hooks.subprocess.SubprocessHook"}
{"timestamp":"2025-08-26T15:22:05.713222","level":"info","event":"                             ^","logger":"airflow.task.hooks.airflow.providers.standard.hooks.subprocess.SubprocessHook"}
{"timestamp":"2025-08-26T15:22:05.713258","level":"info","event":"  compiled code at target/run/retail_dbt/models/staging/stg_brands.sql","logger":"airflow.task.hooks.airflow.providers.standard.hooks.subprocess.SubprocessHook"}
{"timestamp":"2025-08-26T15:22:05.713310","level":"info","event":"\u001b[0m15:22:05","logger":"airflow.task.hooks.airflow.providers.standard.hooks.subprocess.SubprocessHook"}
{"timestamp":"2025-08-26T15:22:05.713638","level":"info","event":"\u001b[0m15:22:05    compiled code at target/compiled/retail_dbt/models/staging/stg_brands.sql","logger":"airflow.task.hooks.airflow.providers.standard.hooks.subprocess.SubprocessHook"}
{"timestamp":"2025-08-26T15:22:05.713944","level":"info","event":"\u001b[0m15:22:05","logger":"airflow.task.hooks.airflow.providers.standard.hooks.subprocess.SubprocessHook"}
{"timestamp":"2025-08-26T15:22:05.714275","level":"info","event":"\u001b[0m15:22:05  \u001b[31mFailure in model stg_customers (models/staging/stg_customers.sql)\u001b[0m","logger":"airflow.task.hooks.airflow.providers.standard.hooks.subprocess.SubprocessHook"}
{"timestamp":"2025-08-26T15:22:05.714610","level":"info","event":"\u001b[0m15:22:05    Database Error in model stg_customers (models/staging/stg_customers.sql)","logger":"airflow.task.hooks.airflow.providers.standard.hooks.subprocess.SubprocessHook"}
{"timestamp":"2025-08-26T15:22:05.714682","level":"info","event":"  relation \"raw.customers\" does not exist","logger":"airflow.task.hooks.airflow.providers.standard.hooks.subprocess.SubprocessHook"}
{"timestamp":"2025-08-26T15:22:05.714730","level":"info","event":"  LINE 17:     FROM \"postgres\".\"raw\".\"customers\"","logger":"airflow.task.hooks.airflow.providers.standard.hooks.subprocess.SubprocessHook"}
{"timestamp":"2025-08-26T15:22:05.714768","level":"info","event":"                    ^","logger":"airflow.task.hooks.airflow.providers.standard.hooks.subprocess.SubprocessHook"}
{"timestamp":"2025-08-26T15:22:05.714809","level":"info","event":"  compiled code at target/run/retail_dbt/models/staging/stg_customers.sql","logger":"airflow.task.hooks.airflow.providers.standard.hooks.subprocess.SubprocessHook"}
{"timestamp":"2025-08-26T15:22:05.714907","level":"info","event":"\u001b[0m15:22:05","logger":"airflow.task.hooks.airflow.providers.standard.hooks.subprocess.SubprocessHook"}
{"timestamp":"2025-08-26T15:22:05.715231","level":"info","event":"\u001b[0m15:22:05    compiled code at target/compiled/retail_dbt/models/staging/stg_customers.sql","logger":"airflow.task.hooks.airflow.providers.standard.hooks.subprocess.SubprocessHook"}
{"timestamp":"2025-08-26T15:22:05.715521","level":"info","event":"\u001b[0m15:22:05","logger":"airflow.task.hooks.airflow.providers.standard.hooks.subprocess.SubprocessHook"}
{"timestamp":"2025-08-26T15:22:05.715860","level":"info","event":"\u001b[0m15:22:05  \u001b[31mFailure in model stg_discount_rules (models/staging/stg_discount_rules.sql)\u001b[0m","logger":"airflow.task.hooks.airflow.providers.standard.hooks.subprocess.SubprocessHook"}
{"timestamp":"2025-08-26T15:22:05.716256","level":"info","event":"\u001b[0m15:22:05    Database Error in model stg_discount_rules (models/staging/stg_discount_rules.sql)","logger":"airflow.task.hooks.airflow.providers.standard.hooks.subprocess.SubprocessHook"}
{"timestamp":"2025-08-26T15:22:05.716328","level":"info","event":"  relation \"raw.discount_rules\" does not exist","logger":"airflow.task.hooks.airflow.providers.standard.hooks.subprocess.SubprocessHook"}
{"timestamp":"2025-08-26T15:22:05.716375","level":"info","event":"  LINE 17:     FROM \"postgres\".\"raw\".\"discount_rules\"","logger":"airflow.task.hooks.airflow.providers.standard.hooks.subprocess.SubprocessHook"}
{"timestamp":"2025-08-26T15:22:05.716413","level":"info","event":"                    ^","logger":"airflow.task.hooks.airflow.providers.standard.hooks.subprocess.SubprocessHook"}
{"timestamp":"2025-08-26T15:22:05.716447","level":"info","event":"  compiled code at target/run/retail_dbt/models/staging/stg_discount_rules.sql","logger":"airflow.task.hooks.airflow.providers.standard.hooks.subprocess.SubprocessHook"}
{"timestamp":"2025-08-26T15:22:05.716543","level":"info","event":"\u001b[0m15:22:05","logger":"airflow.task.hooks.airflow.providers.standard.hooks.subprocess.SubprocessHook"}
{"timestamp":"2025-08-26T15:22:05.716857","level":"info","event":"\u001b[0m15:22:05    compiled code at target/compiled/retail_dbt/models/staging/stg_discount_rules.sql","logger":"airflow.task.hooks.airflow.providers.standard.hooks.subprocess.SubprocessHook"}
{"timestamp":"2025-08-26T15:22:05.717176","level":"info","event":"\u001b[0m15:22:05","logger":"airflow.task.hooks.airflow.providers.standard.hooks.subprocess.SubprocessHook"}
{"timestamp":"2025-08-26T15:22:05.717517","level":"info","event":"\u001b[0m15:22:05  \u001b[31mFailure in model stg_employees (models/staging/stg_employees.sql)\u001b[0m","logger":"airflow.task.hooks.airflow.providers.standard.hooks.subprocess.SubprocessHook"}
{"timestamp":"2025-08-26T15:22:05.717859","level":"info","event":"\u001b[0m15:22:05    Database Error in model stg_employees (models/staging/stg_employees.sql)","logger":"airflow.task.hooks.airflow.providers.standard.hooks.subprocess.SubprocessHook"}
{"timestamp":"2025-08-26T15:22:05.717944","level":"info","event":"  relation \"raw.employees\" does not exist","logger":"airflow.task.hooks.airflow.providers.standard.hooks.subprocess.SubprocessHook"}
{"timestamp":"2025-08-26T15:22:05.717993","level":"info","event":"  LINE 15:     FROM \"postgres\".\"raw\".\"employees\"","logger":"airflow.task.hooks.airflow.providers.standard.hooks.subprocess.SubprocessHook"}
{"timestamp":"2025-08-26T15:22:05.718031","level":"info","event":"                    ^","logger":"airflow.task.hooks.airflow.providers.standard.hooks.subprocess.SubprocessHook"}
{"timestamp":"2025-08-26T15:22:05.718067","level":"info","event":"  compiled code at target/run/retail_dbt/models/staging/stg_employees.sql","logger":"airflow.task.hooks.airflow.providers.standard.hooks.subprocess.SubprocessHook"}
{"timestamp":"2025-08-26T15:22:05.718163","level":"info","event":"\u001b[0m15:22:05","logger":"airflow.task.hooks.airflow.providers.standard.hooks.subprocess.SubprocessHook"}
{"timestamp":"2025-08-26T15:22:05.718472","level":"info","event":"\u001b[0m15:22:05    compiled code at target/compiled/retail_dbt/models/staging/stg_employees.sql","logger":"airflow.task.hooks.airflow.providers.standard.hooks.subprocess.SubprocessHook"}
{"timestamp":"2025-08-26T15:22:05.718763","level":"info","event":"\u001b[0m15:22:05","logger":"airflow.task.hooks.airflow.providers.standard.hooks.subprocess.SubprocessHook"}
{"timestamp":"2025-08-26T15:22:05.719130","level":"info","event":"\u001b[0m15:22:05  \u001b[31mFailure in model stg_loyalty_programs (models/staging/stg_loyalty_programs.sql)\u001b[0m","logger":"airflow.task.hooks.airflow.providers.standard.hooks.subprocess.SubprocessHook"}
{"timestamp":"2025-08-26T15:22:05.719574","level":"info","event":"\u001b[0m15:22:05    Database Error in model stg_loyalty_programs (models/staging/stg_loyalty_programs.sql)","logger":"airflow.task.hooks.airflow.providers.standard.hooks.subprocess.SubprocessHook"}
{"timestamp":"2025-08-26T15:22:05.719648","level":"info","event":"  relation \"raw.loyalty_programs\" does not exist","logger":"airflow.task.hooks.airflow.providers.standard.hooks.subprocess.SubprocessHook"}
{"timestamp":"2025-08-26T15:22:05.719720","level":"info","event":"  LINE 14:     FROM \"postgres\".\"raw\".\"loyalty_programs\"","logger":"airflow.task.hooks.airflow.providers.standard.hooks.subprocess.SubprocessHook"}
{"timestamp":"2025-08-26T15:22:05.719789","level":"info","event":"                    ^","logger":"airflow.task.hooks.airflow.providers.standard.hooks.subprocess.SubprocessHook"}
{"timestamp":"2025-08-26T15:22:05.719856","level":"info","event":"  compiled code at target/run/retail_dbt/models/staging/stg_loyalty_programs.sql","logger":"airflow.task.hooks.airflow.providers.standard.hooks.subprocess.SubprocessHook"}
{"timestamp":"2025-08-26T15:22:05.719961","level":"info","event":"\u001b[0m15:22:05","logger":"airflow.task.hooks.airflow.providers.standard.hooks.subprocess.SubprocessHook"}
{"timestamp":"2025-08-26T15:22:05.720210","level":"info","event":"\u001b[0m15:22:05    compiled code at target/compiled/retail_dbt/models/staging/stg_loyalty_programs.sql","logger":"airflow.task.hooks.airflow.providers.standard.hooks.subprocess.SubprocessHook"}
{"timestamp":"2025-08-26T15:22:05.720523","level":"info","event":"\u001b[0m15:22:05","logger":"airflow.task.hooks.airflow.providers.standard.hooks.subprocess.SubprocessHook"}
{"timestamp":"2025-08-26T15:22:05.720864","level":"info","event":"\u001b[0m15:22:05  \u001b[31mFailure in model stg_inventory (models/staging/stg_inventory.sql)\u001b[0m","logger":"airflow.task.hooks.airflow.providers.standard.hooks.subprocess.SubprocessHook"}
{"timestamp":"2025-08-26T15:22:05.721255","level":"info","event":"\u001b[0m15:22:05    Database Error in model stg_inventory (models/staging/stg_inventory.sql)","logger":"airflow.task.hooks.airflow.providers.standard.hooks.subprocess.SubprocessHook"}
{"timestamp":"2025-08-26T15:22:05.721349","level":"info","event":"  relation \"raw.inventory\" does not exist","logger":"airflow.task.hooks.airflow.providers.standard.hooks.subprocess.SubprocessHook"}
{"timestamp":"2025-08-26T15:22:05.721411","level":"info","event":"  LINE 11:     from \"postgres\".\"raw\".\"inventory\"","logger":"airflow.task.hooks.airflow.providers.standard.hooks.subprocess.SubprocessHook"}
{"timestamp":"2025-08-26T15:22:05.721458","level":"info","event":"                    ^","logger":"airflow.task.hooks.airflow.providers.standard.hooks.subprocess.SubprocessHook"}
{"timestamp":"2025-08-26T15:22:05.721502","level":"info","event":"  compiled code at target/run/retail_dbt/models/staging/stg_inventory.sql","logger":"airflow.task.hooks.airflow.providers.standard.hooks.subprocess.SubprocessHook"}
{"timestamp":"2025-08-26T15:22:05.721549","level":"info","event":"\u001b[0m15:22:05","logger":"airflow.task.hooks.airflow.providers.standard.hooks.subprocess.SubprocessHook"}
{"timestamp":"2025-08-26T15:22:05.721826","level":"info","event":"\u001b[0m15:22:05    compiled code at target/compiled/retail_dbt/models/staging/stg_inventory.sql","logger":"airflow.task.hooks.airflow.providers.standard.hooks.subprocess.SubprocessHook"}
{"timestamp":"2025-08-26T15:22:05.722136","level":"info","event":"\u001b[0m15:22:05","logger":"airflow.task.hooks.airflow.providers.standard.hooks.subprocess.SubprocessHook"}
{"timestamp":"2025-08-26T15:22:05.722472","level":"info","event":"\u001b[0m15:22:05  \u001b[31mFailure in model stg_pricing_history (models/staging/stg_pricing_history.sql)\u001b[0m","logger":"airflow.task.hooks.airflow.providers.standard.hooks.subprocess.SubprocessHook"}
{"timestamp":"2025-08-26T15:22:05.722809","level":"info","event":"\u001b[0m15:22:05    Database Error in model stg_pricing_history (models/staging/stg_pricing_history.sql)","logger":"airflow.task.hooks.airflow.providers.standard.hooks.subprocess.SubprocessHook"}
{"timestamp":"2025-08-26T15:22:05.722883","level":"info","event":"  relation \"raw.pricing_history\" does not exist","logger":"airflow.task.hooks.airflow.providers.standard.hooks.subprocess.SubprocessHook"}
{"timestamp":"2025-08-26T15:22:05.722933","level":"info","event":"  LINE 15:     FROM \"postgres\".\"raw\".\"pricing_history\"","logger":"airflow.task.hooks.airflow.providers.standard.hooks.subprocess.SubprocessHook"}
{"timestamp":"2025-08-26T15:22:05.722973","level":"info","event":"                    ^","logger":"airflow.task.hooks.airflow.providers.standard.hooks.subprocess.SubprocessHook"}
{"timestamp":"2025-08-26T15:22:05.723028","level":"info","event":"  compiled code at target/run/retail_dbt/models/staging/stg_pricing_history.sql","logger":"airflow.task.hooks.airflow.providers.standard.hooks.subprocess.SubprocessHook"}
{"timestamp":"2025-08-26T15:22:05.723082","level":"info","event":"\u001b[0m15:22:05","logger":"airflow.task.hooks.airflow.providers.standard.hooks.subprocess.SubprocessHook"}
{"timestamp":"2025-08-26T15:22:05.723427","level":"info","event":"\u001b[0m15:22:05    compiled code at target/compiled/retail_dbt/models/staging/stg_pricing_history.sql","logger":"airflow.task.hooks.airflow.providers.standard.hooks.subprocess.SubprocessHook"}
{"timestamp":"2025-08-26T15:22:05.723719","level":"info","event":"\u001b[0m15:22:05","logger":"airflow.task.hooks.airflow.providers.standard.hooks.subprocess.SubprocessHook"}
{"timestamp":"2025-08-26T15:22:05.724183","level":"info","event":"\u001b[0m15:22:05  \u001b[31mFailure in model stg_payments (models/staging/stg_payments.sql)\u001b[0m","logger":"airflow.task.hooks.airflow.providers.standard.hooks.subprocess.SubprocessHook"}
{"timestamp":"2025-08-26T15:22:05.724451","level":"info","event":"\u001b[0m15:22:05    Database Error in model stg_payments (models/staging/stg_payments.sql)","logger":"airflow.task.hooks.airflow.providers.standard.hooks.subprocess.SubprocessHook"}
{"timestamp":"2025-08-26T15:22:05.724545","level":"info","event":"  relation \"raw.payments\" does not exist","logger":"airflow.task.hooks.airflow.providers.standard.hooks.subprocess.SubprocessHook"}
{"timestamp":"2025-08-26T15:22:05.724609","level":"info","event":"  LINE 15:     FROM \"postgres\".\"raw\".\"payments\"","logger":"airflow.task.hooks.airflow.providers.standard.hooks.subprocess.SubprocessHook"}
{"timestamp":"2025-08-26T15:22:05.724659","level":"info","event":"                    ^","logger":"airflow.task.hooks.airflow.providers.standard.hooks.subprocess.SubprocessHook"}
{"timestamp":"2025-08-26T15:22:05.724705","level":"info","event":"  compiled code at target/run/retail_dbt/models/staging/stg_payments.sql","logger":"airflow.task.hooks.airflow.providers.standard.hooks.subprocess.SubprocessHook"}
{"timestamp":"2025-08-26T15:22:05.724753","level":"info","event":"\u001b[0m15:22:05","logger":"airflow.task.hooks.airflow.providers.standard.hooks.subprocess.SubprocessHook"}
{"timestamp":"2025-08-26T15:22:05.725025","level":"info","event":"\u001b[0m15:22:05    compiled code at target/compiled/retail_dbt/models/staging/stg_payments.sql","logger":"airflow.task.hooks.airflow.providers.standard.hooks.subprocess.SubprocessHook"}
{"timestamp":"2025-08-26T15:22:05.725329","level":"info","event":"\u001b[0m15:22:05","logger":"airflow.task.hooks.airflow.providers.standard.hooks.subprocess.SubprocessHook"}
{"timestamp":"2025-08-26T15:22:05.725672","level":"info","event":"\u001b[0m15:22:05  \u001b[31mFailure in model stg_purchase_orders (models/staging/stg_purchase_orders.sql)\u001b[0m","logger":"airflow.task.hooks.airflow.providers.standard.hooks.subprocess.SubprocessHook"}
{"timestamp":"2025-08-26T15:22:05.726025","level":"info","event":"\u001b[0m15:22:05    Database Error in model stg_purchase_orders (models/staging/stg_purchase_orders.sql)","logger":"airflow.task.hooks.airflow.providers.standard.hooks.subprocess.SubprocessHook"}
{"timestamp":"2025-08-26T15:22:05.726099","level":"info","event":"  relation \"raw.purchase_orders\" does not exist","logger":"airflow.task.hooks.airflow.providers.standard.hooks.subprocess.SubprocessHook"}
{"timestamp":"2025-08-26T15:22:05.726149","level":"info","event":"  LINE 15:     FROM \"postgres\".\"raw\".\"purchase_orders\"","logger":"airflow.task.hooks.airflow.providers.standard.hooks.subprocess.SubprocessHook"}
{"timestamp":"2025-08-26T15:22:05.726188","level":"info","event":"                    ^","logger":"airflow.task.hooks.airflow.providers.standard.hooks.subprocess.SubprocessHook"}
{"timestamp":"2025-08-26T15:22:05.726225","level":"info","event":"  compiled code at target/run/retail_dbt/models/staging/stg_purchase_orders.sql","logger":"airflow.task.hooks.airflow.providers.standard.hooks.subprocess.SubprocessHook"}
{"timestamp":"2025-08-26T15:22:05.726316","level":"info","event":"\u001b[0m15:22:05","logger":"airflow.task.hooks.airflow.providers.standard.hooks.subprocess.SubprocessHook"}
{"timestamp":"2025-08-26T15:22:05.726650","level":"info","event":"\u001b[0m15:22:05    compiled code at target/compiled/retail_dbt/models/staging/stg_purchase_orders.sql","logger":"airflow.task.hooks.airflow.providers.standard.hooks.subprocess.SubprocessHook"}
{"timestamp":"2025-08-26T15:22:05.726933","level":"info","event":"\u001b[0m15:22:05","logger":"airflow.task.hooks.airflow.providers.standard.hooks.subprocess.SubprocessHook"}
{"timestamp":"2025-08-26T15:22:05.727290","level":"info","event":"\u001b[0m15:22:05  \u001b[31mFailure in model stg_promotions (models/staging/stg_promotions.sql)\u001b[0m","logger":"airflow.task.hooks.airflow.providers.standard.hooks.subprocess.SubprocessHook"}
{"timestamp":"2025-08-26T15:22:05.727658","level":"info","event":"\u001b[0m15:22:05    Database Error in model stg_promotions (models/staging/stg_promotions.sql)","logger":"airflow.task.hooks.airflow.providers.standard.hooks.subprocess.SubprocessHook"}
{"timestamp":"2025-08-26T15:22:05.727730","level":"info","event":"  relation \"raw.promotions\" does not exist","logger":"airflow.task.hooks.airflow.providers.standard.hooks.subprocess.SubprocessHook"}
{"timestamp":"2025-08-26T15:22:05.727778","level":"info","event":"  LINE 15:     FROM \"postgres\".\"raw\".\"promotions\"","logger":"airflow.task.hooks.airflow.providers.standard.hooks.subprocess.SubprocessHook"}
{"timestamp":"2025-08-26T15:22:05.727817","level":"info","event":"                    ^","logger":"airflow.task.hooks.airflow.providers.standard.hooks.subprocess.SubprocessHook"}
{"timestamp":"2025-08-26T15:22:05.727852","level":"info","event":"  compiled code at target/run/retail_dbt/models/staging/stg_promotions.sql","logger":"airflow.task.hooks.airflow.providers.standard.hooks.subprocess.SubprocessHook"}
{"timestamp":"2025-08-26T15:22:05.727945","level":"info","event":"\u001b[0m15:22:05","logger":"airflow.task.hooks.airflow.providers.standard.hooks.subprocess.SubprocessHook"}
{"timestamp":"2025-08-26T15:22:05.728274","level":"info","event":"\u001b[0m15:22:05    compiled code at target/compiled/retail_dbt/models/staging/stg_promotions.sql","logger":"airflow.task.hooks.airflow.providers.standard.hooks.subprocess.SubprocessHook"}
{"timestamp":"2025-08-26T15:22:05.728570","level":"info","event":"\u001b[0m15:22:05","logger":"airflow.task.hooks.airflow.providers.standard.hooks.subprocess.SubprocessHook"}
{"timestamp":"2025-08-26T15:22:05.728909","level":"info","event":"\u001b[0m15:22:05  \u001b[31mFailure in model stg_products (models/staging/stg_products.sql)\u001b[0m","logger":"airflow.task.hooks.airflow.providers.standard.hooks.subprocess.SubprocessHook"}
{"timestamp":"2025-08-26T15:22:05.729249","level":"info","event":"\u001b[0m15:22:05    Database Error in model stg_products (models/staging/stg_products.sql)","logger":"airflow.task.hooks.airflow.providers.standard.hooks.subprocess.SubprocessHook"}
{"timestamp":"2025-08-26T15:22:05.729321","level":"info","event":"  relation \"raw.products\" does not exist","logger":"airflow.task.hooks.airflow.providers.standard.hooks.subprocess.SubprocessHook"}
{"timestamp":"2025-08-26T15:22:05.729370","level":"info","event":"  LINE 20:   FROM \"postgres\".\"raw\".\"products\"","logger":"airflow.task.hooks.airflow.providers.standard.hooks.subprocess.SubprocessHook"}
{"timestamp":"2025-08-26T15:22:05.729408","level":"info","event":"                  ^","logger":"airflow.task.hooks.airflow.providers.standard.hooks.subprocess.SubprocessHook"}
{"timestamp":"2025-08-26T15:22:05.729445","level":"info","event":"  compiled code at target/run/retail_dbt/models/staging/stg_products.sql","logger":"airflow.task.hooks.airflow.providers.standard.hooks.subprocess.SubprocessHook"}
{"timestamp":"2025-08-26T15:22:05.729547","level":"info","event":"\u001b[0m15:22:05","logger":"airflow.task.hooks.airflow.providers.standard.hooks.subprocess.SubprocessHook"}
{"timestamp":"2025-08-26T15:22:05.729868","level":"info","event":"\u001b[0m15:22:05    compiled code at target/compiled/retail_dbt/models/staging/stg_products.sql","logger":"airflow.task.hooks.airflow.providers.standard.hooks.subprocess.SubprocessHook"}
{"timestamp":"2025-08-26T15:22:05.730158","level":"info","event":"\u001b[0m15:22:05","logger":"airflow.task.hooks.airflow.providers.standard.hooks.subprocess.SubprocessHook"}
{"timestamp":"2025-08-26T15:22:05.730497","level":"info","event":"\u001b[0m15:22:05  \u001b[31mFailure in model stg_returns (models/staging/stg_returns.sql)\u001b[0m","logger":"airflow.task.hooks.airflow.providers.standard.hooks.subprocess.SubprocessHook"}
{"timestamp":"2025-08-26T15:22:05.730857","level":"info","event":"\u001b[0m15:22:05    Database Error in model stg_returns (models/staging/stg_returns.sql)","logger":"airflow.task.hooks.airflow.providers.standard.hooks.subprocess.SubprocessHook"}
{"timestamp":"2025-08-26T15:22:05.730930","level":"info","event":"  relation \"raw.returns\" does not exist","logger":"airflow.task.hooks.airflow.providers.standard.hooks.subprocess.SubprocessHook"}
{"timestamp":"2025-08-26T15:22:05.730978","level":"info","event":"  LINE 17:     FROM \"postgres\".\"raw\".\"returns\"","logger":"airflow.task.hooks.airflow.providers.standard.hooks.subprocess.SubprocessHook"}
{"timestamp":"2025-08-26T15:22:05.731017","level":"info","event":"                    ^","logger":"airflow.task.hooks.airflow.providers.standard.hooks.subprocess.SubprocessHook"}
{"timestamp":"2025-08-26T15:22:05.731077","level":"info","event":"  compiled code at target/run/retail_dbt/models/staging/stg_returns.sql","logger":"airflow.task.hooks.airflow.providers.standard.hooks.subprocess.SubprocessHook"}
{"timestamp":"2025-08-26T15:22:05.731128","level":"info","event":"\u001b[0m15:22:05","logger":"airflow.task.hooks.airflow.providers.standard.hooks.subprocess.SubprocessHook"}
{"timestamp":"2025-08-26T15:22:05.731425","level":"info","event":"\u001b[0m15:22:05    compiled code at target/compiled/retail_dbt/models/staging/stg_returns.sql","logger":"airflow.task.hooks.airflow.providers.standard.hooks.subprocess.SubprocessHook"}
{"timestamp":"2025-08-26T15:22:05.731740","level":"info","event":"\u001b[0m15:22:05","logger":"airflow.task.hooks.airflow.providers.standard.hooks.subprocess.SubprocessHook"}
{"timestamp":"2025-08-26T15:22:05.732080","level":"info","event":"\u001b[0m15:22:05  \u001b[31mFailure in model stg_sales_transactions (models/staging/stg_sales_transactions.sql)\u001b[0m","logger":"airflow.task.hooks.airflow.providers.standard.hooks.subprocess.SubprocessHook"}
{"timestamp":"2025-08-26T15:22:05.732438","level":"info","event":"\u001b[0m15:22:05    Database Error in model stg_sales_transactions (models/staging/stg_sales_transactions.sql)","logger":"airflow.task.hooks.airflow.providers.standard.hooks.subprocess.SubprocessHook"}
{"timestamp":"2025-08-26T15:22:05.732510","level":"info","event":"  relation \"raw.sales_transactions\" does not exist","logger":"airflow.task.hooks.airflow.providers.standard.hooks.subprocess.SubprocessHook"}
{"timestamp":"2025-08-26T15:22:05.732580","level":"info","event":"  LINE 10:     select * from \"postgres\".\"raw\".\"sales_transactions\"","logger":"airflow.task.hooks.airflow.providers.standard.hooks.subprocess.SubprocessHook"}
{"timestamp":"2025-08-26T15:22:05.732624","level":"info","event":"                             ^","logger":"airflow.task.hooks.airflow.providers.standard.hooks.subprocess.SubprocessHook"}
{"timestamp":"2025-08-26T15:22:05.732661","level":"info","event":"  compiled code at target/run/retail_dbt/models/staging/stg_sales_transactions.sql","logger":"airflow.task.hooks.airflow.providers.standard.hooks.subprocess.SubprocessHook"}
{"timestamp":"2025-08-26T15:22:05.732743","level":"info","event":"\u001b[0m15:22:05","logger":"airflow.task.hooks.airflow.providers.standard.hooks.subprocess.SubprocessHook"}
{"timestamp":"2025-08-26T15:22:05.733081","level":"info","event":"\u001b[0m15:22:05    compiled code at target/compiled/retail_dbt/models/staging/stg_sales_transactions.sql","logger":"airflow.task.hooks.airflow.providers.standard.hooks.subprocess.SubprocessHook"}
{"timestamp":"2025-08-26T15:22:05.733393","level":"info","event":"\u001b[0m15:22:05","logger":"airflow.task.hooks.airflow.providers.standard.hooks.subprocess.SubprocessHook"}
{"timestamp":"2025-08-26T15:22:05.733748","level":"info","event":"\u001b[0m15:22:05  \u001b[31mFailure in model stg_sales_items (models/staging/stg_sales_items.sql)\u001b[0m","logger":"airflow.task.hooks.airflow.providers.standard.hooks.subprocess.SubprocessHook"}
{"timestamp":"2025-08-26T15:22:05.734095","level":"info","event":"\u001b[0m15:22:05    Database Error in model stg_sales_items (models/staging/stg_sales_items.sql)","logger":"airflow.task.hooks.airflow.providers.standard.hooks.subprocess.SubprocessHook"}
{"timestamp":"2025-08-26T15:22:05.734175","level":"info","event":"  relation \"raw.sales_items\" does not exist","logger":"airflow.task.hooks.airflow.providers.standard.hooks.subprocess.SubprocessHook"}
{"timestamp":"2025-08-26T15:22:05.734230","level":"info","event":"  LINE 10:     select * from \"postgres\".\"raw\".\"sales_items\"","logger":"airflow.task.hooks.airflow.providers.standard.hooks.subprocess.SubprocessHook"}
{"timestamp":"2025-08-26T15:22:05.734273","level":"info","event":"                             ^","logger":"airflow.task.hooks.airflow.providers.standard.hooks.subprocess.SubprocessHook"}
{"timestamp":"2025-08-26T15:22:05.734312","level":"info","event":"  compiled code at target/run/retail_dbt/models/staging/stg_sales_items.sql","logger":"airflow.task.hooks.airflow.providers.standard.hooks.subprocess.SubprocessHook"}
{"timestamp":"2025-08-26T15:22:05.734402","level":"info","event":"\u001b[0m15:22:05","logger":"airflow.task.hooks.airflow.providers.standard.hooks.subprocess.SubprocessHook"}
{"timestamp":"2025-08-26T15:22:05.734747","level":"info","event":"\u001b[0m15:22:05    compiled code at target/compiled/retail_dbt/models/staging/stg_sales_items.sql","logger":"airflow.task.hooks.airflow.providers.standard.hooks.subprocess.SubprocessHook"}
{"timestamp":"2025-08-26T15:22:05.735036","level":"info","event":"\u001b[0m15:22:05","logger":"airflow.task.hooks.airflow.providers.standard.hooks.subprocess.SubprocessHook"}
{"timestamp":"2025-08-26T15:22:05.735382","level":"info","event":"\u001b[0m15:22:05  \u001b[31mFailure in model stg_shipments (models/staging/stg_shipments.sql)\u001b[0m","logger":"airflow.task.hooks.airflow.providers.standard.hooks.subprocess.SubprocessHook"}
{"timestamp":"2025-08-26T15:22:05.735779","level":"info","event":"\u001b[0m15:22:05    Database Error in model stg_shipments (models/staging/stg_shipments.sql)","logger":"airflow.task.hooks.airflow.providers.standard.hooks.subprocess.SubprocessHook"}
{"timestamp":"2025-08-26T15:22:05.735852","level":"info","event":"  relation \"raw.shipments\" does not exist","logger":"airflow.task.hooks.airflow.providers.standard.hooks.subprocess.SubprocessHook"}
{"timestamp":"2025-08-26T15:22:05.735902","level":"info","event":"  LINE 10:     select * from \"postgres\".\"raw\".\"shipments\"","logger":"airflow.task.hooks.airflow.providers.standard.hooks.subprocess.SubprocessHook"}
{"timestamp":"2025-08-26T15:22:05.735941","level":"info","event":"                             ^","logger":"airflow.task.hooks.airflow.providers.standard.hooks.subprocess.SubprocessHook"}
{"timestamp":"2025-08-26T15:22:05.735980","level":"info","event":"  compiled code at target/run/retail_dbt/models/staging/stg_shipments.sql","logger":"airflow.task.hooks.airflow.providers.standard.hooks.subprocess.SubprocessHook"}
{"timestamp":"2025-08-26T15:22:05.736063","level":"info","event":"\u001b[0m15:22:05","logger":"airflow.task.hooks.airflow.providers.standard.hooks.subprocess.SubprocessHook"}
{"timestamp":"2025-08-26T15:22:05.736431","level":"info","event":"\u001b[0m15:22:05    compiled code at target/compiled/retail_dbt/models/staging/stg_shipments.sql","logger":"airflow.task.hooks.airflow.providers.standard.hooks.subprocess.SubprocessHook"}
{"timestamp":"2025-08-26T15:22:05.736722","level":"info","event":"\u001b[0m15:22:05","logger":"airflow.task.hooks.airflow.providers.standard.hooks.subprocess.SubprocessHook"}
{"timestamp":"2025-08-26T15:22:05.737066","level":"info","event":"\u001b[0m15:22:05  \u001b[31mFailure in model stg_stock_movements (models/staging/stg_stock_movements.sql)\u001b[0m","logger":"airflow.task.hooks.airflow.providers.standard.hooks.subprocess.SubprocessHook"}
{"timestamp":"2025-08-26T15:22:05.737419","level":"info","event":"\u001b[0m15:22:05    Database Error in model stg_stock_movements (models/staging/stg_stock_movements.sql)","logger":"airflow.task.hooks.airflow.providers.standard.hooks.subprocess.SubprocessHook"}
{"timestamp":"2025-08-26T15:22:05.737496","level":"info","event":"  relation \"raw.stock_movements\" does not exist","logger":"airflow.task.hooks.airflow.providers.standard.hooks.subprocess.SubprocessHook"}
{"timestamp":"2025-08-26T15:22:05.737548","level":"info","event":"  LINE 18:   FROM \"postgres\".\"raw\".\"stock_movements\"","logger":"airflow.task.hooks.airflow.providers.standard.hooks.subprocess.SubprocessHook"}
{"timestamp":"2025-08-26T15:22:05.737589","level":"info","event":"                  ^","logger":"airflow.task.hooks.airflow.providers.standard.hooks.subprocess.SubprocessHook"}
{"timestamp":"2025-08-26T15:22:05.737626","level":"info","event":"  compiled code at target/run/retail_dbt/models/staging/stg_stock_movements.sql","logger":"airflow.task.hooks.airflow.providers.standard.hooks.subprocess.SubprocessHook"}
{"timestamp":"2025-08-26T15:22:05.737664","level":"info","event":"\u001b[0m15:22:05","logger":"airflow.task.hooks.airflow.providers.standard.hooks.subprocess.SubprocessHook"}
{"timestamp":"2025-08-26T15:22:05.737980","level":"info","event":"\u001b[0m15:22:05    compiled code at target/compiled/retail_dbt/models/staging/stg_stock_movements.sql","logger":"airflow.task.hooks.airflow.providers.standard.hooks.subprocess.SubprocessHook"}
{"timestamp":"2025-08-26T15:22:05.738284","level":"info","event":"\u001b[0m15:22:05","logger":"airflow.task.hooks.airflow.providers.standard.hooks.subprocess.SubprocessHook"}
{"timestamp":"2025-08-26T15:22:05.738614","level":"info","event":"\u001b[0m15:22:05  \u001b[31mFailure in model stg_stores (models/staging/stg_stores.sql)\u001b[0m","logger":"airflow.task.hooks.airflow.providers.standard.hooks.subprocess.SubprocessHook"}
{"timestamp":"2025-08-26T15:22:05.738949","level":"info","event":"\u001b[0m15:22:05    Database Error in model stg_stores (models/staging/stg_stores.sql)","logger":"airflow.task.hooks.airflow.providers.standard.hooks.subprocess.SubprocessHook"}
{"timestamp":"2025-08-26T15:22:05.739022","level":"info","event":"  relation \"raw.stores\" does not exist","logger":"airflow.task.hooks.airflow.providers.standard.hooks.subprocess.SubprocessHook"}
{"timestamp":"2025-08-26T15:22:05.739072","level":"info","event":"  LINE 15:   FROM raw.stores","logger":"airflow.task.hooks.airflow.providers.standard.hooks.subprocess.SubprocessHook"}
{"timestamp":"2025-08-26T15:22:05.739129","level":"info","event":"                  ^","logger":"airflow.task.hooks.airflow.providers.standard.hooks.subprocess.SubprocessHook"}
{"timestamp":"2025-08-26T15:22:05.739180","level":"info","event":"  compiled code at target/run/retail_dbt/models/staging/stg_stores.sql","logger":"airflow.task.hooks.airflow.providers.standard.hooks.subprocess.SubprocessHook"}
{"timestamp":"2025-08-26T15:22:05.739239","level":"info","event":"\u001b[0m15:22:05","logger":"airflow.task.hooks.airflow.providers.standard.hooks.subprocess.SubprocessHook"}
{"timestamp":"2025-08-26T15:22:05.739545","level":"info","event":"\u001b[0m15:22:05    compiled code at target/compiled/retail_dbt/models/staging/stg_stores.sql","logger":"airflow.task.hooks.airflow.providers.standard.hooks.subprocess.SubprocessHook"}
{"timestamp":"2025-08-26T15:22:05.739844","level":"info","event":"\u001b[0m15:22:05","logger":"airflow.task.hooks.airflow.providers.standard.hooks.subprocess.SubprocessHook"}
{"timestamp":"2025-08-26T15:22:05.740228","level":"info","event":"\u001b[0m15:22:05  \u001b[31mFailure in model stg_suppliers (models/staging/stg_suppliers.sql)\u001b[0m","logger":"airflow.task.hooks.airflow.providers.standard.hooks.subprocess.SubprocessHook"}
{"timestamp":"2025-08-26T15:22:05.740566","level":"info","event":"\u001b[0m15:22:05    Database Error in model stg_suppliers (models/staging/stg_suppliers.sql)","logger":"airflow.task.hooks.airflow.providers.standard.hooks.subprocess.SubprocessHook"}
{"timestamp":"2025-08-26T15:22:05.740639","level":"info","event":"  relation \"raw.suppliers\" does not exist","logger":"airflow.task.hooks.airflow.providers.standard.hooks.subprocess.SubprocessHook"}
{"timestamp":"2025-08-26T15:22:05.740687","level":"info","event":"  LINE 14:     FROM raw.suppliers","logger":"airflow.task.hooks.airflow.providers.standard.hooks.subprocess.SubprocessHook"}
{"timestamp":"2025-08-26T15:22:05.740724","level":"info","event":"                    ^","logger":"airflow.task.hooks.airflow.providers.standard.hooks.subprocess.SubprocessHook"}
{"timestamp":"2025-08-26T15:22:05.740760","level":"info","event":"  compiled code at target/run/retail_dbt/models/staging/stg_suppliers.sql","logger":"airflow.task.hooks.airflow.providers.standard.hooks.subprocess.SubprocessHook"}
{"timestamp":"2025-08-26T15:22:05.740850","level":"info","event":"\u001b[0m15:22:05","logger":"airflow.task.hooks.airflow.providers.standard.hooks.subprocess.SubprocessHook"}
{"timestamp":"2025-08-26T15:22:05.741196","level":"info","event":"\u001b[0m15:22:05    compiled code at target/compiled/retail_dbt/models/staging/stg_suppliers.sql","logger":"airflow.task.hooks.airflow.providers.standard.hooks.subprocess.SubprocessHook"}
{"timestamp":"2025-08-26T15:22:05.741482","level":"info","event":"\u001b[0m15:22:05","logger":"airflow.task.hooks.airflow.providers.standard.hooks.subprocess.SubprocessHook"}
{"timestamp":"2025-08-26T15:22:05.741814","level":"info","event":"\u001b[0m15:22:05  \u001b[31mFailure in model stg_tax_rules (models/staging/stg_tax_rules.sql)\u001b[0m","logger":"airflow.task.hooks.airflow.providers.standard.hooks.subprocess.SubprocessHook"}
{"timestamp":"2025-08-26T15:22:05.742168","level":"info","event":"\u001b[0m15:22:05    Database Error in model stg_tax_rules (models/staging/stg_tax_rules.sql)","logger":"airflow.task.hooks.airflow.providers.standard.hooks.subprocess.SubprocessHook"}
{"timestamp":"2025-08-26T15:22:05.742240","level":"info","event":"  relation \"raw.tax_rules\" does not exist","logger":"airflow.task.hooks.airflow.providers.standard.hooks.subprocess.SubprocessHook"}
{"timestamp":"2025-08-26T15:22:05.742286","level":"info","event":"  LINE 15:     FROM raw.tax_rules","logger":"airflow.task.hooks.airflow.providers.standard.hooks.subprocess.SubprocessHook"}
{"timestamp":"2025-08-26T15:22:05.742324","level":"info","event":"                    ^","logger":"airflow.task.hooks.airflow.providers.standard.hooks.subprocess.SubprocessHook"}
{"timestamp":"2025-08-26T15:22:05.742359","level":"info","event":"  compiled code at target/run/retail_dbt/models/staging/stg_tax_rules.sql","logger":"airflow.task.hooks.airflow.providers.standard.hooks.subprocess.SubprocessHook"}
{"timestamp":"2025-08-26T15:22:05.742457","level":"info","event":"\u001b[0m15:22:05","logger":"airflow.task.hooks.airflow.providers.standard.hooks.subprocess.SubprocessHook"}
{"timestamp":"2025-08-26T15:22:05.742766","level":"info","event":"\u001b[0m15:22:05    compiled code at target/compiled/retail_dbt/models/staging/stg_tax_rules.sql","logger":"airflow.task.hooks.airflow.providers.standard.hooks.subprocess.SubprocessHook"}
{"timestamp":"2025-08-26T15:22:05.743075","level":"info","event":"\u001b[0m15:22:05","logger":"airflow.task.hooks.airflow.providers.standard.hooks.subprocess.SubprocessHook"}
{"timestamp":"2025-08-26T15:22:05.743435","level":"info","event":"\u001b[0m15:22:05  \u001b[31mFailure in model stg_store_visits (models/staging/stg_store_visits.sql)\u001b[0m","logger":"airflow.task.hooks.airflow.providers.standard.hooks.subprocess.SubprocessHook"}
{"timestamp":"2025-08-26T15:22:05.743773","level":"info","event":"\u001b[0m15:22:05    Database Error in model stg_store_visits (models/staging/stg_store_visits.sql)","logger":"airflow.task.hooks.airflow.providers.standard.hooks.subprocess.SubprocessHook"}
{"timestamp":"2025-08-26T15:22:05.743845","level":"info","event":"  relation \"raw.store_visits\" does not exist","logger":"airflow.task.hooks.airflow.providers.standard.hooks.subprocess.SubprocessHook"}
{"timestamp":"2025-08-26T15:22:05.743891","level":"info","event":"  LINE 15:   FROM \"postgres\".\"raw\".\"store_visits\"","logger":"airflow.task.hooks.airflow.providers.standard.hooks.subprocess.SubprocessHook"}
{"timestamp":"2025-08-26T15:22:05.743929","level":"info","event":"                  ^","logger":"airflow.task.hooks.airflow.providers.standard.hooks.subprocess.SubprocessHook"}
{"timestamp":"2025-08-26T15:22:05.743964","level":"info","event":"  compiled code at target/run/retail_dbt/models/staging/stg_store_visits.sql","logger":"airflow.task.hooks.airflow.providers.standard.hooks.subprocess.SubprocessHook"}
{"timestamp":"2025-08-26T15:22:05.744055","level":"info","event":"\u001b[0m15:22:05","logger":"airflow.task.hooks.airflow.providers.standard.hooks.subprocess.SubprocessHook"}
{"timestamp":"2025-08-26T15:22:05.744400","level":"info","event":"\u001b[0m15:22:05    compiled code at target/compiled/retail_dbt/models/staging/stg_store_visits.sql","logger":"airflow.task.hooks.airflow.providers.standard.hooks.subprocess.SubprocessHook"}
{"timestamp":"2025-08-26T15:22:05.744719","level":"info","event":"\u001b[0m15:22:05","logger":"airflow.task.hooks.airflow.providers.standard.hooks.subprocess.SubprocessHook"}
{"timestamp":"2025-08-26T15:22:05.745032","level":"info","event":"\u001b[0m15:22:05  Done. PASS=0 WARN=0 ERROR=23 SKIP=0 NO-OP=0 TOTAL=23","logger":"airflow.task.hooks.airflow.providers.standard.hooks.subprocess.SubprocessHook"}
{"timestamp":"2025-08-26T15:22:07.154484","level":"info","event":"Command exited with return code 1","logger":"airflow.task.hooks.airflow.providers.standard.hooks.subprocess.SubprocessHook"}
{"timestamp":"2025-08-26T15:22:07.155034","level":"error","event":"Task failed with exception","logger":"task","error_detail":[{"exc_type":"AirflowException","exc_value":"Bash command failed. The command returned a non-zero exit code 1.","exc_notes":[],"syntax_error":null,"is_cause":false,"frames":[{"filename":"/home/airflow/.local/lib/python3.12/site-packages/airflow/sdk/execution_time/task_runner.py","lineno":890,"name":"run"},{"filename":"/home/airflow/.local/lib/python3.12/site-packages/airflow/sdk/execution_time/task_runner.py","lineno":1177,"name":"_execute_task"},{"filename":"/home/airflow/.local/lib/python3.12/site-packages/airflow/sdk/bases/operator.py","lineno":397,"name":"wrapper"},{"filename":"/home/airflow/.local/lib/python3.12/site-packages/airflow/providers/standard/operators/bash.py","lineno":232,"name":"execute"}],"is_group":false,"exceptions":[]}]}
{"timestamp":"2025-08-26T15:22:07.167684","level":"warning","event":"/home/airflow/.local/lib/python3.12/site-packages/airflow/models/connection.py:471: DeprecationWarning: Using Connection.get_connection_from_secrets from `airflow.models` is deprecated.Please use `from airflow.sdk import Connection` instead\n  warnings.warn(\n","logger":"py.warnings"}
{"timestamp":"2025-08-26T15:22:07.173623","level":"info","event":"Connection Retrieved 'ms_teams_webhook'","logger":"airflow.hooks.base"}
{"timestamp":"2025-08-26T15:22:11.312166Z","level":"info","event":"Task instance in failure state","chan":"stdout","logger":"task"}
{"timestamp":"2025-08-26T15:22:11.313218Z","level":"info","event":"Task start","chan":"stdout","logger":"task"}
{"timestamp":"2025-08-26T15:22:11.313326Z","level":"info","event":"Task:<Task(BashOperator): dbt_staging>","chan":"stdout","logger":"task"}
{"timestamp":"2025-08-26T15:22:11.313450Z","level":"info","event":"Failure caused by Bash command failed. The command returned a non-zero exit code 1.","chan":"stdout","logger":"task"}
