{"timestamp":"2025-08-25T08:02:43.161329","level":"info","event":"DAG bundles loaded: dags-folder, example_dags","logger":"airflow.dag_processing.bundles.manager.DagBundlesManager"}
{"timestamp":"2025-08-25T08:02:43.161733","level":"info","event":"Filling up the DagBag from /opt/airflow/dags/dbt_process_data.py","logger":"airflow.models.dagbag.DagBag"}
{"timestamp":"2025-08-25T08:02:43.186212Z","level":"info","event":"Task instance is in running state","chan":"stdout","logger":"task"}
{"timestamp":"2025-08-25T08:02:43.186321Z","level":"info","event":" Previous state of the Task instance: TaskInstanceState.QUEUED","chan":"stdout","logger":"task"}
{"timestamp":"2025-08-25T08:02:43.187040Z","level":"info","event":"Current task name:dbt_snapshot_run","chan":"stdout","logger":"task"}
{"timestamp":"2025-08-25T08:02:43.187126Z","level":"info","event":"Dag name:dbt_pipeline_invalid_staging_silver","chan":"stdout","logger":"task"}
{"timestamp":"2025-08-25T08:02:43.187455","level":"info","event":"Tmp dir root location: /tmp","logger":"airflow.task.hooks.airflow.providers.standard.hooks.subprocess.SubprocessHook"}
{"timestamp":"2025-08-25T08:02:43.188583","level":"info","event":"Running command: ['/usr/bin/bash', '-c', 'cd /opt/airflow/dbt && dbt snapshot --profiles-dir /home/airflow/.dbt']","logger":"airflow.task.hooks.airflow.providers.standard.hooks.subprocess.SubprocessHook"}
{"timestamp":"2025-08-25T08:02:43.202436","level":"info","event":"Output:","logger":"airflow.task.hooks.airflow.providers.standard.hooks.subprocess.SubprocessHook"}
{"timestamp":"2025-08-25T08:02:44.813601","level":"info","event":"\u001b[0m08:02:44  Running with dbt=1.10.9","logger":"airflow.task.hooks.airflow.providers.standard.hooks.subprocess.SubprocessHook"}
{"timestamp":"2025-08-25T08:02:45.010397","level":"info","event":"\u001b[0m08:02:45  Registered adapter: postgres=1.9.0","logger":"airflow.task.hooks.airflow.providers.standard.hooks.subprocess.SubprocessHook"}
{"timestamp":"2025-08-25T08:02:45.548860","level":"info","event":"\u001b[0m08:02:45  Found 88 models, 9 snapshots, 376 data tests, 23 sources, 816 macros","logger":"airflow.task.hooks.airflow.providers.standard.hooks.subprocess.SubprocessHook"}
{"timestamp":"2025-08-25T08:02:45.554989","level":"info","event":"\u001b[0m08:02:45","logger":"airflow.task.hooks.airflow.providers.standard.hooks.subprocess.SubprocessHook"}
{"timestamp":"2025-08-25T08:02:45.555336","level":"info","event":"\u001b[0m08:02:45  Concurrency: 4 threads (target='dev')","logger":"airflow.task.hooks.airflow.providers.standard.hooks.subprocess.SubprocessHook"}
{"timestamp":"2025-08-25T08:02:45.555614","level":"info","event":"\u001b[0m08:02:45","logger":"airflow.task.hooks.airflow.providers.standard.hooks.subprocess.SubprocessHook"}
{"timestamp":"2025-08-25T08:02:55.246360","level":"info","event":"\u001b[0m08:02:55  1 of 9 START snapshot silver.dim_brands_snapshot ............................... [RUN]","logger":"airflow.task.hooks.airflow.providers.standard.hooks.subprocess.SubprocessHook"}
{"timestamp":"2025-08-25T08:02:55.248366","level":"info","event":"\u001b[0m08:02:55  2 of 9 START snapshot silver.dim_categories_snapshot ........................... [RUN]","logger":"airflow.task.hooks.airflow.providers.standard.hooks.subprocess.SubprocessHook"}
{"timestamp":"2025-08-25T08:02:55.249061","level":"info","event":"\u001b[0m08:02:55  3 of 9 START snapshot silver.dim_customers_snapshot ............................ [RUN]","logger":"airflow.task.hooks.airflow.providers.standard.hooks.subprocess.SubprocessHook"}
{"timestamp":"2025-08-25T08:02:55.249651","level":"info","event":"\u001b[0m08:02:55  4 of 9 START snapshot silver.dim_employees_snapshot ............................ [RUN]","logger":"airflow.task.hooks.airflow.providers.standard.hooks.subprocess.SubprocessHook"}
{"timestamp":"2025-08-25T08:03:01.844977","level":"info","event":"\u001b[0m08:03:01  4 of 9 OK snapshotted silver.dim_employees_snapshot ............................ [\u001b[32mINSERT 0 0\u001b[0m in 6.59s]","logger":"airflow.task.hooks.airflow.providers.standard.hooks.subprocess.SubprocessHook"}
{"timestamp":"2025-08-25T08:03:01.847859","level":"info","event":"\u001b[0m08:03:01  5 of 9 START snapshot silver.dim_loyalty_programs_snapshot ..................... [RUN]","logger":"airflow.task.hooks.airflow.providers.standard.hooks.subprocess.SubprocessHook"}
{"timestamp":"2025-08-25T08:03:01.849994","level":"info","event":"\u001b[0m08:03:01  3 of 9 OK snapshotted silver.dim_customers_snapshot ............................ [\u001b[32mINSERT 0 0\u001b[0m in 6.60s]","logger":"airflow.task.hooks.airflow.providers.standard.hooks.subprocess.SubprocessHook"}
{"timestamp":"2025-08-25T08:03:01.858353","level":"info","event":"\u001b[0m08:03:01  6 of 9 START snapshot silver.dim_products_snapshot ............................. [RUN]","logger":"airflow.task.hooks.airflow.providers.standard.hooks.subprocess.SubprocessHook"}
{"timestamp":"2025-08-25T08:03:01.864864","level":"info","event":"\u001b[0m08:03:01  2 of 9 OK snapshotted silver.dim_categories_snapshot ........................... [\u001b[32mINSERT 0 10\u001b[0m in 6.61s]","logger":"airflow.task.hooks.airflow.providers.standard.hooks.subprocess.SubprocessHook"}
{"timestamp":"2025-08-25T08:03:01.871933","level":"info","event":"\u001b[0m08:03:01  7 of 9 START snapshot silver.dim_promotions_snapshot ........................... [RUN]","logger":"airflow.task.hooks.airflow.providers.standard.hooks.subprocess.SubprocessHook"}
{"timestamp":"2025-08-25T08:03:01.884659","level":"info","event":"\u001b[0m08:03:01  1 of 9 OK snapshotted silver.dim_brands_snapshot ............................... [\u001b[32mINSERT 0 10\u001b[0m in 6.63s]","logger":"airflow.task.hooks.airflow.providers.standard.hooks.subprocess.SubprocessHook"}
{"timestamp":"2025-08-25T08:03:01.886127","level":"info","event":"\u001b[0m08:03:01  8 of 9 START snapshot silver.dim_stores_snapshot ............................... [RUN]","logger":"airflow.task.hooks.airflow.providers.standard.hooks.subprocess.SubprocessHook"}
{"timestamp":"2025-08-25T08:03:07.722571","level":"info","event":"\u001b[0m08:03:07  6 of 9 OK snapshotted silver.dim_products_snapshot ............................. [\u001b[32mINSERT 0 0\u001b[0m in 5.86s]","logger":"airflow.task.hooks.airflow.providers.standard.hooks.subprocess.SubprocessHook"}
{"timestamp":"2025-08-25T08:03:07.724120","level":"info","event":"\u001b[0m08:03:07  9 of 9 START snapshot silver.dim_suppliers_snapshot ............................ [RUN]","logger":"airflow.task.hooks.airflow.providers.standard.hooks.subprocess.SubprocessHook"}
{"timestamp":"2025-08-25T08:03:08.042941","level":"info","event":"\u001b[0m08:03:08  8 of 9 OK snapshotted silver.dim_stores_snapshot ............................... [\u001b[32mINSERT 0 0\u001b[0m in 6.16s]","logger":"airflow.task.hooks.airflow.providers.standard.hooks.subprocess.SubprocessHook"}
{"timestamp":"2025-08-25T08:03:08.770958","level":"info","event":"\u001b[0m08:03:08  7 of 9 OK snapshotted silver.dim_promotions_snapshot ........................... [\u001b[32mINSERT 0 0\u001b[0m in 6.90s]","logger":"airflow.task.hooks.airflow.providers.standard.hooks.subprocess.SubprocessHook"}
{"timestamp":"2025-08-25T08:03:08.773899","level":"info","event":"\u001b[0m08:03:08  5 of 9 OK snapshotted silver.dim_loyalty_programs_snapshot ..................... [\u001b[32mINSERT 0 0\u001b[0m in 6.92s]","logger":"airflow.task.hooks.airflow.providers.standard.hooks.subprocess.SubprocessHook"}
{"timestamp":"2025-08-25T08:03:13.470155","level":"info","event":"\u001b[0m08:03:13  9 of 9 OK snapshotted silver.dim_suppliers_snapshot ............................ [\u001b[32mINSERT 0 0\u001b[0m in 5.74s]","logger":"airflow.task.hooks.airflow.providers.standard.hooks.subprocess.SubprocessHook"}
{"timestamp":"2025-08-25T08:03:16.110107","level":"info","event":"\u001b[0m08:03:16","logger":"airflow.task.hooks.airflow.providers.standard.hooks.subprocess.SubprocessHook"}
{"timestamp":"2025-08-25T08:03:16.110378","level":"info","event":"\u001b[0m08:03:16  Finished running 9 snapshots in 0 hours 0 minutes and 30.55 seconds (30.55s).","logger":"airflow.task.hooks.airflow.providers.standard.hooks.subprocess.SubprocessHook"}
{"timestamp":"2025-08-25T08:03:16.268695","level":"info","event":"\u001b[0m08:03:16","logger":"airflow.task.hooks.airflow.providers.standard.hooks.subprocess.SubprocessHook"}
{"timestamp":"2025-08-25T08:03:16.268983","level":"info","event":"\u001b[0m08:03:16  \u001b[32mCompleted successfully\u001b[0m","logger":"airflow.task.hooks.airflow.providers.standard.hooks.subprocess.SubprocessHook"}
{"timestamp":"2025-08-25T08:03:16.269274","level":"info","event":"\u001b[0m08:03:16","logger":"airflow.task.hooks.airflow.providers.standard.hooks.subprocess.SubprocessHook"}
{"timestamp":"2025-08-25T08:03:16.269610","level":"info","event":"\u001b[0m08:03:16  Done. PASS=9 WARN=0 ERROR=0 SKIP=0 NO-OP=0 TOTAL=9","logger":"airflow.task.hooks.airflow.providers.standard.hooks.subprocess.SubprocessHook"}
{"timestamp":"2025-08-25T08:03:17.797037","level":"info","event":"Command exited with return code 0","logger":"airflow.task.hooks.airflow.providers.standard.hooks.subprocess.SubprocessHook"}
{"timestamp":"2025-08-25T08:03:17.797686","level":"info","event":"Pushing xcom","ti":"RuntimeTaskInstance(id=UUID('0198e03c-b9d4-774e-8fbb-1c3207827227'), task_id='dbt_snapshot_run', dag_id='dbt_pipeline_invalid_staging_silver', run_id='manual__2025-08-25T07:58:52.859055+00:00', try_number=1, map_index=-1, hostname='d71023bd2874', context_carrier={}, task=<Task(BashOperator): dbt_snapshot_run>, bundle_instance=LocalDagBundle(name=dags-folder), max_tries=0, start_date=datetime.datetime(2025, 8, 25, 8, 2, 42, 842565, tzinfo=datetime.timezone.utc), end_date=None, state=<TaskInstanceState.RUNNING: 'running'>, is_mapped=False, rendered_map_index=None, log_url='http://localhost:8080/dags/dbt_pipeline_invalid_staging_silver/runs/manual__2025-08-25T07%3A58%3A52.859055%2B00%3A00/tasks/dbt_snapshot_run?try_number=1')","logger":"task"}
{"timestamp":"2025-08-25T08:03:17.827648","level":"warning","event":"/home/airflow/.local/lib/python3.12/site-packages/airflow/models/connection.py:471: DeprecationWarning: Using Connection.get_connection_from_secrets from `airflow.models` is deprecated.Please use `from airflow.sdk import Connection` instead\n  warnings.warn(\n","logger":"py.warnings"}
{"timestamp":"2025-08-25T08:03:17.831167","level":"info","event":"Connection Retrieved 'ms_teams_webhook'","logger":"airflow.hooks.base"}
{"timestamp":"2025-08-25T08:03:19.222998Z","level":"info","event":"Task instance in success state","chan":"stdout","logger":"task"}
{"timestamp":"2025-08-25T08:03:19.223145Z","level":"info","event":" Previous state of the Task instance: TaskInstanceState.RUNNING","chan":"stdout","logger":"task"}
{"timestamp":"2025-08-25T08:03:19.224315Z","level":"info","event":"Task operator:<Task(BashOperator): dbt_snapshot_run>","chan":"stdout","logger":"task"}
