{"timestamp":"2025-08-26T15:24:54.987033","level":"info","event":"DAG bundles loaded: dags-folder, example_dags","logger":"airflow.dag_processing.bundles.manager.DagBundlesManager"}
{"timestamp":"2025-08-26T15:24:54.987423","level":"info","event":"Filling up the DagBag from /opt/airflow/dags/dbt_process_data.py","logger":"airflow.models.dagbag.DagBag"}
{"timestamp":"2025-08-26T15:24:55.015360Z","level":"info","event":"Task instance is in running state","chan":"stdout","logger":"task"}
{"timestamp":"2025-08-26T15:24:55.015500Z","level":"info","event":" Previous state of the Task instance: TaskInstanceState.QUEUED","chan":"stdout","logger":"task"}
{"timestamp":"2025-08-26T15:24:55.016279Z","level":"info","event":"Current task name:dbt_staging","chan":"stdout","logger":"task"}
{"timestamp":"2025-08-26T15:24:55.016355Z","level":"info","event":"Dag name:dbt_pipeline_invalid_staging_silver","chan":"stdout","logger":"task"}
{"timestamp":"2025-08-26T15:24:55.016696","level":"info","event":"Tmp dir root location: /tmp","logger":"airflow.task.hooks.airflow.providers.standard.hooks.subprocess.SubprocessHook"}
{"timestamp":"2025-08-26T15:24:55.017904","level":"info","event":"Running command: ['/usr/bin/bash', '-c', 'cd /opt/airflow/dbt && dbt run --select path:models/staging --full-refresh --profiles-dir /home/airflow/.dbt']","logger":"airflow.task.hooks.airflow.providers.standard.hooks.subprocess.SubprocessHook"}
{"timestamp":"2025-08-26T15:24:55.032078","level":"info","event":"Output:","logger":"airflow.task.hooks.airflow.providers.standard.hooks.subprocess.SubprocessHook"}
{"timestamp":"2025-08-26T15:24:56.834932","level":"info","event":"\u001b[0m15:24:56  Running with dbt=1.10.9","logger":"airflow.task.hooks.airflow.providers.standard.hooks.subprocess.SubprocessHook"}
{"timestamp":"2025-08-26T15:24:57.058270","level":"info","event":"\u001b[0m15:24:57  Registered adapter: postgres=1.9.0","logger":"airflow.task.hooks.airflow.providers.standard.hooks.subprocess.SubprocessHook"}
{"timestamp":"2025-08-26T15:24:57.680291","level":"info","event":"\u001b[0m15:24:57  Found 88 models, 9 snapshots, 376 data tests, 23 sources, 816 macros","logger":"airflow.task.hooks.airflow.providers.standard.hooks.subprocess.SubprocessHook"}
{"timestamp":"2025-08-26T15:24:57.699433","level":"info","event":"\u001b[0m15:24:57","logger":"airflow.task.hooks.airflow.providers.standard.hooks.subprocess.SubprocessHook"}
{"timestamp":"2025-08-26T15:24:57.699838","level":"info","event":"\u001b[0m15:24:57  Concurrency: 4 threads (target='dev')","logger":"airflow.task.hooks.airflow.providers.standard.hooks.subprocess.SubprocessHook"}
{"timestamp":"2025-08-26T15:24:57.700234","level":"info","event":"\u001b[0m15:24:57","logger":"airflow.task.hooks.airflow.providers.standard.hooks.subprocess.SubprocessHook"}
{"timestamp":"2025-08-26T15:25:13.102649","level":"info","event":"\u001b[0m15:25:13  1 of 23 START sql view model silver_staging.stg_brands ......................... [RUN]","logger":"airflow.task.hooks.airflow.providers.standard.hooks.subprocess.SubprocessHook"}
{"timestamp":"2025-08-26T15:25:13.104103","level":"info","event":"\u001b[0m15:25:13  2 of 23 START sql view model silver_staging.stg_campaigns ...................... [RUN]","logger":"airflow.task.hooks.airflow.providers.standard.hooks.subprocess.SubprocessHook"}
{"timestamp":"2025-08-26T15:25:13.104764","level":"info","event":"\u001b[0m15:25:13  3 of 23 START sql view model silver_staging.stg_categories ..................... [RUN]","logger":"airflow.task.hooks.airflow.providers.standard.hooks.subprocess.SubprocessHook"}
{"timestamp":"2025-08-26T15:25:13.105377","level":"info","event":"\u001b[0m15:25:13  4 of 23 START sql view model silver_staging.stg_customer_feedback .............. [RUN]","logger":"airflow.task.hooks.airflow.providers.standard.hooks.subprocess.SubprocessHook"}
{"timestamp":"2025-08-26T15:25:17.990166","level":"info","event":"\u001b[0m15:25:17  1 of 23 OK created sql view model silver_staging.stg_brands .................... [\u001b[32mCREATE VIEW\u001b[0m in 4.88s]","logger":"airflow.task.hooks.airflow.providers.standard.hooks.subprocess.SubprocessHook"}
{"timestamp":"2025-08-26T15:25:17.991994","level":"info","event":"\u001b[0m15:25:17  5 of 23 START sql view model silver_staging.stg_customers ...................... [RUN]","logger":"airflow.task.hooks.airflow.providers.standard.hooks.subprocess.SubprocessHook"}
{"timestamp":"2025-08-26T15:25:18.348493","level":"info","event":"\u001b[0m15:25:18  4 of 23 OK created sql view model silver_staging.stg_customer_feedback ......... [\u001b[32mCREATE VIEW\u001b[0m in 5.24s]","logger":"airflow.task.hooks.airflow.providers.standard.hooks.subprocess.SubprocessHook"}
{"timestamp":"2025-08-26T15:25:18.349879","level":"info","event":"\u001b[0m15:25:18  6 of 23 START sql view model silver_staging.stg_discount_rules ................. [RUN]","logger":"airflow.task.hooks.airflow.providers.standard.hooks.subprocess.SubprocessHook"}
{"timestamp":"2025-08-26T15:25:19.779705","level":"info","event":"\u001b[0m15:25:19  2 of 23 OK created sql view model silver_staging.stg_campaigns ................. [\u001b[32mCREATE VIEW\u001b[0m in 6.67s]","logger":"airflow.task.hooks.airflow.providers.standard.hooks.subprocess.SubprocessHook"}
{"timestamp":"2025-08-26T15:25:19.780294","level":"info","event":"\u001b[0m15:25:19  3 of 23 OK created sql view model silver_staging.stg_categories ................ [\u001b[32mCREATE VIEW\u001b[0m in 6.67s]","logger":"airflow.task.hooks.airflow.providers.standard.hooks.subprocess.SubprocessHook"}
{"timestamp":"2025-08-26T15:25:19.783009","level":"info","event":"\u001b[0m15:25:19  7 of 23 START sql view model silver_staging.stg_employees ...................... [RUN]","logger":"airflow.task.hooks.airflow.providers.standard.hooks.subprocess.SubprocessHook"}
{"timestamp":"2025-08-26T15:25:19.783558","level":"info","event":"\u001b[0m15:25:19  8 of 23 START sql view model silver_staging.stg_inventory ...................... [RUN]","logger":"airflow.task.hooks.airflow.providers.standard.hooks.subprocess.SubprocessHook"}
{"timestamp":"2025-08-26T15:25:22.365835","level":"info","event":"\u001b[0m15:25:22  5 of 23 OK created sql view model silver_staging.stg_customers ................. [\u001b[32mCREATE VIEW\u001b[0m in 4.37s]","logger":"airflow.task.hooks.airflow.providers.standard.hooks.subprocess.SubprocessHook"}
{"timestamp":"2025-08-26T15:25:22.367551","level":"info","event":"\u001b[0m15:25:22  9 of 23 START sql view model silver_staging.stg_loyalty_programs ............... [RUN]","logger":"airflow.task.hooks.airflow.providers.standard.hooks.subprocess.SubprocessHook"}
{"timestamp":"2025-08-26T15:25:23.335565","level":"info","event":"\u001b[0m15:25:23  6 of 23 OK created sql view model silver_staging.stg_discount_rules ............ [\u001b[32mCREATE VIEW\u001b[0m in 4.98s]","logger":"airflow.task.hooks.airflow.providers.standard.hooks.subprocess.SubprocessHook"}
{"timestamp":"2025-08-26T15:25:23.337130","level":"info","event":"\u001b[0m15:25:23  10 of 23 START sql view model silver_staging.stg_payments ...................... [RUN]","logger":"airflow.task.hooks.airflow.providers.standard.hooks.subprocess.SubprocessHook"}
{"timestamp":"2025-08-26T15:25:24.347241","level":"info","event":"\u001b[0m15:25:24  8 of 23 OK created sql view model silver_staging.stg_inventory ................. [\u001b[32mCREATE VIEW\u001b[0m in 4.56s]","logger":"airflow.task.hooks.airflow.providers.standard.hooks.subprocess.SubprocessHook"}
{"timestamp":"2025-08-26T15:25:24.348618","level":"info","event":"\u001b[0m15:25:24  11 of 23 START sql view model silver_staging.stg_pricing_history ............... [RUN]","logger":"airflow.task.hooks.airflow.providers.standard.hooks.subprocess.SubprocessHook"}
{"timestamp":"2025-08-26T15:25:25.128845","level":"info","event":"\u001b[0m15:25:25  7 of 23 OK created sql view model silver_staging.stg_employees ................. [\u001b[32mCREATE VIEW\u001b[0m in 5.34s]","logger":"airflow.task.hooks.airflow.providers.standard.hooks.subprocess.SubprocessHook"}
{"timestamp":"2025-08-26T15:25:25.130201","level":"info","event":"\u001b[0m15:25:25  12 of 23 START sql view model silver_staging.stg_products ...................... [RUN]","logger":"airflow.task.hooks.airflow.providers.standard.hooks.subprocess.SubprocessHook"}
{"timestamp":"2025-08-26T15:25:25.767016","level":"info","event":"\u001b[0m15:25:25  9 of 23 OK created sql view model silver_staging.stg_loyalty_programs .......... [\u001b[32mCREATE VIEW\u001b[0m in 3.40s]","logger":"airflow.task.hooks.airflow.providers.standard.hooks.subprocess.SubprocessHook"}
{"timestamp":"2025-08-26T15:25:25.768451","level":"info","event":"\u001b[0m15:25:25  13 of 23 START sql view model silver_staging.stg_promotions .................... [RUN]","logger":"airflow.task.hooks.airflow.providers.standard.hooks.subprocess.SubprocessHook"}
{"timestamp":"2025-08-26T15:25:28.003771","level":"info","event":"\u001b[0m15:25:28  10 of 23 OK created sql view model silver_staging.stg_payments ................. [\u001b[32mCREATE VIEW\u001b[0m in 4.67s]","logger":"airflow.task.hooks.airflow.providers.standard.hooks.subprocess.SubprocessHook"}
{"timestamp":"2025-08-26T15:25:28.005187","level":"info","event":"\u001b[0m15:25:28  14 of 23 START sql view model silver_staging.stg_purchase_orders ............... [RUN]","logger":"airflow.task.hooks.airflow.providers.standard.hooks.subprocess.SubprocessHook"}
{"timestamp":"2025-08-26T15:25:28.048650","level":"info","event":"\u001b[0m15:25:28  11 of 23 OK created sql view model silver_staging.stg_pricing_history .......... [\u001b[32mCREATE VIEW\u001b[0m in 3.70s]","logger":"airflow.task.hooks.airflow.providers.standard.hooks.subprocess.SubprocessHook"}
{"timestamp":"2025-08-26T15:25:28.050262","level":"info","event":"\u001b[0m15:25:28  15 of 23 START sql view model silver_staging.stg_returns ....................... [RUN]","logger":"airflow.task.hooks.airflow.providers.standard.hooks.subprocess.SubprocessHook"}
{"timestamp":"2025-08-26T15:25:29.417513","level":"info","event":"\u001b[0m15:25:29  13 of 23 OK created sql view model silver_staging.stg_promotions ............... [\u001b[32mCREATE VIEW\u001b[0m in 3.65s]","logger":"airflow.task.hooks.airflow.providers.standard.hooks.subprocess.SubprocessHook"}
{"timestamp":"2025-08-26T15:25:29.419193","level":"info","event":"\u001b[0m15:25:29  16 of 23 START sql view model silver_staging.stg_sales_items ................... [RUN]","logger":"airflow.task.hooks.airflow.providers.standard.hooks.subprocess.SubprocessHook"}
{"timestamp":"2025-08-26T15:25:29.646222","level":"info","event":"\u001b[0m15:25:29  12 of 23 OK created sql view model silver_staging.stg_products ................. [\u001b[32mCREATE VIEW\u001b[0m in 4.51s]","logger":"airflow.task.hooks.airflow.providers.standard.hooks.subprocess.SubprocessHook"}
{"timestamp":"2025-08-26T15:25:29.648194","level":"info","event":"\u001b[0m15:25:29  17 of 23 START sql view model silver_staging.stg_sales_transactions ............ [RUN]","logger":"airflow.task.hooks.airflow.providers.standard.hooks.subprocess.SubprocessHook"}
{"timestamp":"2025-08-26T15:25:31.291564","level":"info","event":"\u001b[0m15:25:31  15 of 23 OK created sql view model silver_staging.stg_returns .................. [\u001b[32mCREATE VIEW\u001b[0m in 3.24s]","logger":"airflow.task.hooks.airflow.providers.standard.hooks.subprocess.SubprocessHook"}
{"timestamp":"2025-08-26T15:25:31.293518","level":"info","event":"\u001b[0m15:25:31  18 of 23 START sql view model silver_staging.stg_shipments ..................... [RUN]","logger":"airflow.task.hooks.airflow.providers.standard.hooks.subprocess.SubprocessHook"}
{"timestamp":"2025-08-26T15:25:31.870578","level":"info","event":"\u001b[0m15:25:31  14 of 23 OK created sql view model silver_staging.stg_purchase_orders .......... [\u001b[32mCREATE VIEW\u001b[0m in 3.86s]","logger":"airflow.task.hooks.airflow.providers.standard.hooks.subprocess.SubprocessHook"}
{"timestamp":"2025-08-26T15:25:31.871950","level":"info","event":"\u001b[0m15:25:31  19 of 23 START sql view model silver_staging.stg_stock_movements ............... [RUN]","logger":"airflow.task.hooks.airflow.providers.standard.hooks.subprocess.SubprocessHook"}
{"timestamp":"2025-08-26T15:25:33.383690","level":"info","event":"\u001b[0m15:25:33  17 of 23 OK created sql view model silver_staging.stg_sales_transactions ....... [\u001b[32mCREATE VIEW\u001b[0m in 3.73s]","logger":"airflow.task.hooks.airflow.providers.standard.hooks.subprocess.SubprocessHook"}
{"timestamp":"2025-08-26T15:25:33.385162","level":"info","event":"\u001b[0m15:25:33  20 of 23 START sql view model silver_staging.stg_store_visits .................. [RUN]","logger":"airflow.task.hooks.airflow.providers.standard.hooks.subprocess.SubprocessHook"}
{"timestamp":"2025-08-26T15:25:34.683964","level":"info","event":"\u001b[0m15:25:34  18 of 23 OK created sql view model silver_staging.stg_shipments ................ [\u001b[32mCREATE VIEW\u001b[0m in 3.39s]","logger":"airflow.task.hooks.airflow.providers.standard.hooks.subprocess.SubprocessHook"}
{"timestamp":"2025-08-26T15:25:34.685452","level":"info","event":"\u001b[0m15:25:34  21 of 23 START sql view model silver_staging.stg_stores ........................ [RUN]","logger":"airflow.task.hooks.airflow.providers.standard.hooks.subprocess.SubprocessHook"}
{"timestamp":"2025-08-26T15:25:34.729974","level":"info","event":"\u001b[0m15:25:34  16 of 23 OK created sql view model silver_staging.stg_sales_items .............. [\u001b[32mCREATE VIEW\u001b[0m in 5.31s]","logger":"airflow.task.hooks.airflow.providers.standard.hooks.subprocess.SubprocessHook"}
{"timestamp":"2025-08-26T15:25:34.731479","level":"info","event":"\u001b[0m15:25:34  22 of 23 START sql view model silver_staging.stg_suppliers ..................... [RUN]","logger":"airflow.task.hooks.airflow.providers.standard.hooks.subprocess.SubprocessHook"}
{"timestamp":"2025-08-26T15:25:36.031178","level":"info","event":"\u001b[0m15:25:36  19 of 23 OK created sql view model silver_staging.stg_stock_movements .......... [\u001b[32mCREATE VIEW\u001b[0m in 4.16s]","logger":"airflow.task.hooks.airflow.providers.standard.hooks.subprocess.SubprocessHook"}
{"timestamp":"2025-08-26T15:25:36.032772","level":"info","event":"\u001b[0m15:25:36  23 of 23 START sql view model silver_staging.stg_tax_rules ..................... [RUN]","logger":"airflow.task.hooks.airflow.providers.standard.hooks.subprocess.SubprocessHook"}
{"timestamp":"2025-08-26T15:25:37.058627","level":"info","event":"\u001b[0m15:25:37  20 of 23 OK created sql view model silver_staging.stg_store_visits ............. [\u001b[32mCREATE VIEW\u001b[0m in 3.67s]","logger":"airflow.task.hooks.airflow.providers.standard.hooks.subprocess.SubprocessHook"}
{"timestamp":"2025-08-26T15:25:39.332195","level":"info","event":"\u001b[0m15:25:39  23 of 23 OK created sql view model silver_staging.stg_tax_rules ................ [\u001b[32mCREATE VIEW\u001b[0m in 3.30s]","logger":"airflow.task.hooks.airflow.providers.standard.hooks.subprocess.SubprocessHook"}
{"timestamp":"2025-08-26T15:25:39.955560","level":"info","event":"\u001b[0m15:25:39  21 of 23 OK created sql view model silver_staging.stg_stores ................... [\u001b[32mCREATE VIEW\u001b[0m in 5.27s]","logger":"airflow.task.hooks.airflow.providers.standard.hooks.subprocess.SubprocessHook"}
{"timestamp":"2025-08-26T15:25:45.651221","level":"info","event":"\u001b[0m15:25:45  22 of 23 OK created sql view model silver_staging.stg_suppliers ................ [\u001b[32mCREATE VIEW\u001b[0m in 8.50s]","logger":"airflow.task.hooks.airflow.providers.standard.hooks.subprocess.SubprocessHook"}
{"timestamp":"2025-08-26T15:25:48.364347","level":"info","event":"\u001b[0m15:25:48","logger":"airflow.task.hooks.airflow.providers.standard.hooks.subprocess.SubprocessHook"}
{"timestamp":"2025-08-26T15:25:48.364470","level":"info","event":"\u001b[0m15:25:48  Finished running 23 view models in 0 hours 0 minutes and 50.66 seconds (50.66s).","logger":"airflow.task.hooks.airflow.providers.standard.hooks.subprocess.SubprocessHook"}
{"timestamp":"2025-08-26T15:25:48.536531","level":"info","event":"\u001b[0m15:25:48","logger":"airflow.task.hooks.airflow.providers.standard.hooks.subprocess.SubprocessHook"}
{"timestamp":"2025-08-26T15:25:48.536805","level":"info","event":"\u001b[0m15:25:48  \u001b[32mCompleted successfully\u001b[0m","logger":"airflow.task.hooks.airflow.providers.standard.hooks.subprocess.SubprocessHook"}
{"timestamp":"2025-08-26T15:25:48.537093","level":"info","event":"\u001b[0m15:25:48","logger":"airflow.task.hooks.airflow.providers.standard.hooks.subprocess.SubprocessHook"}
{"timestamp":"2025-08-26T15:25:48.537467","level":"info","event":"\u001b[0m15:25:48  Done. PASS=23 WARN=0 ERROR=0 SKIP=0 NO-OP=0 TOTAL=23","logger":"airflow.task.hooks.airflow.providers.standard.hooks.subprocess.SubprocessHook"}
{"timestamp":"2025-08-26T15:25:50.023819","level":"info","event":"Command exited with return code 0","logger":"airflow.task.hooks.airflow.providers.standard.hooks.subprocess.SubprocessHook"}
{"timestamp":"2025-08-26T15:25:50.024558","level":"info","event":"Pushing xcom","ti":"RuntimeTaskInstance(id=UUID('0198e6fb-6e3f-738e-a73b-512bf568b20a'), task_id='dbt_staging', dag_id='dbt_pipeline_invalid_staging_silver', run_id='manual__2025-08-26T15:24:54.193527+00:00', try_number=1, map_index=-1, hostname='609becd29040', context_carrier={}, task=<Task(BashOperator): dbt_staging>, bundle_instance=LocalDagBundle(name=dags-folder), max_tries=0, start_date=datetime.datetime(2025, 8, 26, 15, 24, 54, 664951, tzinfo=datetime.timezone.utc), end_date=None, state=<TaskInstanceState.RUNNING: 'running'>, is_mapped=False, rendered_map_index=None, log_url='http://localhost:8080/dags/dbt_pipeline_invalid_staging_silver/runs/manual__2025-08-26T15%3A24%3A54.193527%2B00%3A00/tasks/dbt_staging?try_number=1')","logger":"task"}
{"timestamp":"2025-08-26T15:25:50.057861","level":"warning","event":"/home/airflow/.local/lib/python3.12/site-packages/airflow/models/connection.py:471: DeprecationWarning: Using Connection.get_connection_from_secrets from `airflow.models` is deprecated.Please use `from airflow.sdk import Connection` instead\n  warnings.warn(\n","logger":"py.warnings"}
{"timestamp":"2025-08-26T15:25:50.061731","level":"info","event":"Connection Retrieved 'ms_teams_webhook'","logger":"airflow.hooks.base"}
{"timestamp":"2025-08-26T15:25:54.137426Z","level":"info","event":"Task instance in success state","chan":"stdout","logger":"task"}
{"timestamp":"2025-08-26T15:25:54.137589Z","level":"info","event":" Previous state of the Task instance: TaskInstanceState.RUNNING","chan":"stdout","logger":"task"}
{"timestamp":"2025-08-26T15:25:54.138677Z","level":"info","event":"Task operator:<Task(BashOperator): dbt_staging>","chan":"stdout","logger":"task"}
