{"timestamp":"2025-08-21T12:28:13.244599","level":"info","event":"DAG bundles loaded: dags-folder, example_dags","logger":"airflow.dag_processing.bundles.manager.DagBundlesManager"}
{"timestamp":"2025-08-21T12:28:13.245020","level":"info","event":"Filling up the DagBag from /opt/airflow/dags/dbt_process_data.py","logger":"airflow.models.dagbag.DagBag"}
{"timestamp":"2025-08-21T12:28:13.272339Z","level":"info","event":"Task instance is in running state","chan":"stdout","logger":"task"}
{"timestamp":"2025-08-21T12:28:13.272476Z","level":"info","event":" Previous state of the Task instance: TaskInstanceState.QUEUED","chan":"stdout","logger":"task"}
{"timestamp":"2025-08-21T12:28:13.273127Z","level":"info","event":"Current task name:dbt_invalid","chan":"stdout","logger":"task"}
{"timestamp":"2025-08-21T12:28:13.273220Z","level":"info","event":"Dag name:dbt_pipeline_invalid_staging_silver","chan":"stdout","logger":"task"}
{"timestamp":"2025-08-21T12:28:13.273530","level":"info","event":"Tmp dir root location: /tmp","logger":"airflow.task.hooks.airflow.providers.standard.hooks.subprocess.SubprocessHook"}
{"timestamp":"2025-08-21T12:28:13.274650","level":"info","event":"Running command: ['/usr/bin/bash', '-c', 'cd /opt/airflow/dbt && dbt run --select path:models/invalid --full-refresh --profiles-dir /home/airflow/.dbt']","logger":"airflow.task.hooks.airflow.providers.standard.hooks.subprocess.SubprocessHook"}
{"timestamp":"2025-08-21T12:28:13.288082","level":"info","event":"Output:","logger":"airflow.task.hooks.airflow.providers.standard.hooks.subprocess.SubprocessHook"}
{"timestamp":"2025-08-21T12:28:15.001390","level":"info","event":"\u001b[0m12:28:15  Running with dbt=1.10.9","logger":"airflow.task.hooks.airflow.providers.standard.hooks.subprocess.SubprocessHook"}
{"timestamp":"2025-08-21T12:28:15.192561","level":"info","event":"\u001b[0m12:28:15  Registered adapter: postgres=1.9.0","logger":"airflow.task.hooks.airflow.providers.standard.hooks.subprocess.SubprocessHook"}
{"timestamp":"2025-08-21T12:28:15.505923","level":"info","event":"\u001b[0m12:28:15  Found 65 models, 23 sources, 435 macros","logger":"airflow.task.hooks.airflow.providers.standard.hooks.subprocess.SubprocessHook"}
{"timestamp":"2025-08-21T12:28:15.509606","level":"info","event":"\u001b[0m12:28:15","logger":"airflow.task.hooks.airflow.providers.standard.hooks.subprocess.SubprocessHook"}
{"timestamp":"2025-08-21T12:28:15.509933","level":"info","event":"\u001b[0m12:28:15  Concurrency: 4 threads (target='dev')","logger":"airflow.task.hooks.airflow.providers.standard.hooks.subprocess.SubprocessHook"}
{"timestamp":"2025-08-21T12:28:15.510217","level":"info","event":"\u001b[0m12:28:15","logger":"airflow.task.hooks.airflow.providers.standard.hooks.subprocess.SubprocessHook"}
{"timestamp":"2025-08-21T12:28:35.967478","level":"info","event":"\u001b[0m12:28:35  1 of 18 START sql view model silver_invalid.customer_feedback_invalid .......... [RUN]","logger":"airflow.task.hooks.airflow.providers.standard.hooks.subprocess.SubprocessHook"}
{"timestamp":"2025-08-21T12:28:35.968496","level":"info","event":"\u001b[0m12:28:35  2 of 18 START sql view model silver_invalid.customer_invalid ................... [RUN]","logger":"airflow.task.hooks.airflow.providers.standard.hooks.subprocess.SubprocessHook"}
{"timestamp":"2025-08-21T12:28:35.969019","level":"info","event":"\u001b[0m12:28:35  3 of 18 START sql view model silver_invalid.discount_rules_invalid ............. [RUN]","logger":"airflow.task.hooks.airflow.providers.standard.hooks.subprocess.SubprocessHook"}
{"timestamp":"2025-08-21T12:28:35.969599","level":"info","event":"\u001b[0m12:28:35  4 of 18 START sql view model silver_invalid.employees_invalid .................. [RUN]","logger":"airflow.task.hooks.airflow.providers.standard.hooks.subprocess.SubprocessHook"}
{"timestamp":"2025-08-21T12:28:42.181000","level":"info","event":"\u001b[0m12:28:42  1 of 18 OK created sql view model silver_invalid.customer_feedback_invalid ..... [\u001b[32mCREATE VIEW\u001b[0m in 6.21s]","logger":"airflow.task.hooks.airflow.providers.standard.hooks.subprocess.SubprocessHook"}
{"timestamp":"2025-08-21T12:28:42.182405","level":"info","event":"\u001b[0m12:28:42  5 of 18 START sql view model silver_invalid.inventory_invalid .................. [RUN]","logger":"airflow.task.hooks.airflow.providers.standard.hooks.subprocess.SubprocessHook"}
{"timestamp":"2025-08-21T12:28:43.356166","level":"info","event":"\u001b[0m12:28:43  4 of 18 OK created sql view model silver_invalid.employees_invalid ............. [\u001b[32mCREATE VIEW\u001b[0m in 7.38s]","logger":"airflow.task.hooks.airflow.providers.standard.hooks.subprocess.SubprocessHook"}
{"timestamp":"2025-08-21T12:28:43.357813","level":"info","event":"\u001b[0m12:28:43  6 of 18 START sql table model silver_invalid.loyalty_programs_invalid .......... [RUN]","logger":"airflow.task.hooks.airflow.providers.standard.hooks.subprocess.SubprocessHook"}
{"timestamp":"2025-08-21T12:28:43.432492","level":"info","event":"\u001b[0m12:28:43  2 of 18 OK created sql view model silver_invalid.customer_invalid .............. [\u001b[32mCREATE VIEW\u001b[0m in 7.46s]","logger":"airflow.task.hooks.airflow.providers.standard.hooks.subprocess.SubprocessHook"}
{"timestamp":"2025-08-21T12:28:43.434537","level":"info","event":"\u001b[0m12:28:43  7 of 18 START sql view model silver_invalid.payments_invalid ................... [RUN]","logger":"airflow.task.hooks.airflow.providers.standard.hooks.subprocess.SubprocessHook"}
{"timestamp":"2025-08-21T12:28:43.877245","level":"info","event":"\u001b[0m12:28:43  3 of 18 OK created sql view model silver_invalid.discount_rules_invalid ........ [\u001b[32mCREATE VIEW\u001b[0m in 7.91s]","logger":"airflow.task.hooks.airflow.providers.standard.hooks.subprocess.SubprocessHook"}
{"timestamp":"2025-08-21T12:28:43.878765","level":"info","event":"\u001b[0m12:28:43  8 of 18 START sql view model silver_invalid.pricing_history_invalid ............ [RUN]","logger":"airflow.task.hooks.airflow.providers.standard.hooks.subprocess.SubprocessHook"}
{"timestamp":"2025-08-21T12:28:46.607108","level":"info","event":"\u001b[0m12:28:46  5 of 18 OK created sql view model silver_invalid.inventory_invalid ............. [\u001b[32mCREATE VIEW\u001b[0m in 4.42s]","logger":"airflow.task.hooks.airflow.providers.standard.hooks.subprocess.SubprocessHook"}
{"timestamp":"2025-08-21T12:28:46.608853","level":"info","event":"\u001b[0m12:28:46  9 of 18 START sql view model silver_invalid.products_invalid ................... [RUN]","logger":"airflow.task.hooks.airflow.providers.standard.hooks.subprocess.SubprocessHook"}
{"timestamp":"2025-08-21T12:28:48.250029","level":"info","event":"\u001b[0m12:28:48  8 of 18 OK created sql view model silver_invalid.pricing_history_invalid ....... [\u001b[32mCREATE VIEW\u001b[0m in 4.37s]","logger":"airflow.task.hooks.airflow.providers.standard.hooks.subprocess.SubprocessHook"}
{"timestamp":"2025-08-21T12:28:48.251562","level":"info","event":"\u001b[0m12:28:48  10 of 18 START sql view model silver_invalid.promotions_invalid ................ [RUN]","logger":"airflow.task.hooks.airflow.providers.standard.hooks.subprocess.SubprocessHook"}
{"timestamp":"2025-08-21T12:28:48.378337","level":"info","event":"\u001b[0m12:28:48  7 of 18 OK created sql view model silver_invalid.payments_invalid .............. [\u001b[32mCREATE VIEW\u001b[0m in 4.94s]","logger":"airflow.task.hooks.airflow.providers.standard.hooks.subprocess.SubprocessHook"}
{"timestamp":"2025-08-21T12:28:48.379857","level":"info","event":"\u001b[0m12:28:48  11 of 18 START sql view model silver_invalid.purchase_orders_invalid ........... [RUN]","logger":"airflow.task.hooks.airflow.providers.standard.hooks.subprocess.SubprocessHook"}
{"timestamp":"2025-08-21T12:28:49.694648","level":"info","event":"\u001b[0m12:28:49  6 of 18 OK created sql table model silver_invalid.loyalty_programs_invalid ..... [\u001b[32mSELECT 0\u001b[0m in 6.34s]","logger":"airflow.task.hooks.airflow.providers.standard.hooks.subprocess.SubprocessHook"}
{"timestamp":"2025-08-21T12:28:49.696015","level":"info","event":"\u001b[0m12:28:49  12 of 18 START sql table model silver_invalid.returns_invalid .................. [RUN]","logger":"airflow.task.hooks.airflow.providers.standard.hooks.subprocess.SubprocessHook"}
{"timestamp":"2025-08-21T12:28:52.744241","level":"info","event":"\u001b[0m12:28:52  9 of 18 OK created sql view model silver_invalid.products_invalid .............. [\u001b[32mCREATE VIEW\u001b[0m in 6.13s]","logger":"airflow.task.hooks.airflow.providers.standard.hooks.subprocess.SubprocessHook"}
{"timestamp":"2025-08-21T12:28:52.745807","level":"info","event":"\u001b[0m12:28:52  13 of 18 START sql view model silver_invalid.sales_items_invalid ............... [RUN]","logger":"airflow.task.hooks.airflow.providers.standard.hooks.subprocess.SubprocessHook"}
{"timestamp":"2025-08-21T12:28:53.370696","level":"info","event":"\u001b[0m12:28:53  10 of 18 OK created sql view model silver_invalid.promotions_invalid ........... [\u001b[32mCREATE VIEW\u001b[0m in 5.12s]","logger":"airflow.task.hooks.airflow.providers.standard.hooks.subprocess.SubprocessHook"}
{"timestamp":"2025-08-21T12:28:53.372126","level":"info","event":"\u001b[0m12:28:53  14 of 18 START sql view model silver_invalid.sales_transactions_invalid ........ [RUN]","logger":"airflow.task.hooks.airflow.providers.standard.hooks.subprocess.SubprocessHook"}
{"timestamp":"2025-08-21T12:28:53.384598","level":"info","event":"\u001b[0m12:28:53  11 of 18 OK created sql view model silver_invalid.purchase_orders_invalid ...... [\u001b[32mCREATE VIEW\u001b[0m in 5.00s]","logger":"airflow.task.hooks.airflow.providers.standard.hooks.subprocess.SubprocessHook"}
{"timestamp":"2025-08-21T12:28:53.386553","level":"info","event":"\u001b[0m12:28:53  15 of 18 START sql view model silver_invalid.shipments_invalid ................. [RUN]","logger":"airflow.task.hooks.airflow.providers.standard.hooks.subprocess.SubprocessHook"}
{"timestamp":"2025-08-21T12:28:53.598252","level":"info","event":"\u001b[0m12:28:53  12 of 18 OK created sql table model silver_invalid.returns_invalid ............. [\u001b[32mSELECT 500\u001b[0m in 3.90s]","logger":"airflow.task.hooks.airflow.providers.standard.hooks.subprocess.SubprocessHook"}
{"timestamp":"2025-08-21T12:28:53.599932","level":"info","event":"\u001b[0m12:28:53  16 of 18 START sql view model silver_invalid.stock_movements_invalid ........... [RUN]","logger":"airflow.task.hooks.airflow.providers.standard.hooks.subprocess.SubprocessHook"}
{"timestamp":"2025-08-21T12:28:58.066844","level":"info","event":"\u001b[0m12:28:58  16 of 18 OK created sql view model silver_invalid.stock_movements_invalid ...... [\u001b[32mCREATE VIEW\u001b[0m in 4.47s]","logger":"airflow.task.hooks.airflow.providers.standard.hooks.subprocess.SubprocessHook"}
{"timestamp":"2025-08-21T12:28:58.068373","level":"info","event":"\u001b[0m12:28:58  17 of 18 START sql view model silver_invalid.store_visits_invalid .............. [RUN]","logger":"airflow.task.hooks.airflow.providers.standard.hooks.subprocess.SubprocessHook"}
{"timestamp":"2025-08-21T12:28:59.850800","level":"info","event":"\u001b[0m12:28:59  14 of 18 OK created sql view model silver_invalid.sales_transactions_invalid ... [\u001b[32mCREATE VIEW\u001b[0m in 6.48s]","logger":"airflow.task.hooks.airflow.providers.standard.hooks.subprocess.SubprocessHook"}
{"timestamp":"2025-08-21T12:28:59.852840","level":"info","event":"\u001b[0m12:28:59  18 of 18 START sql view model silver_invalid.tax_rules_invalid ................. [RUN]","logger":"airflow.task.hooks.airflow.providers.standard.hooks.subprocess.SubprocessHook"}
{"timestamp":"2025-08-21T12:28:59.868021","level":"info","event":"\u001b[0m12:28:59  15 of 18 OK created sql view model silver_invalid.shipments_invalid ............ [\u001b[32mCREATE VIEW\u001b[0m in 6.48s]","logger":"airflow.task.hooks.airflow.providers.standard.hooks.subprocess.SubprocessHook"}
{"timestamp":"2025-08-21T12:29:03.130159","level":"info","event":"\u001b[0m12:29:03  13 of 18 OK created sql view model silver_invalid.sales_items_invalid .......... [\u001b[32mCREATE VIEW\u001b[0m in 10.38s]","logger":"airflow.task.hooks.airflow.providers.standard.hooks.subprocess.SubprocessHook"}
{"timestamp":"2025-08-21T12:29:05.181917","level":"info","event":"\u001b[0m12:29:05  18 of 18 OK created sql view model silver_invalid.tax_rules_invalid ............ [\u001b[32mCREATE VIEW\u001b[0m in 5.33s]","logger":"airflow.task.hooks.airflow.providers.standard.hooks.subprocess.SubprocessHook"}
{"timestamp":"2025-08-21T12:29:06.328343","level":"info","event":"\u001b[0m12:29:06  17 of 18 OK created sql view model silver_invalid.store_visits_invalid ......... [\u001b[32mCREATE VIEW\u001b[0m in 8.26s]","logger":"airflow.task.hooks.airflow.providers.standard.hooks.subprocess.SubprocessHook"}
{"timestamp":"2025-08-21T12:29:10.887270","level":"info","event":"\u001b[0m12:29:10","logger":"airflow.task.hooks.airflow.providers.standard.hooks.subprocess.SubprocessHook"}
{"timestamp":"2025-08-21T12:29:10.887566","level":"info","event":"\u001b[0m12:29:10  Finished running 2 table models, 16 view models in 0 hours 0 minutes and 55.38 seconds (55.38s).","logger":"airflow.task.hooks.airflow.providers.standard.hooks.subprocess.SubprocessHook"}
{"timestamp":"2025-08-21T12:29:10.928392","level":"info","event":"\u001b[0m12:29:10","logger":"airflow.task.hooks.airflow.providers.standard.hooks.subprocess.SubprocessHook"}
{"timestamp":"2025-08-21T12:29:10.928710","level":"info","event":"\u001b[0m12:29:10  \u001b[32mCompleted successfully\u001b[0m","logger":"airflow.task.hooks.airflow.providers.standard.hooks.subprocess.SubprocessHook"}
{"timestamp":"2025-08-21T12:29:10.929028","level":"info","event":"\u001b[0m12:29:10","logger":"airflow.task.hooks.airflow.providers.standard.hooks.subprocess.SubprocessHook"}
{"timestamp":"2025-08-21T12:29:10.929404","level":"info","event":"\u001b[0m12:29:10  Done. PASS=18 WARN=0 ERROR=0 SKIP=0 NO-OP=0 TOTAL=18","logger":"airflow.task.hooks.airflow.providers.standard.hooks.subprocess.SubprocessHook"}
{"timestamp":"2025-08-21T12:29:13.058202","level":"info","event":"Command exited with return code 0","logger":"airflow.task.hooks.airflow.providers.standard.hooks.subprocess.SubprocessHook"}
{"timestamp":"2025-08-21T12:29:13.058951","level":"info","event":"Pushing xcom","ti":"RuntimeTaskInstance(id=UUID('0198cc98-f198-7418-827d-5aa81f10f33d'), task_id='dbt_invalid', dag_id='dbt_pipeline_invalid_staging_silver', run_id='manual__2025-08-21T12:27:12.137790+00:00', try_number=1, map_index=-1, hostname='398c7f86e06f', context_carrier={}, task=<Task(BashOperator): dbt_invalid>, bundle_instance=LocalDagBundle(name=dags-folder), max_tries=0, start_date=datetime.datetime(2025, 8, 21, 12, 28, 12, 922352, tzinfo=datetime.timezone.utc), end_date=None, state=<TaskInstanceState.RUNNING: 'running'>, is_mapped=False, rendered_map_index=None, log_url='http://localhost:8080/dags/dbt_pipeline_invalid_staging_silver/runs/manual__2025-08-21T12%3A27%3A12.137790%2B00%3A00/tasks/dbt_invalid?try_number=1')","logger":"task"}
{"timestamp":"2025-08-21T12:29:13.085221","level":"warning","event":"/home/airflow/.local/lib/python3.12/site-packages/airflow/models/connection.py:471: DeprecationWarning: Using Connection.get_connection_from_secrets from `airflow.models` is deprecated.Please use `from airflow.sdk import Connection` instead\n  warnings.warn(\n","logger":"py.warnings"}
{"timestamp":"2025-08-21T12:29:13.089982","level":"info","event":"Connection Retrieved 'ms_teams_webhook'","logger":"airflow.hooks.base"}
{"timestamp":"2025-08-21T12:29:14.725335Z","level":"info","event":"Task instance in success state","chan":"stdout","logger":"task"}
{"timestamp":"2025-08-21T12:29:14.725486Z","level":"info","event":" Previous state of the Task instance: TaskInstanceState.RUNNING","chan":"stdout","logger":"task"}
{"timestamp":"2025-08-21T12:29:14.726748Z","level":"info","event":"Task operator:<Task(BashOperator): dbt_invalid>","chan":"stdout","logger":"task"}
