{"timestamp":"2025-08-26T15:29:28.316760","level":"info","event":"DAG bundles loaded: dags-folder, example_dags","logger":"airflow.dag_processing.bundles.manager.DagBundlesManager"}
{"timestamp":"2025-08-26T15:29:28.317172","level":"info","event":"Filling up the DagBag from /opt/airflow/dags/dbt_process_data.py","logger":"airflow.models.dagbag.DagBag"}
{"timestamp":"2025-08-26T15:29:28.343678Z","level":"info","event":"Task instance is in running state","chan":"stdout","logger":"task"}
{"timestamp":"2025-08-26T15:29:28.343833Z","level":"info","event":" Previous state of the Task instance: TaskInstanceState.QUEUED","chan":"stdout","logger":"task"}
{"timestamp":"2025-08-26T15:29:28.344634Z","level":"info","event":"Current task name:dbt_snapshot_run","chan":"stdout","logger":"task"}
{"timestamp":"2025-08-26T15:29:28.344706Z","level":"info","event":"Dag name:dbt_pipeline_invalid_staging_silver","chan":"stdout","logger":"task"}
{"timestamp":"2025-08-26T15:29:28.345073","level":"info","event":"Tmp dir root location: /tmp","logger":"airflow.task.hooks.airflow.providers.standard.hooks.subprocess.SubprocessHook"}
{"timestamp":"2025-08-26T15:29:28.346297","level":"info","event":"Running command: ['/usr/bin/bash', '-c', 'cd /opt/airflow/dbt && dbt snapshot --profiles-dir /home/airflow/.dbt']","logger":"airflow.task.hooks.airflow.providers.standard.hooks.subprocess.SubprocessHook"}
{"timestamp":"2025-08-26T15:29:28.360234","level":"info","event":"Output:","logger":"airflow.task.hooks.airflow.providers.standard.hooks.subprocess.SubprocessHook"}
{"timestamp":"2025-08-26T15:29:30.025891","level":"info","event":"\u001b[0m15:29:30  Running with dbt=1.10.9","logger":"airflow.task.hooks.airflow.providers.standard.hooks.subprocess.SubprocessHook"}
{"timestamp":"2025-08-26T15:29:30.235935","level":"info","event":"\u001b[0m15:29:30  Registered adapter: postgres=1.9.0","logger":"airflow.task.hooks.airflow.providers.standard.hooks.subprocess.SubprocessHook"}
{"timestamp":"2025-08-26T15:29:30.834212","level":"info","event":"\u001b[0m15:29:30  Found 88 models, 9 snapshots, 376 data tests, 23 sources, 816 macros","logger":"airflow.task.hooks.airflow.providers.standard.hooks.subprocess.SubprocessHook"}
{"timestamp":"2025-08-26T15:29:30.841073","level":"info","event":"\u001b[0m15:29:30","logger":"airflow.task.hooks.airflow.providers.standard.hooks.subprocess.SubprocessHook"}
{"timestamp":"2025-08-26T15:29:30.841375","level":"info","event":"\u001b[0m15:29:30  Concurrency: 4 threads (target='dev')","logger":"airflow.task.hooks.airflow.providers.standard.hooks.subprocess.SubprocessHook"}
{"timestamp":"2025-08-26T15:29:30.841634","level":"info","event":"\u001b[0m15:29:30","logger":"airflow.task.hooks.airflow.providers.standard.hooks.subprocess.SubprocessHook"}
{"timestamp":"2025-08-26T15:29:40.062897","level":"info","event":"\u001b[0m15:29:40  1 of 9 START snapshot silver.dim_brands_snapshot ............................... [RUN]","logger":"airflow.task.hooks.airflow.providers.standard.hooks.subprocess.SubprocessHook"}
{"timestamp":"2025-08-26T15:29:40.064471","level":"info","event":"\u001b[0m15:29:40  2 of 9 START snapshot silver.dim_categories_snapshot ........................... [RUN]","logger":"airflow.task.hooks.airflow.providers.standard.hooks.subprocess.SubprocessHook"}
{"timestamp":"2025-08-26T15:29:40.065149","level":"info","event":"\u001b[0m15:29:40  3 of 9 START snapshot silver.dim_customers_snapshot ............................ [RUN]","logger":"airflow.task.hooks.airflow.providers.standard.hooks.subprocess.SubprocessHook"}
{"timestamp":"2025-08-26T15:29:40.066136","level":"info","event":"\u001b[0m15:29:40  4 of 9 START snapshot silver.dim_employees_snapshot ............................ [RUN]","logger":"airflow.task.hooks.airflow.providers.standard.hooks.subprocess.SubprocessHook"}
{"timestamp":"2025-08-26T15:29:43.423824","level":"info","event":"\u001b[0m15:29:43  3 of 9 OK snapshotted silver.dim_customers_snapshot ............................ [\u001b[32mSELECT 902\u001b[0m in 3.35s]","logger":"airflow.task.hooks.airflow.providers.standard.hooks.subprocess.SubprocessHook"}
{"timestamp":"2025-08-26T15:29:43.425480","level":"info","event":"\u001b[0m15:29:43  5 of 9 START snapshot silver.dim_loyalty_programs_snapshot ..................... [RUN]","logger":"airflow.task.hooks.airflow.providers.standard.hooks.subprocess.SubprocessHook"}
{"timestamp":"2025-08-26T15:29:43.522993","level":"info","event":"\u001b[0m15:29:43  1 of 9 OK snapshotted silver.dim_brands_snapshot ............................... [\u001b[32mSELECT 10\u001b[0m in 3.46s]","logger":"airflow.task.hooks.airflow.providers.standard.hooks.subprocess.SubprocessHook"}
{"timestamp":"2025-08-26T15:29:43.524518","level":"info","event":"\u001b[0m15:29:43  6 of 9 START snapshot silver.dim_products_snapshot ............................. [RUN]","logger":"airflow.task.hooks.airflow.providers.standard.hooks.subprocess.SubprocessHook"}
{"timestamp":"2025-08-26T15:29:44.142130","level":"info","event":"\u001b[0m15:29:44  2 of 9 OK snapshotted silver.dim_categories_snapshot ........................... [\u001b[32mSELECT 10\u001b[0m in 4.07s]","logger":"airflow.task.hooks.airflow.providers.standard.hooks.subprocess.SubprocessHook"}
{"timestamp":"2025-08-26T15:29:44.143894","level":"info","event":"\u001b[0m15:29:44  7 of 9 START snapshot silver.dim_promotions_snapshot ........................... [RUN]","logger":"airflow.task.hooks.airflow.providers.standard.hooks.subprocess.SubprocessHook"}
{"timestamp":"2025-08-26T15:29:44.810513","level":"info","event":"\u001b[0m15:29:44  4 of 9 OK snapshotted silver.dim_employees_snapshot ............................ [\u001b[32mSELECT 200\u001b[0m in 4.74s]","logger":"airflow.task.hooks.airflow.providers.standard.hooks.subprocess.SubprocessHook"}
{"timestamp":"2025-08-26T15:29:44.812204","level":"info","event":"\u001b[0m15:29:44  8 of 9 START snapshot silver.dim_stores_snapshot ............................... [RUN]","logger":"airflow.task.hooks.airflow.providers.standard.hooks.subprocess.SubprocessHook"}
{"timestamp":"2025-08-26T15:29:47.871069","level":"info","event":"\u001b[0m15:29:47  6 of 9 OK snapshotted silver.dim_products_snapshot ............................. [\u001b[32mSELECT 400\u001b[0m in 4.35s]","logger":"airflow.task.hooks.airflow.providers.standard.hooks.subprocess.SubprocessHook"}
{"timestamp":"2025-08-26T15:29:47.872765","level":"info","event":"\u001b[0m15:29:47  9 of 9 START snapshot silver.dim_suppliers_snapshot ............................ [RUN]","logger":"airflow.task.hooks.airflow.providers.standard.hooks.subprocess.SubprocessHook"}
{"timestamp":"2025-08-26T15:29:48.457994","level":"info","event":"\u001b[0m15:29:48  7 of 9 OK snapshotted silver.dim_promotions_snapshot ........................... [\u001b[32mSELECT 248\u001b[0m in 4.31s]","logger":"airflow.task.hooks.airflow.providers.standard.hooks.subprocess.SubprocessHook"}
{"timestamp":"2025-08-26T15:29:48.751034","level":"info","event":"\u001b[0m15:29:48  8 of 9 OK snapshotted silver.dim_stores_snapshot ............................... [\u001b[32mSELECT 20\u001b[0m in 3.94s]","logger":"airflow.task.hooks.airflow.providers.standard.hooks.subprocess.SubprocessHook"}
{"timestamp":"2025-08-26T15:29:49.806416","level":"info","event":"\u001b[0m15:29:49  5 of 9 OK snapshotted silver.dim_loyalty_programs_snapshot ..................... [\u001b[32mSELECT 5\u001b[0m in 6.38s]","logger":"airflow.task.hooks.airflow.providers.standard.hooks.subprocess.SubprocessHook"}
{"timestamp":"2025-08-26T15:29:52.739483","level":"info","event":"\u001b[0m15:29:52  9 of 9 OK snapshotted silver.dim_suppliers_snapshot ............................ [\u001b[32mSELECT 10\u001b[0m in 4.87s]","logger":"airflow.task.hooks.airflow.providers.standard.hooks.subprocess.SubprocessHook"}
{"timestamp":"2025-08-26T15:29:55.859236","level":"info","event":"\u001b[0m15:29:55","logger":"airflow.task.hooks.airflow.providers.standard.hooks.subprocess.SubprocessHook"}
{"timestamp":"2025-08-26T15:29:55.859569","level":"info","event":"\u001b[0m15:29:55  Finished running 9 snapshots in 0 hours 0 minutes and 25.02 seconds (25.02s).","logger":"airflow.task.hooks.airflow.providers.standard.hooks.subprocess.SubprocessHook"}
{"timestamp":"2025-08-26T15:29:55.967483","level":"info","event":"\u001b[0m15:29:55","logger":"airflow.task.hooks.airflow.providers.standard.hooks.subprocess.SubprocessHook"}
{"timestamp":"2025-08-26T15:29:55.967851","level":"info","event":"\u001b[0m15:29:55  \u001b[32mCompleted successfully\u001b[0m","logger":"airflow.task.hooks.airflow.providers.standard.hooks.subprocess.SubprocessHook"}
{"timestamp":"2025-08-26T15:29:55.968179","level":"info","event":"\u001b[0m15:29:55","logger":"airflow.task.hooks.airflow.providers.standard.hooks.subprocess.SubprocessHook"}
{"timestamp":"2025-08-26T15:29:55.968552","level":"info","event":"\u001b[0m15:29:55  Done. PASS=9 WARN=0 ERROR=0 SKIP=0 NO-OP=0 TOTAL=9","logger":"airflow.task.hooks.airflow.providers.standard.hooks.subprocess.SubprocessHook"}
{"timestamp":"2025-08-26T15:30:00.142255","level":"info","event":"Command exited with return code 0","logger":"airflow.task.hooks.airflow.providers.standard.hooks.subprocess.SubprocessHook"}
{"timestamp":"2025-08-26T15:30:00.143012","level":"info","event":"Pushing xcom","ti":"RuntimeTaskInstance(id=UUID('0198e6fb-6e42-7f41-842e-81dbee4d7965'), task_id='dbt_snapshot_run', dag_id='dbt_pipeline_invalid_staging_silver', run_id='manual__2025-08-26T15:24:54.193527+00:00', try_number=1, map_index=-1, hostname='609becd29040', context_carrier={}, task=<Task(BashOperator): dbt_snapshot_run>, bundle_instance=LocalDagBundle(name=dags-folder), max_tries=0, start_date=datetime.datetime(2025, 8, 26, 15, 29, 27, 972683, tzinfo=datetime.timezone.utc), end_date=None, state=<TaskInstanceState.RUNNING: 'running'>, is_mapped=False, rendered_map_index=None, log_url='http://localhost:8080/dags/dbt_pipeline_invalid_staging_silver/runs/manual__2025-08-26T15%3A24%3A54.193527%2B00%3A00/tasks/dbt_snapshot_run?try_number=1')","logger":"task"}
{"timestamp":"2025-08-26T15:30:00.169044","level":"warning","event":"/home/airflow/.local/lib/python3.12/site-packages/airflow/models/connection.py:471: DeprecationWarning: Using Connection.get_connection_from_secrets from `airflow.models` is deprecated.Please use `from airflow.sdk import Connection` instead\n  warnings.warn(\n","logger":"py.warnings"}
{"timestamp":"2025-08-26T15:30:00.172905","level":"info","event":"Connection Retrieved 'ms_teams_webhook'","logger":"airflow.hooks.base"}
{"timestamp":"2025-08-26T15:30:02.246273Z","level":"info","event":"Task instance in success state","chan":"stdout","logger":"task"}
{"timestamp":"2025-08-26T15:30:02.246427Z","level":"info","event":" Previous state of the Task instance: TaskInstanceState.RUNNING","chan":"stdout","logger":"task"}
{"timestamp":"2025-08-26T15:30:02.247662Z","level":"info","event":"Task operator:<Task(BashOperator): dbt_snapshot_run>","chan":"stdout","logger":"task"}
