{"timestamp":"2025-08-25T08:03:18.483175","level":"info","event":"DAG bundles loaded: dags-folder, example_dags","logger":"airflow.dag_processing.bundles.manager.DagBundlesManager"}
{"timestamp":"2025-08-25T08:03:18.483555","level":"info","event":"Filling up the DagBag from /opt/airflow/dags/dbt_process_data.py","logger":"airflow.models.dagbag.DagBag"}
{"timestamp":"2025-08-25T08:03:18.508101Z","level":"info","event":"Task instance is in running state","chan":"stdout","logger":"task"}
{"timestamp":"2025-08-25T08:03:18.508233Z","level":"info","event":" Previous state of the Task instance: TaskInstanceState.QUEUED","chan":"stdout","logger":"task"}
{"timestamp":"2025-08-25T08:03:18.508818Z","level":"info","event":"Current task name:dbt_golden","chan":"stdout","logger":"task"}
{"timestamp":"2025-08-25T08:03:18.508911Z","level":"info","event":"Dag name:dbt_pipeline_invalid_staging_silver","chan":"stdout","logger":"task"}
{"timestamp":"2025-08-25T08:03:18.509187","level":"info","event":"Tmp dir root location: /tmp","logger":"airflow.task.hooks.airflow.providers.standard.hooks.subprocess.SubprocessHook"}
{"timestamp":"2025-08-25T08:03:18.510216","level":"info","event":"Running command: ['/usr/bin/bash', '-c', 'cd /opt/airflow/dbt && dbt run --select path:models/golden --full-refresh --profiles-dir /home/airflow/.dbt']","logger":"airflow.task.hooks.airflow.providers.standard.hooks.subprocess.SubprocessHook"}
{"timestamp":"2025-08-25T08:03:18.523125","level":"info","event":"Output:","logger":"airflow.task.hooks.airflow.providers.standard.hooks.subprocess.SubprocessHook"}
{"timestamp":"2025-08-25T08:03:20.170307","level":"info","event":"\u001b[0m08:03:20  Running with dbt=1.10.9","logger":"airflow.task.hooks.airflow.providers.standard.hooks.subprocess.SubprocessHook"}
{"timestamp":"2025-08-25T08:03:20.363436","level":"info","event":"\u001b[0m08:03:20  Registered adapter: postgres=1.9.0","logger":"airflow.task.hooks.airflow.providers.standard.hooks.subprocess.SubprocessHook"}
{"timestamp":"2025-08-25T08:03:20.903835","level":"info","event":"\u001b[0m08:03:20  Found 88 models, 9 snapshots, 376 data tests, 23 sources, 816 macros","logger":"airflow.task.hooks.airflow.providers.standard.hooks.subprocess.SubprocessHook"}
{"timestamp":"2025-08-25T08:03:20.914615","level":"info","event":"\u001b[0m08:03:20","logger":"airflow.task.hooks.airflow.providers.standard.hooks.subprocess.SubprocessHook"}
{"timestamp":"2025-08-25T08:03:20.914930","level":"info","event":"\u001b[0m08:03:20  Concurrency: 4 threads (target='dev')","logger":"airflow.task.hooks.airflow.providers.standard.hooks.subprocess.SubprocessHook"}
{"timestamp":"2025-08-25T08:03:20.915210","level":"info","event":"\u001b[0m08:03:20","logger":"airflow.task.hooks.airflow.providers.standard.hooks.subprocess.SubprocessHook"}
{"timestamp":"2025-08-25T08:03:30.892523","level":"info","event":"\u001b[0m08:03:30  1 of 23 START sql table model silver_to_golden.dim_brands_scd .................. [RUN]","logger":"airflow.task.hooks.airflow.providers.standard.hooks.subprocess.SubprocessHook"}
{"timestamp":"2025-08-25T08:03:30.893537","level":"info","event":"\u001b[0m08:03:30  2 of 23 START sql table model silver_to_golden.dim_campaigns ................... [RUN]","logger":"airflow.task.hooks.airflow.providers.standard.hooks.subprocess.SubprocessHook"}
{"timestamp":"2025-08-25T08:03:30.895330","level":"info","event":"\u001b[0m08:03:30  3 of 23 START sql table model silver_to_golden.dim_categories_scd .............. [RUN]","logger":"airflow.task.hooks.airflow.providers.standard.hooks.subprocess.SubprocessHook"}
{"timestamp":"2025-08-25T08:03:30.895879","level":"info","event":"\u001b[0m08:03:30  4 of 23 START sql table model silver_to_golden.dim_customers_scd ............... [RUN]","logger":"airflow.task.hooks.airflow.providers.standard.hooks.subprocess.SubprocessHook"}
{"timestamp":"2025-08-25T08:03:34.834446","level":"info","event":"\u001b[0m08:03:34  4 of 23 OK created sql table model silver_to_golden.dim_customers_scd .......... [\u001b[32mSELECT 902\u001b[0m in 3.93s]","logger":"airflow.task.hooks.airflow.providers.standard.hooks.subprocess.SubprocessHook"}
{"timestamp":"2025-08-25T08:03:34.835021","level":"info","event":"\u001b[0m08:03:34  1 of 23 OK created sql table model silver_to_golden.dim_brands_scd ............. [\u001b[32mSELECT 20\u001b[0m in 3.94s]","logger":"airflow.task.hooks.airflow.providers.standard.hooks.subprocess.SubprocessHook"}
{"timestamp":"2025-08-25T08:03:34.838071","level":"info","event":"\u001b[0m08:03:34  5 of 23 START sql table model silver_to_golden.dim_discount_rules .............. [RUN]","logger":"airflow.task.hooks.airflow.providers.standard.hooks.subprocess.SubprocessHook"}
{"timestamp":"2025-08-25T08:03:34.838732","level":"info","event":"\u001b[0m08:03:34  6 of 23 START sql table model silver_to_golden.dim_employees_scd ............... [RUN]","logger":"airflow.task.hooks.airflow.providers.standard.hooks.subprocess.SubprocessHook"}
{"timestamp":"2025-08-25T08:03:35.237174","level":"info","event":"\u001b[0m08:03:35  3 of 23 OK created sql table model silver_to_golden.dim_categories_scd ......... [\u001b[32mSELECT 20\u001b[0m in 4.34s]","logger":"airflow.task.hooks.airflow.providers.standard.hooks.subprocess.SubprocessHook"}
{"timestamp":"2025-08-25T08:03:35.238613","level":"info","event":"\u001b[0m08:03:35  7 of 23 START sql table model silver_to_golden.dim_loyalty_programs_scd ........ [RUN]","logger":"airflow.task.hooks.airflow.providers.standard.hooks.subprocess.SubprocessHook"}
{"timestamp":"2025-08-25T08:03:35.305219","level":"info","event":"\u001b[0m08:03:35  2 of 23 OK created sql table model silver_to_golden.dim_campaigns .............. [\u001b[32mSELECT 177\u001b[0m in 4.41s]","logger":"airflow.task.hooks.airflow.providers.standard.hooks.subprocess.SubprocessHook"}
{"timestamp":"2025-08-25T08:03:35.306633","level":"info","event":"\u001b[0m08:03:35  8 of 23 START sql table model silver_to_golden.dim_products_scd ................ [RUN]","logger":"airflow.task.hooks.airflow.providers.standard.hooks.subprocess.SubprocessHook"}
{"timestamp":"2025-08-25T08:03:38.737602","level":"info","event":"\u001b[0m08:03:38  7 of 23 OK created sql table model silver_to_golden.dim_loyalty_programs_scd ... [\u001b[32mSELECT 5\u001b[0m in 3.50s]","logger":"airflow.task.hooks.airflow.providers.standard.hooks.subprocess.SubprocessHook"}
{"timestamp":"2025-08-25T08:03:38.738961","level":"info","event":"\u001b[0m08:03:38  9 of 23 START sql table model silver_to_golden.dim_promotions_scd .............. [RUN]","logger":"airflow.task.hooks.airflow.providers.standard.hooks.subprocess.SubprocessHook"}
{"timestamp":"2025-08-25T08:03:38.927206","level":"info","event":"\u001b[0m08:03:38  8 of 23 OK created sql table model silver_to_golden.dim_products_scd ........... [\u001b[32mSELECT 400\u001b[0m in 3.62s]","logger":"airflow.task.hooks.airflow.providers.standard.hooks.subprocess.SubprocessHook"}
{"timestamp":"2025-08-25T08:03:38.928643","level":"info","event":"\u001b[0m08:03:38  10 of 23 START sql table model silver_to_golden.dim_stores_scd ................. [RUN]","logger":"airflow.task.hooks.airflow.providers.standard.hooks.subprocess.SubprocessHook"}
{"timestamp":"2025-08-25T08:03:38.945940","level":"info","event":"\u001b[0m08:03:38  6 of 23 OK created sql table model silver_to_golden.dim_employees_scd .......... [\u001b[32mSELECT 200\u001b[0m in 4.11s]","logger":"airflow.task.hooks.airflow.providers.standard.hooks.subprocess.SubprocessHook"}
{"timestamp":"2025-08-25T08:03:38.947343","level":"info","event":"\u001b[0m08:03:38  11 of 23 START sql table model silver_to_golden.dim_suppliers_scd .............. [RUN]","logger":"airflow.task.hooks.airflow.providers.standard.hooks.subprocess.SubprocessHook"}
{"timestamp":"2025-08-25T08:03:39.085066","level":"info","event":"\u001b[0m08:03:39  5 of 23 OK created sql table model silver_to_golden.dim_discount_rules ......... [\u001b[32mSELECT 454\u001b[0m in 4.25s]","logger":"airflow.task.hooks.airflow.providers.standard.hooks.subprocess.SubprocessHook"}
{"timestamp":"2025-08-25T08:03:39.086455","level":"info","event":"\u001b[0m08:03:39  12 of 23 START sql table model silver_to_golden.dim_tax_rules .................. [RUN]","logger":"airflow.task.hooks.airflow.providers.standard.hooks.subprocess.SubprocessHook"}
{"timestamp":"2025-08-25T08:03:42.421696","level":"info","event":"\u001b[0m08:03:42  11 of 23 OK created sql table model silver_to_golden.dim_suppliers_scd ......... [\u001b[32mSELECT 10\u001b[0m in 3.47s]","logger":"airflow.task.hooks.airflow.providers.standard.hooks.subprocess.SubprocessHook"}
{"timestamp":"2025-08-25T08:03:42.423111","level":"info","event":"\u001b[0m08:03:42  13 of 23 START sql table model silver_to_golden.fct_customer_feedback .......... [RUN]","logger":"airflow.task.hooks.airflow.providers.standard.hooks.subprocess.SubprocessHook"}
{"timestamp":"2025-08-25T08:03:42.921240","level":"info","event":"\u001b[0m08:03:42  10 of 23 OK created sql table model silver_to_golden.dim_stores_scd ............ [\u001b[32mSELECT 20\u001b[0m in 3.99s]","logger":"airflow.task.hooks.airflow.providers.standard.hooks.subprocess.SubprocessHook"}
{"timestamp":"2025-08-25T08:03:42.922840","level":"info","event":"\u001b[0m08:03:42  14 of 23 START sql table model silver_to_golden.fct_inventory .................. [RUN]","logger":"airflow.task.hooks.airflow.providers.standard.hooks.subprocess.SubprocessHook"}
{"timestamp":"2025-08-25T08:03:43.115096","level":"info","event":"\u001b[0m08:03:43  12 of 23 OK created sql table model silver_to_golden.dim_tax_rules ............. [\u001b[32mSELECT 387\u001b[0m in 4.03s]","logger":"airflow.task.hooks.airflow.providers.standard.hooks.subprocess.SubprocessHook"}
{"timestamp":"2025-08-25T08:03:43.116762","level":"info","event":"\u001b[0m08:03:43  15 of 23 START sql table model silver_to_golden.fct_payments ................... [RUN]","logger":"airflow.task.hooks.airflow.providers.standard.hooks.subprocess.SubprocessHook"}
{"timestamp":"2025-08-25T08:03:43.135802","level":"info","event":"\u001b[0m08:03:43  9 of 23 OK created sql table model silver_to_golden.dim_promotions_scd ......... [\u001b[32mSELECT 248\u001b[0m in 4.40s]","logger":"airflow.task.hooks.airflow.providers.standard.hooks.subprocess.SubprocessHook"}
{"timestamp":"2025-08-25T08:03:43.137497","level":"info","event":"\u001b[0m08:03:43  16 of 23 START sql table model silver_to_golden.fct_pricing_history ............ [RUN]","logger":"airflow.task.hooks.airflow.providers.standard.hooks.subprocess.SubprocessHook"}
{"timestamp":"2025-08-25T08:03:45.979284","level":"info","event":"\u001b[0m08:03:45  13 of 23 OK created sql table model silver_to_golden.fct_customer_feedback ..... [\u001b[32mSELECT 2753\u001b[0m in 3.56s]","logger":"airflow.task.hooks.airflow.providers.standard.hooks.subprocess.SubprocessHook"}
{"timestamp":"2025-08-25T08:03:45.980573","level":"info","event":"\u001b[0m08:03:45  17 of 23 START sql table model silver_to_golden.fct_purchase_orders ............ [RUN]","logger":"airflow.task.hooks.airflow.providers.standard.hooks.subprocess.SubprocessHook"}
{"timestamp":"2025-08-25T08:03:46.602568","level":"info","event":"\u001b[0m08:03:46  14 of 23 OK created sql table model silver_to_golden.fct_inventory ............. [\u001b[32mSELECT 1254\u001b[0m in 3.68s]","logger":"airflow.task.hooks.airflow.providers.standard.hooks.subprocess.SubprocessHook"}
{"timestamp":"2025-08-25T08:03:46.604007","level":"info","event":"\u001b[0m08:03:46  18 of 23 START sql table model silver_to_golden.fct_returns .................... [RUN]","logger":"airflow.task.hooks.airflow.providers.standard.hooks.subprocess.SubprocessHook"}
{"timestamp":"2025-08-25T08:03:46.668072","level":"info","event":"\u001b[0m08:03:46  16 of 23 OK created sql table model silver_to_golden.fct_pricing_history ....... [\u001b[32mSELECT 6479\u001b[0m in 3.53s]","logger":"airflow.task.hooks.airflow.providers.standard.hooks.subprocess.SubprocessHook"}
{"timestamp":"2025-08-25T08:03:46.669533","level":"info","event":"\u001b[0m08:03:46  19 of 23 START sql table model silver_to_golden.fct_sales_items ................ [RUN]","logger":"airflow.task.hooks.airflow.providers.standard.hooks.subprocess.SubprocessHook"}
{"timestamp":"2025-08-25T08:03:47.270809","level":"info","event":"\u001b[0m08:03:47  15 of 23 OK created sql table model silver_to_golden.fct_payments .............. [\u001b[32mSELECT 13951\u001b[0m in 4.15s]","logger":"airflow.task.hooks.airflow.providers.standard.hooks.subprocess.SubprocessHook"}
{"timestamp":"2025-08-25T08:03:47.272152","level":"info","event":"\u001b[0m08:03:47  20 of 23 START sql table model silver_to_golden.fct_sales_transactions ......... [RUN]","logger":"airflow.task.hooks.airflow.providers.standard.hooks.subprocess.SubprocessHook"}
{"timestamp":"2025-08-25T08:03:50.199116","level":"info","event":"\u001b[0m08:03:50  17 of 23 OK created sql table model silver_to_golden.fct_purchase_orders ....... [\u001b[32mSELECT 895\u001b[0m in 4.22s]","logger":"airflow.task.hooks.airflow.providers.standard.hooks.subprocess.SubprocessHook"}
{"timestamp":"2025-08-25T08:03:50.200544","level":"info","event":"\u001b[0m08:03:50  21 of 23 START sql table model silver_to_golden.fct_shipments .................. [RUN]","logger":"airflow.task.hooks.airflow.providers.standard.hooks.subprocess.SubprocessHook"}
{"timestamp":"2025-08-25T08:03:50.520146","level":"info","event":"\u001b[0m08:03:50  18 of 23 OK created sql table model silver_to_golden.fct_returns ............... [\u001b[32mSELECT 3223\u001b[0m in 3.92s]","logger":"airflow.task.hooks.airflow.providers.standard.hooks.subprocess.SubprocessHook"}
{"timestamp":"2025-08-25T08:03:50.521634","level":"info","event":"\u001b[0m08:03:50  22 of 23 START sql table model silver_to_golden.fct_stock_movements ............ [RUN]","logger":"airflow.task.hooks.airflow.providers.standard.hooks.subprocess.SubprocessHook"}
{"timestamp":"2025-08-25T08:03:50.927714","level":"info","event":"\u001b[0m08:03:50  19 of 23 OK created sql table model silver_to_golden.fct_sales_items ........... [\u001b[32mSELECT 72072\u001b[0m in 4.26s]","logger":"airflow.task.hooks.airflow.providers.standard.hooks.subprocess.SubprocessHook"}
{"timestamp":"2025-08-25T08:03:50.929211","level":"info","event":"\u001b[0m08:03:50  23 of 23 START sql table model silver_to_golden.fct_store_visits ............... [RUN]","logger":"airflow.task.hooks.airflow.providers.standard.hooks.subprocess.SubprocessHook"}
{"timestamp":"2025-08-25T08:03:51.315848","level":"info","event":"\u001b[0m08:03:51  20 of 23 OK created sql table model silver_to_golden.fct_sales_transactions .... [\u001b[32mSELECT 36049\u001b[0m in 4.04s]","logger":"airflow.task.hooks.airflow.providers.standard.hooks.subprocess.SubprocessHook"}
{"timestamp":"2025-08-25T08:03:54.142011","level":"info","event":"\u001b[0m08:03:54  22 of 23 OK created sql table model silver_to_golden.fct_stock_movements ....... [\u001b[32mSELECT 6455\u001b[0m in 3.62s]","logger":"airflow.task.hooks.airflow.providers.standard.hooks.subprocess.SubprocessHook"}
{"timestamp":"2025-08-25T08:03:54.279895","level":"info","event":"\u001b[0m08:03:54  21 of 23 OK created sql table model silver_to_golden.fct_shipments ............. [\u001b[32mSELECT 368\u001b[0m in 4.08s]","logger":"airflow.task.hooks.airflow.providers.standard.hooks.subprocess.SubprocessHook"}
{"timestamp":"2025-08-25T08:03:56.077334","level":"info","event":"\u001b[0m08:03:56  23 of 23 OK created sql table model silver_to_golden.fct_store_visits .......... [\u001b[32mSELECT 8999\u001b[0m in 3.58s]","logger":"airflow.task.hooks.airflow.providers.standard.hooks.subprocess.SubprocessHook"}
{"timestamp":"2025-08-25T08:03:59.020012","level":"info","event":"\u001b[0m08:03:59","logger":"airflow.task.hooks.airflow.providers.standard.hooks.subprocess.SubprocessHook"}
{"timestamp":"2025-08-25T08:03:59.020279","level":"info","event":"\u001b[0m08:03:59  Finished running 23 table models in 0 hours 0 minutes and 38.10 seconds (38.10s).","logger":"airflow.task.hooks.airflow.providers.standard.hooks.subprocess.SubprocessHook"}
{"timestamp":"2025-08-25T08:03:59.131281","level":"info","event":"\u001b[0m08:03:59","logger":"airflow.task.hooks.airflow.providers.standard.hooks.subprocess.SubprocessHook"}
{"timestamp":"2025-08-25T08:03:59.131594","level":"info","event":"\u001b[0m08:03:59  \u001b[32mCompleted successfully\u001b[0m","logger":"airflow.task.hooks.airflow.providers.standard.hooks.subprocess.SubprocessHook"}
{"timestamp":"2025-08-25T08:03:59.131905","level":"info","event":"\u001b[0m08:03:59","logger":"airflow.task.hooks.airflow.providers.standard.hooks.subprocess.SubprocessHook"}
{"timestamp":"2025-08-25T08:03:59.132230","level":"info","event":"\u001b[0m08:03:59  Done. PASS=23 WARN=0 ERROR=0 SKIP=0 NO-OP=0 TOTAL=23","logger":"airflow.task.hooks.airflow.providers.standard.hooks.subprocess.SubprocessHook"}
{"timestamp":"2025-08-25T08:04:00.458747","level":"info","event":"Command exited with return code 0","logger":"airflow.task.hooks.airflow.providers.standard.hooks.subprocess.SubprocessHook"}
{"timestamp":"2025-08-25T08:04:00.459478","level":"info","event":"Pushing xcom","ti":"RuntimeTaskInstance(id=UUID('0198e03c-b9d5-7b54-b8dd-e4f3c059567e'), task_id='dbt_golden', dag_id='dbt_pipeline_invalid_staging_silver', run_id='manual__2025-08-25T07:58:52.859055+00:00', try_number=1, map_index=-1, hostname='d71023bd2874', context_carrier={}, task=<Task(BashOperator): dbt_golden>, bundle_instance=LocalDagBundle(name=dags-folder), max_tries=0, start_date=datetime.datetime(2025, 8, 25, 8, 3, 18, 158514, tzinfo=datetime.timezone.utc), end_date=None, state=<TaskInstanceState.RUNNING: 'running'>, is_mapped=False, rendered_map_index=None, log_url='http://localhost:8080/dags/dbt_pipeline_invalid_staging_silver/runs/manual__2025-08-25T07%3A58%3A52.859055%2B00%3A00/tasks/dbt_golden?try_number=1')","logger":"task"}
{"timestamp":"2025-08-25T08:04:00.491116","level":"warning","event":"/home/airflow/.local/lib/python3.12/site-packages/airflow/models/connection.py:471: DeprecationWarning: Using Connection.get_connection_from_secrets from `airflow.models` is deprecated.Please use `from airflow.sdk import Connection` instead\n  warnings.warn(\n","logger":"py.warnings"}
{"timestamp":"2025-08-25T08:04:00.498750","level":"info","event":"Connection Retrieved 'ms_teams_webhook'","logger":"airflow.hooks.base"}
{"timestamp":"2025-08-25T08:04:02.535188Z","level":"info","event":"Task instance in success state","chan":"stdout","logger":"task"}
{"timestamp":"2025-08-25T08:04:02.535333Z","level":"info","event":" Previous state of the Task instance: TaskInstanceState.RUNNING","chan":"stdout","logger":"task"}
{"timestamp":"2025-08-25T08:04:02.536287Z","level":"info","event":"Task operator:<Task(BashOperator): dbt_golden>","chan":"stdout","logger":"task"}
