{"timestamp":"2025-08-16T19:10:45.604918","level":"info","event":"DAG bundles loaded: dags-folder, example_dags","logger":"airflow.dag_processing.bundles.manager.DagBundlesManager"}
{"timestamp":"2025-08-16T19:10:45.605789","level":"info","event":"Filling up the DagBag from /opt/airflow/dags/MySQL_to_RDS_migration_raw_zone.py","logger":"airflow.models.dagbag.DagBag"}
{"timestamp":"2025-08-16T19:10:45.740799Z","level":"info","event":"Task instance is in running state","chan":"stdout","logger":"task"}
{"timestamp":"2025-08-16T19:10:45.740952Z","level":"info","event":" Previous state of the Task instance: TaskInstanceState.QUEUED","chan":"stdout","logger":"task"}
{"timestamp":"2025-08-16T19:10:45.741028Z","level":"info","event":"Current task name:migrate_pricing_history","chan":"stdout","logger":"task"}
{"timestamp":"2025-08-16T19:10:45.741071Z","level":"info","event":"Dag name:Rawzone_Migration","chan":"stdout","logger":"task"}
{"timestamp":"2025-08-16T19:10:45.744269","level":"warning","event":"/home/airflow/.local/lib/python3.12/site-packages/airflow/models/connection.py:471: DeprecationWarning: Using Connection.get_connection_from_secrets from `airflow.models` is deprecated.Please use `from airflow.sdk import Connection` instead\n  warnings.warn(\n","logger":"py.warnings"}
{"timestamp":"2025-08-16T19:10:45.784065","level":"info","event":"Connection Retrieved 'mysql_default'","logger":"airflow.hooks.base"}
{"timestamp":"2025-08-16T19:10:45.784235","level":"warning","event":"This setter is for backward compatibility and should not be used.\nSince the introduction of connection property, the providers listed below breaks due to assigning value to self.connection in their __init__ method.\n* apache-airflow-providers-mysql<5.7.1\n* apache-airflow-providers-elasticsearch<5.5.1\n* apache-airflow-providers-postgres<5.13.0","logger":"airflow.task.hooks.airflow.providers.mysql.hooks.mysql.MySqlHook"}
{"timestamp":"2025-08-16T19:10:45.791820","level":"info","event":"Running statement: SHOW COLUMNS FROM `retail_db`.`pricing_history`, parameters: None","logger":"airflow.task.hooks.airflow.providers.mysql.hooks.mysql.MySqlHook"}
{"timestamp":"2025-08-16T19:10:45.794293","level":"info","event":"Rows affected: 4","logger":"airflow.task.hooks.airflow.providers.mysql.hooks.mysql.MySqlHook"}
{"timestamp":"2025-08-16T19:10:45.819937","level":"info","event":"Connection Retrieved 'pg_raw'","logger":"airflow.hooks.base"}
{"timestamp":"2025-08-16T19:10:45.820073","level":"warning","event":"This setter is for backward compatibility and should not be used.\nSince the introduction of connection property, the providers listed below breaks due to assigning value to self.connection in their __init__ method.\n* apache-airflow-providers-mysql<5.7.1\n* apache-airflow-providers-elasticsearch<5.5.1\n* apache-airflow-providers-postgres<5.13.0","logger":"airflow.task.hooks.airflow.providers.postgres.hooks.postgres.PostgresHook"}
{"timestamp":"2025-08-16T19:10:45.843879","level":"info","event":"Connection Retrieved 'pg_raw'","logger":"airflow.hooks.base"}
{"timestamp":"2025-08-16T19:10:50.721015","level":"warning","event":"/home/airflow/.local/lib/python3.12/site-packages/airflow/providers/common/sql/hooks/sql.py:479: UserWarning: pandas only supports SQLAlchemy connectable (engine/connection) or database string URI or sqlite3 DBAPI2 connection. Other DBAPI2 objects are not tested. Please consider using SQLAlchemy.\n  return psql.read_sql(sql, con=conn, params=parameters, **kwargs)\n","logger":"py.warnings"}
{"timestamp":"2025-08-16T19:10:53.520115Z","level":"info","event":"[OK] Migrated pricing_history (10000 rows).","chan":"stdout","logger":"task"}
{"timestamp":"2025-08-16T19:10:53.520799","level":"info","event":"Done. Returned value was: None","logger":"airflow.task.operators.airflow.providers.standard.operators.python.PythonOperator"}
{"timestamp":"2025-08-16T19:10:53.531739Z","level":"info","event":"Task instance in success state","chan":"stdout","logger":"task"}
{"timestamp":"2025-08-16T19:10:53.531844Z","level":"info","event":" Previous state of the Task instance: TaskInstanceState.RUNNING","chan":"stdout","logger":"task"}
{"timestamp":"2025-08-16T19:10:53.532069Z","level":"info","event":"Task operator:<Task(PythonOperator): migrate_pricing_history>","chan":"stdout","logger":"task"}
