{"timestamp":"2025-08-25T08:00:15.790680","level":"info","event":"DAG bundles loaded: dags-folder, example_dags","logger":"airflow.dag_processing.bundles.manager.DagBundlesManager"}
{"timestamp":"2025-08-25T08:00:15.791195","level":"info","event":"Filling up the DagBag from /opt/airflow/dags/dbt_process_data.py","logger":"airflow.models.dagbag.DagBag"}
{"timestamp":"2025-08-25T08:00:15.817199Z","level":"info","event":"Task instance is in running state","chan":"stdout","logger":"task"}
{"timestamp":"2025-08-25T08:00:15.817322Z","level":"info","event":" Previous state of the Task instance: TaskInstanceState.QUEUED","chan":"stdout","logger":"task"}
{"timestamp":"2025-08-25T08:00:15.818799Z","level":"info","event":"Current task name:dbt_silver","chan":"stdout","logger":"task"}
{"timestamp":"2025-08-25T08:00:15.818886Z","level":"info","event":"Dag name:dbt_pipeline_invalid_staging_silver","chan":"stdout","logger":"task"}
{"timestamp":"2025-08-25T08:00:15.819160","level":"info","event":"Tmp dir root location: /tmp","logger":"airflow.task.hooks.airflow.providers.standard.hooks.subprocess.SubprocessHook"}
{"timestamp":"2025-08-25T08:00:15.820161","level":"info","event":"Running command: ['/usr/bin/bash', '-c', 'cd /opt/airflow/dbt && dbt run --select path:models/silver --full-refresh --profiles-dir /home/airflow/.dbt']","logger":"airflow.task.hooks.airflow.providers.standard.hooks.subprocess.SubprocessHook"}
{"timestamp":"2025-08-25T08:00:15.835037","level":"info","event":"Output:","logger":"airflow.task.hooks.airflow.providers.standard.hooks.subprocess.SubprocessHook"}
{"timestamp":"2025-08-25T08:00:17.539281","level":"info","event":"\u001b[0m08:00:17  Running with dbt=1.10.9","logger":"airflow.task.hooks.airflow.providers.standard.hooks.subprocess.SubprocessHook"}
{"timestamp":"2025-08-25T08:00:17.734717","level":"info","event":"\u001b[0m08:00:17  Registered adapter: postgres=1.9.0","logger":"airflow.task.hooks.airflow.providers.standard.hooks.subprocess.SubprocessHook"}
{"timestamp":"2025-08-25T08:00:18.278420","level":"info","event":"\u001b[0m08:00:18  Found 88 models, 9 snapshots, 376 data tests, 23 sources, 816 macros","logger":"airflow.task.hooks.airflow.providers.standard.hooks.subprocess.SubprocessHook"}
{"timestamp":"2025-08-25T08:00:18.289683","level":"info","event":"\u001b[0m08:00:18","logger":"airflow.task.hooks.airflow.providers.standard.hooks.subprocess.SubprocessHook"}
{"timestamp":"2025-08-25T08:00:18.289995","level":"info","event":"\u001b[0m08:00:18  Concurrency: 4 threads (target='dev')","logger":"airflow.task.hooks.airflow.providers.standard.hooks.subprocess.SubprocessHook"}
{"timestamp":"2025-08-25T08:00:18.290305","level":"info","event":"\u001b[0m08:00:18","logger":"airflow.task.hooks.airflow.providers.standard.hooks.subprocess.SubprocessHook"}
{"timestamp":"2025-08-25T08:00:28.081960","level":"info","event":"\u001b[0m08:00:28  1 of 23 START sql table model silver.brands_silver ............................. [RUN]","logger":"airflow.task.hooks.airflow.providers.standard.hooks.subprocess.SubprocessHook"}
{"timestamp":"2025-08-25T08:00:28.083320","level":"info","event":"\u001b[0m08:00:28  2 of 23 START sql table model silver.campaigns_silver .......................... [RUN]","logger":"airflow.task.hooks.airflow.providers.standard.hooks.subprocess.SubprocessHook"}
{"timestamp":"2025-08-25T08:00:28.083883","level":"info","event":"\u001b[0m08:00:28  3 of 23 START sql table model silver.categories_silver ......................... [RUN]","logger":"airflow.task.hooks.airflow.providers.standard.hooks.subprocess.SubprocessHook"}
{"timestamp":"2025-08-25T08:00:28.084950","level":"info","event":"\u001b[0m08:00:28  4 of 23 START sql table model silver.customer_feedback_silver .................. [RUN]","logger":"airflow.task.hooks.airflow.providers.standard.hooks.subprocess.SubprocessHook"}
{"timestamp":"2025-08-25T08:00:31.636557","level":"info","event":"\u001b[0m08:00:31  2 of 23 OK created sql table model silver.campaigns_silver ..................... [\u001b[32mSELECT 177\u001b[0m in 3.55s]","logger":"airflow.task.hooks.airflow.providers.standard.hooks.subprocess.SubprocessHook"}
{"timestamp":"2025-08-25T08:00:31.638019","level":"info","event":"\u001b[0m08:00:31  5 of 23 START sql table model silver.customers_silver .......................... [RUN]","logger":"airflow.task.hooks.airflow.providers.standard.hooks.subprocess.SubprocessHook"}
{"timestamp":"2025-08-25T08:00:31.947044","level":"info","event":"\u001b[0m08:00:31  3 of 23 OK created sql table model silver.categories_silver .................... [\u001b[32mSELECT 10\u001b[0m in 3.86s]","logger":"airflow.task.hooks.airflow.providers.standard.hooks.subprocess.SubprocessHook"}
{"timestamp":"2025-08-25T08:00:31.948525","level":"info","event":"\u001b[0m08:00:31  6 of 23 START sql table model silver.discount_rules_silver ..................... [RUN]","logger":"airflow.task.hooks.airflow.providers.standard.hooks.subprocess.SubprocessHook"}
{"timestamp":"2025-08-25T08:00:32.085084","level":"info","event":"\u001b[0m08:00:32  4 of 23 OK created sql table model silver.customer_feedback_silver ............. [\u001b[32mSELECT 3786\u001b[0m in 4.00s]","logger":"airflow.task.hooks.airflow.providers.standard.hooks.subprocess.SubprocessHook"}
{"timestamp":"2025-08-25T08:00:32.086522","level":"info","event":"\u001b[0m08:00:32  7 of 23 START sql table model silver.employees_silver .......................... [RUN]","logger":"airflow.task.hooks.airflow.providers.standard.hooks.subprocess.SubprocessHook"}
{"timestamp":"2025-08-25T08:00:32.426618","level":"info","event":"\u001b[0m08:00:32  1 of 23 OK created sql table model silver.brands_silver ........................ [\u001b[32mSELECT 10\u001b[0m in 4.34s]","logger":"airflow.task.hooks.airflow.providers.standard.hooks.subprocess.SubprocessHook"}
{"timestamp":"2025-08-25T08:00:32.428053","level":"info","event":"\u001b[0m08:00:32  8 of 23 START sql table model silver.inventory_silver .......................... [RUN]","logger":"airflow.task.hooks.airflow.providers.standard.hooks.subprocess.SubprocessHook"}
{"timestamp":"2025-08-25T08:00:35.965814","level":"info","event":"\u001b[0m08:00:35  8 of 23 OK created sql table model silver.inventory_silver ..................... [\u001b[32mSELECT 1649\u001b[0m in 3.54s]","logger":"airflow.task.hooks.airflow.providers.standard.hooks.subprocess.SubprocessHook"}
{"timestamp":"2025-08-25T08:00:35.967279","level":"info","event":"\u001b[0m08:00:35  9 of 23 START sql table model silver.loyalty_programs_silver ................... [RUN]","logger":"airflow.task.hooks.airflow.providers.standard.hooks.subprocess.SubprocessHook"}
{"timestamp":"2025-08-25T08:00:35.978369","level":"info","event":"\u001b[0m08:00:35  7 of 23 OK created sql table model silver.employees_silver ..................... [\u001b[32mSELECT 200\u001b[0m in 3.89s]","logger":"airflow.task.hooks.airflow.providers.standard.hooks.subprocess.SubprocessHook"}
{"timestamp":"2025-08-25T08:00:35.980359","level":"info","event":"\u001b[0m08:00:35  10 of 23 START sql table model silver.payments_silver .......................... [RUN]","logger":"airflow.task.hooks.airflow.providers.standard.hooks.subprocess.SubprocessHook"}
{"timestamp":"2025-08-25T08:00:37.089206","level":"info","event":"\u001b[0m08:00:37  5 of 23 OK created sql table model silver.customers_silver ..................... [\u001b[32mSELECT 902\u001b[0m in 5.45s]","logger":"airflow.task.hooks.airflow.providers.standard.hooks.subprocess.SubprocessHook"}
{"timestamp":"2025-08-25T08:00:37.090513","level":"info","event":"\u001b[0m08:00:37  11 of 23 START sql table model silver.pricing_history_silver ................... [RUN]","logger":"airflow.task.hooks.airflow.providers.standard.hooks.subprocess.SubprocessHook"}
{"timestamp":"2025-08-25T08:00:37.328413","level":"info","event":"\u001b[0m08:00:37  6 of 23 OK created sql table model silver.discount_rules_silver ................ [\u001b[32mSELECT 454\u001b[0m in 5.38s]","logger":"airflow.task.hooks.airflow.providers.standard.hooks.subprocess.SubprocessHook"}
{"timestamp":"2025-08-25T08:00:37.329918","level":"info","event":"\u001b[0m08:00:37  12 of 23 START sql table model silver.products_silver .......................... [RUN]","logger":"airflow.task.hooks.airflow.providers.standard.hooks.subprocess.SubprocessHook"}
{"timestamp":"2025-08-25T08:00:39.781627","level":"info","event":"\u001b[0m08:00:39  9 of 23 OK created sql table model silver.loyalty_programs_silver .............. [\u001b[32mSELECT 5\u001b[0m in 3.81s]","logger":"airflow.task.hooks.airflow.providers.standard.hooks.subprocess.SubprocessHook"}
{"timestamp":"2025-08-25T08:00:39.783087","level":"info","event":"\u001b[0m08:00:39  13 of 23 START sql table model silver.promotions_silver ........................ [RUN]","logger":"airflow.task.hooks.airflow.providers.standard.hooks.subprocess.SubprocessHook"}
{"timestamp":"2025-08-25T08:00:40.841276","level":"info","event":"\u001b[0m08:00:40  12 of 23 OK created sql table model silver.products_silver ..................... [\u001b[32mSELECT 400\u001b[0m in 3.51s]","logger":"airflow.task.hooks.airflow.providers.standard.hooks.subprocess.SubprocessHook"}
{"timestamp":"2025-08-25T08:00:40.842642","level":"info","event":"\u001b[0m08:00:40  14 of 23 START sql table model silver.purchase_orders_silver ................... [RUN]","logger":"airflow.task.hooks.airflow.providers.standard.hooks.subprocess.SubprocessHook"}
{"timestamp":"2025-08-25T08:00:40.924163","level":"info","event":"\u001b[0m08:00:40  10 of 23 OK created sql table model silver.payments_silver ..................... [\u001b[32mSELECT 50000\u001b[0m in 4.94s]","logger":"airflow.task.hooks.airflow.providers.standard.hooks.subprocess.SubprocessHook"}
{"timestamp":"2025-08-25T08:00:40.925480","level":"info","event":"\u001b[0m08:00:40  15 of 23 START sql table model silver.returns_silver ........................... [RUN]","logger":"airflow.task.hooks.airflow.providers.standard.hooks.subprocess.SubprocessHook"}
{"timestamp":"2025-08-25T08:00:42.090026","level":"info","event":"\u001b[0m08:00:42  11 of 23 OK created sql table model silver.pricing_history_silver .............. [\u001b[32mSELECT 8160\u001b[0m in 5.00s]","logger":"airflow.task.hooks.airflow.providers.standard.hooks.subprocess.SubprocessHook"}
{"timestamp":"2025-08-25T08:00:42.091391","level":"info","event":"\u001b[0m08:00:42  16 of 23 START sql table model silver.sales_items_silver ....................... [RUN]","logger":"airflow.task.hooks.airflow.providers.standard.hooks.subprocess.SubprocessHook"}
{"timestamp":"2025-08-25T08:00:44.078400","level":"info","event":"\u001b[0m08:00:44  13 of 23 OK created sql table model silver.promotions_silver ................... [\u001b[32mSELECT 248\u001b[0m in 4.29s]","logger":"airflow.task.hooks.airflow.providers.standard.hooks.subprocess.SubprocessHook"}
{"timestamp":"2025-08-25T08:00:44.079765","level":"info","event":"\u001b[0m08:00:44  17 of 23 START sql table model silver.sales_transactions_silver ................ [RUN]","logger":"airflow.task.hooks.airflow.providers.standard.hooks.subprocess.SubprocessHook"}
{"timestamp":"2025-08-25T08:00:44.358493","level":"info","event":"\u001b[0m08:00:44  14 of 23 OK created sql table model silver.purchase_orders_silver .............. [\u001b[32mSELECT 895\u001b[0m in 3.51s]","logger":"airflow.task.hooks.airflow.providers.standard.hooks.subprocess.SubprocessHook"}
{"timestamp":"2025-08-25T08:00:44.359883","level":"info","event":"\u001b[0m08:00:44  18 of 23 START sql table model silver.shipments_silver ......................... [RUN]","logger":"airflow.task.hooks.airflow.providers.standard.hooks.subprocess.SubprocessHook"}
{"timestamp":"2025-08-25T08:00:45.321613","level":"info","event":"\u001b[0m08:00:45  15 of 23 OK created sql table model silver.returns_silver ...................... [\u001b[32mSELECT 4500\u001b[0m in 4.40s]","logger":"airflow.task.hooks.airflow.providers.standard.hooks.subprocess.SubprocessHook"}
{"timestamp":"2025-08-25T08:00:45.322959","level":"info","event":"\u001b[0m08:00:45  19 of 23 START sql table model silver.stock_movements_silver ................... [RUN]","logger":"airflow.task.hooks.airflow.providers.standard.hooks.subprocess.SubprocessHook"}
{"timestamp":"2025-08-25T08:00:46.193089","level":"info","event":"\u001b[0m08:00:46  16 of 23 OK created sql table model silver.sales_items_silver .................. [\u001b[32mSELECT 91190\u001b[0m in 4.10s]","logger":"airflow.task.hooks.airflow.providers.standard.hooks.subprocess.SubprocessHook"}
{"timestamp":"2025-08-25T08:00:46.194433","level":"info","event":"\u001b[0m08:00:46  20 of 23 START sql table model silver.store_visits_silver ...................... [RUN]","logger":"airflow.task.hooks.airflow.providers.standard.hooks.subprocess.SubprocessHook"}
{"timestamp":"2025-08-25T08:00:48.242543","level":"info","event":"\u001b[0m08:00:48  17 of 23 OK created sql table model silver.sales_transactions_silver ........... [\u001b[32mSELECT 39986\u001b[0m in 4.16s]","logger":"airflow.task.hooks.airflow.providers.standard.hooks.subprocess.SubprocessHook"}
{"timestamp":"2025-08-25T08:00:48.244286","level":"info","event":"\u001b[0m08:00:48  21 of 23 START sql table model silver.stores_silver ............................ [RUN]","logger":"airflow.task.hooks.airflow.providers.standard.hooks.subprocess.SubprocessHook"}
{"timestamp":"2025-08-25T08:00:48.518799","level":"info","event":"\u001b[0m08:00:48  18 of 23 OK created sql table model silver.shipments_silver .................... [\u001b[32mSELECT 400\u001b[0m in 4.16s]","logger":"airflow.task.hooks.airflow.providers.standard.hooks.subprocess.SubprocessHook"}
{"timestamp":"2025-08-25T08:00:48.520539","level":"info","event":"\u001b[0m08:00:48  22 of 23 START sql table model silver.suppliers_silver ......................... [RUN]","logger":"airflow.task.hooks.airflow.providers.standard.hooks.subprocess.SubprocessHook"}
{"timestamp":"2025-08-25T08:00:49.199051","level":"info","event":"\u001b[0m08:00:49  19 of 23 OK created sql table model silver.stock_movements_silver .............. [\u001b[32mSELECT 8067\u001b[0m in 3.87s]","logger":"airflow.task.hooks.airflow.providers.standard.hooks.subprocess.SubprocessHook"}
{"timestamp":"2025-08-25T08:00:49.201032","level":"info","event":"\u001b[0m08:00:49  23 of 23 START sql table model silver.tax_rules_silver ......................... [RUN]","logger":"airflow.task.hooks.airflow.providers.standard.hooks.subprocess.SubprocessHook"}
{"timestamp":"2025-08-25T08:00:50.188259","level":"info","event":"\u001b[0m08:00:50  20 of 23 OK created sql table model silver.store_visits_silver ................. [\u001b[32mSELECT 8999\u001b[0m in 3.99s]","logger":"airflow.task.hooks.airflow.providers.standard.hooks.subprocess.SubprocessHook"}
{"timestamp":"2025-08-25T08:00:52.544160","level":"info","event":"\u001b[0m08:00:52  22 of 23 OK created sql table model silver.suppliers_silver .................... [\u001b[32mSELECT 10\u001b[0m in 4.02s]","logger":"airflow.task.hooks.airflow.providers.standard.hooks.subprocess.SubprocessHook"}
{"timestamp":"2025-08-25T08:00:52.619628","level":"info","event":"\u001b[0m08:00:52  21 of 23 OK created sql table model silver.stores_silver ....................... [\u001b[32mSELECT 20\u001b[0m in 4.37s]","logger":"airflow.task.hooks.airflow.providers.standard.hooks.subprocess.SubprocessHook"}
{"timestamp":"2025-08-25T08:00:54.054480","level":"info","event":"\u001b[0m08:00:54  23 of 23 OK created sql table model silver.tax_rules_silver .................... [\u001b[32mSELECT 387\u001b[0m in 3.45s]","logger":"airflow.task.hooks.airflow.providers.standard.hooks.subprocess.SubprocessHook"}
{"timestamp":"2025-08-25T08:00:57.954098","level":"info","event":"\u001b[0m08:00:57","logger":"airflow.task.hooks.airflow.providers.standard.hooks.subprocess.SubprocessHook"}
{"timestamp":"2025-08-25T08:00:57.954375","level":"info","event":"\u001b[0m08:00:57  Finished running 23 table models in 0 hours 0 minutes and 39.66 seconds (39.66s).","logger":"airflow.task.hooks.airflow.providers.standard.hooks.subprocess.SubprocessHook"}
{"timestamp":"2025-08-25T08:00:58.074983","level":"info","event":"\u001b[0m08:00:58","logger":"airflow.task.hooks.airflow.providers.standard.hooks.subprocess.SubprocessHook"}
{"timestamp":"2025-08-25T08:00:58.075382","level":"info","event":"\u001b[0m08:00:58  \u001b[32mCompleted successfully\u001b[0m","logger":"airflow.task.hooks.airflow.providers.standard.hooks.subprocess.SubprocessHook"}
{"timestamp":"2025-08-25T08:00:58.075885","level":"info","event":"\u001b[0m08:00:58","logger":"airflow.task.hooks.airflow.providers.standard.hooks.subprocess.SubprocessHook"}
{"timestamp":"2025-08-25T08:00:58.076348","level":"info","event":"\u001b[0m08:00:58  Done. PASS=23 WARN=0 ERROR=0 SKIP=0 NO-OP=0 TOTAL=23","logger":"airflow.task.hooks.airflow.providers.standard.hooks.subprocess.SubprocessHook"}
{"timestamp":"2025-08-25T08:00:59.434323","level":"info","event":"Command exited with return code 0","logger":"airflow.task.hooks.airflow.providers.standard.hooks.subprocess.SubprocessHook"}
{"timestamp":"2025-08-25T08:00:59.435018","level":"info","event":"Pushing xcom","ti":"RuntimeTaskInstance(id=UUID('0198e03c-b9d2-7f84-ab13-d0f1a57e6f3b'), task_id='dbt_silver', dag_id='dbt_pipeline_invalid_staging_silver', run_id='manual__2025-08-25T07:58:52.859055+00:00', try_number=1, map_index=-1, hostname='d71023bd2874', context_carrier={}, task=<Task(BashOperator): dbt_silver>, bundle_instance=LocalDagBundle(name=dags-folder), max_tries=0, start_date=datetime.datetime(2025, 8, 25, 8, 0, 15, 451765, tzinfo=datetime.timezone.utc), end_date=None, state=<TaskInstanceState.RUNNING: 'running'>, is_mapped=False, rendered_map_index=None, log_url='http://localhost:8080/dags/dbt_pipeline_invalid_staging_silver/runs/manual__2025-08-25T07%3A58%3A52.859055%2B00%3A00/tasks/dbt_silver?try_number=1')","logger":"task"}
{"timestamp":"2025-08-25T08:00:59.464605","level":"warning","event":"/home/airflow/.local/lib/python3.12/site-packages/airflow/models/connection.py:471: DeprecationWarning: Using Connection.get_connection_from_secrets from `airflow.models` is deprecated.Please use `from airflow.sdk import Connection` instead\n  warnings.warn(\n","logger":"py.warnings"}
{"timestamp":"2025-08-25T08:00:59.468883","level":"info","event":"Connection Retrieved 'ms_teams_webhook'","logger":"airflow.hooks.base"}
{"timestamp":"2025-08-25T08:01:01.478908Z","level":"info","event":"Task instance in success state","chan":"stdout","logger":"task"}
{"timestamp":"2025-08-25T08:01:01.479057Z","level":"info","event":" Previous state of the Task instance: TaskInstanceState.RUNNING","chan":"stdout","logger":"task"}
{"timestamp":"2025-08-25T08:01:01.480283Z","level":"info","event":"Task operator:<Task(BashOperator): dbt_silver>","chan":"stdout","logger":"task"}
