{"timestamp":"2025-08-27T07:15:40.099424","level":"info","event":"DAG bundles loaded: dags-folder, example_dags","logger":"airflow.dag_processing.bundles.manager.DagBundlesManager"}
{"timestamp":"2025-08-27T07:15:40.099891","level":"info","event":"Filling up the DagBag from /opt/airflow/dags/dbt_process_data.py","logger":"airflow.models.dagbag.DagBag"}
{"timestamp":"2025-08-27T07:15:40.127895Z","level":"info","event":"Task instance is in running state","chan":"stdout","logger":"task"}
{"timestamp":"2025-08-27T07:15:40.128048Z","level":"info","event":" Previous state of the Task instance: TaskInstanceState.QUEUED","chan":"stdout","logger":"task"}
{"timestamp":"2025-08-27T07:15:40.128840Z","level":"info","event":"Current task name:dbt_invalid","chan":"stdout","logger":"task"}
{"timestamp":"2025-08-27T07:15:40.128912Z","level":"info","event":"Dag name:dbt_pipeline_invalid_staging_silver","chan":"stdout","logger":"task"}
{"timestamp":"2025-08-27T07:15:40.129268","level":"info","event":"Tmp dir root location: /tmp","logger":"airflow.task.hooks.airflow.providers.standard.hooks.subprocess.SubprocessHook"}
{"timestamp":"2025-08-27T07:15:40.130397","level":"info","event":"Running command: ['/usr/bin/bash', '-c', 'cd /opt/airflow/dbt && dbt run --select path:models/invalid --full-refresh --profiles-dir /home/airflow/.dbt']","logger":"airflow.task.hooks.airflow.providers.standard.hooks.subprocess.SubprocessHook"}
{"timestamp":"2025-08-27T07:15:40.146509","level":"info","event":"Output:","logger":"airflow.task.hooks.airflow.providers.standard.hooks.subprocess.SubprocessHook"}
{"timestamp":"2025-08-27T07:15:41.875162","level":"info","event":"\u001b[0m07:15:41  Running with dbt=1.10.9","logger":"airflow.task.hooks.airflow.providers.standard.hooks.subprocess.SubprocessHook"}
{"timestamp":"2025-08-27T07:15:42.061815","level":"info","event":"\u001b[0m07:15:42  Registered adapter: postgres=1.9.0","logger":"airflow.task.hooks.airflow.providers.standard.hooks.subprocess.SubprocessHook"}
{"timestamp":"2025-08-27T07:15:42.620260","level":"info","event":"\u001b[0m07:15:42  Found 88 models, 9 snapshots, 376 data tests, 23 sources, 816 macros","logger":"airflow.task.hooks.airflow.providers.standard.hooks.subprocess.SubprocessHook"}
{"timestamp":"2025-08-27T07:15:42.632214","level":"info","event":"\u001b[0m07:15:42","logger":"airflow.task.hooks.airflow.providers.standard.hooks.subprocess.SubprocessHook"}
{"timestamp":"2025-08-27T07:15:42.632713","level":"info","event":"\u001b[0m07:15:42  Concurrency: 4 threads (target='dev')","logger":"airflow.task.hooks.airflow.providers.standard.hooks.subprocess.SubprocessHook"}
{"timestamp":"2025-08-27T07:15:42.633147","level":"info","event":"\u001b[0m07:15:42","logger":"airflow.task.hooks.airflow.providers.standard.hooks.subprocess.SubprocessHook"}
{"timestamp":"2025-08-27T07:15:56.095581","level":"info","event":"\u001b[0m07:15:56  1 of 19 START sql view model silver_invalid.campaign_invalid ................... [RUN]","logger":"airflow.task.hooks.airflow.providers.standard.hooks.subprocess.SubprocessHook"}
{"timestamp":"2025-08-27T07:15:56.097082","level":"info","event":"\u001b[0m07:15:56  2 of 19 START sql view model silver_invalid.customer_feedback_invalid .......... [RUN]","logger":"airflow.task.hooks.airflow.providers.standard.hooks.subprocess.SubprocessHook"}
{"timestamp":"2025-08-27T07:15:56.097722","level":"info","event":"\u001b[0m07:15:56  3 of 19 START sql view model silver_invalid.customer_invalid ................... [RUN]","logger":"airflow.task.hooks.airflow.providers.standard.hooks.subprocess.SubprocessHook"}
{"timestamp":"2025-08-27T07:15:56.098326","level":"info","event":"\u001b[0m07:15:56  4 of 19 START sql view model silver_invalid.discount_rules_invalid ............. [RUN]","logger":"airflow.task.hooks.airflow.providers.standard.hooks.subprocess.SubprocessHook"}
{"timestamp":"2025-08-27T07:15:59.991140","level":"info","event":"\u001b[0m07:15:59  2 of 19 OK created sql view model silver_invalid.customer_feedback_invalid ..... [\u001b[32mCREATE VIEW\u001b[0m in 3.89s]","logger":"airflow.task.hooks.airflow.providers.standard.hooks.subprocess.SubprocessHook"}
{"timestamp":"2025-08-27T07:15:59.992192","level":"info","event":"\u001b[0m07:15:59  3 of 19 OK created sql view model silver_invalid.customer_invalid .............. [\u001b[32mCREATE VIEW\u001b[0m in 3.89s]","logger":"airflow.task.hooks.airflow.providers.standard.hooks.subprocess.SubprocessHook"}
{"timestamp":"2025-08-27T07:15:59.992894","level":"info","event":"\u001b[0m07:15:59  4 of 19 OK created sql view model silver_invalid.discount_rules_invalid ........ [\u001b[32mCREATE VIEW\u001b[0m in 3.89s]","logger":"airflow.task.hooks.airflow.providers.standard.hooks.subprocess.SubprocessHook"}
{"timestamp":"2025-08-27T07:15:59.996945","level":"info","event":"\u001b[0m07:15:59  5 of 19 START sql view model silver_invalid.employees_invalid .................. [RUN]","logger":"airflow.task.hooks.airflow.providers.standard.hooks.subprocess.SubprocessHook"}
{"timestamp":"2025-08-27T07:15:59.997495","level":"info","event":"\u001b[0m07:15:59  6 of 19 START sql view model silver_invalid.inventory_invalid .................. [RUN]","logger":"airflow.task.hooks.airflow.providers.standard.hooks.subprocess.SubprocessHook"}
{"timestamp":"2025-08-27T07:15:59.998062","level":"info","event":"\u001b[0m07:15:59  7 of 19 START sql table model silver_invalid.loyalty_programs_invalid .......... [RUN]","logger":"airflow.task.hooks.airflow.providers.standard.hooks.subprocess.SubprocessHook"}
{"timestamp":"2025-08-27T07:16:00.391825","level":"info","event":"\u001b[0m07:16:00  1 of 19 OK created sql view model silver_invalid.campaign_invalid .............. [\u001b[32mCREATE VIEW\u001b[0m in 4.29s]","logger":"airflow.task.hooks.airflow.providers.standard.hooks.subprocess.SubprocessHook"}
{"timestamp":"2025-08-27T07:16:00.393334","level":"info","event":"\u001b[0m07:16:00  8 of 19 START sql view model silver_invalid.payments_invalid ................... [RUN]","logger":"airflow.task.hooks.airflow.providers.standard.hooks.subprocess.SubprocessHook"}
{"timestamp":"2025-08-27T07:16:05.628622","level":"info","event":"\u001b[0m07:16:05  6 of 19 OK created sql view model silver_invalid.inventory_invalid ............. [\u001b[32mCREATE VIEW\u001b[0m in 5.63s]","logger":"airflow.task.hooks.airflow.providers.standard.hooks.subprocess.SubprocessHook"}
{"timestamp":"2025-08-27T07:16:05.630035","level":"info","event":"\u001b[0m07:16:05  9 of 19 START sql view model silver_invalid.pricing_history_invalid ............ [RUN]","logger":"airflow.task.hooks.airflow.providers.standard.hooks.subprocess.SubprocessHook"}
{"timestamp":"2025-08-27T07:16:05.801645","level":"info","event":"\u001b[0m07:16:05  7 of 19 OK created sql table model silver_invalid.loyalty_programs_invalid ..... [\u001b[32mSELECT 0\u001b[0m in 5.80s]","logger":"airflow.task.hooks.airflow.providers.standard.hooks.subprocess.SubprocessHook"}
{"timestamp":"2025-08-27T07:16:05.803019","level":"info","event":"\u001b[0m07:16:05  10 of 19 START sql view model silver_invalid.products_invalid .................. [RUN]","logger":"airflow.task.hooks.airflow.providers.standard.hooks.subprocess.SubprocessHook"}
{"timestamp":"2025-08-27T07:16:06.919812","level":"info","event":"\u001b[0m07:16:06  8 of 19 OK created sql view model silver_invalid.payments_invalid .............. [\u001b[32mCREATE VIEW\u001b[0m in 6.53s]","logger":"airflow.task.hooks.airflow.providers.standard.hooks.subprocess.SubprocessHook"}
{"timestamp":"2025-08-27T07:16:06.921178","level":"info","event":"\u001b[0m07:16:06  11 of 19 START sql view model silver_invalid.promotions_invalid ................ [RUN]","logger":"airflow.task.hooks.airflow.providers.standard.hooks.subprocess.SubprocessHook"}
{"timestamp":"2025-08-27T07:16:07.418440","level":"info","event":"\u001b[0m07:16:07  5 of 19 OK created sql view model silver_invalid.employees_invalid ............. [\u001b[32mCREATE VIEW\u001b[0m in 7.42s]","logger":"airflow.task.hooks.airflow.providers.standard.hooks.subprocess.SubprocessHook"}
{"timestamp":"2025-08-27T07:16:07.419927","level":"info","event":"\u001b[0m07:16:07  12 of 19 START sql view model silver_invalid.purchase_orders_invalid ........... [RUN]","logger":"airflow.task.hooks.airflow.providers.standard.hooks.subprocess.SubprocessHook"}
{"timestamp":"2025-08-27T07:16:08.954307","level":"info","event":"\u001b[0m07:16:08  10 of 19 OK created sql view model silver_invalid.products_invalid ............. [\u001b[32mCREATE VIEW\u001b[0m in 3.15s]","logger":"airflow.task.hooks.airflow.providers.standard.hooks.subprocess.SubprocessHook"}
{"timestamp":"2025-08-27T07:16:08.955613","level":"info","event":"\u001b[0m07:16:08  13 of 19 START sql table model silver_invalid.returns_invalid .................. [RUN]","logger":"airflow.task.hooks.airflow.providers.standard.hooks.subprocess.SubprocessHook"}
{"timestamp":"2025-08-27T07:16:09.365821","level":"info","event":"\u001b[0m07:16:09  9 of 19 OK created sql view model silver_invalid.pricing_history_invalid ....... [\u001b[32mCREATE VIEW\u001b[0m in 3.73s]","logger":"airflow.task.hooks.airflow.providers.standard.hooks.subprocess.SubprocessHook"}
{"timestamp":"2025-08-27T07:16:09.367260","level":"info","event":"\u001b[0m07:16:09  14 of 19 START sql view model silver_invalid.sales_items_invalid ............... [RUN]","logger":"airflow.task.hooks.airflow.providers.standard.hooks.subprocess.SubprocessHook"}
{"timestamp":"2025-08-27T07:16:10.326096","level":"info","event":"\u001b[0m07:16:10  12 of 19 OK created sql view model silver_invalid.purchase_orders_invalid ...... [\u001b[32mCREATE VIEW\u001b[0m in 2.91s]","logger":"airflow.task.hooks.airflow.providers.standard.hooks.subprocess.SubprocessHook"}
{"timestamp":"2025-08-27T07:16:10.327442","level":"info","event":"\u001b[0m07:16:10  15 of 19 START sql view model silver_invalid.sales_transactions_invalid ........ [RUN]","logger":"airflow.task.hooks.airflow.providers.standard.hooks.subprocess.SubprocessHook"}
{"timestamp":"2025-08-27T07:16:10.344161","level":"info","event":"\u001b[0m07:16:10  11 of 19 OK created sql view model silver_invalid.promotions_invalid ........... [\u001b[32mCREATE VIEW\u001b[0m in 3.42s]","logger":"airflow.task.hooks.airflow.providers.standard.hooks.subprocess.SubprocessHook"}
{"timestamp":"2025-08-27T07:16:10.345523","level":"info","event":"\u001b[0m07:16:10  16 of 19 START sql view model silver_invalid.shipments_invalid ................. [RUN]","logger":"airflow.task.hooks.airflow.providers.standard.hooks.subprocess.SubprocessHook"}
{"timestamp":"2025-08-27T07:16:12.634653","level":"info","event":"\u001b[0m07:16:12  14 of 19 OK created sql view model silver_invalid.sales_items_invalid .......... [\u001b[32mCREATE VIEW\u001b[0m in 3.27s]","logger":"airflow.task.hooks.airflow.providers.standard.hooks.subprocess.SubprocessHook"}
{"timestamp":"2025-08-27T07:16:12.636018","level":"info","event":"\u001b[0m07:16:12  17 of 19 START sql view model silver_invalid.stock_movements_invalid ........... [RUN]","logger":"airflow.task.hooks.airflow.providers.standard.hooks.subprocess.SubprocessHook"}
{"timestamp":"2025-08-27T07:16:12.826929","level":"info","event":"\u001b[0m07:16:12  13 of 19 OK created sql table model silver_invalid.returns_invalid ............. [\u001b[32mSELECT 500\u001b[0m in 3.87s]","logger":"airflow.task.hooks.airflow.providers.standard.hooks.subprocess.SubprocessHook"}
{"timestamp":"2025-08-27T07:16:12.828241","level":"info","event":"\u001b[0m07:16:12  18 of 19 START sql view model silver_invalid.store_visits_invalid .............. [RUN]","logger":"airflow.task.hooks.airflow.providers.standard.hooks.subprocess.SubprocessHook"}
{"timestamp":"2025-08-27T07:16:13.478655","level":"info","event":"\u001b[0m07:16:13  16 of 19 OK created sql view model silver_invalid.shipments_invalid ............ [\u001b[32mCREATE VIEW\u001b[0m in 3.13s]","logger":"airflow.task.hooks.airflow.providers.standard.hooks.subprocess.SubprocessHook"}
{"timestamp":"2025-08-27T07:16:13.480137","level":"info","event":"\u001b[0m07:16:13  19 of 19 START sql view model silver_invalid.tax_rules_invalid ................. [RUN]","logger":"airflow.task.hooks.airflow.providers.standard.hooks.subprocess.SubprocessHook"}
{"timestamp":"2025-08-27T07:16:13.573556","level":"info","event":"\u001b[0m07:16:13  15 of 19 OK created sql view model silver_invalid.sales_transactions_invalid ... [\u001b[32mCREATE VIEW\u001b[0m in 3.24s]","logger":"airflow.task.hooks.airflow.providers.standard.hooks.subprocess.SubprocessHook"}
{"timestamp":"2025-08-27T07:16:16.351021","level":"info","event":"\u001b[0m07:16:16  17 of 19 OK created sql view model silver_invalid.stock_movements_invalid ...... [\u001b[32mCREATE VIEW\u001b[0m in 3.71s]","logger":"airflow.task.hooks.airflow.providers.standard.hooks.subprocess.SubprocessHook"}
{"timestamp":"2025-08-27T07:16:16.546032","level":"info","event":"\u001b[0m07:16:16  18 of 19 OK created sql view model silver_invalid.store_visits_invalid ......... [\u001b[32mCREATE VIEW\u001b[0m in 3.72s]","logger":"airflow.task.hooks.airflow.providers.standard.hooks.subprocess.SubprocessHook"}
{"timestamp":"2025-08-27T07:16:17.481720","level":"info","event":"\u001b[0m07:16:17  19 of 19 OK created sql view model silver_invalid.tax_rules_invalid ............ [\u001b[32mCREATE VIEW\u001b[0m in 4.00s]","logger":"airflow.task.hooks.airflow.providers.standard.hooks.subprocess.SubprocessHook"}
{"timestamp":"2025-08-27T07:16:20.813316","level":"info","event":"\u001b[0m07:16:20","logger":"airflow.task.hooks.airflow.providers.standard.hooks.subprocess.SubprocessHook"}
{"timestamp":"2025-08-27T07:16:20.813598","level":"info","event":"\u001b[0m07:16:20  Finished running 2 table models, 17 view models in 0 hours 0 minutes and 38.18 seconds (38.18s).","logger":"airflow.task.hooks.airflow.providers.standard.hooks.subprocess.SubprocessHook"}
{"timestamp":"2025-08-27T07:16:20.982520","level":"info","event":"\u001b[0m07:16:20","logger":"airflow.task.hooks.airflow.providers.standard.hooks.subprocess.SubprocessHook"}
{"timestamp":"2025-08-27T07:16:20.982803","level":"info","event":"\u001b[0m07:16:20  \u001b[32mCompleted successfully\u001b[0m","logger":"airflow.task.hooks.airflow.providers.standard.hooks.subprocess.SubprocessHook"}
{"timestamp":"2025-08-27T07:16:20.983076","level":"info","event":"\u001b[0m07:16:20","logger":"airflow.task.hooks.airflow.providers.standard.hooks.subprocess.SubprocessHook"}
{"timestamp":"2025-08-27T07:16:20.983373","level":"info","event":"\u001b[0m07:16:20  Done. PASS=19 WARN=0 ERROR=0 SKIP=0 NO-OP=0 TOTAL=19","logger":"airflow.task.hooks.airflow.providers.standard.hooks.subprocess.SubprocessHook"}
{"timestamp":"2025-08-27T07:16:22.788128","level":"info","event":"Command exited with return code 0","logger":"airflow.task.hooks.airflow.providers.standard.hooks.subprocess.SubprocessHook"}
{"timestamp":"2025-08-27T07:16:22.788769","level":"info","event":"Pushing xcom","ti":"RuntimeTaskInstance(id=UUID('0198ea60-318f-7c4f-9648-4bdb180527fb'), task_id='dbt_invalid', dag_id='dbt_pipeline_invalid_staging_silver', run_id='scheduled__2025-08-27T00:00:00+00:00', try_number=1, map_index=-1, hostname='72fc05857baa', context_carrier={}, task=<Task(BashOperator): dbt_invalid>, bundle_instance=LocalDagBundle(name=dags-folder), max_tries=0, start_date=datetime.datetime(2025, 8, 27, 7, 15, 39, 747364, tzinfo=datetime.timezone.utc), end_date=None, state=<TaskInstanceState.RUNNING: 'running'>, is_mapped=False, rendered_map_index=None, log_url='http://localhost:8080/dags/dbt_pipeline_invalid_staging_silver/runs/scheduled__2025-08-27T00%3A00%3A00%2B00%3A00/tasks/dbt_invalid?try_number=1')","logger":"task"}
{"timestamp":"2025-08-27T07:16:22.812831","level":"error","event":"Failed to run task callback","kind":"on_success_callback","index":0,"callback":"<function <lambda> at 0x72729cf2bba0>","logger":"task","error_detail":[{"exc_type":"TypeError","exc_value":"can't subtract offset-naive and offset-aware datetimes","exc_notes":[],"syntax_error":null,"is_cause":false,"frames":[{"filename":"/home/airflow/.local/lib/python3.12/site-packages/airflow/sdk/execution_time/task_runner.py","lineno":1114,"name":"_run_task_state_change_callbacks"},{"filename":"/home/airflow/.local/lib/python3.12/site-packages/airflow/sdk/execution_time/callback_runner.py","lineno":81,"name":"run"},{"filename":"/opt/airflow/dags/dbt_process_data.py","lineno":189,"name":"<lambda>"},{"filename":"/opt/airflow/dags/dbt_process_data.py","lineno":47,"name":"teams_notify"}],"is_group":false,"exceptions":[]}]}
{"timestamp":"2025-08-27T07:16:22.813337Z","level":"info","event":"Task instance in success state","chan":"stdout","logger":"task"}
{"timestamp":"2025-08-27T07:16:22.813430Z","level":"info","event":" Previous state of the Task instance: TaskInstanceState.RUNNING","chan":"stdout","logger":"task"}
{"timestamp":"2025-08-27T07:16:22.814215Z","level":"info","event":"Task operator:<Task(BashOperator): dbt_invalid>","chan":"stdout","logger":"task"}
