{"timestamp":"2025-08-22T11:59:01.845558","level":"info","event":"DAG bundles loaded: dags-folder, example_dags","logger":"airflow.dag_processing.bundles.manager.DagBundlesManager"}
{"timestamp":"2025-08-22T11:59:01.846009","level":"info","event":"Filling up the DagBag from /opt/airflow/dags/dbt_process_data.py","logger":"airflow.models.dagbag.DagBag"}
{"timestamp":"2025-08-22T11:59:01.874956Z","level":"info","event":"Task instance is in running state","chan":"stdout","logger":"task"}
{"timestamp":"2025-08-22T11:59:01.875097Z","level":"info","event":" Previous state of the Task instance: TaskInstanceState.QUEUED","chan":"stdout","logger":"task"}
{"timestamp":"2025-08-22T11:59:01.875903Z","level":"info","event":"Current task name:dbt_invalid","chan":"stdout","logger":"task"}
{"timestamp":"2025-08-22T11:59:01.876012Z","level":"info","event":"Dag name:dbt_pipeline_invalid_staging_silver","chan":"stdout","logger":"task"}
{"timestamp":"2025-08-22T11:59:01.876325","level":"info","event":"Tmp dir root location: /tmp","logger":"airflow.task.hooks.airflow.providers.standard.hooks.subprocess.SubprocessHook"}
{"timestamp":"2025-08-22T11:59:01.877460","level":"info","event":"Running command: ['/usr/bin/bash', '-c', 'cd /opt/airflow/dbt && dbt run --select path:models/invalid --full-refresh --profiles-dir /home/airflow/.dbt']","logger":"airflow.task.hooks.airflow.providers.standard.hooks.subprocess.SubprocessHook"}
{"timestamp":"2025-08-22T11:59:01.892740","level":"info","event":"Output:","logger":"airflow.task.hooks.airflow.providers.standard.hooks.subprocess.SubprocessHook"}
{"timestamp":"2025-08-22T11:59:03.605602","level":"info","event":"\u001b[0m11:59:03  Running with dbt=1.10.9","logger":"airflow.task.hooks.airflow.providers.standard.hooks.subprocess.SubprocessHook"}
{"timestamp":"2025-08-22T11:59:03.829957","level":"info","event":"\u001b[0m11:59:03  Registered adapter: postgres=1.9.0","logger":"airflow.task.hooks.airflow.providers.standard.hooks.subprocess.SubprocessHook"}
{"timestamp":"2025-08-22T11:59:04.523628","level":"info","event":"\u001b[0m11:59:04  Found 88 models, 9 snapshots, 376 data tests, 23 sources, 816 macros","logger":"airflow.task.hooks.airflow.providers.standard.hooks.subprocess.SubprocessHook"}
{"timestamp":"2025-08-22T11:59:04.536947","level":"info","event":"\u001b[0m11:59:04","logger":"airflow.task.hooks.airflow.providers.standard.hooks.subprocess.SubprocessHook"}
{"timestamp":"2025-08-22T11:59:04.537285","level":"info","event":"\u001b[0m11:59:04  Concurrency: 4 threads (target='dev')","logger":"airflow.task.hooks.airflow.providers.standard.hooks.subprocess.SubprocessHook"}
{"timestamp":"2025-08-22T11:59:04.537606","level":"info","event":"\u001b[0m11:59:04","logger":"airflow.task.hooks.airflow.providers.standard.hooks.subprocess.SubprocessHook"}
{"timestamp":"2025-08-22T11:59:25.759412","level":"info","event":"\u001b[0m11:59:25  1 of 19 START sql view model silver_invalid.campaign_invalid ................... [RUN]","logger":"airflow.task.hooks.airflow.providers.standard.hooks.subprocess.SubprocessHook"}
{"timestamp":"2025-08-22T11:59:25.760919","level":"info","event":"\u001b[0m11:59:25  2 of 19 START sql view model silver_invalid.customer_feedback_invalid .......... [RUN]","logger":"airflow.task.hooks.airflow.providers.standard.hooks.subprocess.SubprocessHook"}
{"timestamp":"2025-08-22T11:59:25.761461","level":"info","event":"\u001b[0m11:59:25  3 of 19 START sql view model silver_invalid.customer_invalid ................... [RUN]","logger":"airflow.task.hooks.airflow.providers.standard.hooks.subprocess.SubprocessHook"}
{"timestamp":"2025-08-22T11:59:25.762438","level":"info","event":"\u001b[0m11:59:25  4 of 19 START sql view model silver_invalid.discount_rules_invalid ............. [RUN]","logger":"airflow.task.hooks.airflow.providers.standard.hooks.subprocess.SubprocessHook"}
{"timestamp":"2025-08-22T11:59:29.358698","level":"info","event":"\u001b[0m11:59:29  3 of 19 OK created sql view model silver_invalid.customer_invalid .............. [\u001b[32mCREATE VIEW\u001b[0m in 3.59s]","logger":"airflow.task.hooks.airflow.providers.standard.hooks.subprocess.SubprocessHook"}
{"timestamp":"2025-08-22T11:59:29.360769","level":"info","event":"\u001b[0m11:59:29  5 of 19 START sql view model silver_invalid.employees_invalid .................. [RUN]","logger":"airflow.task.hooks.airflow.providers.standard.hooks.subprocess.SubprocessHook"}
{"timestamp":"2025-08-22T11:59:29.478614","level":"info","event":"\u001b[0m11:59:29  2 of 19 OK created sql view model silver_invalid.customer_feedback_invalid ..... [\u001b[32mCREATE VIEW\u001b[0m in 3.71s]","logger":"airflow.task.hooks.airflow.providers.standard.hooks.subprocess.SubprocessHook"}
{"timestamp":"2025-08-22T11:59:29.480542","level":"info","event":"\u001b[0m11:59:29  6 of 19 START sql view model silver_invalid.inventory_invalid .................. [RUN]","logger":"airflow.task.hooks.airflow.providers.standard.hooks.subprocess.SubprocessHook"}
{"timestamp":"2025-08-22T11:59:29.526097","level":"info","event":"\u001b[0m11:59:29  4 of 19 OK created sql view model silver_invalid.discount_rules_invalid ........ [\u001b[32mCREATE VIEW\u001b[0m in 3.76s]","logger":"airflow.task.hooks.airflow.providers.standard.hooks.subprocess.SubprocessHook"}
{"timestamp":"2025-08-22T11:59:29.527593","level":"info","event":"\u001b[0m11:59:29  7 of 19 START sql table model silver_invalid.loyalty_programs_invalid .......... [RUN]","logger":"airflow.task.hooks.airflow.providers.standard.hooks.subprocess.SubprocessHook"}
{"timestamp":"2025-08-22T11:59:30.725028","level":"info","event":"\u001b[0m11:59:30  1 of 19 OK created sql view model silver_invalid.campaign_invalid .............. [\u001b[32mCREATE VIEW\u001b[0m in 4.96s]","logger":"airflow.task.hooks.airflow.providers.standard.hooks.subprocess.SubprocessHook"}
{"timestamp":"2025-08-22T11:59:30.727409","level":"info","event":"\u001b[0m11:59:30  8 of 19 START sql view model silver_invalid.payments_invalid ................... [RUN]","logger":"airflow.task.hooks.airflow.providers.standard.hooks.subprocess.SubprocessHook"}
{"timestamp":"2025-08-22T11:59:32.743500","level":"info","event":"\u001b[0m11:59:32  5 of 19 OK created sql view model silver_invalid.employees_invalid ............. [\u001b[32mCREATE VIEW\u001b[0m in 3.38s]","logger":"airflow.task.hooks.airflow.providers.standard.hooks.subprocess.SubprocessHook"}
{"timestamp":"2025-08-22T11:59:32.744997","level":"info","event":"\u001b[0m11:59:32  9 of 19 START sql view model silver_invalid.pricing_history_invalid ............ [RUN]","logger":"airflow.task.hooks.airflow.providers.standard.hooks.subprocess.SubprocessHook"}
{"timestamp":"2025-08-22T11:59:32.830837","level":"info","event":"\u001b[0m11:59:32  7 of 19 OK created sql table model silver_invalid.loyalty_programs_invalid ..... [\u001b[32mSELECT 0\u001b[0m in 3.30s]","logger":"airflow.task.hooks.airflow.providers.standard.hooks.subprocess.SubprocessHook"}
{"timestamp":"2025-08-22T11:59:32.832681","level":"info","event":"\u001b[0m11:59:32  10 of 19 START sql view model silver_invalid.products_invalid .................. [RUN]","logger":"airflow.task.hooks.airflow.providers.standard.hooks.subprocess.SubprocessHook"}
{"timestamp":"2025-08-22T11:59:33.813609","level":"info","event":"\u001b[0m11:59:33  6 of 19 OK created sql view model silver_invalid.inventory_invalid ............. [\u001b[32mCREATE VIEW\u001b[0m in 4.33s]","logger":"airflow.task.hooks.airflow.providers.standard.hooks.subprocess.SubprocessHook"}
{"timestamp":"2025-08-22T11:59:33.815327","level":"info","event":"\u001b[0m11:59:33  11 of 19 START sql view model silver_invalid.promotions_invalid ................ [RUN]","logger":"airflow.task.hooks.airflow.providers.standard.hooks.subprocess.SubprocessHook"}
{"timestamp":"2025-08-22T11:59:34.158059","level":"info","event":"\u001b[0m11:59:34  8 of 19 OK created sql view model silver_invalid.payments_invalid .............. [\u001b[32mCREATE VIEW\u001b[0m in 3.43s]","logger":"airflow.task.hooks.airflow.providers.standard.hooks.subprocess.SubprocessHook"}
{"timestamp":"2025-08-22T11:59:34.159454","level":"info","event":"\u001b[0m11:59:34  12 of 19 START sql view model silver_invalid.purchase_orders_invalid ........... [RUN]","logger":"airflow.task.hooks.airflow.providers.standard.hooks.subprocess.SubprocessHook"}
{"timestamp":"2025-08-22T11:59:36.163402","level":"info","event":"\u001b[0m11:59:36  9 of 19 OK created sql view model silver_invalid.pricing_history_invalid ....... [\u001b[32mCREATE VIEW\u001b[0m in 3.42s]","logger":"airflow.task.hooks.airflow.providers.standard.hooks.subprocess.SubprocessHook"}
{"timestamp":"2025-08-22T11:59:36.165781","level":"info","event":"\u001b[0m11:59:36  13 of 19 START sql table model silver_invalid.returns_invalid .................. [RUN]","logger":"airflow.task.hooks.airflow.providers.standard.hooks.subprocess.SubprocessHook"}
{"timestamp":"2025-08-22T11:59:36.768221","level":"info","event":"\u001b[0m11:59:36  10 of 19 OK created sql view model silver_invalid.products_invalid ............. [\u001b[32mCREATE VIEW\u001b[0m in 3.93s]","logger":"airflow.task.hooks.airflow.providers.standard.hooks.subprocess.SubprocessHook"}
{"timestamp":"2025-08-22T11:59:36.769899","level":"info","event":"\u001b[0m11:59:36  14 of 19 START sql view model silver_invalid.sales_items_invalid ............... [RUN]","logger":"airflow.task.hooks.airflow.providers.standard.hooks.subprocess.SubprocessHook"}
{"timestamp":"2025-08-22T11:59:37.879070","level":"info","event":"\u001b[0m11:59:37  12 of 19 OK created sql view model silver_invalid.purchase_orders_invalid ...... [\u001b[32mCREATE VIEW\u001b[0m in 3.72s]","logger":"airflow.task.hooks.airflow.providers.standard.hooks.subprocess.SubprocessHook"}
{"timestamp":"2025-08-22T11:59:37.881418","level":"info","event":"\u001b[0m11:59:37  15 of 19 START sql view model silver_invalid.sales_transactions_invalid ........ [RUN]","logger":"airflow.task.hooks.airflow.providers.standard.hooks.subprocess.SubprocessHook"}
{"timestamp":"2025-08-22T11:59:40.130901","level":"info","event":"\u001b[0m11:59:40  11 of 19 OK created sql view model silver_invalid.promotions_invalid ........... [\u001b[32mCREATE VIEW\u001b[0m in 6.31s]","logger":"airflow.task.hooks.airflow.providers.standard.hooks.subprocess.SubprocessHook"}
{"timestamp":"2025-08-22T11:59:40.132698","level":"info","event":"\u001b[0m11:59:40  16 of 19 START sql view model silver_invalid.shipments_invalid ................. [RUN]","logger":"airflow.task.hooks.airflow.providers.standard.hooks.subprocess.SubprocessHook"}
{"timestamp":"2025-08-22T11:59:42.190969","level":"info","event":"\u001b[0m11:59:42  13 of 19 OK created sql table model silver_invalid.returns_invalid ............. [\u001b[32mSELECT 500\u001b[0m in 6.02s]","logger":"airflow.task.hooks.airflow.providers.standard.hooks.subprocess.SubprocessHook"}
{"timestamp":"2025-08-22T11:59:42.192704","level":"info","event":"\u001b[0m11:59:42  17 of 19 START sql view model silver_invalid.stock_movements_invalid ........... [RUN]","logger":"airflow.task.hooks.airflow.providers.standard.hooks.subprocess.SubprocessHook"}
{"timestamp":"2025-08-22T11:59:42.544501","level":"info","event":"\u001b[0m11:59:42  14 of 19 OK created sql view model silver_invalid.sales_items_invalid .......... [\u001b[32mCREATE VIEW\u001b[0m in 5.77s]","logger":"airflow.task.hooks.airflow.providers.standard.hooks.subprocess.SubprocessHook"}
{"timestamp":"2025-08-22T11:59:42.546177","level":"info","event":"\u001b[0m11:59:42  18 of 19 START sql view model silver_invalid.store_visits_invalid .............. [RUN]","logger":"airflow.task.hooks.airflow.providers.standard.hooks.subprocess.SubprocessHook"}
{"timestamp":"2025-08-22T11:59:43.562516","level":"info","event":"\u001b[0m11:59:43  16 of 19 OK created sql view model silver_invalid.shipments_invalid ............ [\u001b[32mCREATE VIEW\u001b[0m in 3.43s]","logger":"airflow.task.hooks.airflow.providers.standard.hooks.subprocess.SubprocessHook"}
{"timestamp":"2025-08-22T11:59:43.564262","level":"info","event":"\u001b[0m11:59:43  19 of 19 START sql view model silver_invalid.tax_rules_invalid ................. [RUN]","logger":"airflow.task.hooks.airflow.providers.standard.hooks.subprocess.SubprocessHook"}
{"timestamp":"2025-08-22T11:59:45.930658","level":"info","event":"\u001b[0m11:59:45  17 of 19 OK created sql view model silver_invalid.stock_movements_invalid ...... [\u001b[32mCREATE VIEW\u001b[0m in 3.74s]","logger":"airflow.task.hooks.airflow.providers.standard.hooks.subprocess.SubprocessHook"}
{"timestamp":"2025-08-22T11:59:47.561898","level":"info","event":"\u001b[0m11:59:47  19 of 19 OK created sql view model silver_invalid.tax_rules_invalid ............ [\u001b[32mCREATE VIEW\u001b[0m in 4.00s]","logger":"airflow.task.hooks.airflow.providers.standard.hooks.subprocess.SubprocessHook"}
{"timestamp":"2025-08-22T11:59:49.931510","level":"info","event":"\u001b[0m11:59:49  15 of 19 OK created sql view model silver_invalid.sales_transactions_invalid ... [\u001b[32mCREATE VIEW\u001b[0m in 12.05s]","logger":"airflow.task.hooks.airflow.providers.standard.hooks.subprocess.SubprocessHook"}
{"timestamp":"2025-08-22T11:59:50.590241","level":"info","event":"\u001b[0m11:59:50  18 of 19 OK created sql view model silver_invalid.store_visits_invalid ......... [\u001b[32mCREATE VIEW\u001b[0m in 8.04s]","logger":"airflow.task.hooks.airflow.providers.standard.hooks.subprocess.SubprocessHook"}
{"timestamp":"2025-08-22T11:59:59.360121","level":"info","event":"\u001b[0m11:59:59","logger":"airflow.task.hooks.airflow.providers.standard.hooks.subprocess.SubprocessHook"}
{"timestamp":"2025-08-22T11:59:59.360450","level":"info","event":"\u001b[0m11:59:59  Finished running 2 table models, 17 view models in 0 hours 0 minutes and 54.82 seconds (54.82s).","logger":"airflow.task.hooks.airflow.providers.standard.hooks.subprocess.SubprocessHook"}
{"timestamp":"2025-08-22T11:59:59.536541","level":"info","event":"\u001b[0m11:59:59","logger":"airflow.task.hooks.airflow.providers.standard.hooks.subprocess.SubprocessHook"}
{"timestamp":"2025-08-22T11:59:59.536934","level":"info","event":"\u001b[0m11:59:59  \u001b[32mCompleted successfully\u001b[0m","logger":"airflow.task.hooks.airflow.providers.standard.hooks.subprocess.SubprocessHook"}
{"timestamp":"2025-08-22T11:59:59.537384","level":"info","event":"\u001b[0m11:59:59","logger":"airflow.task.hooks.airflow.providers.standard.hooks.subprocess.SubprocessHook"}
{"timestamp":"2025-08-22T11:59:59.537865","level":"info","event":"\u001b[0m11:59:59  Done. PASS=19 WARN=0 ERROR=0 SKIP=0 NO-OP=0 TOTAL=19","logger":"airflow.task.hooks.airflow.providers.standard.hooks.subprocess.SubprocessHook"}
{"timestamp":"2025-08-22T12:00:01.304631","level":"info","event":"Command exited with return code 0","logger":"airflow.task.hooks.airflow.providers.standard.hooks.subprocess.SubprocessHook"}
{"timestamp":"2025-08-22T12:00:01.305289","level":"info","event":"Pushing xcom","ti":"RuntimeTaskInstance(id=UUID('0198d1a4-a85d-7a78-8560-2f60308ac0a0'), task_id='dbt_invalid', dag_id='dbt_pipeline_invalid_staging_silver', run_id='manual__2025-08-22T11:58:05.878146+00:00', try_number=1, map_index=-1, hostname='b7bddf1c9a48', context_carrier={}, task=<Task(BashOperator): dbt_invalid>, bundle_instance=LocalDagBundle(name=dags-folder), max_tries=0, start_date=datetime.datetime(2025, 8, 22, 11, 59, 1, 502250, tzinfo=datetime.timezone.utc), end_date=None, state=<TaskInstanceState.RUNNING: 'running'>, is_mapped=False, rendered_map_index=None, log_url='http://localhost:8080/dags/dbt_pipeline_invalid_staging_silver/runs/manual__2025-08-22T11%3A58%3A05.878146%2B00%3A00/tasks/dbt_invalid?try_number=1')","logger":"task"}
{"timestamp":"2025-08-22T12:00:01.338942","level":"warning","event":"/home/airflow/.local/lib/python3.12/site-packages/airflow/models/connection.py:471: DeprecationWarning: Using Connection.get_connection_from_secrets from `airflow.models` is deprecated.Please use `from airflow.sdk import Connection` instead\n  warnings.warn(\n","logger":"py.warnings"}
{"timestamp":"2025-08-22T12:00:01.343729","level":"info","event":"Connection Retrieved 'ms_teams_webhook'","logger":"airflow.hooks.base"}
{"timestamp":"2025-08-22T12:00:04.764757Z","level":"info","event":"Task instance in success state","chan":"stdout","logger":"task"}
{"timestamp":"2025-08-22T12:00:04.764928Z","level":"info","event":" Previous state of the Task instance: TaskInstanceState.RUNNING","chan":"stdout","logger":"task"}
{"timestamp":"2025-08-22T12:00:04.766059Z","level":"info","event":"Task operator:<Task(BashOperator): dbt_invalid>","chan":"stdout","logger":"task"}
