{"timestamp":"2025-08-15T04:54:41.744701","level":"info","event":"Filling up the DagBag from /opt/airflow/dags/example_dags.py","logger":"airflow.models.dagbag.DagBag"}
{"timestamp":"2025-08-15T04:54:41.750217","level":"error","event":"Failed to import: /opt/airflow/dags/example_dags.py","logger":"airflow.models.dagbag.DagBag","error_detail":[{"exc_type":"TypeError","exc_value":"DAG.__init__() got an unexpected keyword argument 'schedule_interval'","exc_notes":[],"syntax_error":null,"is_cause":false,"frames":[{"filename":"/home/airflow/.local/lib/python3.12/site-packages/airflow/models/dagbag.py","lineno":394,"name":"parse"},{"filename":"<frozen importlib._bootstrap_external>","lineno":999,"name":"exec_module"},{"filename":"<frozen importlib._bootstrap>","lineno":488,"name":"_call_with_frames_removed"},{"filename":"/opt/airflow/dags/example_dags.py","lineno":17,"name":"<module>"}],"is_group":false,"exceptions":[]}]}
{"timestamp":"2025-08-15T04:55:14.530024","level":"info","event":"Filling up the DagBag from /opt/airflow/dags/example_dags.py","logger":"airflow.models.dagbag.DagBag"}
{"timestamp":"2025-08-15T04:55:14.531451","level":"error","event":"Failed to import: /opt/airflow/dags/example_dags.py","logger":"airflow.models.dagbag.DagBag","error_detail":[{"exc_type":"TypeError","exc_value":"DAG.__init__() got an unexpected keyword argument 'schedule_interval'","exc_notes":[],"syntax_error":null,"is_cause":false,"frames":[{"filename":"/home/airflow/.local/lib/python3.12/site-packages/airflow/models/dagbag.py","lineno":394,"name":"parse"},{"filename":"<frozen importlib._bootstrap_external>","lineno":999,"name":"exec_module"},{"filename":"<frozen importlib._bootstrap>","lineno":488,"name":"_call_with_frames_removed"},{"filename":"/opt/airflow/dags/example_dags.py","lineno":17,"name":"<module>"}],"is_group":false,"exceptions":[]}]}
{"timestamp":"2025-08-15T04:55:45.304855","level":"info","event":"Filling up the DagBag from /opt/airflow/dags/example_dags.py","logger":"airflow.models.dagbag.DagBag"}
{"timestamp":"2025-08-15T04:55:45.306230","level":"error","event":"Failed to import: /opt/airflow/dags/example_dags.py","logger":"airflow.models.dagbag.DagBag","error_detail":[{"exc_type":"TypeError","exc_value":"DAG.__init__() got an unexpected keyword argument 'schedule_interval'","exc_notes":[],"syntax_error":null,"is_cause":false,"frames":[{"filename":"/home/airflow/.local/lib/python3.12/site-packages/airflow/models/dagbag.py","lineno":394,"name":"parse"},{"filename":"<frozen importlib._bootstrap_external>","lineno":999,"name":"exec_module"},{"filename":"<frozen importlib._bootstrap>","lineno":488,"name":"_call_with_frames_removed"},{"filename":"/opt/airflow/dags/example_dags.py","lineno":17,"name":"<module>"}],"is_group":false,"exceptions":[]}]}
{"timestamp":"2025-08-15T04:56:15.889462","level":"info","event":"Filling up the DagBag from /opt/airflow/dags/example_dags.py","logger":"airflow.models.dagbag.DagBag"}
{"timestamp":"2025-08-15T04:56:15.890982","level":"error","event":"Failed to import: /opt/airflow/dags/example_dags.py","logger":"airflow.models.dagbag.DagBag","error_detail":[{"exc_type":"TypeError","exc_value":"DAG.__init__() got an unexpected keyword argument 'schedule_interval'","exc_notes":[],"syntax_error":null,"is_cause":false,"frames":[{"filename":"/home/airflow/.local/lib/python3.12/site-packages/airflow/models/dagbag.py","lineno":394,"name":"parse"},{"filename":"<frozen importlib._bootstrap_external>","lineno":999,"name":"exec_module"},{"filename":"<frozen importlib._bootstrap>","lineno":488,"name":"_call_with_frames_removed"},{"filename":"/opt/airflow/dags/example_dags.py","lineno":17,"name":"<module>"}],"is_group":false,"exceptions":[]}]}
{"timestamp":"2025-08-15T04:56:36.559145","level":"info","event":"Filling up the DagBag from /opt/airflow/dags/example_dags.py","logger":"airflow.models.dagbag.DagBag"}
{"timestamp":"2025-08-15T04:56:36.561959","level":"error","event":"Failed to import: /opt/airflow/dags/example_dags.py","logger":"airflow.models.dagbag.DagBag","error_detail":[{"exc_type":"TypeError","exc_value":"DAG.__init__() got an unexpected keyword argument 'schedule_interval'","exc_notes":[],"syntax_error":null,"is_cause":false,"frames":[{"filename":"/home/airflow/.local/lib/python3.12/site-packages/airflow/models/dagbag.py","lineno":394,"name":"parse"},{"filename":"<frozen importlib._bootstrap_external>","lineno":999,"name":"exec_module"},{"filename":"<frozen importlib._bootstrap>","lineno":488,"name":"_call_with_frames_removed"},{"filename":"/opt/airflow/dags/example_dags.py","lineno":17,"name":"<module>"}],"is_group":false,"exceptions":[]}]}
{"timestamp":"2025-08-15T04:56:38.615947","level":"info","event":"Filling up the DagBag from /opt/airflow/dags/example_dags.py","logger":"airflow.models.dagbag.DagBag"}
{"timestamp":"2025-08-15T04:56:38.616673","level":"info","event":"File /opt/airflow/dags/example_dags.py assumed to contain no DAGs. Skipping.","logger":"airflow.models.dagbag.DagBag"}
{"timestamp":"2025-08-15T04:57:01.417300","level":"info","event":"Filling up the DagBag from /opt/airflow/dags/example_dags.py","logger":"airflow.models.dagbag.DagBag"}
{"timestamp":"2025-08-15T04:57:01.420294","level":"error","event":"Failed to import: /opt/airflow/dags/example_dags.py","logger":"airflow.models.dagbag.DagBag","error_detail":[{"exc_type":"TypeError","exc_value":"DAG.__init__() got an unexpected keyword argument 'schedule_interval'","exc_notes":[],"syntax_error":null,"is_cause":false,"frames":[{"filename":"/home/airflow/.local/lib/python3.12/site-packages/airflow/models/dagbag.py","lineno":394,"name":"parse"},{"filename":"<frozen importlib._bootstrap_external>","lineno":999,"name":"exec_module"},{"filename":"<frozen importlib._bootstrap>","lineno":488,"name":"_call_with_frames_removed"},{"filename":"/opt/airflow/dags/example_dags.py","lineno":17,"name":"<module>"}],"is_group":false,"exceptions":[]}]}
{"timestamp":"2025-08-15T04:57:32.039627","level":"info","event":"Filling up the DagBag from /opt/airflow/dags/example_dags.py","logger":"airflow.models.dagbag.DagBag"}
{"timestamp":"2025-08-15T04:57:32.041117","level":"error","event":"Failed to import: /opt/airflow/dags/example_dags.py","logger":"airflow.models.dagbag.DagBag","error_detail":[{"exc_type":"TypeError","exc_value":"DAG.__init__() got an unexpected keyword argument 'schedule_interval'","exc_notes":[],"syntax_error":null,"is_cause":false,"frames":[{"filename":"/home/airflow/.local/lib/python3.12/site-packages/airflow/models/dagbag.py","lineno":394,"name":"parse"},{"filename":"<frozen importlib._bootstrap_external>","lineno":999,"name":"exec_module"},{"filename":"<frozen importlib._bootstrap>","lineno":488,"name":"_call_with_frames_removed"},{"filename":"/opt/airflow/dags/example_dags.py","lineno":17,"name":"<module>"}],"is_group":false,"exceptions":[]}]}
{"timestamp":"2025-08-15T04:57:49.513299","level":"info","event":"Filling up the DagBag from /opt/airflow/dags/example_dags.py","logger":"airflow.models.dagbag.DagBag"}
{"timestamp":"2025-08-15T04:57:49.515272","level":"error","event":"Failed to import: /opt/airflow/dags/example_dags.py","logger":"airflow.models.dagbag.DagBag","error_detail":[{"exc_type":"SyntaxError","exc_value":"positional argument follows keyword argument (example_dags.py, line 24)","exc_notes":[],"syntax_error":{"offset":1,"filename":"/opt/airflow/dags/example_dags.py","line":")\n","lineno":24,"msg":"positional argument follows keyword argument"},"is_cause":false,"frames":[{"filename":"/home/airflow/.local/lib/python3.12/site-packages/airflow/models/dagbag.py","lineno":394,"name":"parse"},{"filename":"<frozen importlib._bootstrap_external>","lineno":995,"name":"exec_module"},{"filename":"<frozen importlib._bootstrap_external>","lineno":1133,"name":"get_code"},{"filename":"<frozen importlib._bootstrap_external>","lineno":1063,"name":"source_to_code"},{"filename":"<frozen importlib._bootstrap>","lineno":488,"name":"_call_with_frames_removed"}],"is_group":false,"exceptions":[]}]}
{"timestamp":"2025-08-15T04:57:51.245533","level":"info","event":"Filling up the DagBag from /opt/airflow/dags/example_dags.py","logger":"airflow.models.dagbag.DagBag"}
{"timestamp":"2025-08-15T04:57:51.247063","level":"error","event":"Failed to import: /opt/airflow/dags/example_dags.py","logger":"airflow.models.dagbag.DagBag","error_detail":[{"exc_type":"SyntaxError","exc_value":"positional argument follows keyword argument (example_dags.py, line 24)","exc_notes":[],"syntax_error":{"offset":1,"filename":"/opt/airflow/dags/example_dags.py","line":")\n","lineno":24,"msg":"positional argument follows keyword argument"},"is_cause":false,"frames":[{"filename":"/home/airflow/.local/lib/python3.12/site-packages/airflow/models/dagbag.py","lineno":394,"name":"parse"},{"filename":"<frozen importlib._bootstrap_external>","lineno":995,"name":"exec_module"},{"filename":"<frozen importlib._bootstrap_external>","lineno":1133,"name":"get_code"},{"filename":"<frozen importlib._bootstrap_external>","lineno":1063,"name":"source_to_code"},{"filename":"<frozen importlib._bootstrap>","lineno":488,"name":"_call_with_frames_removed"}],"is_group":false,"exceptions":[]}]}
{"timestamp":"2025-08-15T04:57:53.932248","level":"info","event":"Filling up the DagBag from /opt/airflow/dags/example_dags.py","logger":"airflow.models.dagbag.DagBag"}
{"timestamp":"2025-08-15T04:57:53.933634","level":"error","event":"Failed to import: /opt/airflow/dags/example_dags.py","logger":"airflow.models.dagbag.DagBag","error_detail":[{"exc_type":"SyntaxError","exc_value":"invalid syntax. Perhaps you forgot a comma? (example_dags.py, line 21)","exc_notes":[],"syntax_error":{"offset":5,"filename":"/opt/airflow/dags/example_dags.py","line":"    schedule timedelta(days=1),\n","lineno":21,"msg":"invalid syntax. Perhaps you forgot a comma?"},"is_cause":false,"frames":[{"filename":"/home/airflow/.local/lib/python3.12/site-packages/airflow/models/dagbag.py","lineno":394,"name":"parse"},{"filename":"<frozen importlib._bootstrap_external>","lineno":995,"name":"exec_module"},{"filename":"<frozen importlib._bootstrap_external>","lineno":1133,"name":"get_code"},{"filename":"<frozen importlib._bootstrap_external>","lineno":1063,"name":"source_to_code"},{"filename":"<frozen importlib._bootstrap>","lineno":488,"name":"_call_with_frames_removed"}],"is_group":false,"exceptions":[]}]}
{"timestamp":"2025-08-15T04:57:57.749162","level":"info","event":"Filling up the DagBag from /opt/airflow/dags/example_dags.py","logger":"airflow.models.dagbag.DagBag"}
{"timestamp":"2025-08-15T04:58:28.445855","level":"info","event":"Filling up the DagBag from /opt/airflow/dags/example_dags.py","logger":"airflow.models.dagbag.DagBag"}
{"timestamp":"2025-08-15T04:58:59.068561","level":"info","event":"Filling up the DagBag from /opt/airflow/dags/example_dags.py","logger":"airflow.models.dagbag.DagBag"}
{"timestamp":"2025-08-15T04:59:29.777568","level":"info","event":"Filling up the DagBag from /opt/airflow/dags/example_dags.py","logger":"airflow.models.dagbag.DagBag"}
{"timestamp":"2025-08-15T05:00:00.632186","level":"info","event":"Filling up the DagBag from /opt/airflow/dags/example_dags.py","logger":"airflow.models.dagbag.DagBag"}
{"timestamp":"2025-08-15T05:00:01.680624","level":"info","event":"Filling up the DagBag from /opt/airflow/dags/example_dags.py","logger":"airflow.models.dagbag.DagBag"}
{"timestamp":"2025-08-15T05:00:32.261895","level":"info","event":"Filling up the DagBag from /opt/airflow/dags/example_dags.py","logger":"airflow.models.dagbag.DagBag"}
{"timestamp":"2025-08-15T05:01:03.166185","level":"info","event":"Filling up the DagBag from /opt/airflow/dags/example_dags.py","logger":"airflow.models.dagbag.DagBag"}
{"timestamp":"2025-08-15T05:01:33.976554","level":"info","event":"Filling up the DagBag from /opt/airflow/dags/example_dags.py","logger":"airflow.models.dagbag.DagBag"}
{"timestamp":"2025-08-15T05:02:04.684730","level":"info","event":"Filling up the DagBag from /opt/airflow/dags/example_dags.py","logger":"airflow.models.dagbag.DagBag"}
{"timestamp":"2025-08-15T05:02:35.323350","level":"info","event":"Filling up the DagBag from /opt/airflow/dags/example_dags.py","logger":"airflow.models.dagbag.DagBag"}
{"timestamp":"2025-08-15T05:03:06.087711","level":"info","event":"Filling up the DagBag from /opt/airflow/dags/example_dags.py","logger":"airflow.models.dagbag.DagBag"}
{"timestamp":"2025-08-15T05:03:36.678816","level":"info","event":"Filling up the DagBag from /opt/airflow/dags/example_dags.py","logger":"airflow.models.dagbag.DagBag"}
{"timestamp":"2025-08-15T05:04:07.274715","level":"info","event":"Filling up the DagBag from /opt/airflow/dags/example_dags.py","logger":"airflow.models.dagbag.DagBag"}
{"timestamp":"2025-08-15T05:04:37.937914","level":"info","event":"Filling up the DagBag from /opt/airflow/dags/example_dags.py","logger":"airflow.models.dagbag.DagBag"}
{"timestamp":"2025-08-15T05:05:08.550842","level":"info","event":"Filling up the DagBag from /opt/airflow/dags/example_dags.py","logger":"airflow.models.dagbag.DagBag"}
{"timestamp":"2025-08-15T05:05:39.480080","level":"info","event":"Filling up the DagBag from /opt/airflow/dags/example_dags.py","logger":"airflow.models.dagbag.DagBag"}
{"timestamp":"2025-08-15T05:06:10.123944","level":"info","event":"Filling up the DagBag from /opt/airflow/dags/example_dags.py","logger":"airflow.models.dagbag.DagBag"}
{"timestamp":"2025-08-15T05:09:47.413916","level":"info","event":"Filling up the DagBag from /opt/airflow/dags/example_dags.py","logger":"airflow.models.dagbag.DagBag"}
{"timestamp":"2025-08-15T05:10:20.026696","level":"info","event":"Filling up the DagBag from /opt/airflow/dags/example_dags.py","logger":"airflow.models.dagbag.DagBag"}
{"timestamp":"2025-08-15T05:10:50.824881","level":"info","event":"Filling up the DagBag from /opt/airflow/dags/example_dags.py","logger":"airflow.models.dagbag.DagBag"}
{"timestamp":"2025-08-15T05:11:21.661034","level":"info","event":"Filling up the DagBag from /opt/airflow/dags/example_dags.py","logger":"airflow.models.dagbag.DagBag"}
{"timestamp":"2025-08-15T05:11:52.517159","level":"info","event":"Filling up the DagBag from /opt/airflow/dags/example_dags.py","logger":"airflow.models.dagbag.DagBag"}
{"timestamp":"2025-08-15T05:12:23.141638","level":"info","event":"Filling up the DagBag from /opt/airflow/dags/example_dags.py","logger":"airflow.models.dagbag.DagBag"}
{"timestamp":"2025-08-15T05:12:53.790068","level":"info","event":"Filling up the DagBag from /opt/airflow/dags/example_dags.py","logger":"airflow.models.dagbag.DagBag"}
{"timestamp":"2025-08-15T05:13:24.564869","level":"info","event":"Filling up the DagBag from /opt/airflow/dags/example_dags.py","logger":"airflow.models.dagbag.DagBag"}
{"timestamp":"2025-08-15T05:13:55.292430","level":"info","event":"Filling up the DagBag from /opt/airflow/dags/example_dags.py","logger":"airflow.models.dagbag.DagBag"}
{"timestamp":"2025-08-15T05:14:26.089281","level":"info","event":"Filling up the DagBag from /opt/airflow/dags/example_dags.py","logger":"airflow.models.dagbag.DagBag"}
{"timestamp":"2025-08-15T05:14:56.798899","level":"info","event":"Filling up the DagBag from /opt/airflow/dags/example_dags.py","logger":"airflow.models.dagbag.DagBag"}
{"timestamp":"2025-08-15T05:15:27.562019","level":"info","event":"Filling up the DagBag from /opt/airflow/dags/example_dags.py","logger":"airflow.models.dagbag.DagBag"}
{"timestamp":"2025-08-15T05:15:58.335429","level":"info","event":"Filling up the DagBag from /opt/airflow/dags/example_dags.py","logger":"airflow.models.dagbag.DagBag"}
{"timestamp":"2025-08-15T05:16:29.168588","level":"info","event":"Filling up the DagBag from /opt/airflow/dags/example_dags.py","logger":"airflow.models.dagbag.DagBag"}
{"timestamp":"2025-08-15T05:17:00.130918","level":"info","event":"Filling up the DagBag from /opt/airflow/dags/example_dags.py","logger":"airflow.models.dagbag.DagBag"}
{"timestamp":"2025-08-15T05:17:31.045478","level":"info","event":"Filling up the DagBag from /opt/airflow/dags/example_dags.py","logger":"airflow.models.dagbag.DagBag"}
{"timestamp":"2025-08-15T05:18:01.120901","level":"info","event":"Filling up the DagBag from /opt/airflow/dags/example_dags.py","logger":"airflow.models.dagbag.DagBag"}
{"timestamp":"2025-08-15T05:18:32.122706","level":"info","event":"Filling up the DagBag from /opt/airflow/dags/example_dags.py","logger":"airflow.models.dagbag.DagBag"}
{"timestamp":"2025-08-15T05:19:03.032895","level":"info","event":"Filling up the DagBag from /opt/airflow/dags/example_dags.py","logger":"airflow.models.dagbag.DagBag"}
{"timestamp":"2025-08-15T05:19:33.764693","level":"info","event":"Filling up the DagBag from /opt/airflow/dags/example_dags.py","logger":"airflow.models.dagbag.DagBag"}
{"timestamp":"2025-08-15T05:20:04.560749","level":"info","event":"Filling up the DagBag from /opt/airflow/dags/example_dags.py","logger":"airflow.models.dagbag.DagBag"}
{"timestamp":"2025-08-15T05:20:35.318869","level":"info","event":"Filling up the DagBag from /opt/airflow/dags/example_dags.py","logger":"airflow.models.dagbag.DagBag"}
{"timestamp":"2025-08-15T05:21:06.298818","level":"info","event":"Filling up the DagBag from /opt/airflow/dags/example_dags.py","logger":"airflow.models.dagbag.DagBag"}
{"timestamp":"2025-08-15T05:21:37.139502","level":"info","event":"Filling up the DagBag from /opt/airflow/dags/example_dags.py","logger":"airflow.models.dagbag.DagBag"}
{"timestamp":"2025-08-15T05:22:07.943259","level":"info","event":"Filling up the DagBag from /opt/airflow/dags/example_dags.py","logger":"airflow.models.dagbag.DagBag"}
{"timestamp":"2025-08-15T05:22:38.776776","level":"info","event":"Filling up the DagBag from /opt/airflow/dags/example_dags.py","logger":"airflow.models.dagbag.DagBag"}
{"timestamp":"2025-08-15T05:23:09.762852","level":"info","event":"Filling up the DagBag from /opt/airflow/dags/example_dags.py","logger":"airflow.models.dagbag.DagBag"}
{"timestamp":"2025-08-15T05:23:40.663122","level":"info","event":"Filling up the DagBag from /opt/airflow/dags/example_dags.py","logger":"airflow.models.dagbag.DagBag"}
{"timestamp":"2025-08-15T05:24:11.499559","level":"info","event":"Filling up the DagBag from /opt/airflow/dags/example_dags.py","logger":"airflow.models.dagbag.DagBag"}
{"timestamp":"2025-08-15T05:24:42.309013","level":"info","event":"Filling up the DagBag from /opt/airflow/dags/example_dags.py","logger":"airflow.models.dagbag.DagBag"}
{"timestamp":"2025-08-15T05:25:13.102709","level":"info","event":"Filling up the DagBag from /opt/airflow/dags/example_dags.py","logger":"airflow.models.dagbag.DagBag"}
{"timestamp":"2025-08-15T05:25:43.987319","level":"info","event":"Filling up the DagBag from /opt/airflow/dags/example_dags.py","logger":"airflow.models.dagbag.DagBag"}
{"timestamp":"2025-08-15T05:26:14.823429","level":"info","event":"Filling up the DagBag from /opt/airflow/dags/example_dags.py","logger":"airflow.models.dagbag.DagBag"}
{"timestamp":"2025-08-15T05:26:45.665298","level":"info","event":"Filling up the DagBag from /opt/airflow/dags/example_dags.py","logger":"airflow.models.dagbag.DagBag"}
{"timestamp":"2025-08-15T05:27:16.655133","level":"info","event":"Filling up the DagBag from /opt/airflow/dags/example_dags.py","logger":"airflow.models.dagbag.DagBag"}
{"timestamp":"2025-08-15T05:27:46.770212","level":"info","event":"Filling up the DagBag from /opt/airflow/dags/example_dags.py","logger":"airflow.models.dagbag.DagBag"}
{"timestamp":"2025-08-15T05:28:16.882851","level":"info","event":"Filling up the DagBag from /opt/airflow/dags/example_dags.py","logger":"airflow.models.dagbag.DagBag"}
{"timestamp":"2025-08-15T05:28:47.003757","level":"info","event":"Filling up the DagBag from /opt/airflow/dags/example_dags.py","logger":"airflow.models.dagbag.DagBag"}
{"timestamp":"2025-08-15T05:29:18.111235","level":"info","event":"Filling up the DagBag from /opt/airflow/dags/example_dags.py","logger":"airflow.models.dagbag.DagBag"}
{"timestamp":"2025-08-15T05:29:49.130421","level":"info","event":"Filling up the DagBag from /opt/airflow/dags/example_dags.py","logger":"airflow.models.dagbag.DagBag"}
{"timestamp":"2025-08-15T05:30:20.074338","level":"info","event":"Filling up the DagBag from /opt/airflow/dags/example_dags.py","logger":"airflow.models.dagbag.DagBag"}
{"timestamp":"2025-08-15T05:30:51.155582","level":"info","event":"Filling up the DagBag from /opt/airflow/dags/example_dags.py","logger":"airflow.models.dagbag.DagBag"}
{"timestamp":"2025-08-15T05:31:21.332157","level":"info","event":"Filling up the DagBag from /opt/airflow/dags/example_dags.py","logger":"airflow.models.dagbag.DagBag"}
{"timestamp":"2025-08-15T05:31:52.566768","level":"info","event":"Filling up the DagBag from /opt/airflow/dags/example_dags.py","logger":"airflow.models.dagbag.DagBag"}
{"timestamp":"2025-08-15T05:32:23.624329","level":"info","event":"Filling up the DagBag from /opt/airflow/dags/example_dags.py","logger":"airflow.models.dagbag.DagBag"}
{"timestamp":"2025-08-15T05:32:55.075566","level":"info","event":"Filling up the DagBag from /opt/airflow/dags/example_dags.py","logger":"airflow.models.dagbag.DagBag"}
{"timestamp":"2025-08-15T05:33:25.220123","level":"info","event":"Filling up the DagBag from /opt/airflow/dags/example_dags.py","logger":"airflow.models.dagbag.DagBag"}
{"timestamp":"2025-08-15T05:33:56.207465","level":"info","event":"Filling up the DagBag from /opt/airflow/dags/example_dags.py","logger":"airflow.models.dagbag.DagBag"}
{"timestamp":"2025-08-15T05:34:27.298197","level":"info","event":"Filling up the DagBag from /opt/airflow/dags/example_dags.py","logger":"airflow.models.dagbag.DagBag"}
{"timestamp":"2025-08-15T05:34:58.368240","level":"info","event":"Filling up the DagBag from /opt/airflow/dags/example_dags.py","logger":"airflow.models.dagbag.DagBag"}
{"timestamp":"2025-08-15T05:35:29.464257","level":"info","event":"Filling up the DagBag from /opt/airflow/dags/example_dags.py","logger":"airflow.models.dagbag.DagBag"}
{"timestamp":"2025-08-15T05:36:00.642208","level":"info","event":"Filling up the DagBag from /opt/airflow/dags/example_dags.py","logger":"airflow.models.dagbag.DagBag"}
{"timestamp":"2025-08-15T05:36:31.634544","level":"info","event":"Filling up the DagBag from /opt/airflow/dags/example_dags.py","logger":"airflow.models.dagbag.DagBag"}
{"timestamp":"2025-08-15T05:37:02.697060","level":"info","event":"Filling up the DagBag from /opt/airflow/dags/example_dags.py","logger":"airflow.models.dagbag.DagBag"}
{"timestamp":"2025-08-15T05:37:33.801522","level":"info","event":"Filling up the DagBag from /opt/airflow/dags/example_dags.py","logger":"airflow.models.dagbag.DagBag"}
{"timestamp":"2025-08-15T05:38:03.903892","level":"info","event":"Filling up the DagBag from /opt/airflow/dags/example_dags.py","logger":"airflow.models.dagbag.DagBag"}
{"timestamp":"2025-08-15T05:38:34.930239","level":"info","event":"Filling up the DagBag from /opt/airflow/dags/example_dags.py","logger":"airflow.models.dagbag.DagBag"}
{"timestamp":"2025-08-15T05:39:05.920151","level":"info","event":"Filling up the DagBag from /opt/airflow/dags/example_dags.py","logger":"airflow.models.dagbag.DagBag"}
{"timestamp":"2025-08-15T05:39:37.059555","level":"info","event":"Filling up the DagBag from /opt/airflow/dags/example_dags.py","logger":"airflow.models.dagbag.DagBag"}
{"timestamp":"2025-08-15T05:40:08.174516","level":"info","event":"Filling up the DagBag from /opt/airflow/dags/example_dags.py","logger":"airflow.models.dagbag.DagBag"}
{"timestamp":"2025-08-15T05:40:39.309551","level":"info","event":"Filling up the DagBag from /opt/airflow/dags/example_dags.py","logger":"airflow.models.dagbag.DagBag"}
{"timestamp":"2025-08-15T05:41:10.299775","level":"info","event":"Filling up the DagBag from /opt/airflow/dags/example_dags.py","logger":"airflow.models.dagbag.DagBag"}
{"timestamp":"2025-08-15T05:41:41.328268","level":"info","event":"Filling up the DagBag from /opt/airflow/dags/example_dags.py","logger":"airflow.models.dagbag.DagBag"}
{"timestamp":"2025-08-15T05:42:12.350989","level":"info","event":"Filling up the DagBag from /opt/airflow/dags/example_dags.py","logger":"airflow.models.dagbag.DagBag"}
{"timestamp":"2025-08-15T05:42:43.353794","level":"info","event":"Filling up the DagBag from /opt/airflow/dags/example_dags.py","logger":"airflow.models.dagbag.DagBag"}
{"timestamp":"2025-08-15T05:43:14.296080","level":"info","event":"Filling up the DagBag from /opt/airflow/dags/example_dags.py","logger":"airflow.models.dagbag.DagBag"}
{"timestamp":"2025-08-15T05:43:45.240076","level":"info","event":"Filling up the DagBag from /opt/airflow/dags/example_dags.py","logger":"airflow.models.dagbag.DagBag"}
{"timestamp":"2025-08-15T05:44:16.245598","level":"info","event":"Filling up the DagBag from /opt/airflow/dags/example_dags.py","logger":"airflow.models.dagbag.DagBag"}
{"timestamp":"2025-08-15T05:44:47.487562","level":"info","event":"Filling up the DagBag from /opt/airflow/dags/example_dags.py","logger":"airflow.models.dagbag.DagBag"}
{"timestamp":"2025-08-15T05:45:18.561938","level":"info","event":"Filling up the DagBag from /opt/airflow/dags/example_dags.py","logger":"airflow.models.dagbag.DagBag"}
{"timestamp":"2025-08-15T05:45:49.558496","level":"info","event":"Filling up the DagBag from /opt/airflow/dags/example_dags.py","logger":"airflow.models.dagbag.DagBag"}
{"timestamp":"2025-08-15T05:46:19.821192","level":"info","event":"Filling up the DagBag from /opt/airflow/dags/example_dags.py","logger":"airflow.models.dagbag.DagBag"}
{"timestamp":"2025-08-15T05:46:51.089005","level":"info","event":"Filling up the DagBag from /opt/airflow/dags/example_dags.py","logger":"airflow.models.dagbag.DagBag"}
{"timestamp":"2025-08-15T05:47:22.545282","level":"info","event":"Filling up the DagBag from /opt/airflow/dags/example_dags.py","logger":"airflow.models.dagbag.DagBag"}
{"timestamp":"2025-08-15T05:47:52.630012","level":"info","event":"Filling up the DagBag from /opt/airflow/dags/example_dags.py","logger":"airflow.models.dagbag.DagBag"}
{"timestamp":"2025-08-15T05:48:23.723230","level":"info","event":"Filling up the DagBag from /opt/airflow/dags/example_dags.py","logger":"airflow.models.dagbag.DagBag"}
{"timestamp":"2025-08-15T05:48:54.729178","level":"info","event":"Filling up the DagBag from /opt/airflow/dags/example_dags.py","logger":"airflow.models.dagbag.DagBag"}
{"timestamp":"2025-08-15T05:49:25.700009","level":"info","event":"Filling up the DagBag from /opt/airflow/dags/example_dags.py","logger":"airflow.models.dagbag.DagBag"}
{"timestamp":"2025-08-15T05:49:56.821232","level":"info","event":"Filling up the DagBag from /opt/airflow/dags/example_dags.py","logger":"airflow.models.dagbag.DagBag"}
{"timestamp":"2025-08-15T05:50:27.996880","level":"info","event":"Filling up the DagBag from /opt/airflow/dags/example_dags.py","logger":"airflow.models.dagbag.DagBag"}
{"timestamp":"2025-08-15T05:50:59.415962","level":"info","event":"Filling up the DagBag from /opt/airflow/dags/example_dags.py","logger":"airflow.models.dagbag.DagBag"}
{"timestamp":"2025-08-15T05:51:29.772484","level":"info","event":"Filling up the DagBag from /opt/airflow/dags/example_dags.py","logger":"airflow.models.dagbag.DagBag"}
{"timestamp":"2025-08-15T05:52:01.132651","level":"info","event":"Filling up the DagBag from /opt/airflow/dags/example_dags.py","logger":"airflow.models.dagbag.DagBag"}
{"timestamp":"2025-08-15T05:52:32.538165","level":"info","event":"Filling up the DagBag from /opt/airflow/dags/example_dags.py","logger":"airflow.models.dagbag.DagBag"}
{"timestamp":"2025-08-15T05:53:02.775241","level":"info","event":"Filling up the DagBag from /opt/airflow/dags/example_dags.py","logger":"airflow.models.dagbag.DagBag"}
{"timestamp":"2025-08-15T05:53:33.969251","level":"info","event":"Filling up the DagBag from /opt/airflow/dags/example_dags.py","logger":"airflow.models.dagbag.DagBag"}
{"timestamp":"2025-08-15T05:54:05.332531","level":"info","event":"Filling up the DagBag from /opt/airflow/dags/example_dags.py","logger":"airflow.models.dagbag.DagBag"}
{"timestamp":"2025-08-15T05:54:36.425995","level":"info","event":"Filling up the DagBag from /opt/airflow/dags/example_dags.py","logger":"airflow.models.dagbag.DagBag"}
{"timestamp":"2025-08-15T05:55:07.508224","level":"info","event":"Filling up the DagBag from /opt/airflow/dags/example_dags.py","logger":"airflow.models.dagbag.DagBag"}
{"timestamp":"2025-08-15T05:55:37.894300","level":"info","event":"Filling up the DagBag from /opt/airflow/dags/example_dags.py","logger":"airflow.models.dagbag.DagBag"}
{"timestamp":"2025-08-15T05:56:09.304608","level":"info","event":"Filling up the DagBag from /opt/airflow/dags/example_dags.py","logger":"airflow.models.dagbag.DagBag"}
{"timestamp":"2025-08-15T05:56:40.632760","level":"info","event":"Filling up the DagBag from /opt/airflow/dags/example_dags.py","logger":"airflow.models.dagbag.DagBag"}
{"timestamp":"2025-08-15T05:57:11.294592","level":"info","event":"Filling up the DagBag from /opt/airflow/dags/example_dags.py","logger":"airflow.models.dagbag.DagBag"}
{"timestamp":"2025-08-15T05:57:42.335133","level":"info","event":"Filling up the DagBag from /opt/airflow/dags/example_dags.py","logger":"airflow.models.dagbag.DagBag"}
{"timestamp":"2025-08-15T05:58:13.391221","level":"info","event":"Filling up the DagBag from /opt/airflow/dags/example_dags.py","logger":"airflow.models.dagbag.DagBag"}
{"timestamp":"2025-08-15T05:58:43.718540","level":"info","event":"Filling up the DagBag from /opt/airflow/dags/example_dags.py","logger":"airflow.models.dagbag.DagBag"}
{"timestamp":"2025-08-15T05:59:14.759404","level":"info","event":"Filling up the DagBag from /opt/airflow/dags/example_dags.py","logger":"airflow.models.dagbag.DagBag"}
{"timestamp":"2025-08-15T05:59:45.742412","level":"info","event":"Filling up the DagBag from /opt/airflow/dags/example_dags.py","logger":"airflow.models.dagbag.DagBag"}
{"timestamp":"2025-08-15T06:00:16.709890","level":"info","event":"Filling up the DagBag from /opt/airflow/dags/example_dags.py","logger":"airflow.models.dagbag.DagBag"}
{"timestamp":"2025-08-15T06:00:47.785165","level":"info","event":"Filling up the DagBag from /opt/airflow/dags/example_dags.py","logger":"airflow.models.dagbag.DagBag"}
{"timestamp":"2025-08-15T06:01:18.871905","level":"info","event":"Filling up the DagBag from /opt/airflow/dags/example_dags.py","logger":"airflow.models.dagbag.DagBag"}
{"timestamp":"2025-08-15T06:01:49.875767","level":"info","event":"Filling up the DagBag from /opt/airflow/dags/example_dags.py","logger":"airflow.models.dagbag.DagBag"}
{"timestamp":"2025-08-15T06:02:20.878637","level":"info","event":"Filling up the DagBag from /opt/airflow/dags/example_dags.py","logger":"airflow.models.dagbag.DagBag"}
{"timestamp":"2025-08-15T06:02:51.921296","level":"info","event":"Filling up the DagBag from /opt/airflow/dags/example_dags.py","logger":"airflow.models.dagbag.DagBag"}
{"timestamp":"2025-08-15T06:03:23.163224","level":"info","event":"Filling up the DagBag from /opt/airflow/dags/example_dags.py","logger":"airflow.models.dagbag.DagBag"}
{"timestamp":"2025-08-15T06:03:54.440633","level":"info","event":"Filling up the DagBag from /opt/airflow/dags/example_dags.py","logger":"airflow.models.dagbag.DagBag"}
{"timestamp":"2025-08-15T06:04:25.461021","level":"info","event":"Filling up the DagBag from /opt/airflow/dags/example_dags.py","logger":"airflow.models.dagbag.DagBag"}
{"timestamp":"2025-08-15T06:04:56.599584","level":"info","event":"Filling up the DagBag from /opt/airflow/dags/example_dags.py","logger":"airflow.models.dagbag.DagBag"}
{"timestamp":"2025-08-15T06:05:27.592139","level":"info","event":"Filling up the DagBag from /opt/airflow/dags/example_dags.py","logger":"airflow.models.dagbag.DagBag"}
{"timestamp":"2025-08-15T06:05:58.565920","level":"info","event":"Filling up the DagBag from /opt/airflow/dags/example_dags.py","logger":"airflow.models.dagbag.DagBag"}
{"timestamp":"2025-08-15T06:06:29.549737","level":"info","event":"Filling up the DagBag from /opt/airflow/dags/example_dags.py","logger":"airflow.models.dagbag.DagBag"}
{"timestamp":"2025-08-15T06:07:00.677973","level":"info","event":"Filling up the DagBag from /opt/airflow/dags/example_dags.py","logger":"airflow.models.dagbag.DagBag"}
{"timestamp":"2025-08-15T06:07:32.016301","level":"info","event":"Filling up the DagBag from /opt/airflow/dags/example_dags.py","logger":"airflow.models.dagbag.DagBag"}
{"timestamp":"2025-08-15T06:08:02.283811","level":"info","event":"Filling up the DagBag from /opt/airflow/dags/example_dags.py","logger":"airflow.models.dagbag.DagBag"}
{"timestamp":"2025-08-15T06:08:33.644770","level":"info","event":"Filling up the DagBag from /opt/airflow/dags/example_dags.py","logger":"airflow.models.dagbag.DagBag"}
{"timestamp":"2025-08-15T06:09:05.126488","level":"info","event":"Filling up the DagBag from /opt/airflow/dags/example_dags.py","logger":"airflow.models.dagbag.DagBag"}
{"timestamp":"2025-08-15T06:09:36.148000","level":"info","event":"Filling up the DagBag from /opt/airflow/dags/example_dags.py","logger":"airflow.models.dagbag.DagBag"}
{"timestamp":"2025-08-15T06:10:06.304950","level":"info","event":"Filling up the DagBag from /opt/airflow/dags/example_dags.py","logger":"airflow.models.dagbag.DagBag"}
{"timestamp":"2025-08-15T06:10:37.870121","level":"info","event":"Filling up the DagBag from /opt/airflow/dags/example_dags.py","logger":"airflow.models.dagbag.DagBag"}
{"timestamp":"2025-08-15T06:11:08.355929","level":"info","event":"Filling up the DagBag from /opt/airflow/dags/example_dags.py","logger":"airflow.models.dagbag.DagBag"}
{"timestamp":"2025-08-15T06:11:39.520336","level":"info","event":"Filling up the DagBag from /opt/airflow/dags/example_dags.py","logger":"airflow.models.dagbag.DagBag"}
{"timestamp":"2025-08-15T06:12:10.577941","level":"info","event":"Filling up the DagBag from /opt/airflow/dags/example_dags.py","logger":"airflow.models.dagbag.DagBag"}
{"timestamp":"2025-08-15T06:12:41.611381","level":"info","event":"Filling up the DagBag from /opt/airflow/dags/example_dags.py","logger":"airflow.models.dagbag.DagBag"}
{"timestamp":"2025-08-15T06:13:12.641936","level":"info","event":"Filling up the DagBag from /opt/airflow/dags/example_dags.py","logger":"airflow.models.dagbag.DagBag"}
{"timestamp":"2025-08-15T06:13:43.703262","level":"info","event":"Filling up the DagBag from /opt/airflow/dags/example_dags.py","logger":"airflow.models.dagbag.DagBag"}
{"timestamp":"2025-08-15T06:14:14.765356","level":"info","event":"Filling up the DagBag from /opt/airflow/dags/example_dags.py","logger":"airflow.models.dagbag.DagBag"}
{"timestamp":"2025-08-15T06:14:45.842378","level":"info","event":"Filling up the DagBag from /opt/airflow/dags/example_dags.py","logger":"airflow.models.dagbag.DagBag"}
{"timestamp":"2025-08-15T06:15:16.886972","level":"info","event":"Filling up the DagBag from /opt/airflow/dags/example_dags.py","logger":"airflow.models.dagbag.DagBag"}
{"timestamp":"2025-08-15T06:15:48.267384","level":"info","event":"Filling up the DagBag from /opt/airflow/dags/example_dags.py","logger":"airflow.models.dagbag.DagBag"}
{"timestamp":"2025-08-15T06:16:19.601720","level":"info","event":"Filling up the DagBag from /opt/airflow/dags/example_dags.py","logger":"airflow.models.dagbag.DagBag"}
{"timestamp":"2025-08-15T06:16:49.917940","level":"info","event":"Filling up the DagBag from /opt/airflow/dags/example_dags.py","logger":"airflow.models.dagbag.DagBag"}
{"timestamp":"2025-08-15T06:17:21.007652","level":"info","event":"Filling up the DagBag from /opt/airflow/dags/example_dags.py","logger":"airflow.models.dagbag.DagBag"}
{"timestamp":"2025-08-15T06:17:52.176006","level":"info","event":"Filling up the DagBag from /opt/airflow/dags/example_dags.py","logger":"airflow.models.dagbag.DagBag"}
{"timestamp":"2025-08-15T06:18:23.275982","level":"info","event":"Filling up the DagBag from /opt/airflow/dags/example_dags.py","logger":"airflow.models.dagbag.DagBag"}
{"timestamp":"2025-08-15T06:18:54.411662","level":"info","event":"Filling up the DagBag from /opt/airflow/dags/example_dags.py","logger":"airflow.models.dagbag.DagBag"}
{"timestamp":"2025-08-15T06:19:25.509009","level":"info","event":"Filling up the DagBag from /opt/airflow/dags/example_dags.py","logger":"airflow.models.dagbag.DagBag"}
{"timestamp":"2025-08-15T06:19:56.560402","level":"info","event":"Filling up the DagBag from /opt/airflow/dags/example_dags.py","logger":"airflow.models.dagbag.DagBag"}
{"timestamp":"2025-08-15T06:20:27.635576","level":"info","event":"Filling up the DagBag from /opt/airflow/dags/example_dags.py","logger":"airflow.models.dagbag.DagBag"}
{"timestamp":"2025-08-15T06:20:58.917296","level":"info","event":"Filling up the DagBag from /opt/airflow/dags/example_dags.py","logger":"airflow.models.dagbag.DagBag"}
{"timestamp":"2025-08-15T06:21:30.062931","level":"info","event":"Filling up the DagBag from /opt/airflow/dags/example_dags.py","logger":"airflow.models.dagbag.DagBag"}
{"timestamp":"2025-08-15T06:22:00.390472","level":"info","event":"Filling up the DagBag from /opt/airflow/dags/example_dags.py","logger":"airflow.models.dagbag.DagBag"}
{"timestamp":"2025-08-15T06:22:31.782063","level":"info","event":"Filling up the DagBag from /opt/airflow/dags/example_dags.py","logger":"airflow.models.dagbag.DagBag"}
{"timestamp":"2025-08-15T06:23:03.148134","level":"info","event":"Filling up the DagBag from /opt/airflow/dags/example_dags.py","logger":"airflow.models.dagbag.DagBag"}
{"timestamp":"2025-08-15T06:23:34.488542","level":"info","event":"Filling up the DagBag from /opt/airflow/dags/example_dags.py","logger":"airflow.models.dagbag.DagBag"}
{"timestamp":"2025-08-15T06:24:04.708909","level":"info","event":"Filling up the DagBag from /opt/airflow/dags/example_dags.py","logger":"airflow.models.dagbag.DagBag"}
{"timestamp":"2025-08-15T06:24:35.914416","level":"info","event":"Filling up the DagBag from /opt/airflow/dags/example_dags.py","logger":"airflow.models.dagbag.DagBag"}
{"timestamp":"2025-08-15T06:25:07.116122","level":"info","event":"Filling up the DagBag from /opt/airflow/dags/example_dags.py","logger":"airflow.models.dagbag.DagBag"}
{"timestamp":"2025-08-15T06:25:38.257215","level":"info","event":"Filling up the DagBag from /opt/airflow/dags/example_dags.py","logger":"airflow.models.dagbag.DagBag"}
{"timestamp":"2025-08-15T06:26:09.659653","level":"info","event":"Filling up the DagBag from /opt/airflow/dags/example_dags.py","logger":"airflow.models.dagbag.DagBag"}
{"timestamp":"2025-08-15T06:26:39.879799","level":"info","event":"Filling up the DagBag from /opt/airflow/dags/example_dags.py","logger":"airflow.models.dagbag.DagBag"}
{"timestamp":"2025-08-15T06:27:11.215417","level":"info","event":"Filling up the DagBag from /opt/airflow/dags/example_dags.py","logger":"airflow.models.dagbag.DagBag"}
{"timestamp":"2025-08-15T06:27:42.569213","level":"info","event":"Filling up the DagBag from /opt/airflow/dags/example_dags.py","logger":"airflow.models.dagbag.DagBag"}
{"timestamp":"2025-08-15T06:28:13.767844","level":"info","event":"Filling up the DagBag from /opt/airflow/dags/example_dags.py","logger":"airflow.models.dagbag.DagBag"}
{"timestamp":"2025-08-15T06:28:45.056271","level":"info","event":"Filling up the DagBag from /opt/airflow/dags/example_dags.py","logger":"airflow.models.dagbag.DagBag"}
{"timestamp":"2025-08-15T06:29:15.580499","level":"info","event":"Filling up the DagBag from /opt/airflow/dags/example_dags.py","logger":"airflow.models.dagbag.DagBag"}
{"timestamp":"2025-08-15T06:29:47.127690","level":"info","event":"Filling up the DagBag from /opt/airflow/dags/example_dags.py","logger":"airflow.models.dagbag.DagBag"}
{"timestamp":"2025-08-15T06:30:17.728414","level":"info","event":"Filling up the DagBag from /opt/airflow/dags/example_dags.py","logger":"airflow.models.dagbag.DagBag"}
{"timestamp":"2025-08-15T06:30:49.159874","level":"info","event":"Filling up the DagBag from /opt/airflow/dags/example_dags.py","logger":"airflow.models.dagbag.DagBag"}
{"timestamp":"2025-08-15T06:31:19.749660","level":"info","event":"Filling up the DagBag from /opt/airflow/dags/example_dags.py","logger":"airflow.models.dagbag.DagBag"}
{"timestamp":"2025-08-15T06:31:51.197496","level":"info","event":"Filling up the DagBag from /opt/airflow/dags/example_dags.py","logger":"airflow.models.dagbag.DagBag"}
{"timestamp":"2025-08-15T06:32:21.593921","level":"info","event":"Filling up the DagBag from /opt/airflow/dags/example_dags.py","logger":"airflow.models.dagbag.DagBag"}
{"timestamp":"2025-08-15T06:32:52.851140","level":"info","event":"Filling up the DagBag from /opt/airflow/dags/example_dags.py","logger":"airflow.models.dagbag.DagBag"}
{"timestamp":"2025-08-15T06:33:24.396756","level":"info","event":"Filling up the DagBag from /opt/airflow/dags/example_dags.py","logger":"airflow.models.dagbag.DagBag"}
{"timestamp":"2025-08-15T06:33:54.899280","level":"info","event":"Filling up the DagBag from /opt/airflow/dags/example_dags.py","logger":"airflow.models.dagbag.DagBag"}
{"timestamp":"2025-08-15T06:34:26.516165","level":"info","event":"Filling up the DagBag from /opt/airflow/dags/example_dags.py","logger":"airflow.models.dagbag.DagBag"}
{"timestamp":"2025-08-15T06:34:57.028091","level":"info","event":"Filling up the DagBag from /opt/airflow/dags/example_dags.py","logger":"airflow.models.dagbag.DagBag"}
{"timestamp":"2025-08-15T06:35:28.384472","level":"info","event":"Filling up the DagBag from /opt/airflow/dags/example_dags.py","logger":"airflow.models.dagbag.DagBag"}
{"timestamp":"2025-08-15T06:35:59.079855","level":"info","event":"Filling up the DagBag from /opt/airflow/dags/example_dags.py","logger":"airflow.models.dagbag.DagBag"}
{"timestamp":"2025-08-15T06:36:30.396567","level":"info","event":"Filling up the DagBag from /opt/airflow/dags/example_dags.py","logger":"airflow.models.dagbag.DagBag"}
{"timestamp":"2025-08-15T06:37:01.968482","level":"info","event":"Filling up the DagBag from /opt/airflow/dags/example_dags.py","logger":"airflow.models.dagbag.DagBag"}
{"timestamp":"2025-08-15T06:37:32.520869","level":"info","event":"Filling up the DagBag from /opt/airflow/dags/example_dags.py","logger":"airflow.models.dagbag.DagBag"}
{"timestamp":"2025-08-15T06:38:03.983924","level":"info","event":"Filling up the DagBag from /opt/airflow/dags/example_dags.py","logger":"airflow.models.dagbag.DagBag"}
{"timestamp":"2025-08-15T06:38:34.565378","level":"info","event":"Filling up the DagBag from /opt/airflow/dags/example_dags.py","logger":"airflow.models.dagbag.DagBag"}
{"timestamp":"2025-08-15T06:39:05.922574","level":"info","event":"Filling up the DagBag from /opt/airflow/dags/example_dags.py","logger":"airflow.models.dagbag.DagBag"}
{"timestamp":"2025-08-15T06:39:37.018696","level":"info","event":"Filling up the DagBag from /opt/airflow/dags/example_dags.py","logger":"airflow.models.dagbag.DagBag"}
{"timestamp":"2025-08-15T06:40:08.311984","level":"info","event":"Filling up the DagBag from /opt/airflow/dags/example_dags.py","logger":"airflow.models.dagbag.DagBag"}
{"timestamp":"2025-08-15T06:40:38.692884","level":"info","event":"Filling up the DagBag from /opt/airflow/dags/example_dags.py","logger":"airflow.models.dagbag.DagBag"}
{"timestamp":"2025-08-15T06:41:10.305928","level":"info","event":"Filling up the DagBag from /opt/airflow/dags/example_dags.py","logger":"airflow.models.dagbag.DagBag"}
{"timestamp":"2025-08-15T06:41:41.656271","level":"info","event":"Filling up the DagBag from /opt/airflow/dags/example_dags.py","logger":"airflow.models.dagbag.DagBag"}
{"timestamp":"2025-08-15T06:42:12.123136","level":"info","event":"Filling up the DagBag from /opt/airflow/dags/example_dags.py","logger":"airflow.models.dagbag.DagBag"}
{"timestamp":"2025-08-15T06:42:43.502263","level":"info","event":"Filling up the DagBag from /opt/airflow/dags/example_dags.py","logger":"airflow.models.dagbag.DagBag"}
{"timestamp":"2025-08-15T06:43:14.043646","level":"info","event":"Filling up the DagBag from /opt/airflow/dags/example_dags.py","logger":"airflow.models.dagbag.DagBag"}
{"timestamp":"2025-08-15T06:43:45.585400","level":"info","event":"Filling up the DagBag from /opt/airflow/dags/example_dags.py","logger":"airflow.models.dagbag.DagBag"}
{"timestamp":"2025-08-15T06:44:16.978351","level":"info","event":"Filling up the DagBag from /opt/airflow/dags/example_dags.py","logger":"airflow.models.dagbag.DagBag"}
{"timestamp":"2025-08-15T06:44:47.365662","level":"info","event":"Filling up the DagBag from /opt/airflow/dags/example_dags.py","logger":"airflow.models.dagbag.DagBag"}
{"timestamp":"2025-08-15T06:45:18.898652","level":"info","event":"Filling up the DagBag from /opt/airflow/dags/example_dags.py","logger":"airflow.models.dagbag.DagBag"}
{"timestamp":"2025-08-15T06:45:50.358014","level":"info","event":"Filling up the DagBag from /opt/airflow/dags/example_dags.py","logger":"airflow.models.dagbag.DagBag"}
{"timestamp":"2025-08-15T06:46:20.622376","level":"info","event":"Filling up the DagBag from /opt/airflow/dags/example_dags.py","logger":"airflow.models.dagbag.DagBag"}
{"timestamp":"2025-08-15T06:46:51.790595","level":"info","event":"Filling up the DagBag from /opt/airflow/dags/example_dags.py","logger":"airflow.models.dagbag.DagBag"}
{"timestamp":"2025-08-15T06:47:22.995334","level":"info","event":"Filling up the DagBag from /opt/airflow/dags/example_dags.py","logger":"airflow.models.dagbag.DagBag"}
{"timestamp":"2025-08-15T06:47:54.243303","level":"info","event":"Filling up the DagBag from /opt/airflow/dags/example_dags.py","logger":"airflow.models.dagbag.DagBag"}
{"timestamp":"2025-08-15T06:48:25.542470","level":"info","event":"Filling up the DagBag from /opt/airflow/dags/example_dags.py","logger":"airflow.models.dagbag.DagBag"}
{"timestamp":"2025-08-15T06:48:56.893932","level":"info","event":"Filling up the DagBag from /opt/airflow/dags/example_dags.py","logger":"airflow.models.dagbag.DagBag"}
{"timestamp":"2025-08-15T06:49:27.227695","level":"info","event":"Filling up the DagBag from /opt/airflow/dags/example_dags.py","logger":"airflow.models.dagbag.DagBag"}
{"timestamp":"2025-08-15T06:49:58.374046","level":"info","event":"Filling up the DagBag from /opt/airflow/dags/example_dags.py","logger":"airflow.models.dagbag.DagBag"}
{"timestamp":"2025-08-15T06:50:29.624992","level":"info","event":"Filling up the DagBag from /opt/airflow/dags/example_dags.py","logger":"airflow.models.dagbag.DagBag"}
{"timestamp":"2025-08-15T06:51:00.809462","level":"info","event":"Filling up the DagBag from /opt/airflow/dags/example_dags.py","logger":"airflow.models.dagbag.DagBag"}
{"timestamp":"2025-08-15T06:51:31.275612","level":"info","event":"Filling up the DagBag from /opt/airflow/dags/example_dags.py","logger":"airflow.models.dagbag.DagBag"}
{"timestamp":"2025-08-15T06:52:02.431569","level":"info","event":"Filling up the DagBag from /opt/airflow/dags/example_dags.py","logger":"airflow.models.dagbag.DagBag"}
{"timestamp":"2025-08-15T06:52:33.621458","level":"info","event":"Filling up the DagBag from /opt/airflow/dags/example_dags.py","logger":"airflow.models.dagbag.DagBag"}
{"timestamp":"2025-08-15T06:53:04.846652","level":"info","event":"Filling up the DagBag from /opt/airflow/dags/example_dags.py","logger":"airflow.models.dagbag.DagBag"}
{"timestamp":"2025-08-15T06:53:35.987559","level":"info","event":"Filling up the DagBag from /opt/airflow/dags/example_dags.py","logger":"airflow.models.dagbag.DagBag"}
{"timestamp":"2025-08-15T06:54:07.079090","level":"info","event":"Filling up the DagBag from /opt/airflow/dags/example_dags.py","logger":"airflow.models.dagbag.DagBag"}
{"timestamp":"2025-08-15T06:54:38.181064","level":"info","event":"Filling up the DagBag from /opt/airflow/dags/example_dags.py","logger":"airflow.models.dagbag.DagBag"}
{"timestamp":"2025-08-15T06:55:09.237591","level":"info","event":"Filling up the DagBag from /opt/airflow/dags/example_dags.py","logger":"airflow.models.dagbag.DagBag"}
{"timestamp":"2025-08-15T06:55:40.300774","level":"info","event":"Filling up the DagBag from /opt/airflow/dags/example_dags.py","logger":"airflow.models.dagbag.DagBag"}
{"timestamp":"2025-08-15T06:56:11.322553","level":"info","event":"Filling up the DagBag from /opt/airflow/dags/example_dags.py","logger":"airflow.models.dagbag.DagBag"}
{"timestamp":"2025-08-15T06:56:42.332735","level":"info","event":"Filling up the DagBag from /opt/airflow/dags/example_dags.py","logger":"airflow.models.dagbag.DagBag"}
{"timestamp":"2025-08-15T06:57:13.345161","level":"info","event":"Filling up the DagBag from /opt/airflow/dags/example_dags.py","logger":"airflow.models.dagbag.DagBag"}
{"timestamp":"2025-08-15T06:57:44.386340","level":"info","event":"Filling up the DagBag from /opt/airflow/dags/example_dags.py","logger":"airflow.models.dagbag.DagBag"}
{"timestamp":"2025-08-15T06:58:15.658471","level":"info","event":"Filling up the DagBag from /opt/airflow/dags/example_dags.py","logger":"airflow.models.dagbag.DagBag"}
{"timestamp":"2025-08-15T06:58:46.765871","level":"info","event":"Filling up the DagBag from /opt/airflow/dags/example_dags.py","logger":"airflow.models.dagbag.DagBag"}
{"timestamp":"2025-08-15T06:59:18.034227","level":"info","event":"Filling up the DagBag from /opt/airflow/dags/example_dags.py","logger":"airflow.models.dagbag.DagBag"}
{"timestamp":"2025-08-15T06:59:49.279188","level":"info","event":"Filling up the DagBag from /opt/airflow/dags/example_dags.py","logger":"airflow.models.dagbag.DagBag"}
{"timestamp":"2025-08-15T07:00:19.953584","level":"info","event":"Filling up the DagBag from /opt/airflow/dags/example_dags.py","logger":"airflow.models.dagbag.DagBag"}
{"timestamp":"2025-08-15T07:00:51.099894","level":"info","event":"Filling up the DagBag from /opt/airflow/dags/example_dags.py","logger":"airflow.models.dagbag.DagBag"}
