{"timestamp":"2025-08-25T07:59:36.549489","level":"info","event":"DAG bundles loaded: dags-folder, example_dags","logger":"airflow.dag_processing.bundles.manager.DagBundlesManager"}
{"timestamp":"2025-08-25T07:59:36.549849","level":"info","event":"Filling up the DagBag from /opt/airflow/dags/dbt_process_data.py","logger":"airflow.models.dagbag.DagBag"}
{"timestamp":"2025-08-25T07:59:36.574147Z","level":"info","event":"Task instance is in running state","chan":"stdout","logger":"task"}
{"timestamp":"2025-08-25T07:59:36.574247Z","level":"info","event":" Previous state of the Task instance: TaskInstanceState.QUEUED","chan":"stdout","logger":"task"}
{"timestamp":"2025-08-25T07:59:36.574923Z","level":"info","event":"Current task name:dbt_invalid","chan":"stdout","logger":"task"}
{"timestamp":"2025-08-25T07:59:36.574995Z","level":"info","event":"Dag name:dbt_pipeline_invalid_staging_silver","chan":"stdout","logger":"task"}
{"timestamp":"2025-08-25T07:59:36.575298","level":"info","event":"Tmp dir root location: /tmp","logger":"airflow.task.hooks.airflow.providers.standard.hooks.subprocess.SubprocessHook"}
{"timestamp":"2025-08-25T07:59:36.576332","level":"info","event":"Running command: ['/usr/bin/bash', '-c', 'cd /opt/airflow/dbt && dbt run --select path:models/invalid --full-refresh --profiles-dir /home/airflow/.dbt']","logger":"airflow.task.hooks.airflow.providers.standard.hooks.subprocess.SubprocessHook"}
{"timestamp":"2025-08-25T07:59:36.589002","level":"info","event":"Output:","logger":"airflow.task.hooks.airflow.providers.standard.hooks.subprocess.SubprocessHook"}
{"timestamp":"2025-08-25T07:59:38.243198","level":"info","event":"\u001b[0m07:59:38  Running with dbt=1.10.9","logger":"airflow.task.hooks.airflow.providers.standard.hooks.subprocess.SubprocessHook"}
{"timestamp":"2025-08-25T07:59:38.443683","level":"info","event":"\u001b[0m07:59:38  Registered adapter: postgres=1.9.0","logger":"airflow.task.hooks.airflow.providers.standard.hooks.subprocess.SubprocessHook"}
{"timestamp":"2025-08-25T07:59:38.978839","level":"info","event":"\u001b[0m07:59:38  Found 88 models, 9 snapshots, 376 data tests, 23 sources, 816 macros","logger":"airflow.task.hooks.airflow.providers.standard.hooks.subprocess.SubprocessHook"}
{"timestamp":"2025-08-25T07:59:38.990769","level":"info","event":"\u001b[0m07:59:38","logger":"airflow.task.hooks.airflow.providers.standard.hooks.subprocess.SubprocessHook"}
{"timestamp":"2025-08-25T07:59:38.991124","level":"info","event":"\u001b[0m07:59:38  Concurrency: 4 threads (target='dev')","logger":"airflow.task.hooks.airflow.providers.standard.hooks.subprocess.SubprocessHook"}
{"timestamp":"2025-08-25T07:59:38.991431","level":"info","event":"\u001b[0m07:59:38","logger":"airflow.task.hooks.airflow.providers.standard.hooks.subprocess.SubprocessHook"}
{"timestamp":"2025-08-25T07:59:48.857739","level":"info","event":"\u001b[0m07:59:48  1 of 19 START sql view model silver_invalid.campaign_invalid ................... [RUN]","logger":"airflow.task.hooks.airflow.providers.standard.hooks.subprocess.SubprocessHook"}
{"timestamp":"2025-08-25T07:59:48.859346","level":"info","event":"\u001b[0m07:59:48  2 of 19 START sql view model silver_invalid.customer_feedback_invalid .......... [RUN]","logger":"airflow.task.hooks.airflow.providers.standard.hooks.subprocess.SubprocessHook"}
{"timestamp":"2025-08-25T07:59:48.859945","level":"info","event":"\u001b[0m07:59:48  3 of 19 START sql view model silver_invalid.customer_invalid ................... [RUN]","logger":"airflow.task.hooks.airflow.providers.standard.hooks.subprocess.SubprocessHook"}
{"timestamp":"2025-08-25T07:59:48.861032","level":"info","event":"\u001b[0m07:59:48  4 of 19 START sql view model silver_invalid.discount_rules_invalid ............. [RUN]","logger":"airflow.task.hooks.airflow.providers.standard.hooks.subprocess.SubprocessHook"}
{"timestamp":"2025-08-25T07:59:52.814622","level":"info","event":"\u001b[0m07:59:52  2 of 19 OK created sql view model silver_invalid.customer_feedback_invalid ..... [\u001b[32mCREATE VIEW\u001b[0m in 3.95s]","logger":"airflow.task.hooks.airflow.providers.standard.hooks.subprocess.SubprocessHook"}
{"timestamp":"2025-08-25T07:59:52.816236","level":"info","event":"\u001b[0m07:59:52  5 of 19 START sql view model silver_invalid.employees_invalid .................. [RUN]","logger":"airflow.task.hooks.airflow.providers.standard.hooks.subprocess.SubprocessHook"}
{"timestamp":"2025-08-25T07:59:52.913018","level":"info","event":"\u001b[0m07:59:52  4 of 19 OK created sql view model silver_invalid.discount_rules_invalid ........ [\u001b[32mCREATE VIEW\u001b[0m in 4.05s]","logger":"airflow.task.hooks.airflow.providers.standard.hooks.subprocess.SubprocessHook"}
{"timestamp":"2025-08-25T07:59:52.914375","level":"info","event":"\u001b[0m07:59:52  6 of 19 START sql view model silver_invalid.inventory_invalid .................. [RUN]","logger":"airflow.task.hooks.airflow.providers.standard.hooks.subprocess.SubprocessHook"}
{"timestamp":"2025-08-25T07:59:53.043940","level":"info","event":"\u001b[0m07:59:53  1 of 19 OK created sql view model silver_invalid.campaign_invalid .............. [\u001b[32mCREATE VIEW\u001b[0m in 4.18s]","logger":"airflow.task.hooks.airflow.providers.standard.hooks.subprocess.SubprocessHook"}
{"timestamp":"2025-08-25T07:59:53.045305","level":"info","event":"\u001b[0m07:59:53  7 of 19 START sql table model silver_invalid.loyalty_programs_invalid .......... [RUN]","logger":"airflow.task.hooks.airflow.providers.standard.hooks.subprocess.SubprocessHook"}
{"timestamp":"2025-08-25T07:59:53.070755","level":"info","event":"\u001b[0m07:59:53  3 of 19 OK created sql view model silver_invalid.customer_invalid .............. [\u001b[32mCREATE VIEW\u001b[0m in 4.21s]","logger":"airflow.task.hooks.airflow.providers.standard.hooks.subprocess.SubprocessHook"}
{"timestamp":"2025-08-25T07:59:53.072786","level":"info","event":"\u001b[0m07:59:53  8 of 19 START sql view model silver_invalid.payments_invalid ................... [RUN]","logger":"airflow.task.hooks.airflow.providers.standard.hooks.subprocess.SubprocessHook"}
{"timestamp":"2025-08-25T07:59:56.383008","level":"info","event":"\u001b[0m07:59:56  5 of 19 OK created sql view model silver_invalid.employees_invalid ............. [\u001b[32mCREATE VIEW\u001b[0m in 3.57s]","logger":"airflow.task.hooks.airflow.providers.standard.hooks.subprocess.SubprocessHook"}
{"timestamp":"2025-08-25T07:59:56.384766","level":"info","event":"\u001b[0m07:59:56  9 of 19 START sql view model silver_invalid.pricing_history_invalid ............ [RUN]","logger":"airflow.task.hooks.airflow.providers.standard.hooks.subprocess.SubprocessHook"}
{"timestamp":"2025-08-25T07:59:56.607339","level":"info","event":"\u001b[0m07:59:56  7 of 19 OK created sql table model silver_invalid.loyalty_programs_invalid ..... [\u001b[32mSELECT 0\u001b[0m in 3.56s]","logger":"airflow.task.hooks.airflow.providers.standard.hooks.subprocess.SubprocessHook"}
{"timestamp":"2025-08-25T07:59:56.609074","level":"info","event":"\u001b[0m07:59:56  10 of 19 START sql view model silver_invalid.products_invalid .................. [RUN]","logger":"airflow.task.hooks.airflow.providers.standard.hooks.subprocess.SubprocessHook"}
{"timestamp":"2025-08-25T07:59:56.761654","level":"info","event":"\u001b[0m07:59:56  6 of 19 OK created sql view model silver_invalid.inventory_invalid ............. [\u001b[32mCREATE VIEW\u001b[0m in 3.85s]","logger":"airflow.task.hooks.airflow.providers.standard.hooks.subprocess.SubprocessHook"}
{"timestamp":"2025-08-25T07:59:56.762918","level":"info","event":"\u001b[0m07:59:56  11 of 19 START sql view model silver_invalid.promotions_invalid ................ [RUN]","logger":"airflow.task.hooks.airflow.providers.standard.hooks.subprocess.SubprocessHook"}
{"timestamp":"2025-08-25T07:59:57.038568","level":"info","event":"\u001b[0m07:59:57  8 of 19 OK created sql view model silver_invalid.payments_invalid .............. [\u001b[32mCREATE VIEW\u001b[0m in 3.96s]","logger":"airflow.task.hooks.airflow.providers.standard.hooks.subprocess.SubprocessHook"}
{"timestamp":"2025-08-25T07:59:57.040420","level":"info","event":"\u001b[0m07:59:57  12 of 19 START sql view model silver_invalid.purchase_orders_invalid ........... [RUN]","logger":"airflow.task.hooks.airflow.providers.standard.hooks.subprocess.SubprocessHook"}
{"timestamp":"2025-08-25T08:00:00.157616","level":"info","event":"\u001b[0m08:00:00  9 of 19 OK created sql view model silver_invalid.pricing_history_invalid ....... [\u001b[32mCREATE VIEW\u001b[0m in 3.77s]","logger":"airflow.task.hooks.airflow.providers.standard.hooks.subprocess.SubprocessHook"}
{"timestamp":"2025-08-25T08:00:00.159061","level":"info","event":"\u001b[0m08:00:00  13 of 19 START sql table model silver_invalid.returns_invalid .................. [RUN]","logger":"airflow.task.hooks.airflow.providers.standard.hooks.subprocess.SubprocessHook"}
{"timestamp":"2025-08-25T08:00:00.307943","level":"info","event":"\u001b[0m08:00:00  11 of 19 OK created sql view model silver_invalid.promotions_invalid ........... [\u001b[32mCREATE VIEW\u001b[0m in 3.54s]","logger":"airflow.task.hooks.airflow.providers.standard.hooks.subprocess.SubprocessHook"}
{"timestamp":"2025-08-25T08:00:00.309273","level":"info","event":"\u001b[0m08:00:00  14 of 19 START sql view model silver_invalid.sales_items_invalid ............... [RUN]","logger":"airflow.task.hooks.airflow.providers.standard.hooks.subprocess.SubprocessHook"}
{"timestamp":"2025-08-25T08:00:00.720829","level":"info","event":"\u001b[0m08:00:00  10 of 19 OK created sql view model silver_invalid.products_invalid ............. [\u001b[32mCREATE VIEW\u001b[0m in 4.11s]","logger":"airflow.task.hooks.airflow.providers.standard.hooks.subprocess.SubprocessHook"}
{"timestamp":"2025-08-25T08:00:00.722122","level":"info","event":"\u001b[0m08:00:00  15 of 19 START sql view model silver_invalid.sales_transactions_invalid ........ [RUN]","logger":"airflow.task.hooks.airflow.providers.standard.hooks.subprocess.SubprocessHook"}
{"timestamp":"2025-08-25T08:00:00.894212","level":"info","event":"\u001b[0m08:00:00  12 of 19 OK created sql view model silver_invalid.purchase_orders_invalid ...... [\u001b[32mCREATE VIEW\u001b[0m in 3.85s]","logger":"airflow.task.hooks.airflow.providers.standard.hooks.subprocess.SubprocessHook"}
{"timestamp":"2025-08-25T08:00:00.895602","level":"info","event":"\u001b[0m08:00:00  16 of 19 START sql view model silver_invalid.shipments_invalid ................. [RUN]","logger":"airflow.task.hooks.airflow.providers.standard.hooks.subprocess.SubprocessHook"}
{"timestamp":"2025-08-25T08:00:03.828815","level":"info","event":"\u001b[0m08:00:03  14 of 19 OK created sql view model silver_invalid.sales_items_invalid .......... [\u001b[32mCREATE VIEW\u001b[0m in 3.52s]","logger":"airflow.task.hooks.airflow.providers.standard.hooks.subprocess.SubprocessHook"}
{"timestamp":"2025-08-25T08:00:03.830262","level":"info","event":"\u001b[0m08:00:03  17 of 19 START sql view model silver_invalid.stock_movements_invalid ........... [RUN]","logger":"airflow.task.hooks.airflow.providers.standard.hooks.subprocess.SubprocessHook"}
{"timestamp":"2025-08-25T08:00:03.841942","level":"info","event":"\u001b[0m08:00:03  13 of 19 OK created sql table model silver_invalid.returns_invalid ............. [\u001b[32mSELECT 500\u001b[0m in 3.68s]","logger":"airflow.task.hooks.airflow.providers.standard.hooks.subprocess.SubprocessHook"}
{"timestamp":"2025-08-25T08:00:03.843223","level":"info","event":"\u001b[0m08:00:03  18 of 19 START sql view model silver_invalid.store_visits_invalid .............. [RUN]","logger":"airflow.task.hooks.airflow.providers.standard.hooks.subprocess.SubprocessHook"}
{"timestamp":"2025-08-25T08:00:04.356172","level":"info","event":"\u001b[0m08:00:04  16 of 19 OK created sql view model silver_invalid.shipments_invalid ............ [\u001b[32mCREATE VIEW\u001b[0m in 3.46s]","logger":"airflow.task.hooks.airflow.providers.standard.hooks.subprocess.SubprocessHook"}
{"timestamp":"2025-08-25T08:00:04.357514","level":"info","event":"\u001b[0m08:00:04  19 of 19 START sql view model silver_invalid.tax_rules_invalid ................. [RUN]","logger":"airflow.task.hooks.airflow.providers.standard.hooks.subprocess.SubprocessHook"}
{"timestamp":"2025-08-25T08:00:04.478644","level":"info","event":"\u001b[0m08:00:04  15 of 19 OK created sql view model silver_invalid.sales_transactions_invalid ... [\u001b[32mCREATE VIEW\u001b[0m in 3.76s]","logger":"airflow.task.hooks.airflow.providers.standard.hooks.subprocess.SubprocessHook"}
{"timestamp":"2025-08-25T08:00:07.452939","level":"info","event":"\u001b[0m08:00:07  18 of 19 OK created sql view model silver_invalid.store_visits_invalid ......... [\u001b[32mCREATE VIEW\u001b[0m in 3.61s]","logger":"airflow.task.hooks.airflow.providers.standard.hooks.subprocess.SubprocessHook"}
{"timestamp":"2025-08-25T08:00:07.955872","level":"info","event":"\u001b[0m08:00:07  17 of 19 OK created sql view model silver_invalid.stock_movements_invalid ...... [\u001b[32mCREATE VIEW\u001b[0m in 4.12s]","logger":"airflow.task.hooks.airflow.providers.standard.hooks.subprocess.SubprocessHook"}
{"timestamp":"2025-08-25T08:00:09.331481","level":"info","event":"\u001b[0m08:00:09  19 of 19 OK created sql view model silver_invalid.tax_rules_invalid ............ [\u001b[32mCREATE VIEW\u001b[0m in 4.97s]","logger":"airflow.task.hooks.airflow.providers.standard.hooks.subprocess.SubprocessHook"}
{"timestamp":"2025-08-25T08:00:12.414112","level":"info","event":"\u001b[0m08:00:12","logger":"airflow.task.hooks.airflow.providers.standard.hooks.subprocess.SubprocessHook"}
{"timestamp":"2025-08-25T08:00:12.414426","level":"info","event":"\u001b[0m08:00:12  Finished running 2 table models, 17 view models in 0 hours 0 minutes and 33.42 seconds (33.42s).","logger":"airflow.task.hooks.airflow.providers.standard.hooks.subprocess.SubprocessHook"}
{"timestamp":"2025-08-25T08:00:12.577598","level":"info","event":"\u001b[0m08:00:12","logger":"airflow.task.hooks.airflow.providers.standard.hooks.subprocess.SubprocessHook"}
{"timestamp":"2025-08-25T08:00:12.577881","level":"info","event":"\u001b[0m08:00:12  \u001b[32mCompleted successfully\u001b[0m","logger":"airflow.task.hooks.airflow.providers.standard.hooks.subprocess.SubprocessHook"}
{"timestamp":"2025-08-25T08:00:12.578140","level":"info","event":"\u001b[0m08:00:12","logger":"airflow.task.hooks.airflow.providers.standard.hooks.subprocess.SubprocessHook"}
{"timestamp":"2025-08-25T08:00:12.578550","level":"info","event":"\u001b[0m08:00:12  Done. PASS=19 WARN=0 ERROR=0 SKIP=0 NO-OP=0 TOTAL=19","logger":"airflow.task.hooks.airflow.providers.standard.hooks.subprocess.SubprocessHook"}
{"timestamp":"2025-08-25T08:00:14.501729","level":"info","event":"Command exited with return code 0","logger":"airflow.task.hooks.airflow.providers.standard.hooks.subprocess.SubprocessHook"}
{"timestamp":"2025-08-25T08:00:14.502366","level":"info","event":"Pushing xcom","ti":"RuntimeTaskInstance(id=UUID('0198e03c-b9d0-71ec-bdba-a0e3c52e4dae'), task_id='dbt_invalid', dag_id='dbt_pipeline_invalid_staging_silver', run_id='manual__2025-08-25T07:58:52.859055+00:00', try_number=1, map_index=-1, hostname='d71023bd2874', context_carrier={}, task=<Task(BashOperator): dbt_invalid>, bundle_instance=LocalDagBundle(name=dags-folder), max_tries=0, start_date=datetime.datetime(2025, 8, 25, 7, 59, 36, 247403, tzinfo=datetime.timezone.utc), end_date=None, state=<TaskInstanceState.RUNNING: 'running'>, is_mapped=False, rendered_map_index=None, log_url='http://localhost:8080/dags/dbt_pipeline_invalid_staging_silver/runs/manual__2025-08-25T07%3A58%3A52.859055%2B00%3A00/tasks/dbt_invalid?try_number=1')","logger":"task"}
{"timestamp":"2025-08-25T08:00:14.526591","level":"warning","event":"/home/airflow/.local/lib/python3.12/site-packages/airflow/models/connection.py:471: DeprecationWarning: Using Connection.get_connection_from_secrets from `airflow.models` is deprecated.Please use `from airflow.sdk import Connection` instead\n  warnings.warn(\n","logger":"py.warnings"}
{"timestamp":"2025-08-25T08:00:14.531205","level":"info","event":"Connection Retrieved 'ms_teams_webhook'","logger":"airflow.hooks.base"}
{"timestamp":"2025-08-25T08:00:16.533399Z","level":"info","event":"Task instance in success state","chan":"stdout","logger":"task"}
{"timestamp":"2025-08-25T08:00:16.533548Z","level":"info","event":" Previous state of the Task instance: TaskInstanceState.RUNNING","chan":"stdout","logger":"task"}
{"timestamp":"2025-08-25T08:00:16.534710Z","level":"info","event":"Task operator:<Task(BashOperator): dbt_invalid>","chan":"stdout","logger":"task"}
