{"timestamp":"2025-08-22T11:58:08.853407","level":"info","event":"DAG bundles loaded: dags-folder, example_dags","logger":"airflow.dag_processing.bundles.manager.DagBundlesManager"}
{"timestamp":"2025-08-22T11:58:08.853789","level":"info","event":"Filling up the DagBag from /opt/airflow/dags/dbt_process_data.py","logger":"airflow.models.dagbag.DagBag"}
{"timestamp":"2025-08-22T11:58:08.913489Z","level":"info","event":"Task instance is in running state","chan":"stdout","logger":"task"}
{"timestamp":"2025-08-22T11:58:08.913654Z","level":"info","event":" Previous state of the Task instance: TaskInstanceState.QUEUED","chan":"stdout","logger":"task"}
{"timestamp":"2025-08-22T11:58:08.914429Z","level":"info","event":"Current task name:dbt_staging","chan":"stdout","logger":"task"}
{"timestamp":"2025-08-22T11:58:08.914504Z","level":"info","event":"Dag name:dbt_pipeline_invalid_staging_silver","chan":"stdout","logger":"task"}
{"timestamp":"2025-08-22T11:58:08.914869","level":"info","event":"Tmp dir root location: /tmp","logger":"airflow.task.hooks.airflow.providers.standard.hooks.subprocess.SubprocessHook"}
{"timestamp":"2025-08-22T11:58:08.916043","level":"info","event":"Running command: ['/usr/bin/bash', '-c', 'cd /opt/airflow/dbt && dbt run --select path:models/staging --full-refresh --profiles-dir /home/airflow/.dbt']","logger":"airflow.task.hooks.airflow.providers.standard.hooks.subprocess.SubprocessHook"}
{"timestamp":"2025-08-22T11:58:08.929540","level":"info","event":"Output:","logger":"airflow.task.hooks.airflow.providers.standard.hooks.subprocess.SubprocessHook"}
{"timestamp":"2025-08-22T11:58:11.036076","level":"info","event":"\u001b[0m11:58:11  Running with dbt=1.10.9","logger":"airflow.task.hooks.airflow.providers.standard.hooks.subprocess.SubprocessHook"}
{"timestamp":"2025-08-22T11:58:11.290514","level":"info","event":"\u001b[0m11:58:11  Registered adapter: postgres=1.9.0","logger":"airflow.task.hooks.airflow.providers.standard.hooks.subprocess.SubprocessHook"}
{"timestamp":"2025-08-22T11:58:11.998294","level":"info","event":"\u001b[0m11:58:11  Found 88 models, 9 snapshots, 376 data tests, 23 sources, 816 macros","logger":"airflow.task.hooks.airflow.providers.standard.hooks.subprocess.SubprocessHook"}
{"timestamp":"2025-08-22T11:58:12.012022","level":"info","event":"\u001b[0m11:58:12","logger":"airflow.task.hooks.airflow.providers.standard.hooks.subprocess.SubprocessHook"}
{"timestamp":"2025-08-22T11:58:12.012459","level":"info","event":"\u001b[0m11:58:12  Concurrency: 4 threads (target='dev')","logger":"airflow.task.hooks.airflow.providers.standard.hooks.subprocess.SubprocessHook"}
{"timestamp":"2025-08-22T11:58:12.012740","level":"info","event":"\u001b[0m11:58:12","logger":"airflow.task.hooks.airflow.providers.standard.hooks.subprocess.SubprocessHook"}
{"timestamp":"2025-08-22T11:58:27.264199","level":"info","event":"\u001b[0m11:58:27  1 of 23 START sql view model silver_staging.stg_brands ......................... [RUN]","logger":"airflow.task.hooks.airflow.providers.standard.hooks.subprocess.SubprocessHook"}
{"timestamp":"2025-08-22T11:58:27.265789","level":"info","event":"\u001b[0m11:58:27  2 of 23 START sql view model silver_staging.stg_campaigns ...................... [RUN]","logger":"airflow.task.hooks.airflow.providers.standard.hooks.subprocess.SubprocessHook"}
{"timestamp":"2025-08-22T11:58:27.266695","level":"info","event":"\u001b[0m11:58:27  3 of 23 START sql view model silver_staging.stg_categories ..................... [RUN]","logger":"airflow.task.hooks.airflow.providers.standard.hooks.subprocess.SubprocessHook"}
{"timestamp":"2025-08-22T11:58:27.267860","level":"info","event":"\u001b[0m11:58:27  4 of 23 START sql view model silver_staging.stg_customer_feedback .............. [RUN]","logger":"airflow.task.hooks.airflow.providers.standard.hooks.subprocess.SubprocessHook"}
{"timestamp":"2025-08-22T11:58:30.797858","level":"info","event":"\u001b[0m11:58:30  2 of 23 OK created sql view model silver_staging.stg_campaigns ................. [\u001b[32mCREATE VIEW\u001b[0m in 3.53s]","logger":"airflow.task.hooks.airflow.providers.standard.hooks.subprocess.SubprocessHook"}
{"timestamp":"2025-08-22T11:58:30.799466","level":"info","event":"\u001b[0m11:58:30  5 of 23 START sql view model silver_staging.stg_customers ...................... [RUN]","logger":"airflow.task.hooks.airflow.providers.standard.hooks.subprocess.SubprocessHook"}
{"timestamp":"2025-08-22T11:58:31.309783","level":"info","event":"\u001b[0m11:58:31  1 of 23 OK created sql view model silver_staging.stg_brands .................... [\u001b[32mCREATE VIEW\u001b[0m in 4.04s]","logger":"airflow.task.hooks.airflow.providers.standard.hooks.subprocess.SubprocessHook"}
{"timestamp":"2025-08-22T11:58:31.312040","level":"info","event":"\u001b[0m11:58:31  6 of 23 START sql view model silver_staging.stg_discount_rules ................. [RUN]","logger":"airflow.task.hooks.airflow.providers.standard.hooks.subprocess.SubprocessHook"}
{"timestamp":"2025-08-22T11:58:31.563064","level":"info","event":"\u001b[0m11:58:31  3 of 23 OK created sql view model silver_staging.stg_categories ................ [\u001b[32mCREATE VIEW\u001b[0m in 4.29s]","logger":"airflow.task.hooks.airflow.providers.standard.hooks.subprocess.SubprocessHook"}
{"timestamp":"2025-08-22T11:58:31.565365","level":"info","event":"\u001b[0m11:58:31  7 of 23 START sql view model silver_staging.stg_employees ...................... [RUN]","logger":"airflow.task.hooks.airflow.providers.standard.hooks.subprocess.SubprocessHook"}
{"timestamp":"2025-08-22T11:58:33.946401","level":"info","event":"\u001b[0m11:58:33  5 of 23 OK created sql view model silver_staging.stg_customers ................. [\u001b[32mCREATE VIEW\u001b[0m in 3.15s]","logger":"airflow.task.hooks.airflow.providers.standard.hooks.subprocess.SubprocessHook"}
{"timestamp":"2025-08-22T11:58:33.947827","level":"info","event":"\u001b[0m11:58:33  8 of 23 START sql view model silver_staging.stg_inventory ...................... [RUN]","logger":"airflow.task.hooks.airflow.providers.standard.hooks.subprocess.SubprocessHook"}
{"timestamp":"2025-08-22T11:58:34.591847","level":"info","event":"\u001b[0m11:58:34  4 of 23 OK created sql view model silver_staging.stg_customer_feedback ......... [\u001b[32mCREATE VIEW\u001b[0m in 7.32s]","logger":"airflow.task.hooks.airflow.providers.standard.hooks.subprocess.SubprocessHook"}
{"timestamp":"2025-08-22T11:58:34.593736","level":"info","event":"\u001b[0m11:58:34  9 of 23 START sql view model silver_staging.stg_loyalty_programs ............... [RUN]","logger":"airflow.task.hooks.airflow.providers.standard.hooks.subprocess.SubprocessHook"}
{"timestamp":"2025-08-22T11:58:36.346324","level":"info","event":"\u001b[0m11:58:36  7 of 23 OK created sql view model silver_staging.stg_employees ................. [\u001b[32mCREATE VIEW\u001b[0m in 4.78s]","logger":"airflow.task.hooks.airflow.providers.standard.hooks.subprocess.SubprocessHook"}
{"timestamp":"2025-08-22T11:58:36.348089","level":"info","event":"\u001b[0m11:58:36  10 of 23 START sql view model silver_staging.stg_payments ...................... [RUN]","logger":"airflow.task.hooks.airflow.providers.standard.hooks.subprocess.SubprocessHook"}
{"timestamp":"2025-08-22T11:58:37.735552","level":"info","event":"\u001b[0m11:58:37  9 of 23 OK created sql view model silver_staging.stg_loyalty_programs .......... [\u001b[32mCREATE VIEW\u001b[0m in 3.14s]","logger":"airflow.task.hooks.airflow.providers.standard.hooks.subprocess.SubprocessHook"}
{"timestamp":"2025-08-22T11:58:37.737454","level":"info","event":"\u001b[0m11:58:37  11 of 23 START sql view model silver_staging.stg_pricing_history ............... [RUN]","logger":"airflow.task.hooks.airflow.providers.standard.hooks.subprocess.SubprocessHook"}
{"timestamp":"2025-08-22T11:58:39.032223","level":"info","event":"\u001b[0m11:58:39  8 of 23 OK created sql view model silver_staging.stg_inventory ................. [\u001b[32mCREATE VIEW\u001b[0m in 5.08s]","logger":"airflow.task.hooks.airflow.providers.standard.hooks.subprocess.SubprocessHook"}
{"timestamp":"2025-08-22T11:58:39.034137","level":"info","event":"\u001b[0m11:58:39  12 of 23 START sql view model silver_staging.stg_products ...................... [RUN]","logger":"airflow.task.hooks.airflow.providers.standard.hooks.subprocess.SubprocessHook"}
{"timestamp":"2025-08-22T11:58:40.081679","level":"info","event":"\u001b[0m11:58:40  10 of 23 OK created sql view model silver_staging.stg_payments ................. [\u001b[32mCREATE VIEW\u001b[0m in 3.73s]","logger":"airflow.task.hooks.airflow.providers.standard.hooks.subprocess.SubprocessHook"}
{"timestamp":"2025-08-22T11:58:40.083498","level":"info","event":"\u001b[0m11:58:40  13 of 23 START sql view model silver_staging.stg_promotions .................... [RUN]","logger":"airflow.task.hooks.airflow.providers.standard.hooks.subprocess.SubprocessHook"}
{"timestamp":"2025-08-22T11:58:41.424118","level":"info","event":"\u001b[0m11:58:41  11 of 23 OK created sql view model silver_staging.stg_pricing_history .......... [\u001b[32mCREATE VIEW\u001b[0m in 3.69s]","logger":"airflow.task.hooks.airflow.providers.standard.hooks.subprocess.SubprocessHook"}
{"timestamp":"2025-08-22T11:58:41.425520","level":"info","event":"\u001b[0m11:58:41  14 of 23 START sql view model silver_staging.stg_purchase_orders ............... [RUN]","logger":"airflow.task.hooks.airflow.providers.standard.hooks.subprocess.SubprocessHook"}
{"timestamp":"2025-08-22T11:58:42.487423","level":"info","event":"\u001b[0m11:58:42  12 of 23 OK created sql view model silver_staging.stg_products ................. [\u001b[32mCREATE VIEW\u001b[0m in 3.45s]","logger":"airflow.task.hooks.airflow.providers.standard.hooks.subprocess.SubprocessHook"}
{"timestamp":"2025-08-22T11:58:42.489067","level":"info","event":"\u001b[0m11:58:42  15 of 23 START sql view model silver_staging.stg_returns ....................... [RUN]","logger":"airflow.task.hooks.airflow.providers.standard.hooks.subprocess.SubprocessHook"}
{"timestamp":"2025-08-22T11:58:43.861040","level":"info","event":"\u001b[0m11:58:43  6 of 23 OK created sql view model silver_staging.stg_discount_rules ............ [\u001b[32mCREATE VIEW\u001b[0m in 12.55s]","logger":"airflow.task.hooks.airflow.providers.standard.hooks.subprocess.SubprocessHook"}
{"timestamp":"2025-08-22T11:58:43.862708","level":"info","event":"\u001b[0m11:58:43  16 of 23 START sql view model silver_staging.stg_sales_items ................... [RUN]","logger":"airflow.task.hooks.airflow.providers.standard.hooks.subprocess.SubprocessHook"}
{"timestamp":"2025-08-22T11:58:44.732623","level":"info","event":"\u001b[0m11:58:44  13 of 23 OK created sql view model silver_staging.stg_promotions ............... [\u001b[32mCREATE VIEW\u001b[0m in 4.65s]","logger":"airflow.task.hooks.airflow.providers.standard.hooks.subprocess.SubprocessHook"}
{"timestamp":"2025-08-22T11:58:44.734563","level":"info","event":"\u001b[0m11:58:44  17 of 23 START sql view model silver_staging.stg_sales_transactions ............ [RUN]","logger":"airflow.task.hooks.airflow.providers.standard.hooks.subprocess.SubprocessHook"}
{"timestamp":"2025-08-22T11:58:45.563739","level":"info","event":"\u001b[0m11:58:45  14 of 23 OK created sql view model silver_staging.stg_purchase_orders .......... [\u001b[32mCREATE VIEW\u001b[0m in 4.14s]","logger":"airflow.task.hooks.airflow.providers.standard.hooks.subprocess.SubprocessHook"}
{"timestamp":"2025-08-22T11:58:45.565613","level":"info","event":"\u001b[0m11:58:45  18 of 23 START sql view model silver_staging.stg_shipments ..................... [RUN]","logger":"airflow.task.hooks.airflow.providers.standard.hooks.subprocess.SubprocessHook"}
{"timestamp":"2025-08-22T11:58:46.551556","level":"info","event":"\u001b[0m11:58:46  15 of 23 OK created sql view model silver_staging.stg_returns .................. [\u001b[32mCREATE VIEW\u001b[0m in 4.06s]","logger":"airflow.task.hooks.airflow.providers.standard.hooks.subprocess.SubprocessHook"}
{"timestamp":"2025-08-22T11:58:46.552951","level":"info","event":"\u001b[0m11:58:46  19 of 23 START sql view model silver_staging.stg_stock_movements ............... [RUN]","logger":"airflow.task.hooks.airflow.providers.standard.hooks.subprocess.SubprocessHook"}
{"timestamp":"2025-08-22T11:58:47.405567","level":"info","event":"\u001b[0m11:58:47  16 of 23 OK created sql view model silver_staging.stg_sales_items .............. [\u001b[32mCREATE VIEW\u001b[0m in 3.54s]","logger":"airflow.task.hooks.airflow.providers.standard.hooks.subprocess.SubprocessHook"}
{"timestamp":"2025-08-22T11:58:47.407666","level":"info","event":"\u001b[0m11:58:47  20 of 23 START sql view model silver_staging.stg_store_visits .................. [RUN]","logger":"airflow.task.hooks.airflow.providers.standard.hooks.subprocess.SubprocessHook"}
{"timestamp":"2025-08-22T11:58:49.298121","level":"info","event":"\u001b[0m11:58:49  18 of 23 OK created sql view model silver_staging.stg_shipments ................ [\u001b[32mCREATE VIEW\u001b[0m in 3.73s]","logger":"airflow.task.hooks.airflow.providers.standard.hooks.subprocess.SubprocessHook"}
{"timestamp":"2025-08-22T11:58:49.299594","level":"info","event":"\u001b[0m11:58:49  21 of 23 START sql view model silver_staging.stg_stores ........................ [RUN]","logger":"airflow.task.hooks.airflow.providers.standard.hooks.subprocess.SubprocessHook"}
{"timestamp":"2025-08-22T11:58:49.871120","level":"info","event":"\u001b[0m11:58:49  19 of 23 OK created sql view model silver_staging.stg_stock_movements .......... [\u001b[32mCREATE VIEW\u001b[0m in 3.32s]","logger":"airflow.task.hooks.airflow.providers.standard.hooks.subprocess.SubprocessHook"}
{"timestamp":"2025-08-22T11:58:49.873630","level":"info","event":"\u001b[0m11:58:49  22 of 23 START sql view model silver_staging.stg_suppliers ..................... [RUN]","logger":"airflow.task.hooks.airflow.providers.standard.hooks.subprocess.SubprocessHook"}
{"timestamp":"2025-08-22T11:58:51.065825","level":"info","event":"\u001b[0m11:58:51  17 of 23 OK created sql view model silver_staging.stg_sales_transactions ....... [\u001b[32mCREATE VIEW\u001b[0m in 6.33s]","logger":"airflow.task.hooks.airflow.providers.standard.hooks.subprocess.SubprocessHook"}
{"timestamp":"2025-08-22T11:58:51.067551","level":"info","event":"\u001b[0m11:58:51  23 of 23 START sql view model silver_staging.stg_tax_rules ..................... [RUN]","logger":"airflow.task.hooks.airflow.providers.standard.hooks.subprocess.SubprocessHook"}
{"timestamp":"2025-08-22T11:58:51.970323","level":"info","event":"\u001b[0m11:58:51  20 of 23 OK created sql view model silver_staging.stg_store_visits ............. [\u001b[32mCREATE VIEW\u001b[0m in 4.56s]","logger":"airflow.task.hooks.airflow.providers.standard.hooks.subprocess.SubprocessHook"}
{"timestamp":"2025-08-22T11:58:52.743049","level":"info","event":"\u001b[0m11:58:52  21 of 23 OK created sql view model silver_staging.stg_stores ................... [\u001b[32mCREATE VIEW\u001b[0m in 3.44s]","logger":"airflow.task.hooks.airflow.providers.standard.hooks.subprocess.SubprocessHook"}
{"timestamp":"2025-08-22T11:58:54.143033","level":"info","event":"\u001b[0m11:58:54  22 of 23 OK created sql view model silver_staging.stg_suppliers ................ [\u001b[32mCREATE VIEW\u001b[0m in 4.27s]","logger":"airflow.task.hooks.airflow.providers.standard.hooks.subprocess.SubprocessHook"}
{"timestamp":"2025-08-22T11:58:56.114730","level":"info","event":"\u001b[0m11:58:56  23 of 23 OK created sql view model silver_staging.stg_tax_rules ................ [\u001b[32mCREATE VIEW\u001b[0m in 3.31s]","logger":"airflow.task.hooks.airflow.providers.standard.hooks.subprocess.SubprocessHook"}
{"timestamp":"2025-08-22T11:58:59.212766","level":"info","event":"\u001b[0m11:58:59","logger":"airflow.task.hooks.airflow.providers.standard.hooks.subprocess.SubprocessHook"}
{"timestamp":"2025-08-22T11:58:59.213091","level":"info","event":"\u001b[0m11:58:59  Finished running 23 view models in 0 hours 0 minutes and 47.20 seconds (47.20s).","logger":"airflow.task.hooks.airflow.providers.standard.hooks.subprocess.SubprocessHook"}
{"timestamp":"2025-08-22T11:58:59.428957","level":"info","event":"\u001b[0m11:58:59","logger":"airflow.task.hooks.airflow.providers.standard.hooks.subprocess.SubprocessHook"}
{"timestamp":"2025-08-22T11:58:59.429406","level":"info","event":"\u001b[0m11:58:59  \u001b[32mCompleted successfully\u001b[0m","logger":"airflow.task.hooks.airflow.providers.standard.hooks.subprocess.SubprocessHook"}
{"timestamp":"2025-08-22T11:58:59.429742","level":"info","event":"\u001b[0m11:58:59","logger":"airflow.task.hooks.airflow.providers.standard.hooks.subprocess.SubprocessHook"}
{"timestamp":"2025-08-22T11:58:59.430080","level":"info","event":"\u001b[0m11:58:59  Done. PASS=23 WARN=0 ERROR=0 SKIP=0 NO-OP=0 TOTAL=23","logger":"airflow.task.hooks.airflow.providers.standard.hooks.subprocess.SubprocessHook"}
{"timestamp":"2025-08-22T11:59:00.969735","level":"info","event":"Command exited with return code 0","logger":"airflow.task.hooks.airflow.providers.standard.hooks.subprocess.SubprocessHook"}
{"timestamp":"2025-08-22T11:59:00.970379","level":"info","event":"Pushing xcom","ti":"RuntimeTaskInstance(id=UUID('0198d1a4-a85e-7cf5-84c0-d04e360677ce'), task_id='dbt_staging', dag_id='dbt_pipeline_invalid_staging_silver', run_id='manual__2025-08-22T11:58:05.878146+00:00', try_number=1, map_index=-1, hostname='b7bddf1c9a48', context_carrier={}, task=<Task(BashOperator): dbt_staging>, bundle_instance=LocalDagBundle(name=dags-folder), max_tries=0, start_date=datetime.datetime(2025, 8, 22, 11, 58, 7, 198775, tzinfo=datetime.timezone.utc), end_date=None, state=<TaskInstanceState.RUNNING: 'running'>, is_mapped=False, rendered_map_index=None, log_url='http://localhost:8080/dags/dbt_pipeline_invalid_staging_silver/runs/manual__2025-08-22T11%3A58%3A05.878146%2B00%3A00/tasks/dbt_staging?try_number=1')","logger":"task"}
{"timestamp":"2025-08-22T11:59:01.008286","level":"warning","event":"/home/airflow/.local/lib/python3.12/site-packages/airflow/models/connection.py:471: DeprecationWarning: Using Connection.get_connection_from_secrets from `airflow.models` is deprecated.Please use `from airflow.sdk import Connection` instead\n  warnings.warn(\n","logger":"py.warnings"}
{"timestamp":"2025-08-22T11:59:01.015806","level":"info","event":"Connection Retrieved 'ms_teams_webhook'","logger":"airflow.hooks.base"}
{"timestamp":"2025-08-22T11:59:04.091766Z","level":"info","event":"Task instance in success state","chan":"stdout","logger":"task"}
{"timestamp":"2025-08-22T11:59:04.091960Z","level":"info","event":" Previous state of the Task instance: TaskInstanceState.RUNNING","chan":"stdout","logger":"task"}
{"timestamp":"2025-08-22T11:59:04.092918Z","level":"info","event":"Task operator:<Task(BashOperator): dbt_staging>","chan":"stdout","logger":"task"}
