{"timestamp":"2025-08-16T17:04:41.070540","level":"info","event":"DAG bundles loaded: dags-folder, example_dags","logger":"airflow.dag_processing.bundles.manager.DagBundlesManager"}
{"timestamp":"2025-08-16T17:04:41.070912","level":"info","event":"Filling up the DagBag from /opt/airflow/dags/grok_migration.py","logger":"airflow.models.dagbag.DagBag"}
{"timestamp":"2025-08-16T17:04:41.099086Z","level":"info","event":"Task instance is in running state","chan":"stdout","logger":"task"}
{"timestamp":"2025-08-16T17:04:41.099190Z","level":"info","event":" Previous state of the Task instance: TaskInstanceState.QUEUED","chan":"stdout","logger":"task"}
{"timestamp":"2025-08-16T17:04:41.099316Z","level":"info","event":"Current task name:migrate_sales_transactions","chan":"stdout","logger":"task"}
{"timestamp":"2025-08-16T17:04:41.099366Z","level":"info","event":"Dag name:mysql_to_postgres_raw_zone__grok","chan":"stdout","logger":"task"}
{"timestamp":"2025-08-16T17:04:41.101254","level":"warning","event":"/home/airflow/.local/lib/python3.12/site-packages/airflow/models/connection.py:471: DeprecationWarning: Using Connection.get_connection_from_secrets from `airflow.models` is deprecated.Please use `from airflow.sdk import Connection` instead\n  warnings.warn(\n","logger":"py.warnings"}
{"timestamp":"2025-08-16T17:04:41.105512","level":"info","event":"Connection Retrieved 'mysql_default'","logger":"airflow.hooks.base"}
{"timestamp":"2025-08-16T17:04:41.105640","level":"warning","event":"This setter is for backward compatibility and should not be used.\nSince the introduction of connection property, the providers listed below breaks due to assigning value to self.connection in their __init__ method.\n* apache-airflow-providers-mysql<5.7.1\n* apache-airflow-providers-elasticsearch<5.5.1\n* apache-airflow-providers-postgres<5.13.0","logger":"airflow.task.hooks.airflow.providers.mysql.hooks.mysql.MySqlHook"}
{"timestamp":"2025-08-16T17:04:41.108939","level":"info","event":"Connection Retrieved 'pg_raw'","logger":"airflow.hooks.base"}
{"timestamp":"2025-08-16T17:04:41.109027","level":"warning","event":"This setter is for backward compatibility and should not be used.\nSince the introduction of connection property, the providers listed below breaks due to assigning value to self.connection in their __init__ method.\n* apache-airflow-providers-mysql<5.7.1\n* apache-airflow-providers-elasticsearch<5.5.1\n* apache-airflow-providers-postgres<5.13.0","logger":"airflow.task.hooks.airflow.providers.postgres.hooks.postgres.PostgresHook"}
{"timestamp":"2025-08-16T17:04:41.113548","level":"info","event":"Running statement: SHOW COLUMNS FROM sales_transactions, parameters: None","logger":"airflow.task.hooks.airflow.providers.mysql.hooks.mysql.MySqlHook"}
{"timestamp":"2025-08-16T17:04:41.114655","level":"info","event":"Rows affected: 7","logger":"airflow.task.hooks.airflow.providers.mysql.hooks.mysql.MySqlHook"}
{"timestamp":"2025-08-16T17:04:42.818559","level":"info","event":"Running statement: \n    CREATE TABLE IF NOT EXISTS raw.sales_transactions (\"transaction_id\" TEXT, \"customer_id\" TEXT, \"store_id\" TEXT, \"employee_id\" TEXT, \"transaction_date\" TEXT, \"total_amount\" TEXT, \"payment_id\" TEXT);\n    , parameters: None","logger":"airflow.task.hooks.airflow.providers.postgres.hooks.postgres.PostgresHook"}
{"timestamp":"2025-08-16T17:04:43.487438","level":"warning","event":"/home/airflow/.local/lib/python3.12/site-packages/airflow/providers/common/sql/hooks/sql.py:479: UserWarning: pandas only supports SQLAlchemy connectable (engine/connection) or database string URI or sqlite3 DBAPI2 connection. Other DBAPI2 objects are not tested. Please consider using SQLAlchemy.\n  return psql.read_sql(sql, con=conn, params=parameters, **kwargs)\n","logger":"py.warnings"}
{"timestamp":"2025-08-16T17:04:43.490296Z","level":"info","event":"Successfully migrated table: sales_transactions","chan":"stdout","logger":"task"}
{"timestamp":"2025-08-16T17:04:43.490513","level":"info","event":"Done. Returned value was: None","logger":"airflow.task.operators.airflow.providers.standard.operators.python.PythonOperator"}
{"timestamp":"2025-08-16T17:04:43.505810Z","level":"info","event":"Task instance in success state","chan":"stdout","logger":"task"}
{"timestamp":"2025-08-16T17:04:43.505938Z","level":"info","event":" Previous state of the Task instance: TaskInstanceState.RUNNING","chan":"stdout","logger":"task"}
{"timestamp":"2025-08-16T17:04:43.506077Z","level":"info","event":"Task operator:<Task(PythonOperator): migrate_sales_transactions>","chan":"stdout","logger":"task"}
