{"timestamp":"2025-08-25T18:20:21.411931","level":"info","event":"DAG bundles loaded: dags-folder, example_dags","logger":"airflow.dag_processing.bundles.manager.DagBundlesManager"}
{"timestamp":"2025-08-25T18:20:21.412305","level":"info","event":"Filling up the DagBag from /opt/airflow/dags/dbt_process_data.py","logger":"airflow.models.dagbag.DagBag"}
{"timestamp":"2025-08-25T18:20:21.437081Z","level":"info","event":"Task instance is in running state","chan":"stdout","logger":"task"}
{"timestamp":"2025-08-25T18:20:21.437196Z","level":"info","event":" Previous state of the Task instance: TaskInstanceState.QUEUED","chan":"stdout","logger":"task"}
{"timestamp":"2025-08-25T18:20:21.437720Z","level":"info","event":"Current task name:dbt_snapshot_run","chan":"stdout","logger":"task"}
{"timestamp":"2025-08-25T18:20:21.437812Z","level":"info","event":"Dag name:dbt_pipeline_invalid_staging_silver","chan":"stdout","logger":"task"}
{"timestamp":"2025-08-25T18:20:21.438104","level":"info","event":"Tmp dir root location: /tmp","logger":"airflow.task.hooks.airflow.providers.standard.hooks.subprocess.SubprocessHook"}
{"timestamp":"2025-08-25T18:20:21.439223","level":"info","event":"Running command: ['/usr/bin/bash', '-c', 'cd /opt/airflow/dbt && dbt snapshot --profiles-dir /home/airflow/.dbt']","logger":"airflow.task.hooks.airflow.providers.standard.hooks.subprocess.SubprocessHook"}
{"timestamp":"2025-08-25T18:20:21.452465","level":"info","event":"Output:","logger":"airflow.task.hooks.airflow.providers.standard.hooks.subprocess.SubprocessHook"}
{"timestamp":"2025-08-25T18:20:23.224297","level":"info","event":"\u001b[0m18:20:23  Running with dbt=1.10.9","logger":"airflow.task.hooks.airflow.providers.standard.hooks.subprocess.SubprocessHook"}
{"timestamp":"2025-08-25T18:20:23.424242","level":"info","event":"\u001b[0m18:20:23  Registered adapter: postgres=1.9.0","logger":"airflow.task.hooks.airflow.providers.standard.hooks.subprocess.SubprocessHook"}
{"timestamp":"2025-08-25T18:20:24.004027","level":"info","event":"\u001b[0m18:20:24  Found 88 models, 9 snapshots, 376 data tests, 23 sources, 816 macros","logger":"airflow.task.hooks.airflow.providers.standard.hooks.subprocess.SubprocessHook"}
{"timestamp":"2025-08-25T18:20:24.011662","level":"info","event":"\u001b[0m18:20:24","logger":"airflow.task.hooks.airflow.providers.standard.hooks.subprocess.SubprocessHook"}
{"timestamp":"2025-08-25T18:20:24.011997","level":"info","event":"\u001b[0m18:20:24  Concurrency: 4 threads (target='dev')","logger":"airflow.task.hooks.airflow.providers.standard.hooks.subprocess.SubprocessHook"}
{"timestamp":"2025-08-25T18:20:24.012272","level":"info","event":"\u001b[0m18:20:24","logger":"airflow.task.hooks.airflow.providers.standard.hooks.subprocess.SubprocessHook"}
{"timestamp":"2025-08-25T18:20:33.599760","level":"info","event":"\u001b[0m18:20:33  1 of 9 START snapshot silver.dim_brands_snapshot ............................... [RUN]","logger":"airflow.task.hooks.airflow.providers.standard.hooks.subprocess.SubprocessHook"}
{"timestamp":"2025-08-25T18:20:33.601368","level":"info","event":"\u001b[0m18:20:33  2 of 9 START snapshot silver.dim_categories_snapshot ........................... [RUN]","logger":"airflow.task.hooks.airflow.providers.standard.hooks.subprocess.SubprocessHook"}
{"timestamp":"2025-08-25T18:20:33.601965","level":"info","event":"\u001b[0m18:20:33  3 of 9 START snapshot silver.dim_customers_snapshot ............................ [RUN]","logger":"airflow.task.hooks.airflow.providers.standard.hooks.subprocess.SubprocessHook"}
{"timestamp":"2025-08-25T18:20:33.602809","level":"info","event":"\u001b[0m18:20:33  4 of 9 START snapshot silver.dim_employees_snapshot ............................ [RUN]","logger":"airflow.task.hooks.airflow.providers.standard.hooks.subprocess.SubprocessHook"}
{"timestamp":"2025-08-25T18:20:36.976587","level":"info","event":"\u001b[0m18:20:36  2 of 9 OK snapshotted silver.dim_categories_snapshot ........................... [\u001b[32mSELECT 10\u001b[0m in 3.37s]","logger":"airflow.task.hooks.airflow.providers.standard.hooks.subprocess.SubprocessHook"}
{"timestamp":"2025-08-25T18:20:36.977400","level":"info","event":"\u001b[0m18:20:36  4 of 9 OK snapshotted silver.dim_employees_snapshot ............................ [\u001b[32mSELECT 200\u001b[0m in 3.37s]","logger":"airflow.task.hooks.airflow.providers.standard.hooks.subprocess.SubprocessHook"}
{"timestamp":"2025-08-25T18:20:36.980811","level":"info","event":"\u001b[0m18:20:36  5 of 9 START snapshot silver.dim_loyalty_programs_snapshot ..................... [RUN]","logger":"airflow.task.hooks.airflow.providers.standard.hooks.subprocess.SubprocessHook"}
{"timestamp":"2025-08-25T18:20:36.981369","level":"info","event":"\u001b[0m18:20:36  6 of 9 START snapshot silver.dim_products_snapshot ............................. [RUN]","logger":"airflow.task.hooks.airflow.providers.standard.hooks.subprocess.SubprocessHook"}
{"timestamp":"2025-08-25T18:20:37.389874","level":"info","event":"\u001b[0m18:20:37  3 of 9 OK snapshotted silver.dim_customers_snapshot ............................ [\u001b[32mSELECT 902\u001b[0m in 3.78s]","logger":"airflow.task.hooks.airflow.providers.standard.hooks.subprocess.SubprocessHook"}
{"timestamp":"2025-08-25T18:20:37.391281","level":"info","event":"\u001b[0m18:20:37  7 of 9 START snapshot silver.dim_promotions_snapshot ........................... [RUN]","logger":"airflow.task.hooks.airflow.providers.standard.hooks.subprocess.SubprocessHook"}
{"timestamp":"2025-08-25T18:20:37.479210","level":"info","event":"\u001b[0m18:20:37  1 of 9 OK snapshotted silver.dim_brands_snapshot ............................... [\u001b[32mSELECT 10\u001b[0m in 3.88s]","logger":"airflow.task.hooks.airflow.providers.standard.hooks.subprocess.SubprocessHook"}
{"timestamp":"2025-08-25T18:20:37.481206","level":"info","event":"\u001b[0m18:20:37  8 of 9 START snapshot silver.dim_stores_snapshot ............................... [RUN]","logger":"airflow.task.hooks.airflow.providers.standard.hooks.subprocess.SubprocessHook"}
{"timestamp":"2025-08-25T18:20:40.826027","level":"info","event":"\u001b[0m18:20:40  7 of 9 OK snapshotted silver.dim_promotions_snapshot ........................... [\u001b[32mSELECT 248\u001b[0m in 3.43s]","logger":"airflow.task.hooks.airflow.providers.standard.hooks.subprocess.SubprocessHook"}
{"timestamp":"2025-08-25T18:20:40.827699","level":"info","event":"\u001b[0m18:20:40  9 of 9 START snapshot silver.dim_suppliers_snapshot ............................ [RUN]","logger":"airflow.task.hooks.airflow.providers.standard.hooks.subprocess.SubprocessHook"}
{"timestamp":"2025-08-25T18:20:40.838009","level":"info","event":"\u001b[0m18:20:40  8 of 9 OK snapshotted silver.dim_stores_snapshot ............................... [\u001b[32mSELECT 20\u001b[0m in 3.36s]","logger":"airflow.task.hooks.airflow.providers.standard.hooks.subprocess.SubprocessHook"}
{"timestamp":"2025-08-25T18:20:40.928218","level":"info","event":"\u001b[0m18:20:40  6 of 9 OK snapshotted silver.dim_products_snapshot ............................. [\u001b[32mSELECT 400\u001b[0m in 3.94s]","logger":"airflow.task.hooks.airflow.providers.standard.hooks.subprocess.SubprocessHook"}
{"timestamp":"2025-08-25T18:20:41.278626","level":"info","event":"\u001b[0m18:20:41  5 of 9 OK snapshotted silver.dim_loyalty_programs_snapshot ..................... [\u001b[32mSELECT 5\u001b[0m in 4.29s]","logger":"airflow.task.hooks.airflow.providers.standard.hooks.subprocess.SubprocessHook"}
{"timestamp":"2025-08-25T18:20:44.803695","level":"info","event":"\u001b[0m18:20:44  9 of 9 OK snapshotted silver.dim_suppliers_snapshot ............................ [\u001b[32mSELECT 10\u001b[0m in 3.97s]","logger":"airflow.task.hooks.airflow.providers.standard.hooks.subprocess.SubprocessHook"}
{"timestamp":"2025-08-25T18:20:47.756913","level":"info","event":"\u001b[0m18:20:47","logger":"airflow.task.hooks.airflow.providers.standard.hooks.subprocess.SubprocessHook"}
{"timestamp":"2025-08-25T18:20:47.757352","level":"info","event":"\u001b[0m18:20:47  Finished running 9 snapshots in 0 hours 0 minutes and 23.74 seconds (23.74s).","logger":"airflow.task.hooks.airflow.providers.standard.hooks.subprocess.SubprocessHook"}
{"timestamp":"2025-08-25T18:20:47.867460","level":"info","event":"\u001b[0m18:20:47","logger":"airflow.task.hooks.airflow.providers.standard.hooks.subprocess.SubprocessHook"}
{"timestamp":"2025-08-25T18:20:47.867794","level":"info","event":"\u001b[0m18:20:47  \u001b[32mCompleted successfully\u001b[0m","logger":"airflow.task.hooks.airflow.providers.standard.hooks.subprocess.SubprocessHook"}
{"timestamp":"2025-08-25T18:20:47.868070","level":"info","event":"\u001b[0m18:20:47","logger":"airflow.task.hooks.airflow.providers.standard.hooks.subprocess.SubprocessHook"}
{"timestamp":"2025-08-25T18:20:47.868387","level":"info","event":"\u001b[0m18:20:47  Done. PASS=9 WARN=0 ERROR=0 SKIP=0 NO-OP=0 TOTAL=9","logger":"airflow.task.hooks.airflow.providers.standard.hooks.subprocess.SubprocessHook"}
{"timestamp":"2025-08-25T18:20:49.495223","level":"info","event":"Command exited with return code 0","logger":"airflow.task.hooks.airflow.providers.standard.hooks.subprocess.SubprocessHook"}
{"timestamp":"2025-08-25T18:20:49.495902","level":"info","event":"Pushing xcom","ti":"RuntimeTaskInstance(id=UUID('0198e271-c6e5-7756-b0aa-12bd85761400'), task_id='dbt_snapshot_run', dag_id='dbt_pipeline_invalid_staging_silver', run_id='manual__2025-08-25T18:16:04.042661+00:00', try_number=1, map_index=-1, hostname='d71023bd2874', context_carrier={}, task=<Task(BashOperator): dbt_snapshot_run>, bundle_instance=LocalDagBundle(name=dags-folder), max_tries=0, start_date=datetime.datetime(2025, 8, 25, 18, 20, 21, 89315, tzinfo=datetime.timezone.utc), end_date=None, state=<TaskInstanceState.RUNNING: 'running'>, is_mapped=False, rendered_map_index=None, log_url='http://localhost:8080/dags/dbt_pipeline_invalid_staging_silver/runs/manual__2025-08-25T18%3A16%3A04.042661%2B00%3A00/tasks/dbt_snapshot_run?try_number=1')","logger":"task"}
{"timestamp":"2025-08-25T18:20:49.519988","level":"warning","event":"/home/airflow/.local/lib/python3.12/site-packages/airflow/models/connection.py:471: DeprecationWarning: Using Connection.get_connection_from_secrets from `airflow.models` is deprecated.Please use `from airflow.sdk import Connection` instead\n  warnings.warn(\n","logger":"py.warnings"}
{"timestamp":"2025-08-25T18:20:49.524206","level":"info","event":"Connection Retrieved 'ms_teams_webhook'","logger":"airflow.hooks.base"}
{"timestamp":"2025-08-25T18:20:51.260345Z","level":"info","event":"Task instance in success state","chan":"stdout","logger":"task"}
{"timestamp":"2025-08-25T18:20:51.260489Z","level":"info","event":" Previous state of the Task instance: TaskInstanceState.RUNNING","chan":"stdout","logger":"task"}
{"timestamp":"2025-08-25T18:20:51.261480Z","level":"info","event":"Task operator:<Task(BashOperator): dbt_snapshot_run>","chan":"stdout","logger":"task"}
