{"timestamp":"2025-08-27T07:19:02.447228","level":"info","event":"DAG bundles loaded: dags-folder, example_dags","logger":"airflow.dag_processing.bundles.manager.DagBundlesManager"}
{"timestamp":"2025-08-27T07:19:02.447624","level":"info","event":"Filling up the DagBag from /opt/airflow/dags/dbt_process_data.py","logger":"airflow.models.dagbag.DagBag"}
{"timestamp":"2025-08-27T07:19:02.472913Z","level":"info","event":"Task instance is in running state","chan":"stdout","logger":"task"}
{"timestamp":"2025-08-27T07:19:02.473059Z","level":"info","event":" Previous state of the Task instance: TaskInstanceState.QUEUED","chan":"stdout","logger":"task"}
{"timestamp":"2025-08-27T07:19:02.473716Z","level":"info","event":"Current task name:dbt_snapshot_run","chan":"stdout","logger":"task"}
{"timestamp":"2025-08-27T07:19:02.473792Z","level":"info","event":"Dag name:dbt_pipeline_invalid_staging_silver","chan":"stdout","logger":"task"}
{"timestamp":"2025-08-27T07:19:02.474201","level":"info","event":"Tmp dir root location: /tmp","logger":"airflow.task.hooks.airflow.providers.standard.hooks.subprocess.SubprocessHook"}
{"timestamp":"2025-08-27T07:19:02.475432","level":"info","event":"Running command: ['/usr/bin/bash', '-c', 'cd /opt/airflow/dbt && dbt snapshot --profiles-dir /home/airflow/.dbt']","logger":"airflow.task.hooks.airflow.providers.standard.hooks.subprocess.SubprocessHook"}
{"timestamp":"2025-08-27T07:19:02.488737","level":"info","event":"Output:","logger":"airflow.task.hooks.airflow.providers.standard.hooks.subprocess.SubprocessHook"}
{"timestamp":"2025-08-27T07:19:04.106997","level":"info","event":"\u001b[0m07:19:04  Running with dbt=1.10.9","logger":"airflow.task.hooks.airflow.providers.standard.hooks.subprocess.SubprocessHook"}
{"timestamp":"2025-08-27T07:19:04.289635","level":"info","event":"\u001b[0m07:19:04  Registered adapter: postgres=1.9.0","logger":"airflow.task.hooks.airflow.providers.standard.hooks.subprocess.SubprocessHook"}
{"timestamp":"2025-08-27T07:19:04.789286","level":"info","event":"\u001b[0m07:19:04  Found 88 models, 9 snapshots, 376 data tests, 23 sources, 816 macros","logger":"airflow.task.hooks.airflow.providers.standard.hooks.subprocess.SubprocessHook"}
{"timestamp":"2025-08-27T07:19:04.795033","level":"info","event":"\u001b[0m07:19:04","logger":"airflow.task.hooks.airflow.providers.standard.hooks.subprocess.SubprocessHook"}
{"timestamp":"2025-08-27T07:19:04.795308","level":"info","event":"\u001b[0m07:19:04  Concurrency: 4 threads (target='dev')","logger":"airflow.task.hooks.airflow.providers.standard.hooks.subprocess.SubprocessHook"}
{"timestamp":"2025-08-27T07:19:04.795562","level":"info","event":"\u001b[0m07:19:04","logger":"airflow.task.hooks.airflow.providers.standard.hooks.subprocess.SubprocessHook"}
{"timestamp":"2025-08-27T07:19:16.820676","level":"info","event":"\u001b[0m07:19:16  1 of 9 START snapshot silver.dim_brands_snapshot ............................... [RUN]","logger":"airflow.task.hooks.airflow.providers.standard.hooks.subprocess.SubprocessHook"}
{"timestamp":"2025-08-27T07:19:16.821693","level":"info","event":"\u001b[0m07:19:16  2 of 9 START snapshot silver.dim_categories_snapshot ........................... [RUN]","logger":"airflow.task.hooks.airflow.providers.standard.hooks.subprocess.SubprocessHook"}
{"timestamp":"2025-08-27T07:19:16.822213","level":"info","event":"\u001b[0m07:19:16  3 of 9 START snapshot silver.dim_customers_snapshot ............................ [RUN]","logger":"airflow.task.hooks.airflow.providers.standard.hooks.subprocess.SubprocessHook"}
{"timestamp":"2025-08-27T07:19:16.822872","level":"info","event":"\u001b[0m07:19:16  4 of 9 START snapshot silver.dim_employees_snapshot ............................ [RUN]","logger":"airflow.task.hooks.airflow.providers.standard.hooks.subprocess.SubprocessHook"}
{"timestamp":"2025-08-27T07:19:20.250671","level":"info","event":"\u001b[0m07:19:20  2 of 9 OK snapshotted silver.dim_categories_snapshot ........................... [\u001b[32mSELECT 10\u001b[0m in 3.42s]","logger":"airflow.task.hooks.airflow.providers.standard.hooks.subprocess.SubprocessHook"}
{"timestamp":"2025-08-27T07:19:20.253831","level":"info","event":"\u001b[0m07:19:20  5 of 9 START snapshot silver.dim_loyalty_programs_snapshot ..................... [RUN]","logger":"airflow.task.hooks.airflow.providers.standard.hooks.subprocess.SubprocessHook"}
{"timestamp":"2025-08-27T07:19:20.254540","level":"info","event":"\u001b[0m07:19:20  3 of 9 OK snapshotted silver.dim_customers_snapshot ............................ [\u001b[32mSELECT 902\u001b[0m in 3.43s]","logger":"airflow.task.hooks.airflow.providers.standard.hooks.subprocess.SubprocessHook"}
{"timestamp":"2025-08-27T07:19:20.260427","level":"info","event":"\u001b[0m07:19:20  6 of 9 START snapshot silver.dim_products_snapshot ............................. [RUN]","logger":"airflow.task.hooks.airflow.providers.standard.hooks.subprocess.SubprocessHook"}
{"timestamp":"2025-08-27T07:19:20.318843","level":"info","event":"\u001b[0m07:19:20  4 of 9 OK snapshotted silver.dim_employees_snapshot ............................ [\u001b[32mSELECT 200\u001b[0m in 3.49s]","logger":"airflow.task.hooks.airflow.providers.standard.hooks.subprocess.SubprocessHook"}
{"timestamp":"2025-08-27T07:19:20.320064","level":"info","event":"\u001b[0m07:19:20  7 of 9 START snapshot silver.dim_promotions_snapshot ........................... [RUN]","logger":"airflow.task.hooks.airflow.providers.standard.hooks.subprocess.SubprocessHook"}
{"timestamp":"2025-08-27T07:19:21.232842","level":"info","event":"\u001b[0m07:19:21  1 of 9 OK snapshotted silver.dim_brands_snapshot ............................... [\u001b[32mSELECT 10\u001b[0m in 4.41s]","logger":"airflow.task.hooks.airflow.providers.standard.hooks.subprocess.SubprocessHook"}
{"timestamp":"2025-08-27T07:19:21.234041","level":"info","event":"\u001b[0m07:19:21  8 of 9 START snapshot silver.dim_stores_snapshot ............................... [RUN]","logger":"airflow.task.hooks.airflow.providers.standard.hooks.subprocess.SubprocessHook"}
{"timestamp":"2025-08-27T07:19:23.235931","level":"info","event":"\u001b[0m07:19:23  7 of 9 OK snapshotted silver.dim_promotions_snapshot ........................... [\u001b[32mSELECT 248\u001b[0m in 2.91s]","logger":"airflow.task.hooks.airflow.providers.standard.hooks.subprocess.SubprocessHook"}
{"timestamp":"2025-08-27T07:19:23.237222","level":"info","event":"\u001b[0m07:19:23  9 of 9 START snapshot silver.dim_suppliers_snapshot ............................ [RUN]","logger":"airflow.task.hooks.airflow.providers.standard.hooks.subprocess.SubprocessHook"}
{"timestamp":"2025-08-27T07:19:23.246012","level":"info","event":"\u001b[0m07:19:23  6 of 9 OK snapshotted silver.dim_products_snapshot ............................. [\u001b[32mSELECT 400\u001b[0m in 2.98s]","logger":"airflow.task.hooks.airflow.providers.standard.hooks.subprocess.SubprocessHook"}
{"timestamp":"2025-08-27T07:19:23.804754","level":"info","event":"\u001b[0m07:19:23  5 of 9 OK snapshotted silver.dim_loyalty_programs_snapshot ..................... [\u001b[32mSELECT 5\u001b[0m in 3.55s]","logger":"airflow.task.hooks.airflow.providers.standard.hooks.subprocess.SubprocessHook"}
{"timestamp":"2025-08-27T07:19:24.742894","level":"info","event":"\u001b[0m07:19:24  8 of 9 OK snapshotted silver.dim_stores_snapshot ............................... [\u001b[32mSELECT 20\u001b[0m in 3.51s]","logger":"airflow.task.hooks.airflow.providers.standard.hooks.subprocess.SubprocessHook"}
{"timestamp":"2025-08-27T07:19:26.680935","level":"info","event":"\u001b[0m07:19:26  9 of 9 OK snapshotted silver.dim_suppliers_snapshot ............................ [\u001b[32mSELECT 10\u001b[0m in 3.44s]","logger":"airflow.task.hooks.airflow.providers.standard.hooks.subprocess.SubprocessHook"}
{"timestamp":"2025-08-27T07:19:31.269899","level":"info","event":"\u001b[0m07:19:31","logger":"airflow.task.hooks.airflow.providers.standard.hooks.subprocess.SubprocessHook"}
{"timestamp":"2025-08-27T07:19:31.270226","level":"info","event":"\u001b[0m07:19:31  Finished running 9 snapshots in 0 hours 0 minutes and 26.47 seconds (26.47s).","logger":"airflow.task.hooks.airflow.providers.standard.hooks.subprocess.SubprocessHook"}
{"timestamp":"2025-08-27T07:19:31.369799","level":"info","event":"\u001b[0m07:19:31","logger":"airflow.task.hooks.airflow.providers.standard.hooks.subprocess.SubprocessHook"}
{"timestamp":"2025-08-27T07:19:31.370106","level":"info","event":"\u001b[0m07:19:31  \u001b[32mCompleted successfully\u001b[0m","logger":"airflow.task.hooks.airflow.providers.standard.hooks.subprocess.SubprocessHook"}
{"timestamp":"2025-08-27T07:19:31.370389","level":"info","event":"\u001b[0m07:19:31","logger":"airflow.task.hooks.airflow.providers.standard.hooks.subprocess.SubprocessHook"}
{"timestamp":"2025-08-27T07:19:31.370711","level":"info","event":"\u001b[0m07:19:31  Done. PASS=9 WARN=0 ERROR=0 SKIP=0 NO-OP=0 TOTAL=9","logger":"airflow.task.hooks.airflow.providers.standard.hooks.subprocess.SubprocessHook"}
{"timestamp":"2025-08-27T07:19:32.803660","level":"info","event":"Command exited with return code 0","logger":"airflow.task.hooks.airflow.providers.standard.hooks.subprocess.SubprocessHook"}
{"timestamp":"2025-08-27T07:19:32.804205","level":"info","event":"Pushing xcom","ti":"RuntimeTaskInstance(id=UUID('0198ea60-3193-7bfb-bdac-fc12bc7e954b'), task_id='dbt_snapshot_run', dag_id='dbt_pipeline_invalid_staging_silver', run_id='scheduled__2025-08-27T00:00:00+00:00', try_number=1, map_index=-1, hostname='72fc05857baa', context_carrier={}, task=<Task(BashOperator): dbt_snapshot_run>, bundle_instance=LocalDagBundle(name=dags-folder), max_tries=0, start_date=datetime.datetime(2025, 8, 27, 7, 19, 2, 136927, tzinfo=datetime.timezone.utc), end_date=None, state=<TaskInstanceState.RUNNING: 'running'>, is_mapped=False, rendered_map_index=None, log_url='http://localhost:8080/dags/dbt_pipeline_invalid_staging_silver/runs/scheduled__2025-08-27T00%3A00%3A00%2B00%3A00/tasks/dbt_snapshot_run?try_number=1')","logger":"task"}
{"timestamp":"2025-08-27T07:19:32.826137","level":"error","event":"Failed to run task callback","kind":"on_success_callback","index":0,"callback":"<function <lambda> at 0x72729cf26fc0>","logger":"task","error_detail":[{"exc_type":"TypeError","exc_value":"can't subtract offset-naive and offset-aware datetimes","exc_notes":[],"syntax_error":null,"is_cause":false,"frames":[{"filename":"/home/airflow/.local/lib/python3.12/site-packages/airflow/sdk/execution_time/task_runner.py","lineno":1114,"name":"_run_task_state_change_callbacks"},{"filename":"/home/airflow/.local/lib/python3.12/site-packages/airflow/sdk/execution_time/callback_runner.py","lineno":81,"name":"run"},{"filename":"/opt/airflow/dags/dbt_process_data.py","lineno":189,"name":"<lambda>"},{"filename":"/opt/airflow/dags/dbt_process_data.py","lineno":47,"name":"teams_notify"}],"is_group":false,"exceptions":[]}]}
{"timestamp":"2025-08-27T07:19:32.826621Z","level":"info","event":"Task instance in success state","chan":"stdout","logger":"task"}
{"timestamp":"2025-08-27T07:19:32.826685Z","level":"info","event":" Previous state of the Task instance: TaskInstanceState.RUNNING","chan":"stdout","logger":"task"}
{"timestamp":"2025-08-27T07:19:32.827439Z","level":"info","event":"Task operator:<Task(BashOperator): dbt_snapshot_run>","chan":"stdout","logger":"task"}
