{"timestamp":"2025-08-22T04:52:39.134658","level":"info","event":"DAG bundles loaded: dags-folder, example_dags","logger":"airflow.dag_processing.bundles.manager.DagBundlesManager"}
{"timestamp":"2025-08-22T04:52:39.134975","level":"info","event":"Filling up the DagBag from /opt/airflow/dags/dbt_process_data.py","logger":"airflow.models.dagbag.DagBag"}
{"timestamp":"2025-08-22T04:52:39.166021Z","level":"info","event":"Task instance is in running state","chan":"stdout","logger":"task"}
{"timestamp":"2025-08-22T04:52:39.166141Z","level":"info","event":" Previous state of the Task instance: TaskInstanceState.QUEUED","chan":"stdout","logger":"task"}
{"timestamp":"2025-08-22T04:52:39.166754Z","level":"info","event":"Current task name:dbt_golden","chan":"stdout","logger":"task"}
{"timestamp":"2025-08-22T04:52:39.166828Z","level":"info","event":"Dag name:dbt_pipeline_invalid_staging_silver","chan":"stdout","logger":"task"}
{"timestamp":"2025-08-22T04:52:39.167128","level":"info","event":"Tmp dir root location: /tmp","logger":"airflow.task.hooks.airflow.providers.standard.hooks.subprocess.SubprocessHook"}
{"timestamp":"2025-08-22T04:52:39.168390","level":"info","event":"Running command: ['/usr/bin/bash', '-c', 'cd /opt/airflow/dbt && dbt run --select path:models/golden --full-refresh --profiles-dir /home/airflow/.dbt']","logger":"airflow.task.hooks.airflow.providers.standard.hooks.subprocess.SubprocessHook"}
{"timestamp":"2025-08-22T04:52:39.181324","level":"info","event":"Output:","logger":"airflow.task.hooks.airflow.providers.standard.hooks.subprocess.SubprocessHook"}
{"timestamp":"2025-08-22T04:52:40.773001","level":"info","event":"\u001b[0m04:52:40  Running with dbt=1.10.9","logger":"airflow.task.hooks.airflow.providers.standard.hooks.subprocess.SubprocessHook"}
{"timestamp":"2025-08-22T04:52:40.954926","level":"info","event":"\u001b[0m04:52:40  Registered adapter: postgres=1.9.0","logger":"airflow.task.hooks.airflow.providers.standard.hooks.subprocess.SubprocessHook"}
{"timestamp":"2025-08-22T04:52:41.323902","level":"info","event":"\u001b[0m04:52:41  Found 88 models, 9 snapshots, 23 sources, 435 macros","logger":"airflow.task.hooks.airflow.providers.standard.hooks.subprocess.SubprocessHook"}
{"timestamp":"2025-08-22T04:52:41.328266","level":"info","event":"\u001b[0m04:52:41","logger":"airflow.task.hooks.airflow.providers.standard.hooks.subprocess.SubprocessHook"}
{"timestamp":"2025-08-22T04:52:41.328543","level":"info","event":"\u001b[0m04:52:41  Concurrency: 4 threads (target='dev')","logger":"airflow.task.hooks.airflow.providers.standard.hooks.subprocess.SubprocessHook"}
{"timestamp":"2025-08-22T04:52:41.328823","level":"info","event":"\u001b[0m04:52:41","logger":"airflow.task.hooks.airflow.providers.standard.hooks.subprocess.SubprocessHook"}
{"timestamp":"2025-08-22T04:52:57.368994","level":"info","event":"\u001b[0m04:52:57  1 of 23 START sql table model silver_to_golden.dim_brands_scd .................. [RUN]","logger":"airflow.task.hooks.airflow.providers.standard.hooks.subprocess.SubprocessHook"}
{"timestamp":"2025-08-22T04:52:57.370411","level":"info","event":"\u001b[0m04:52:57  2 of 23 START sql table model silver_to_golden.dim_campaigns ................... [RUN]","logger":"airflow.task.hooks.airflow.providers.standard.hooks.subprocess.SubprocessHook"}
{"timestamp":"2025-08-22T04:52:57.370941","level":"info","event":"\u001b[0m04:52:57  3 of 23 START sql table model silver_to_golden.dim_categories_scd .............. [RUN]","logger":"airflow.task.hooks.airflow.providers.standard.hooks.subprocess.SubprocessHook"}
{"timestamp":"2025-08-22T04:52:57.372037","level":"info","event":"\u001b[0m04:52:57  4 of 23 START sql table model silver_to_golden.dim_customers_scd ............... [RUN]","logger":"airflow.task.hooks.airflow.providers.standard.hooks.subprocess.SubprocessHook"}
{"timestamp":"2025-08-22T04:53:00.555272","level":"info","event":"\u001b[0m04:53:00  2 of 23 OK created sql table model silver_to_golden.dim_campaigns .............. [\u001b[32mSELECT 190\u001b[0m in 3.18s]","logger":"airflow.task.hooks.airflow.providers.standard.hooks.subprocess.SubprocessHook"}
{"timestamp":"2025-08-22T04:53:00.556693","level":"info","event":"\u001b[0m04:53:00  5 of 23 START sql table model silver_to_golden.dim_discount_rules .............. [RUN]","logger":"airflow.task.hooks.airflow.providers.standard.hooks.subprocess.SubprocessHook"}
{"timestamp":"2025-08-22T04:53:00.582753","level":"info","event":"\u001b[0m04:53:00  3 of 23 OK created sql table model silver_to_golden.dim_categories_scd ......... [\u001b[32mSELECT 10\u001b[0m in 3.21s]","logger":"airflow.task.hooks.airflow.providers.standard.hooks.subprocess.SubprocessHook"}
{"timestamp":"2025-08-22T04:53:00.584679","level":"info","event":"\u001b[0m04:53:00  6 of 23 START sql table model silver_to_golden.dim_employees_scd ............... [RUN]","logger":"airflow.task.hooks.airflow.providers.standard.hooks.subprocess.SubprocessHook"}
{"timestamp":"2025-08-22T04:53:00.649536","level":"info","event":"\u001b[0m04:53:00  1 of 23 OK created sql table model silver_to_golden.dim_brands_scd ............. [\u001b[32mSELECT 10\u001b[0m in 3.28s]","logger":"airflow.task.hooks.airflow.providers.standard.hooks.subprocess.SubprocessHook"}
{"timestamp":"2025-08-22T04:53:00.650812","level":"info","event":"\u001b[0m04:53:00  7 of 23 START sql table model silver_to_golden.dim_loyalty_programs_scd ........ [RUN]","logger":"airflow.task.hooks.airflow.providers.standard.hooks.subprocess.SubprocessHook"}
{"timestamp":"2025-08-22T04:53:01.140514","level":"info","event":"\u001b[0m04:53:01  4 of 23 OK created sql table model silver_to_golden.dim_customers_scd .......... [\u001b[32mSELECT 902\u001b[0m in 3.77s]","logger":"airflow.task.hooks.airflow.providers.standard.hooks.subprocess.SubprocessHook"}
{"timestamp":"2025-08-22T04:53:01.142277","level":"info","event":"\u001b[0m04:53:01  8 of 23 START sql table model silver_to_golden.dim_products_scd ................ [RUN]","logger":"airflow.task.hooks.airflow.providers.standard.hooks.subprocess.SubprocessHook"}
{"timestamp":"2025-08-22T04:53:03.796926","level":"info","event":"\u001b[0m04:53:03  6 of 23 OK created sql table model silver_to_golden.dim_employees_scd .......... [\u001b[32mSELECT 200\u001b[0m in 3.21s]","logger":"airflow.task.hooks.airflow.providers.standard.hooks.subprocess.SubprocessHook"}
{"timestamp":"2025-08-22T04:53:03.798170","level":"info","event":"\u001b[0m04:53:03  9 of 23 START sql table model silver_to_golden.dim_promotions_scd .............. [RUN]","logger":"airflow.task.hooks.airflow.providers.standard.hooks.subprocess.SubprocessHook"}
{"timestamp":"2025-08-22T04:53:03.984249","level":"info","event":"\u001b[0m04:53:03  7 of 23 OK created sql table model silver_to_golden.dim_loyalty_programs_scd ... [\u001b[32mSELECT 5\u001b[0m in 3.33s]","logger":"airflow.task.hooks.airflow.providers.standard.hooks.subprocess.SubprocessHook"}
{"timestamp":"2025-08-22T04:53:03.985462","level":"info","event":"\u001b[0m04:53:03  10 of 23 START sql table model silver_to_golden.dim_stores_scd ................. [RUN]","logger":"airflow.task.hooks.airflow.providers.standard.hooks.subprocess.SubprocessHook"}
{"timestamp":"2025-08-22T04:53:04.020478","level":"info","event":"\u001b[0m04:53:04  5 of 23 OK created sql table model silver_to_golden.dim_discount_rules ......... [\u001b[32mSELECT 454\u001b[0m in 3.46s]","logger":"airflow.task.hooks.airflow.providers.standard.hooks.subprocess.SubprocessHook"}
{"timestamp":"2025-08-22T04:53:04.021901","level":"info","event":"\u001b[0m04:53:04  11 of 23 START sql table model silver_to_golden.dim_suppliers_scd .............. [RUN]","logger":"airflow.task.hooks.airflow.providers.standard.hooks.subprocess.SubprocessHook"}
{"timestamp":"2025-08-22T04:53:04.287647","level":"info","event":"\u001b[0m04:53:04  8 of 23 OK created sql table model silver_to_golden.dim_products_scd ........... [\u001b[32mSELECT 400\u001b[0m in 3.14s]","logger":"airflow.task.hooks.airflow.providers.standard.hooks.subprocess.SubprocessHook"}
{"timestamp":"2025-08-22T04:53:04.289247","level":"info","event":"\u001b[0m04:53:04  12 of 23 START sql table model silver_to_golden.dim_tax_rules .................. [RUN]","logger":"airflow.task.hooks.airflow.providers.standard.hooks.subprocess.SubprocessHook"}
{"timestamp":"2025-08-22T04:53:07.045258","level":"info","event":"\u001b[0m04:53:07  11 of 23 OK created sql table model silver_to_golden.dim_suppliers_scd ......... [\u001b[32mSELECT 10\u001b[0m in 3.02s]","logger":"airflow.task.hooks.airflow.providers.standard.hooks.subprocess.SubprocessHook"}
{"timestamp":"2025-08-22T04:53:07.046722","level":"info","event":"\u001b[0m04:53:07  13 of 23 START sql table model silver_to_golden.fct_customer_feedback .......... [RUN]","logger":"airflow.task.hooks.airflow.providers.standard.hooks.subprocess.SubprocessHook"}
{"timestamp":"2025-08-22T04:53:07.057097","level":"info","event":"\u001b[0m04:53:07  10 of 23 OK created sql table model silver_to_golden.dim_stores_scd ............ [\u001b[32mSELECT 20\u001b[0m in 3.07s]","logger":"airflow.task.hooks.airflow.providers.standard.hooks.subprocess.SubprocessHook"}
{"timestamp":"2025-08-22T04:53:07.058863","level":"info","event":"\u001b[0m04:53:07  14 of 23 START sql table model silver_to_golden.fct_inventory .................. [RUN]","logger":"airflow.task.hooks.airflow.providers.standard.hooks.subprocess.SubprocessHook"}
{"timestamp":"2025-08-22T04:53:07.226989","level":"info","event":"\u001b[0m04:53:07  12 of 23 OK created sql table model silver_to_golden.dim_tax_rules ............. [\u001b[32mSELECT 387\u001b[0m in 2.94s]","logger":"airflow.task.hooks.airflow.providers.standard.hooks.subprocess.SubprocessHook"}
{"timestamp":"2025-08-22T04:53:07.228602","level":"info","event":"\u001b[0m04:53:07  15 of 23 START sql table model silver_to_golden.fct_payments ................... [RUN]","logger":"airflow.task.hooks.airflow.providers.standard.hooks.subprocess.SubprocessHook"}
{"timestamp":"2025-08-22T04:53:07.407140","level":"info","event":"\u001b[0m04:53:07  9 of 23 OK created sql table model silver_to_golden.dim_promotions_scd ......... [\u001b[32mSELECT 248\u001b[0m in 3.61s]","logger":"airflow.task.hooks.airflow.providers.standard.hooks.subprocess.SubprocessHook"}
{"timestamp":"2025-08-22T04:53:07.408616","level":"info","event":"\u001b[0m04:53:07  16 of 23 START sql table model silver_to_golden.fct_pricing_history ............ [RUN]","logger":"airflow.task.hooks.airflow.providers.standard.hooks.subprocess.SubprocessHook"}
{"timestamp":"2025-08-22T04:53:10.540049","level":"info","event":"\u001b[0m04:53:10  13 of 23 OK created sql table model silver_to_golden.fct_customer_feedback ..... [\u001b[32mSELECT 2753\u001b[0m in 3.49s]","logger":"airflow.task.hooks.airflow.providers.standard.hooks.subprocess.SubprocessHook"}
{"timestamp":"2025-08-22T04:53:10.542126","level":"info","event":"\u001b[0m04:53:10  17 of 23 START sql table model silver_to_golden.fct_purchase_orders ............ [RUN]","logger":"airflow.task.hooks.airflow.providers.standard.hooks.subprocess.SubprocessHook"}
{"timestamp":"2025-08-22T04:53:10.899821","level":"info","event":"\u001b[0m04:53:10  14 of 23 OK created sql table model silver_to_golden.fct_inventory ............. [\u001b[32mSELECT 1254\u001b[0m in 3.84s]","logger":"airflow.task.hooks.airflow.providers.standard.hooks.subprocess.SubprocessHook"}
{"timestamp":"2025-08-22T04:53:10.901415","level":"info","event":"\u001b[0m04:53:10  18 of 23 START sql table model silver_to_golden.fct_returns .................... [RUN]","logger":"airflow.task.hooks.airflow.providers.standard.hooks.subprocess.SubprocessHook"}
{"timestamp":"2025-08-22T04:53:11.109232","level":"info","event":"\u001b[0m04:53:11  16 of 23 OK created sql table model silver_to_golden.fct_pricing_history ....... [\u001b[32mSELECT 6479\u001b[0m in 3.70s]","logger":"airflow.task.hooks.airflow.providers.standard.hooks.subprocess.SubprocessHook"}
{"timestamp":"2025-08-22T04:53:11.110952","level":"info","event":"\u001b[0m04:53:11  19 of 23 START sql table model silver_to_golden.fct_sales_items ................ [RUN]","logger":"airflow.task.hooks.airflow.providers.standard.hooks.subprocess.SubprocessHook"}
{"timestamp":"2025-08-22T04:53:11.276897","level":"info","event":"\u001b[0m04:53:11  15 of 23 OK created sql table model silver_to_golden.fct_payments .............. [\u001b[32mSELECT 13951\u001b[0m in 4.05s]","logger":"airflow.task.hooks.airflow.providers.standard.hooks.subprocess.SubprocessHook"}
{"timestamp":"2025-08-22T04:53:11.278373","level":"info","event":"\u001b[0m04:53:11  20 of 23 START sql table model silver_to_golden.fct_sales_transactions ......... [RUN]","logger":"airflow.task.hooks.airflow.providers.standard.hooks.subprocess.SubprocessHook"}
{"timestamp":"2025-08-22T04:53:14.206811","level":"info","event":"\u001b[0m04:53:14  17 of 23 OK created sql table model silver_to_golden.fct_purchase_orders ....... [\u001b[32mSELECT 895\u001b[0m in 3.66s]","logger":"airflow.task.hooks.airflow.providers.standard.hooks.subprocess.SubprocessHook"}
{"timestamp":"2025-08-22T04:53:14.208322","level":"info","event":"\u001b[0m04:53:14  21 of 23 START sql table model silver_to_golden.fct_shipments .................. [RUN]","logger":"airflow.task.hooks.airflow.providers.standard.hooks.subprocess.SubprocessHook"}
{"timestamp":"2025-08-22T04:53:14.331101","level":"info","event":"\u001b[0m04:53:14  19 of 23 OK created sql table model silver_to_golden.fct_sales_items ........... [\u001b[32mSELECT 72072\u001b[0m in 3.22s]","logger":"airflow.task.hooks.airflow.providers.standard.hooks.subprocess.SubprocessHook"}
{"timestamp":"2025-08-22T04:53:14.332782","level":"info","event":"\u001b[0m04:53:14  22 of 23 START sql table model silver_to_golden.fct_stock_movements ............ [RUN]","logger":"airflow.task.hooks.airflow.providers.standard.hooks.subprocess.SubprocessHook"}
{"timestamp":"2025-08-22T04:53:14.460330","level":"info","event":"\u001b[0m04:53:14  18 of 23 OK created sql table model silver_to_golden.fct_returns ............... [\u001b[32mSELECT 3223\u001b[0m in 3.56s]","logger":"airflow.task.hooks.airflow.providers.standard.hooks.subprocess.SubprocessHook"}
{"timestamp":"2025-08-22T04:53:14.461799","level":"info","event":"\u001b[0m04:53:14  23 of 23 START sql table model silver_to_golden.fct_store_visits ............... [RUN]","logger":"airflow.task.hooks.airflow.providers.standard.hooks.subprocess.SubprocessHook"}
{"timestamp":"2025-08-22T04:53:14.830066","level":"info","event":"\u001b[0m04:53:14  20 of 23 OK created sql table model silver_to_golden.fct_sales_transactions .... [\u001b[32mSELECT 36049\u001b[0m in 3.55s]","logger":"airflow.task.hooks.airflow.providers.standard.hooks.subprocess.SubprocessHook"}
{"timestamp":"2025-08-22T04:53:19.617628","level":"info","event":"\u001b[0m04:53:19  22 of 23 OK created sql table model silver_to_golden.fct_stock_movements ....... [\u001b[32mSELECT 6455\u001b[0m in 5.28s]","logger":"airflow.task.hooks.airflow.providers.standard.hooks.subprocess.SubprocessHook"}
{"timestamp":"2025-08-22T04:53:19.850439","level":"info","event":"\u001b[0m04:53:19  23 of 23 OK created sql table model silver_to_golden.fct_store_visits .......... [\u001b[32mSELECT 8999\u001b[0m in 5.39s]","logger":"airflow.task.hooks.airflow.providers.standard.hooks.subprocess.SubprocessHook"}
{"timestamp":"2025-08-22T04:53:21.336218","level":"info","event":"\u001b[0m04:53:21  21 of 23 OK created sql table model silver_to_golden.fct_shipments ............. [\u001b[32mSELECT 368\u001b[0m in 5.82s]","logger":"airflow.task.hooks.airflow.providers.standard.hooks.subprocess.SubprocessHook"}
{"timestamp":"2025-08-22T04:53:24.095251","level":"info","event":"\u001b[0m04:53:24","logger":"airflow.task.hooks.airflow.providers.standard.hooks.subprocess.SubprocessHook"}
{"timestamp":"2025-08-22T04:53:24.095663","level":"info","event":"\u001b[0m04:53:24  Finished running 23 table models in 0 hours 0 minutes and 42.77 seconds (42.77s).","logger":"airflow.task.hooks.airflow.providers.standard.hooks.subprocess.SubprocessHook"}
{"timestamp":"2025-08-22T04:53:24.138885","level":"info","event":"\u001b[0m04:53:24","logger":"airflow.task.hooks.airflow.providers.standard.hooks.subprocess.SubprocessHook"}
{"timestamp":"2025-08-22T04:53:24.139178","level":"info","event":"\u001b[0m04:53:24  \u001b[32mCompleted successfully\u001b[0m","logger":"airflow.task.hooks.airflow.providers.standard.hooks.subprocess.SubprocessHook"}
{"timestamp":"2025-08-22T04:53:24.139453","level":"info","event":"\u001b[0m04:53:24","logger":"airflow.task.hooks.airflow.providers.standard.hooks.subprocess.SubprocessHook"}
{"timestamp":"2025-08-22T04:53:24.139751","level":"info","event":"\u001b[0m04:53:24  Done. PASS=23 WARN=0 ERROR=0 SKIP=0 NO-OP=0 TOTAL=23","logger":"airflow.task.hooks.airflow.providers.standard.hooks.subprocess.SubprocessHook"}
{"timestamp":"2025-08-22T04:53:25.413131","level":"info","event":"Command exited with return code 0","logger":"airflow.task.hooks.airflow.providers.standard.hooks.subprocess.SubprocessHook"}
{"timestamp":"2025-08-22T04:53:25.413778","level":"info","event":"Pushing xcom","ti":"RuntimeTaskInstance(id=UUID('0198d01c-b864-7cdc-9313-6b935deea79a'), task_id='dbt_golden', dag_id='dbt_pipeline_invalid_staging_silver', run_id='manual__2025-08-22T04:49:59.885972+00:00', try_number=1, map_index=-1, hostname='d6df9796581d', context_carrier={}, task=<Task(BashOperator): dbt_golden>, bundle_instance=LocalDagBundle(name=dags-folder), max_tries=0, start_date=datetime.datetime(2025, 8, 22, 4, 52, 38, 434261, tzinfo=datetime.timezone.utc), end_date=None, state=<TaskInstanceState.RUNNING: 'running'>, is_mapped=False, rendered_map_index=None, log_url='http://localhost:8080/dags/dbt_pipeline_invalid_staging_silver/runs/manual__2025-08-22T04%3A49%3A59.885972%2B00%3A00/tasks/dbt_golden?try_number=1')","logger":"task"}
{"timestamp":"2025-08-22T04:53:25.436593","level":"warning","event":"/home/airflow/.local/lib/python3.12/site-packages/airflow/models/connection.py:471: DeprecationWarning: Using Connection.get_connection_from_secrets from `airflow.models` is deprecated.Please use `from airflow.sdk import Connection` instead\n  warnings.warn(\n","logger":"py.warnings"}
{"timestamp":"2025-08-22T04:53:25.440054","level":"info","event":"Connection Retrieved 'ms_teams_webhook'","logger":"airflow.hooks.base"}
{"timestamp":"2025-08-22T04:53:27.210569Z","level":"info","event":"Task instance in success state","chan":"stdout","logger":"task"}
{"timestamp":"2025-08-22T04:53:27.210702Z","level":"info","event":" Previous state of the Task instance: TaskInstanceState.RUNNING","chan":"stdout","logger":"task"}
{"timestamp":"2025-08-22T04:53:27.211903Z","level":"info","event":"Task operator:<Task(BashOperator): dbt_golden>","chan":"stdout","logger":"task"}
