{"timestamp":"2025-08-25T18:17:43.615434","level":"info","event":"DAG bundles loaded: dags-folder, example_dags","logger":"airflow.dag_processing.bundles.manager.DagBundlesManager"}
{"timestamp":"2025-08-25T18:17:43.615835","level":"info","event":"Filling up the DagBag from /opt/airflow/dags/dbt_process_data.py","logger":"airflow.models.dagbag.DagBag"}
{"timestamp":"2025-08-25T18:17:43.644530Z","level":"info","event":"Task instance is in running state","chan":"stdout","logger":"task"}
{"timestamp":"2025-08-25T18:17:43.644665Z","level":"info","event":" Previous state of the Task instance: TaskInstanceState.QUEUED","chan":"stdout","logger":"task"}
{"timestamp":"2025-08-25T18:17:43.645612Z","level":"info","event":"Current task name:dbt_silver","chan":"stdout","logger":"task"}
{"timestamp":"2025-08-25T18:17:43.645716Z","level":"info","event":"Dag name:dbt_pipeline_invalid_staging_silver","chan":"stdout","logger":"task"}
{"timestamp":"2025-08-25T18:17:43.646196","level":"info","event":"Tmp dir root location: /tmp","logger":"airflow.task.hooks.airflow.providers.standard.hooks.subprocess.SubprocessHook"}
{"timestamp":"2025-08-25T18:17:43.647446","level":"info","event":"Running command: ['/usr/bin/bash', '-c', 'cd /opt/airflow/dbt && dbt run --select path:models/silver --full-refresh --profiles-dir /home/airflow/.dbt']","logger":"airflow.task.hooks.airflow.providers.standard.hooks.subprocess.SubprocessHook"}
{"timestamp":"2025-08-25T18:17:43.668921","level":"info","event":"Output:","logger":"airflow.task.hooks.airflow.providers.standard.hooks.subprocess.SubprocessHook"}
{"timestamp":"2025-08-25T18:17:45.414020","level":"info","event":"\u001b[0m18:17:45  Running with dbt=1.10.9","logger":"airflow.task.hooks.airflow.providers.standard.hooks.subprocess.SubprocessHook"}
{"timestamp":"2025-08-25T18:17:45.618020","level":"info","event":"\u001b[0m18:17:45  Registered adapter: postgres=1.9.0","logger":"airflow.task.hooks.airflow.providers.standard.hooks.subprocess.SubprocessHook"}
{"timestamp":"2025-08-25T18:17:46.210475","level":"info","event":"\u001b[0m18:17:46  Found 88 models, 9 snapshots, 376 data tests, 23 sources, 816 macros","logger":"airflow.task.hooks.airflow.providers.standard.hooks.subprocess.SubprocessHook"}
{"timestamp":"2025-08-25T18:17:46.223255","level":"info","event":"\u001b[0m18:17:46","logger":"airflow.task.hooks.airflow.providers.standard.hooks.subprocess.SubprocessHook"}
{"timestamp":"2025-08-25T18:17:46.223548","level":"info","event":"\u001b[0m18:17:46  Concurrency: 4 threads (target='dev')","logger":"airflow.task.hooks.airflow.providers.standard.hooks.subprocess.SubprocessHook"}
{"timestamp":"2025-08-25T18:17:46.223830","level":"info","event":"\u001b[0m18:17:46","logger":"airflow.task.hooks.airflow.providers.standard.hooks.subprocess.SubprocessHook"}
{"timestamp":"2025-08-25T18:17:59.240697","level":"info","event":"\u001b[0m18:17:59  1 of 23 START sql table model silver.brands_silver ............................. [RUN]","logger":"airflow.task.hooks.airflow.providers.standard.hooks.subprocess.SubprocessHook"}
{"timestamp":"2025-08-25T18:17:59.242447","level":"info","event":"\u001b[0m18:17:59  2 of 23 START sql table model silver.campaigns_silver .......................... [RUN]","logger":"airflow.task.hooks.airflow.providers.standard.hooks.subprocess.SubprocessHook"}
{"timestamp":"2025-08-25T18:17:59.243028","level":"info","event":"\u001b[0m18:17:59  3 of 23 START sql table model silver.categories_silver ......................... [RUN]","logger":"airflow.task.hooks.airflow.providers.standard.hooks.subprocess.SubprocessHook"}
{"timestamp":"2025-08-25T18:17:59.243529","level":"info","event":"\u001b[0m18:17:59  4 of 23 START sql table model silver.customer_feedback_silver .................. [RUN]","logger":"airflow.task.hooks.airflow.providers.standard.hooks.subprocess.SubprocessHook"}
{"timestamp":"2025-08-25T18:18:03.182367","level":"info","event":"\u001b[0m18:18:03  1 of 23 OK created sql table model silver.brands_silver ........................ [\u001b[32mSELECT 10\u001b[0m in 3.93s]","logger":"airflow.task.hooks.airflow.providers.standard.hooks.subprocess.SubprocessHook"}
{"timestamp":"2025-08-25T18:18:03.183984","level":"info","event":"\u001b[0m18:18:03  5 of 23 START sql table model silver.customers_silver .......................... [RUN]","logger":"airflow.task.hooks.airflow.providers.standard.hooks.subprocess.SubprocessHook"}
{"timestamp":"2025-08-25T18:18:03.461373","level":"info","event":"\u001b[0m18:18:03  3 of 23 OK created sql table model silver.categories_silver .................... [\u001b[32mSELECT 10\u001b[0m in 4.22s]","logger":"airflow.task.hooks.airflow.providers.standard.hooks.subprocess.SubprocessHook"}
{"timestamp":"2025-08-25T18:18:03.462929","level":"info","event":"\u001b[0m18:18:03  6 of 23 START sql table model silver.discount_rules_silver ..................... [RUN]","logger":"airflow.task.hooks.airflow.providers.standard.hooks.subprocess.SubprocessHook"}
{"timestamp":"2025-08-25T18:18:03.814788","level":"info","event":"\u001b[0m18:18:03  4 of 23 OK created sql table model silver.customer_feedback_silver ............. [\u001b[32mSELECT 3786\u001b[0m in 4.57s]","logger":"airflow.task.hooks.airflow.providers.standard.hooks.subprocess.SubprocessHook"}
{"timestamp":"2025-08-25T18:18:03.816195","level":"info","event":"\u001b[0m18:18:03  7 of 23 START sql table model silver.employees_silver .......................... [RUN]","logger":"airflow.task.hooks.airflow.providers.standard.hooks.subprocess.SubprocessHook"}
{"timestamp":"2025-08-25T18:18:04.170827","level":"info","event":"\u001b[0m18:18:04  2 of 23 OK created sql table model silver.campaigns_silver ..................... [\u001b[32mSELECT 177\u001b[0m in 4.93s]","logger":"airflow.task.hooks.airflow.providers.standard.hooks.subprocess.SubprocessHook"}
{"timestamp":"2025-08-25T18:18:04.172282","level":"info","event":"\u001b[0m18:18:04  8 of 23 START sql table model silver.inventory_silver .......................... [RUN]","logger":"airflow.task.hooks.airflow.providers.standard.hooks.subprocess.SubprocessHook"}
{"timestamp":"2025-08-25T18:18:06.502928","level":"info","event":"\u001b[0m18:18:06  5 of 23 OK created sql table model silver.customers_silver ..................... [\u001b[32mSELECT 902\u001b[0m in 3.32s]","logger":"airflow.task.hooks.airflow.providers.standard.hooks.subprocess.SubprocessHook"}
{"timestamp":"2025-08-25T18:18:06.504156","level":"info","event":"\u001b[0m18:18:06  9 of 23 START sql table model silver.loyalty_programs_silver ................... [RUN]","logger":"airflow.task.hooks.airflow.providers.standard.hooks.subprocess.SubprocessHook"}
{"timestamp":"2025-08-25T18:18:07.286197","level":"info","event":"\u001b[0m18:18:07  7 of 23 OK created sql table model silver.employees_silver ..................... [\u001b[32mSELECT 200\u001b[0m in 3.47s]","logger":"airflow.task.hooks.airflow.providers.standard.hooks.subprocess.SubprocessHook"}
{"timestamp":"2025-08-25T18:18:07.287723","level":"info","event":"\u001b[0m18:18:07  10 of 23 START sql table model silver.payments_silver .......................... [RUN]","logger":"airflow.task.hooks.airflow.providers.standard.hooks.subprocess.SubprocessHook"}
{"timestamp":"2025-08-25T18:18:07.904912","level":"info","event":"\u001b[0m18:18:07  6 of 23 OK created sql table model silver.discount_rules_silver ................ [\u001b[32mSELECT 454\u001b[0m in 4.44s]","logger":"airflow.task.hooks.airflow.providers.standard.hooks.subprocess.SubprocessHook"}
{"timestamp":"2025-08-25T18:18:07.906546","level":"info","event":"\u001b[0m18:18:07  11 of 23 START sql table model silver.pricing_history_silver ................... [RUN]","logger":"airflow.task.hooks.airflow.providers.standard.hooks.subprocess.SubprocessHook"}
{"timestamp":"2025-08-25T18:18:07.993516","level":"info","event":"\u001b[0m18:18:07  8 of 23 OK created sql table model silver.inventory_silver ..................... [\u001b[32mSELECT 1649\u001b[0m in 3.82s]","logger":"airflow.task.hooks.airflow.providers.standard.hooks.subprocess.SubprocessHook"}
{"timestamp":"2025-08-25T18:18:07.995268","level":"info","event":"\u001b[0m18:18:07  12 of 23 START sql table model silver.products_silver .......................... [RUN]","logger":"airflow.task.hooks.airflow.providers.standard.hooks.subprocess.SubprocessHook"}
{"timestamp":"2025-08-25T18:18:11.284530","level":"info","event":"\u001b[0m18:18:11  9 of 23 OK created sql table model silver.loyalty_programs_silver .............. [\u001b[32mSELECT 5\u001b[0m in 4.78s]","logger":"airflow.task.hooks.airflow.providers.standard.hooks.subprocess.SubprocessHook"}
{"timestamp":"2025-08-25T18:18:11.286098","level":"info","event":"\u001b[0m18:18:11  13 of 23 START sql table model silver.promotions_silver ........................ [RUN]","logger":"airflow.task.hooks.airflow.providers.standard.hooks.subprocess.SubprocessHook"}
{"timestamp":"2025-08-25T18:18:11.716390","level":"info","event":"\u001b[0m18:18:11  10 of 23 OK created sql table model silver.payments_silver ..................... [\u001b[32mSELECT 50000\u001b[0m in 4.43s]","logger":"airflow.task.hooks.airflow.providers.standard.hooks.subprocess.SubprocessHook"}
{"timestamp":"2025-08-25T18:18:11.719107","level":"info","event":"\u001b[0m18:18:11  14 of 23 START sql table model silver.purchase_orders_silver ................... [RUN]","logger":"airflow.task.hooks.airflow.providers.standard.hooks.subprocess.SubprocessHook"}
{"timestamp":"2025-08-25T18:18:12.287111","level":"info","event":"\u001b[0m18:18:12  11 of 23 OK created sql table model silver.pricing_history_silver .............. [\u001b[32mSELECT 8160\u001b[0m in 4.38s]","logger":"airflow.task.hooks.airflow.providers.standard.hooks.subprocess.SubprocessHook"}
{"timestamp":"2025-08-25T18:18:12.287725","level":"info","event":"\u001b[0m18:18:12  12 of 23 OK created sql table model silver.products_silver ..................... [\u001b[32mSELECT 400\u001b[0m in 4.29s]","logger":"airflow.task.hooks.airflow.providers.standard.hooks.subprocess.SubprocessHook"}
{"timestamp":"2025-08-25T18:18:12.290413","level":"info","event":"\u001b[0m18:18:12  15 of 23 START sql table model silver.returns_silver ........................... [RUN]","logger":"airflow.task.hooks.airflow.providers.standard.hooks.subprocess.SubprocessHook"}
{"timestamp":"2025-08-25T18:18:12.290920","level":"info","event":"\u001b[0m18:18:12  16 of 23 START sql table model silver.sales_items_silver ....................... [RUN]","logger":"airflow.task.hooks.airflow.providers.standard.hooks.subprocess.SubprocessHook"}
{"timestamp":"2025-08-25T18:18:16.363766","level":"info","event":"\u001b[0m18:18:16  14 of 23 OK created sql table model silver.purchase_orders_silver .............. [\u001b[32mSELECT 895\u001b[0m in 4.64s]","logger":"airflow.task.hooks.airflow.providers.standard.hooks.subprocess.SubprocessHook"}
{"timestamp":"2025-08-25T18:18:16.365431","level":"info","event":"\u001b[0m18:18:16  17 of 23 START sql table model silver.sales_transactions_silver ................ [RUN]","logger":"airflow.task.hooks.airflow.providers.standard.hooks.subprocess.SubprocessHook"}
{"timestamp":"2025-08-25T18:18:17.502264","level":"info","event":"\u001b[0m18:18:17  13 of 23 OK created sql table model silver.promotions_silver ................... [\u001b[32mSELECT 248\u001b[0m in 6.21s]","logger":"airflow.task.hooks.airflow.providers.standard.hooks.subprocess.SubprocessHook"}
{"timestamp":"2025-08-25T18:18:17.504155","level":"info","event":"\u001b[0m18:18:17  18 of 23 START sql table model silver.shipments_silver ......................... [RUN]","logger":"airflow.task.hooks.airflow.providers.standard.hooks.subprocess.SubprocessHook"}
{"timestamp":"2025-08-25T18:18:17.547202","level":"info","event":"\u001b[0m18:18:17  15 of 23 OK created sql table model silver.returns_silver ...................... [\u001b[32mSELECT 4500\u001b[0m in 5.25s]","logger":"airflow.task.hooks.airflow.providers.standard.hooks.subprocess.SubprocessHook"}
{"timestamp":"2025-08-25T18:18:17.548602","level":"info","event":"\u001b[0m18:18:17  19 of 23 START sql table model silver.stock_movements_silver ................... [RUN]","logger":"airflow.task.hooks.airflow.providers.standard.hooks.subprocess.SubprocessHook"}
{"timestamp":"2025-08-25T18:18:17.959913","level":"info","event":"\u001b[0m18:18:17  16 of 23 OK created sql table model silver.sales_items_silver .................. [\u001b[32mSELECT 91190\u001b[0m in 5.67s]","logger":"airflow.task.hooks.airflow.providers.standard.hooks.subprocess.SubprocessHook"}
{"timestamp":"2025-08-25T18:18:17.961268","level":"info","event":"\u001b[0m18:18:17  20 of 23 START sql table model silver.store_visits_silver ...................... [RUN]","logger":"airflow.task.hooks.airflow.providers.standard.hooks.subprocess.SubprocessHook"}
{"timestamp":"2025-08-25T18:18:21.279412","level":"info","event":"\u001b[0m18:18:21  17 of 23 OK created sql table model silver.sales_transactions_silver ........... [\u001b[32mSELECT 39986\u001b[0m in 4.91s]","logger":"airflow.task.hooks.airflow.providers.standard.hooks.subprocess.SubprocessHook"}
{"timestamp":"2025-08-25T18:18:21.281463","level":"info","event":"\u001b[0m18:18:21  21 of 23 START sql table model silver.stores_silver ............................ [RUN]","logger":"airflow.task.hooks.airflow.providers.standard.hooks.subprocess.SubprocessHook"}
{"timestamp":"2025-08-25T18:18:21.769175","level":"info","event":"\u001b[0m18:18:21  18 of 23 OK created sql table model silver.shipments_silver .................... [\u001b[32mSELECT 400\u001b[0m in 4.26s]","logger":"airflow.task.hooks.airflow.providers.standard.hooks.subprocess.SubprocessHook"}
{"timestamp":"2025-08-25T18:18:21.771112","level":"info","event":"\u001b[0m18:18:21  22 of 23 START sql table model silver.suppliers_silver ......................... [RUN]","logger":"airflow.task.hooks.airflow.providers.standard.hooks.subprocess.SubprocessHook"}
{"timestamp":"2025-08-25T18:18:22.128745","level":"info","event":"\u001b[0m18:18:22  19 of 23 OK created sql table model silver.stock_movements_silver .............. [\u001b[32mSELECT 8067\u001b[0m in 4.58s]","logger":"airflow.task.hooks.airflow.providers.standard.hooks.subprocess.SubprocessHook"}
{"timestamp":"2025-08-25T18:18:22.130148","level":"info","event":"\u001b[0m18:18:22  23 of 23 START sql table model silver.tax_rules_silver ......................... [RUN]","logger":"airflow.task.hooks.airflow.providers.standard.hooks.subprocess.SubprocessHook"}
{"timestamp":"2025-08-25T18:18:22.667124","level":"info","event":"\u001b[0m18:18:22  20 of 23 OK created sql table model silver.store_visits_silver ................. [\u001b[32mSELECT 8999\u001b[0m in 4.70s]","logger":"airflow.task.hooks.airflow.providers.standard.hooks.subprocess.SubprocessHook"}
{"timestamp":"2025-08-25T18:18:26.220552","level":"info","event":"\u001b[0m18:18:26  22 of 23 OK created sql table model silver.suppliers_silver .................... [\u001b[32mSELECT 10\u001b[0m in 4.45s]","logger":"airflow.task.hooks.airflow.providers.standard.hooks.subprocess.SubprocessHook"}
{"timestamp":"2025-08-25T18:18:26.221293","level":"info","event":"\u001b[0m18:18:26  21 of 23 OK created sql table model silver.stores_silver ....................... [\u001b[32mSELECT 20\u001b[0m in 4.94s]","logger":"airflow.task.hooks.airflow.providers.standard.hooks.subprocess.SubprocessHook"}
{"timestamp":"2025-08-25T18:18:28.455544","level":"info","event":"\u001b[0m18:18:28  23 of 23 OK created sql table model silver.tax_rules_silver .................... [\u001b[32mSELECT 387\u001b[0m in 4.96s]","logger":"airflow.task.hooks.airflow.providers.standard.hooks.subprocess.SubprocessHook"}
{"timestamp":"2025-08-25T18:18:31.228612","level":"info","event":"\u001b[0m18:18:31","logger":"airflow.task.hooks.airflow.providers.standard.hooks.subprocess.SubprocessHook"}
{"timestamp":"2025-08-25T18:18:31.229000","level":"info","event":"\u001b[0m18:18:31  Finished running 23 table models in 0 hours 0 minutes and 45.00 seconds (45.00s).","logger":"airflow.task.hooks.airflow.providers.standard.hooks.subprocess.SubprocessHook"}
{"timestamp":"2025-08-25T18:18:31.463467","level":"info","event":"\u001b[0m18:18:31","logger":"airflow.task.hooks.airflow.providers.standard.hooks.subprocess.SubprocessHook"}
{"timestamp":"2025-08-25T18:18:31.464873","level":"info","event":"\u001b[0m18:18:31  \u001b[32mCompleted successfully\u001b[0m","logger":"airflow.task.hooks.airflow.providers.standard.hooks.subprocess.SubprocessHook"}
{"timestamp":"2025-08-25T18:18:31.465289","level":"info","event":"\u001b[0m18:18:31","logger":"airflow.task.hooks.airflow.providers.standard.hooks.subprocess.SubprocessHook"}
{"timestamp":"2025-08-25T18:18:31.465834","level":"info","event":"\u001b[0m18:18:31  Done. PASS=23 WARN=0 ERROR=0 SKIP=0 NO-OP=0 TOTAL=23","logger":"airflow.task.hooks.airflow.providers.standard.hooks.subprocess.SubprocessHook"}
{"timestamp":"2025-08-25T18:18:32.949739","level":"info","event":"Command exited with return code 0","logger":"airflow.task.hooks.airflow.providers.standard.hooks.subprocess.SubprocessHook"}
{"timestamp":"2025-08-25T18:18:32.950391","level":"info","event":"Pushing xcom","ti":"RuntimeTaskInstance(id=UUID('0198e271-c6e3-7235-8c40-9fe2b7389d3f'), task_id='dbt_silver', dag_id='dbt_pipeline_invalid_staging_silver', run_id='manual__2025-08-25T18:16:04.042661+00:00', try_number=1, map_index=-1, hostname='d71023bd2874', context_carrier={}, task=<Task(BashOperator): dbt_silver>, bundle_instance=LocalDagBundle(name=dags-folder), max_tries=0, start_date=datetime.datetime(2025, 8, 25, 18, 17, 43, 282703, tzinfo=datetime.timezone.utc), end_date=None, state=<TaskInstanceState.RUNNING: 'running'>, is_mapped=False, rendered_map_index=None, log_url='http://localhost:8080/dags/dbt_pipeline_invalid_staging_silver/runs/manual__2025-08-25T18%3A16%3A04.042661%2B00%3A00/tasks/dbt_silver?try_number=1')","logger":"task"}
{"timestamp":"2025-08-25T18:18:32.987958","level":"warning","event":"/home/airflow/.local/lib/python3.12/site-packages/airflow/models/connection.py:471: DeprecationWarning: Using Connection.get_connection_from_secrets from `airflow.models` is deprecated.Please use `from airflow.sdk import Connection` instead\n  warnings.warn(\n","logger":"py.warnings"}
{"timestamp":"2025-08-25T18:18:32.994750","level":"info","event":"Connection Retrieved 'ms_teams_webhook'","logger":"airflow.hooks.base"}
{"timestamp":"2025-08-25T18:18:35.744213Z","level":"info","event":"Task instance in success state","chan":"stdout","logger":"task"}
{"timestamp":"2025-08-25T18:18:35.744457Z","level":"info","event":" Previous state of the Task instance: TaskInstanceState.RUNNING","chan":"stdout","logger":"task"}
{"timestamp":"2025-08-25T18:18:35.745976Z","level":"info","event":"Task operator:<Task(BashOperator): dbt_silver>","chan":"stdout","logger":"task"}
