{"timestamp":"2025-08-28T03:14:58.989006","level":"info","event":"DAG bundles loaded: dags-folder, example_dags","logger":"airflow.dag_processing.bundles.manager.DagBundlesManager"}
{"timestamp":"2025-08-28T03:14:58.989354","level":"info","event":"Filling up the DagBag from /opt/airflow/dags/dbt_process_data.py","logger":"airflow.models.dagbag.DagBag"}
{"timestamp":"2025-08-28T03:15:00.351552Z","level":"info","event":"Task instance is in running state","chan":"stdout","logger":"task"}
{"timestamp":"2025-08-28T03:15:00.351690Z","level":"info","event":" Previous state of the Task instance: TaskInstanceState.QUEUED","chan":"stdout","logger":"task"}
{"timestamp":"2025-08-28T03:15:00.352437Z","level":"info","event":"Current task name:dbt_staging","chan":"stdout","logger":"task"}
{"timestamp":"2025-08-28T03:15:00.352511Z","level":"info","event":"Dag name:dbt_pipeline_invalid_staging_silver","chan":"stdout","logger":"task"}
{"timestamp":"2025-08-28T03:15:00.352822","level":"info","event":"Tmp dir root location: /tmp","logger":"airflow.task.hooks.airflow.providers.standard.hooks.subprocess.SubprocessHook"}
{"timestamp":"2025-08-28T03:15:00.353892","level":"info","event":"Running command: ['/usr/bin/bash', '-c', 'cd /opt/airflow/dbt && dbt run --select path:models/staging --full-refresh --profiles-dir /home/airflow/.dbt']","logger":"airflow.task.hooks.airflow.providers.standard.hooks.subprocess.SubprocessHook"}
{"timestamp":"2025-08-28T03:15:00.366320","level":"info","event":"Output:","logger":"airflow.task.hooks.airflow.providers.standard.hooks.subprocess.SubprocessHook"}
{"timestamp":"2025-08-28T03:15:02.381077","level":"info","event":"\u001b[0m03:15:02  Running with dbt=1.10.9","logger":"airflow.task.hooks.airflow.providers.standard.hooks.subprocess.SubprocessHook"}
{"timestamp":"2025-08-28T03:15:02.618175","level":"info","event":"\u001b[0m03:15:02  Registered adapter: postgres=1.9.0","logger":"airflow.task.hooks.airflow.providers.standard.hooks.subprocess.SubprocessHook"}
{"timestamp":"2025-08-28T03:15:03.185974","level":"info","event":"\u001b[0m03:15:03  Found 88 models, 9 snapshots, 376 data tests, 23 sources, 816 macros","logger":"airflow.task.hooks.airflow.providers.standard.hooks.subprocess.SubprocessHook"}
{"timestamp":"2025-08-28T03:15:03.197994","level":"info","event":"\u001b[0m03:15:03","logger":"airflow.task.hooks.airflow.providers.standard.hooks.subprocess.SubprocessHook"}
{"timestamp":"2025-08-28T03:15:03.198339","level":"info","event":"\u001b[0m03:15:03  Concurrency: 4 threads (target='dev')","logger":"airflow.task.hooks.airflow.providers.standard.hooks.subprocess.SubprocessHook"}
{"timestamp":"2025-08-28T03:15:03.198598","level":"info","event":"\u001b[0m03:15:03","logger":"airflow.task.hooks.airflow.providers.standard.hooks.subprocess.SubprocessHook"}
{"timestamp":"2025-08-28T03:15:14.422365","level":"info","event":"\u001b[0m03:15:14  1 of 23 START sql view model silver_staging.stg_brands ......................... [RUN]","logger":"airflow.task.hooks.airflow.providers.standard.hooks.subprocess.SubprocessHook"}
{"timestamp":"2025-08-28T03:15:14.423681","level":"info","event":"\u001b[0m03:15:14  2 of 23 START sql view model silver_staging.stg_campaigns ...................... [RUN]","logger":"airflow.task.hooks.airflow.providers.standard.hooks.subprocess.SubprocessHook"}
{"timestamp":"2025-08-28T03:15:14.424182","level":"info","event":"\u001b[0m03:15:14  3 of 23 START sql view model silver_staging.stg_categories ..................... [RUN]","logger":"airflow.task.hooks.airflow.providers.standard.hooks.subprocess.SubprocessHook"}
{"timestamp":"2025-08-28T03:15:14.425115","level":"info","event":"\u001b[0m03:15:14  4 of 23 START sql view model silver_staging.stg_customer_feedback .............. [RUN]","logger":"airflow.task.hooks.airflow.providers.standard.hooks.subprocess.SubprocessHook"}
{"timestamp":"2025-08-28T03:15:19.729589","level":"info","event":"\u001b[0m03:15:19  2 of 23 ERROR creating sql view model silver_staging.stg_campaigns ............. [\u001b[31mERROR\u001b[0m in 5.30s]","logger":"airflow.task.hooks.airflow.providers.standard.hooks.subprocess.SubprocessHook"}
{"timestamp":"2025-08-28T03:15:19.731370","level":"info","event":"\u001b[0m03:15:19  5 of 23 START sql view model silver_staging.stg_customers ...................... [RUN]","logger":"airflow.task.hooks.airflow.providers.standard.hooks.subprocess.SubprocessHook"}
{"timestamp":"2025-08-28T03:15:19.739252","level":"info","event":"\u001b[0m03:15:19  4 of 23 ERROR creating sql view model silver_staging.stg_customer_feedback ..... [\u001b[31mERROR\u001b[0m in 5.31s]","logger":"airflow.task.hooks.airflow.providers.standard.hooks.subprocess.SubprocessHook"}
{"timestamp":"2025-08-28T03:15:19.744450","level":"info","event":"\u001b[0m03:15:19  6 of 23 START sql view model silver_staging.stg_discount_rules ................. [RUN]","logger":"airflow.task.hooks.airflow.providers.standard.hooks.subprocess.SubprocessHook"}
{"timestamp":"2025-08-28T03:15:19.975830","level":"info","event":"\u001b[0m03:15:19  3 of 23 ERROR creating sql view model silver_staging.stg_categories ............ [\u001b[31mERROR\u001b[0m in 5.55s]","logger":"airflow.task.hooks.airflow.providers.standard.hooks.subprocess.SubprocessHook"}
{"timestamp":"2025-08-28T03:15:19.977578","level":"info","event":"\u001b[0m03:15:19  7 of 23 START sql view model silver_staging.stg_employees ...................... [RUN]","logger":"airflow.task.hooks.airflow.providers.standard.hooks.subprocess.SubprocessHook"}
{"timestamp":"2025-08-28T03:15:20.091667","level":"info","event":"\u001b[0m03:15:20  1 of 23 ERROR creating sql view model silver_staging.stg_brands ................ [\u001b[31mERROR\u001b[0m in 5.67s]","logger":"airflow.task.hooks.airflow.providers.standard.hooks.subprocess.SubprocessHook"}
{"timestamp":"2025-08-28T03:15:20.093566","level":"info","event":"\u001b[0m03:15:20  8 of 23 START sql view model silver_staging.stg_inventory ...................... [RUN]","logger":"airflow.task.hooks.airflow.providers.standard.hooks.subprocess.SubprocessHook"}
{"timestamp":"2025-08-28T03:15:22.225766","level":"info","event":"\u001b[0m03:15:22  5 of 23 ERROR creating sql view model silver_staging.stg_customers ............. [\u001b[31mERROR\u001b[0m in 2.49s]","logger":"airflow.task.hooks.airflow.providers.standard.hooks.subprocess.SubprocessHook"}
{"timestamp":"2025-08-28T03:15:22.227574","level":"info","event":"\u001b[0m03:15:22  9 of 23 START sql view model silver_staging.stg_loyalty_programs ............... [RUN]","logger":"airflow.task.hooks.airflow.providers.standard.hooks.subprocess.SubprocessHook"}
{"timestamp":"2025-08-28T03:15:22.274340","level":"info","event":"\u001b[0m03:15:22  6 of 23 ERROR creating sql view model silver_staging.stg_discount_rules ........ [\u001b[31mERROR\u001b[0m in 2.53s]","logger":"airflow.task.hooks.airflow.providers.standard.hooks.subprocess.SubprocessHook"}
{"timestamp":"2025-08-28T03:15:22.276574","level":"info","event":"\u001b[0m03:15:22  10 of 23 START sql view model silver_staging.stg_payments ...................... [RUN]","logger":"airflow.task.hooks.airflow.providers.standard.hooks.subprocess.SubprocessHook"}
{"timestamp":"2025-08-28T03:15:22.466139","level":"info","event":"\u001b[0m03:15:22  7 of 23 ERROR creating sql view model silver_staging.stg_employees ............. [\u001b[31mERROR\u001b[0m in 2.49s]","logger":"airflow.task.hooks.airflow.providers.standard.hooks.subprocess.SubprocessHook"}
{"timestamp":"2025-08-28T03:15:22.467897","level":"info","event":"\u001b[0m03:15:22  11 of 23 START sql view model silver_staging.stg_pricing_history ............... [RUN]","logger":"airflow.task.hooks.airflow.providers.standard.hooks.subprocess.SubprocessHook"}
{"timestamp":"2025-08-28T03:15:23.298123","level":"info","event":"\u001b[0m03:15:23  8 of 23 ERROR creating sql view model silver_staging.stg_inventory ............. [\u001b[31mERROR\u001b[0m in 3.20s]","logger":"airflow.task.hooks.airflow.providers.standard.hooks.subprocess.SubprocessHook"}
{"timestamp":"2025-08-28T03:15:23.300085","level":"info","event":"\u001b[0m03:15:23  12 of 23 START sql view model silver_staging.stg_products ...................... [RUN]","logger":"airflow.task.hooks.airflow.providers.standard.hooks.subprocess.SubprocessHook"}
{"timestamp":"2025-08-28T03:15:25.265432","level":"info","event":"\u001b[0m03:15:25  9 of 23 ERROR creating sql view model silver_staging.stg_loyalty_programs ...... [\u001b[31mERROR\u001b[0m in 3.04s]","logger":"airflow.task.hooks.airflow.providers.standard.hooks.subprocess.SubprocessHook"}
{"timestamp":"2025-08-28T03:15:25.267571","level":"info","event":"\u001b[0m03:15:25  13 of 23 START sql view model silver_staging.stg_promotions .................... [RUN]","logger":"airflow.task.hooks.airflow.providers.standard.hooks.subprocess.SubprocessHook"}
{"timestamp":"2025-08-28T03:15:25.295349","level":"info","event":"\u001b[0m03:15:25  11 of 23 ERROR creating sql view model silver_staging.stg_pricing_history ...... [\u001b[31mERROR\u001b[0m in 2.83s]","logger":"airflow.task.hooks.airflow.providers.standard.hooks.subprocess.SubprocessHook"}
{"timestamp":"2025-08-28T03:15:25.297006","level":"info","event":"\u001b[0m03:15:25  14 of 23 START sql view model silver_staging.stg_purchase_orders ............... [RUN]","logger":"airflow.task.hooks.airflow.providers.standard.hooks.subprocess.SubprocessHook"}
{"timestamp":"2025-08-28T03:15:25.313883","level":"info","event":"\u001b[0m03:15:25  10 of 23 ERROR creating sql view model silver_staging.stg_payments ............. [\u001b[31mERROR\u001b[0m in 3.04s]","logger":"airflow.task.hooks.airflow.providers.standard.hooks.subprocess.SubprocessHook"}
{"timestamp":"2025-08-28T03:15:25.315924","level":"info","event":"\u001b[0m03:15:25  15 of 23 START sql view model silver_staging.stg_returns ....................... [RUN]","logger":"airflow.task.hooks.airflow.providers.standard.hooks.subprocess.SubprocessHook"}
{"timestamp":"2025-08-28T03:15:26.230454","level":"info","event":"\u001b[0m03:15:26  12 of 23 ERROR creating sql view model silver_staging.stg_products ............. [\u001b[31mERROR\u001b[0m in 2.93s]","logger":"airflow.task.hooks.airflow.providers.standard.hooks.subprocess.SubprocessHook"}
{"timestamp":"2025-08-28T03:15:26.232304","level":"info","event":"\u001b[0m03:15:26  16 of 23 START sql view model silver_staging.stg_sales_items ................... [RUN]","logger":"airflow.task.hooks.airflow.providers.standard.hooks.subprocess.SubprocessHook"}
{"timestamp":"2025-08-28T03:15:27.844979","level":"info","event":"\u001b[0m03:15:27  14 of 23 ERROR creating sql view model silver_staging.stg_purchase_orders ...... [\u001b[31mERROR\u001b[0m in 2.55s]","logger":"airflow.task.hooks.airflow.providers.standard.hooks.subprocess.SubprocessHook"}
{"timestamp":"2025-08-28T03:15:27.846947","level":"info","event":"\u001b[0m03:15:27  17 of 23 START sql view model silver_staging.stg_sales_transactions ............ [RUN]","logger":"airflow.task.hooks.airflow.providers.standard.hooks.subprocess.SubprocessHook"}
{"timestamp":"2025-08-28T03:15:28.239824","level":"info","event":"\u001b[0m03:15:28  15 of 23 ERROR creating sql view model silver_staging.stg_returns .............. [\u001b[31mERROR\u001b[0m in 2.92s]","logger":"airflow.task.hooks.airflow.providers.standard.hooks.subprocess.SubprocessHook"}
{"timestamp":"2025-08-28T03:15:28.241790","level":"info","event":"\u001b[0m03:15:28  18 of 23 START sql view model silver_staging.stg_shipments ..................... [RUN]","logger":"airflow.task.hooks.airflow.providers.standard.hooks.subprocess.SubprocessHook"}
{"timestamp":"2025-08-28T03:15:28.254238","level":"info","event":"\u001b[0m03:15:28  13 of 23 ERROR creating sql view model silver_staging.stg_promotions ........... [\u001b[31mERROR\u001b[0m in 2.99s]","logger":"airflow.task.hooks.airflow.providers.standard.hooks.subprocess.SubprocessHook"}
{"timestamp":"2025-08-28T03:15:28.256289","level":"info","event":"\u001b[0m03:15:28  19 of 23 START sql view model silver_staging.stg_stock_movements ............... [RUN]","logger":"airflow.task.hooks.airflow.providers.standard.hooks.subprocess.SubprocessHook"}
{"timestamp":"2025-08-28T03:15:28.825343","level":"info","event":"\u001b[0m03:15:28  16 of 23 ERROR creating sql view model silver_staging.stg_sales_items .......... [\u001b[31mERROR\u001b[0m in 2.59s]","logger":"airflow.task.hooks.airflow.providers.standard.hooks.subprocess.SubprocessHook"}
{"timestamp":"2025-08-28T03:15:28.827153","level":"info","event":"\u001b[0m03:15:28  20 of 23 START sql view model silver_staging.stg_store_visits .................. [RUN]","logger":"airflow.task.hooks.airflow.providers.standard.hooks.subprocess.SubprocessHook"}
{"timestamp":"2025-08-28T03:15:30.350665","level":"info","event":"\u001b[0m03:15:30  17 of 23 ERROR creating sql view model silver_staging.stg_sales_transactions ... [\u001b[31mERROR\u001b[0m in 2.50s]","logger":"airflow.task.hooks.airflow.providers.standard.hooks.subprocess.SubprocessHook"}
{"timestamp":"2025-08-28T03:15:30.353185","level":"info","event":"\u001b[0m03:15:30  21 of 23 START sql view model silver_staging.stg_stores ........................ [RUN]","logger":"airflow.task.hooks.airflow.providers.standard.hooks.subprocess.SubprocessHook"}
{"timestamp":"2025-08-28T03:15:30.683136","level":"info","event":"\u001b[0m03:15:30  19 of 23 ERROR creating sql view model silver_staging.stg_stock_movements ...... [\u001b[31mERROR\u001b[0m in 2.43s]","logger":"airflow.task.hooks.airflow.providers.standard.hooks.subprocess.SubprocessHook"}
{"timestamp":"2025-08-28T03:15:30.684829","level":"info","event":"\u001b[0m03:15:30  22 of 23 START sql view model silver_staging.stg_suppliers ..................... [RUN]","logger":"airflow.task.hooks.airflow.providers.standard.hooks.subprocess.SubprocessHook"}
{"timestamp":"2025-08-28T03:15:31.164514","level":"info","event":"\u001b[0m03:15:31  18 of 23 ERROR creating sql view model silver_staging.stg_shipments ............ [\u001b[31mERROR\u001b[0m in 2.92s]","logger":"airflow.task.hooks.airflow.providers.standard.hooks.subprocess.SubprocessHook"}
{"timestamp":"2025-08-28T03:15:31.166270","level":"info","event":"\u001b[0m03:15:31  23 of 23 START sql view model silver_staging.stg_tax_rules ..................... [RUN]","logger":"airflow.task.hooks.airflow.providers.standard.hooks.subprocess.SubprocessHook"}
{"timestamp":"2025-08-28T03:15:31.761224","level":"info","event":"\u001b[0m03:15:31  20 of 23 ERROR creating sql view model silver_staging.stg_store_visits ......... [\u001b[31mERROR\u001b[0m in 2.93s]","logger":"airflow.task.hooks.airflow.providers.standard.hooks.subprocess.SubprocessHook"}
{"timestamp":"2025-08-28T03:15:33.214212","level":"info","event":"\u001b[0m03:15:33  21 of 23 ERROR creating sql view model silver_staging.stg_stores ............... [\u001b[31mERROR\u001b[0m in 2.86s]","logger":"airflow.task.hooks.airflow.providers.standard.hooks.subprocess.SubprocessHook"}
{"timestamp":"2025-08-28T03:15:33.240214","level":"info","event":"\u001b[0m03:15:33  22 of 23 ERROR creating sql view model silver_staging.stg_suppliers ............ [\u001b[31mERROR\u001b[0m in 2.55s]","logger":"airflow.task.hooks.airflow.providers.standard.hooks.subprocess.SubprocessHook"}
{"timestamp":"2025-08-28T03:15:35.486854","level":"info","event":"\u001b[0m03:15:35  23 of 23 ERROR creating sql view model silver_staging.stg_tax_rules ............ [\u001b[31mERROR\u001b[0m in 2.89s]","logger":"airflow.task.hooks.airflow.providers.standard.hooks.subprocess.SubprocessHook"}
{"timestamp":"2025-08-28T03:15:37.867587","level":"info","event":"\u001b[0m03:15:37","logger":"airflow.task.hooks.airflow.providers.standard.hooks.subprocess.SubprocessHook"}
{"timestamp":"2025-08-28T03:15:37.867932","level":"info","event":"\u001b[0m03:15:37  Finished running 23 view models in 0 hours 0 minutes and 34.67 seconds (34.67s).","logger":"airflow.task.hooks.airflow.providers.standard.hooks.subprocess.SubprocessHook"}
{"timestamp":"2025-08-28T03:15:37.971643","level":"info","event":"\u001b[0m03:15:37","logger":"airflow.task.hooks.airflow.providers.standard.hooks.subprocess.SubprocessHook"}
{"timestamp":"2025-08-28T03:15:37.971955","level":"info","event":"\u001b[0m03:15:37  \u001b[31mCompleted with 23 errors, 0 partial successes, and 0 warnings:\u001b[0m","logger":"airflow.task.hooks.airflow.providers.standard.hooks.subprocess.SubprocessHook"}
{"timestamp":"2025-08-28T03:15:37.972235","level":"info","event":"\u001b[0m03:15:37","logger":"airflow.task.hooks.airflow.providers.standard.hooks.subprocess.SubprocessHook"}
{"timestamp":"2025-08-28T03:15:37.972587","level":"info","event":"\u001b[0m03:15:37  \u001b[31mFailure in model stg_campaigns (models/staging/stg_campaigns.sql)\u001b[0m","logger":"airflow.task.hooks.airflow.providers.standard.hooks.subprocess.SubprocessHook"}
{"timestamp":"2025-08-28T03:15:37.972939","level":"info","event":"\u001b[0m03:15:37    Database Error in model stg_campaigns (models/staging/stg_campaigns.sql)","logger":"airflow.task.hooks.airflow.providers.standard.hooks.subprocess.SubprocessHook"}
{"timestamp":"2025-08-28T03:15:37.973036","level":"info","event":"  relation \"raw.campaigns\" does not exist","logger":"airflow.task.hooks.airflow.providers.standard.hooks.subprocess.SubprocessHook"}
{"timestamp":"2025-08-28T03:15:37.973095","level":"info","event":"  LINE 8:     select * from \"postgres\".\"raw\".\"campaigns\"","logger":"airflow.task.hooks.airflow.providers.standard.hooks.subprocess.SubprocessHook"}
{"timestamp":"2025-08-28T03:15:37.973140","level":"info","event":"                            ^","logger":"airflow.task.hooks.airflow.providers.standard.hooks.subprocess.SubprocessHook"}
{"timestamp":"2025-08-28T03:15:37.973187","level":"info","event":"  compiled code at target/run/retail_dbt/models/staging/stg_campaigns.sql","logger":"airflow.task.hooks.airflow.providers.standard.hooks.subprocess.SubprocessHook"}
{"timestamp":"2025-08-28T03:15:37.973239","level":"info","event":"\u001b[0m03:15:37","logger":"airflow.task.hooks.airflow.providers.standard.hooks.subprocess.SubprocessHook"}
{"timestamp":"2025-08-28T03:15:37.973505","level":"info","event":"\u001b[0m03:15:37    compiled code at target/compiled/retail_dbt/models/staging/stg_campaigns.sql","logger":"airflow.task.hooks.airflow.providers.standard.hooks.subprocess.SubprocessHook"}
{"timestamp":"2025-08-28T03:15:37.973814","level":"info","event":"\u001b[0m03:15:37","logger":"airflow.task.hooks.airflow.providers.standard.hooks.subprocess.SubprocessHook"}
{"timestamp":"2025-08-28T03:15:37.974109","level":"info","event":"\u001b[0m03:15:37  \u001b[31mFailure in model stg_customer_feedback (models/staging/stg_customer_feedback.sql)\u001b[0m","logger":"airflow.task.hooks.airflow.providers.standard.hooks.subprocess.SubprocessHook"}
{"timestamp":"2025-08-28T03:15:37.974439","level":"info","event":"\u001b[0m03:15:37    Database Error in model stg_customer_feedback (models/staging/stg_customer_feedback.sql)","logger":"airflow.task.hooks.airflow.providers.standard.hooks.subprocess.SubprocessHook"}
{"timestamp":"2025-08-28T03:15:37.974527","level":"info","event":"  relation \"raw.customer_feedback\" does not exist","logger":"airflow.task.hooks.airflow.providers.standard.hooks.subprocess.SubprocessHook"}
{"timestamp":"2025-08-28T03:15:37.974602","level":"info","event":"  LINE 55:     FROM \"postgres\".\"raw\".\"customer_feedback\"","logger":"airflow.task.hooks.airflow.providers.standard.hooks.subprocess.SubprocessHook"}
{"timestamp":"2025-08-28T03:15:37.974664","level":"info","event":"                    ^","logger":"airflow.task.hooks.airflow.providers.standard.hooks.subprocess.SubprocessHook"}
{"timestamp":"2025-08-28T03:15:37.974715","level":"info","event":"  compiled code at target/run/retail_dbt/models/staging/stg_customer_feedback.sql","logger":"airflow.task.hooks.airflow.providers.standard.hooks.subprocess.SubprocessHook"}
{"timestamp":"2025-08-28T03:15:37.974761","level":"info","event":"\u001b[0m03:15:37","logger":"airflow.task.hooks.airflow.providers.standard.hooks.subprocess.SubprocessHook"}
{"timestamp":"2025-08-28T03:15:37.974986","level":"info","event":"\u001b[0m03:15:37    compiled code at target/compiled/retail_dbt/models/staging/stg_customer_feedback.sql","logger":"airflow.task.hooks.airflow.providers.standard.hooks.subprocess.SubprocessHook"}
{"timestamp":"2025-08-28T03:15:37.975247","level":"info","event":"\u001b[0m03:15:37","logger":"airflow.task.hooks.airflow.providers.standard.hooks.subprocess.SubprocessHook"}
{"timestamp":"2025-08-28T03:15:37.975568","level":"info","event":"\u001b[0m03:15:37  \u001b[31mFailure in model stg_categories (models/staging/stg_categories.sql)\u001b[0m","logger":"airflow.task.hooks.airflow.providers.standard.hooks.subprocess.SubprocessHook"}
{"timestamp":"2025-08-28T03:15:37.975881","level":"info","event":"\u001b[0m03:15:37    Database Error in model stg_categories (models/staging/stg_categories.sql)","logger":"airflow.task.hooks.airflow.providers.standard.hooks.subprocess.SubprocessHook"}
{"timestamp":"2025-08-28T03:15:37.975948","level":"info","event":"  relation \"raw.categories\" does not exist","logger":"airflow.task.hooks.airflow.providers.standard.hooks.subprocess.SubprocessHook"}
{"timestamp":"2025-08-28T03:15:37.975996","level":"info","event":"  LINE 10:     select * from \"postgres\".\"raw\".\"categories\"","logger":"airflow.task.hooks.airflow.providers.standard.hooks.subprocess.SubprocessHook"}
{"timestamp":"2025-08-28T03:15:37.976037","level":"info","event":"                             ^","logger":"airflow.task.hooks.airflow.providers.standard.hooks.subprocess.SubprocessHook"}
{"timestamp":"2025-08-28T03:15:37.976071","level":"info","event":"  compiled code at target/run/retail_dbt/models/staging/stg_categories.sql","logger":"airflow.task.hooks.airflow.providers.standard.hooks.subprocess.SubprocessHook"}
{"timestamp":"2025-08-28T03:15:37.976120","level":"info","event":"\u001b[0m03:15:37","logger":"airflow.task.hooks.airflow.providers.standard.hooks.subprocess.SubprocessHook"}
{"timestamp":"2025-08-28T03:15:37.976426","level":"info","event":"\u001b[0m03:15:37    compiled code at target/compiled/retail_dbt/models/staging/stg_categories.sql","logger":"airflow.task.hooks.airflow.providers.standard.hooks.subprocess.SubprocessHook"}
{"timestamp":"2025-08-28T03:15:37.976710","level":"info","event":"\u001b[0m03:15:37","logger":"airflow.task.hooks.airflow.providers.standard.hooks.subprocess.SubprocessHook"}
{"timestamp":"2025-08-28T03:15:37.977024","level":"info","event":"\u001b[0m03:15:37  \u001b[31mFailure in model stg_brands (models/staging/stg_brands.sql)\u001b[0m","logger":"airflow.task.hooks.airflow.providers.standard.hooks.subprocess.SubprocessHook"}
{"timestamp":"2025-08-28T03:15:37.977389","level":"info","event":"\u001b[0m03:15:37    Database Error in model stg_brands (models/staging/stg_brands.sql)","logger":"airflow.task.hooks.airflow.providers.standard.hooks.subprocess.SubprocessHook"}
{"timestamp":"2025-08-28T03:15:37.977472","level":"info","event":"  relation \"raw.brands\" does not exist","logger":"airflow.task.hooks.airflow.providers.standard.hooks.subprocess.SubprocessHook"}
{"timestamp":"2025-08-28T03:15:37.977529","level":"info","event":"  LINE 10:     select * from \"postgres\".\"raw\".\"brands\"","logger":"airflow.task.hooks.airflow.providers.standard.hooks.subprocess.SubprocessHook"}
{"timestamp":"2025-08-28T03:15:37.977573","level":"info","event":"                             ^","logger":"airflow.task.hooks.airflow.providers.standard.hooks.subprocess.SubprocessHook"}
{"timestamp":"2025-08-28T03:15:37.977612","level":"info","event":"  compiled code at target/run/retail_dbt/models/staging/stg_brands.sql","logger":"airflow.task.hooks.airflow.providers.standard.hooks.subprocess.SubprocessHook"}
{"timestamp":"2025-08-28T03:15:37.977655","level":"info","event":"\u001b[0m03:15:37","logger":"airflow.task.hooks.airflow.providers.standard.hooks.subprocess.SubprocessHook"}
{"timestamp":"2025-08-28T03:15:37.977907","level":"info","event":"\u001b[0m03:15:37    compiled code at target/compiled/retail_dbt/models/staging/stg_brands.sql","logger":"airflow.task.hooks.airflow.providers.standard.hooks.subprocess.SubprocessHook"}
{"timestamp":"2025-08-28T03:15:37.978178","level":"info","event":"\u001b[0m03:15:37","logger":"airflow.task.hooks.airflow.providers.standard.hooks.subprocess.SubprocessHook"}
{"timestamp":"2025-08-28T03:15:37.978501","level":"info","event":"\u001b[0m03:15:37  \u001b[31mFailure in model stg_customers (models/staging/stg_customers.sql)\u001b[0m","logger":"airflow.task.hooks.airflow.providers.standard.hooks.subprocess.SubprocessHook"}
{"timestamp":"2025-08-28T03:15:37.978800","level":"info","event":"\u001b[0m03:15:37    Database Error in model stg_customers (models/staging/stg_customers.sql)","logger":"airflow.task.hooks.airflow.providers.standard.hooks.subprocess.SubprocessHook"}
{"timestamp":"2025-08-28T03:15:37.978868","level":"info","event":"  relation \"raw.customers\" does not exist","logger":"airflow.task.hooks.airflow.providers.standard.hooks.subprocess.SubprocessHook"}
{"timestamp":"2025-08-28T03:15:37.978915","level":"info","event":"  LINE 17:     FROM \"postgres\".\"raw\".\"customers\"","logger":"airflow.task.hooks.airflow.providers.standard.hooks.subprocess.SubprocessHook"}
{"timestamp":"2025-08-28T03:15:37.978955","level":"info","event":"                    ^","logger":"airflow.task.hooks.airflow.providers.standard.hooks.subprocess.SubprocessHook"}
{"timestamp":"2025-08-28T03:15:37.978990","level":"info","event":"  compiled code at target/run/retail_dbt/models/staging/stg_customers.sql","logger":"airflow.task.hooks.airflow.providers.standard.hooks.subprocess.SubprocessHook"}
{"timestamp":"2025-08-28T03:15:37.979026","level":"info","event":"\u001b[0m03:15:37","logger":"airflow.task.hooks.airflow.providers.standard.hooks.subprocess.SubprocessHook"}
{"timestamp":"2025-08-28T03:15:37.979352","level":"info","event":"\u001b[0m03:15:37    compiled code at target/compiled/retail_dbt/models/staging/stg_customers.sql","logger":"airflow.task.hooks.airflow.providers.standard.hooks.subprocess.SubprocessHook"}
{"timestamp":"2025-08-28T03:15:37.979634","level":"info","event":"\u001b[0m03:15:37","logger":"airflow.task.hooks.airflow.providers.standard.hooks.subprocess.SubprocessHook"}
{"timestamp":"2025-08-28T03:15:37.979937","level":"info","event":"\u001b[0m03:15:37  \u001b[31mFailure in model stg_discount_rules (models/staging/stg_discount_rules.sql)\u001b[0m","logger":"airflow.task.hooks.airflow.providers.standard.hooks.subprocess.SubprocessHook"}
{"timestamp":"2025-08-28T03:15:37.980281","level":"info","event":"\u001b[0m03:15:37    Database Error in model stg_discount_rules (models/staging/stg_discount_rules.sql)","logger":"airflow.task.hooks.airflow.providers.standard.hooks.subprocess.SubprocessHook"}
{"timestamp":"2025-08-28T03:15:37.980347","level":"info","event":"  relation \"raw.discount_rules\" does not exist","logger":"airflow.task.hooks.airflow.providers.standard.hooks.subprocess.SubprocessHook"}
{"timestamp":"2025-08-28T03:15:37.980390","level":"info","event":"  LINE 17:     FROM \"postgres\".\"raw\".\"discount_rules\"","logger":"airflow.task.hooks.airflow.providers.standard.hooks.subprocess.SubprocessHook"}
{"timestamp":"2025-08-28T03:15:37.980424","level":"info","event":"                    ^","logger":"airflow.task.hooks.airflow.providers.standard.hooks.subprocess.SubprocessHook"}
{"timestamp":"2025-08-28T03:15:37.980459","level":"info","event":"  compiled code at target/run/retail_dbt/models/staging/stg_discount_rules.sql","logger":"airflow.task.hooks.airflow.providers.standard.hooks.subprocess.SubprocessHook"}
{"timestamp":"2025-08-28T03:15:37.980508","level":"info","event":"\u001b[0m03:15:37","logger":"airflow.task.hooks.airflow.providers.standard.hooks.subprocess.SubprocessHook"}
{"timestamp":"2025-08-28T03:15:37.980806","level":"info","event":"\u001b[0m03:15:37    compiled code at target/compiled/retail_dbt/models/staging/stg_discount_rules.sql","logger":"airflow.task.hooks.airflow.providers.standard.hooks.subprocess.SubprocessHook"}
{"timestamp":"2025-08-28T03:15:37.981101","level":"info","event":"\u001b[0m03:15:37","logger":"airflow.task.hooks.airflow.providers.standard.hooks.subprocess.SubprocessHook"}
{"timestamp":"2025-08-28T03:15:37.981431","level":"info","event":"\u001b[0m03:15:37  \u001b[31mFailure in model stg_employees (models/staging/stg_employees.sql)\u001b[0m","logger":"airflow.task.hooks.airflow.providers.standard.hooks.subprocess.SubprocessHook"}
{"timestamp":"2025-08-28T03:15:37.981751","level":"info","event":"\u001b[0m03:15:37    Database Error in model stg_employees (models/staging/stg_employees.sql)","logger":"airflow.task.hooks.airflow.providers.standard.hooks.subprocess.SubprocessHook"}
{"timestamp":"2025-08-28T03:15:37.981817","level":"info","event":"  relation \"raw.employees\" does not exist","logger":"airflow.task.hooks.airflow.providers.standard.hooks.subprocess.SubprocessHook"}
{"timestamp":"2025-08-28T03:15:37.981860","level":"info","event":"  LINE 15:     FROM \"postgres\".\"raw\".\"employees\"","logger":"airflow.task.hooks.airflow.providers.standard.hooks.subprocess.SubprocessHook"}
{"timestamp":"2025-08-28T03:15:37.981894","level":"info","event":"                    ^","logger":"airflow.task.hooks.airflow.providers.standard.hooks.subprocess.SubprocessHook"}
{"timestamp":"2025-08-28T03:15:37.981947","level":"info","event":"  compiled code at target/run/retail_dbt/models/staging/stg_employees.sql","logger":"airflow.task.hooks.airflow.providers.standard.hooks.subprocess.SubprocessHook"}
{"timestamp":"2025-08-28T03:15:37.982032","level":"info","event":"\u001b[0m03:15:37","logger":"airflow.task.hooks.airflow.providers.standard.hooks.subprocess.SubprocessHook"}
{"timestamp":"2025-08-28T03:15:37.982318","level":"info","event":"\u001b[0m03:15:37    compiled code at target/compiled/retail_dbt/models/staging/stg_employees.sql","logger":"airflow.task.hooks.airflow.providers.standard.hooks.subprocess.SubprocessHook"}
{"timestamp":"2025-08-28T03:15:37.982601","level":"info","event":"\u001b[0m03:15:37","logger":"airflow.task.hooks.airflow.providers.standard.hooks.subprocess.SubprocessHook"}
{"timestamp":"2025-08-28T03:15:37.982912","level":"info","event":"\u001b[0m03:15:37  \u001b[31mFailure in model stg_inventory (models/staging/stg_inventory.sql)\u001b[0m","logger":"airflow.task.hooks.airflow.providers.standard.hooks.subprocess.SubprocessHook"}
{"timestamp":"2025-08-28T03:15:37.983220","level":"info","event":"\u001b[0m03:15:37    Database Error in model stg_inventory (models/staging/stg_inventory.sql)","logger":"airflow.task.hooks.airflow.providers.standard.hooks.subprocess.SubprocessHook"}
{"timestamp":"2025-08-28T03:15:37.983293","level":"info","event":"  relation \"raw.inventory\" does not exist","logger":"airflow.task.hooks.airflow.providers.standard.hooks.subprocess.SubprocessHook"}
{"timestamp":"2025-08-28T03:15:37.983337","level":"info","event":"  LINE 11:     from \"postgres\".\"raw\".\"inventory\"","logger":"airflow.task.hooks.airflow.providers.standard.hooks.subprocess.SubprocessHook"}
{"timestamp":"2025-08-28T03:15:37.983386","level":"info","event":"                    ^","logger":"airflow.task.hooks.airflow.providers.standard.hooks.subprocess.SubprocessHook"}
{"timestamp":"2025-08-28T03:15:37.983432","level":"info","event":"  compiled code at target/run/retail_dbt/models/staging/stg_inventory.sql","logger":"airflow.task.hooks.airflow.providers.standard.hooks.subprocess.SubprocessHook"}
{"timestamp":"2025-08-28T03:15:37.983472","level":"info","event":"\u001b[0m03:15:37","logger":"airflow.task.hooks.airflow.providers.standard.hooks.subprocess.SubprocessHook"}
{"timestamp":"2025-08-28T03:15:37.983789","level":"info","event":"\u001b[0m03:15:37    compiled code at target/compiled/retail_dbt/models/staging/stg_inventory.sql","logger":"airflow.task.hooks.airflow.providers.standard.hooks.subprocess.SubprocessHook"}
{"timestamp":"2025-08-28T03:15:37.984115","level":"info","event":"\u001b[0m03:15:37","logger":"airflow.task.hooks.airflow.providers.standard.hooks.subprocess.SubprocessHook"}
{"timestamp":"2025-08-28T03:15:37.984491","level":"info","event":"\u001b[0m03:15:37  \u001b[31mFailure in model stg_loyalty_programs (models/staging/stg_loyalty_programs.sql)\u001b[0m","logger":"airflow.task.hooks.airflow.providers.standard.hooks.subprocess.SubprocessHook"}
{"timestamp":"2025-08-28T03:15:37.984834","level":"info","event":"\u001b[0m03:15:37    Database Error in model stg_loyalty_programs (models/staging/stg_loyalty_programs.sql)","logger":"airflow.task.hooks.airflow.providers.standard.hooks.subprocess.SubprocessHook"}
{"timestamp":"2025-08-28T03:15:37.984925","level":"info","event":"  relation \"raw.loyalty_programs\" does not exist","logger":"airflow.task.hooks.airflow.providers.standard.hooks.subprocess.SubprocessHook"}
{"timestamp":"2025-08-28T03:15:37.984988","level":"info","event":"  LINE 14:     FROM \"postgres\".\"raw\".\"loyalty_programs\"","logger":"airflow.task.hooks.airflow.providers.standard.hooks.subprocess.SubprocessHook"}
{"timestamp":"2025-08-28T03:15:37.985037","level":"info","event":"                    ^","logger":"airflow.task.hooks.airflow.providers.standard.hooks.subprocess.SubprocessHook"}
{"timestamp":"2025-08-28T03:15:37.985082","level":"info","event":"  compiled code at target/run/retail_dbt/models/staging/stg_loyalty_programs.sql","logger":"airflow.task.hooks.airflow.providers.standard.hooks.subprocess.SubprocessHook"}
{"timestamp":"2025-08-28T03:15:37.985124","level":"info","event":"\u001b[0m03:15:37","logger":"airflow.task.hooks.airflow.providers.standard.hooks.subprocess.SubprocessHook"}
{"timestamp":"2025-08-28T03:15:37.985393","level":"info","event":"\u001b[0m03:15:37    compiled code at target/compiled/retail_dbt/models/staging/stg_loyalty_programs.sql","logger":"airflow.task.hooks.airflow.providers.standard.hooks.subprocess.SubprocessHook"}
{"timestamp":"2025-08-28T03:15:37.985661","level":"info","event":"\u001b[0m03:15:37","logger":"airflow.task.hooks.airflow.providers.standard.hooks.subprocess.SubprocessHook"}
{"timestamp":"2025-08-28T03:15:37.985965","level":"info","event":"\u001b[0m03:15:37  \u001b[31mFailure in model stg_pricing_history (models/staging/stg_pricing_history.sql)\u001b[0m","logger":"airflow.task.hooks.airflow.providers.standard.hooks.subprocess.SubprocessHook"}
{"timestamp":"2025-08-28T03:15:37.986330","level":"info","event":"\u001b[0m03:15:37    Database Error in model stg_pricing_history (models/staging/stg_pricing_history.sql)","logger":"airflow.task.hooks.airflow.providers.standard.hooks.subprocess.SubprocessHook"}
{"timestamp":"2025-08-28T03:15:37.986414","level":"info","event":"  relation \"raw.pricing_history\" does not exist","logger":"airflow.task.hooks.airflow.providers.standard.hooks.subprocess.SubprocessHook"}
{"timestamp":"2025-08-28T03:15:37.986470","level":"info","event":"  LINE 15:     FROM \"postgres\".\"raw\".\"pricing_history\"","logger":"airflow.task.hooks.airflow.providers.standard.hooks.subprocess.SubprocessHook"}
{"timestamp":"2025-08-28T03:15:37.986511","level":"info","event":"                    ^","logger":"airflow.task.hooks.airflow.providers.standard.hooks.subprocess.SubprocessHook"}
{"timestamp":"2025-08-28T03:15:37.986550","level":"info","event":"  compiled code at target/run/retail_dbt/models/staging/stg_pricing_history.sql","logger":"airflow.task.hooks.airflow.providers.standard.hooks.subprocess.SubprocessHook"}
{"timestamp":"2025-08-28T03:15:37.986592","level":"info","event":"\u001b[0m03:15:37","logger":"airflow.task.hooks.airflow.providers.standard.hooks.subprocess.SubprocessHook"}
{"timestamp":"2025-08-28T03:15:37.986834","level":"info","event":"\u001b[0m03:15:37    compiled code at target/compiled/retail_dbt/models/staging/stg_pricing_history.sql","logger":"airflow.task.hooks.airflow.providers.standard.hooks.subprocess.SubprocessHook"}
{"timestamp":"2025-08-28T03:15:37.987110","level":"info","event":"\u001b[0m03:15:37","logger":"airflow.task.hooks.airflow.providers.standard.hooks.subprocess.SubprocessHook"}
{"timestamp":"2025-08-28T03:15:37.987422","level":"info","event":"\u001b[0m03:15:37  \u001b[31mFailure in model stg_payments (models/staging/stg_payments.sql)\u001b[0m","logger":"airflow.task.hooks.airflow.providers.standard.hooks.subprocess.SubprocessHook"}
{"timestamp":"2025-08-28T03:15:37.987729","level":"info","event":"\u001b[0m03:15:37    Database Error in model stg_payments (models/staging/stg_payments.sql)","logger":"airflow.task.hooks.airflow.providers.standard.hooks.subprocess.SubprocessHook"}
{"timestamp":"2025-08-28T03:15:37.987798","level":"info","event":"  relation \"raw.payments\" does not exist","logger":"airflow.task.hooks.airflow.providers.standard.hooks.subprocess.SubprocessHook"}
{"timestamp":"2025-08-28T03:15:37.987845","level":"info","event":"  LINE 15:     FROM \"postgres\".\"raw\".\"payments\"","logger":"airflow.task.hooks.airflow.providers.standard.hooks.subprocess.SubprocessHook"}
{"timestamp":"2025-08-28T03:15:37.987882","level":"info","event":"                    ^","logger":"airflow.task.hooks.airflow.providers.standard.hooks.subprocess.SubprocessHook"}
{"timestamp":"2025-08-28T03:15:37.987915","level":"info","event":"  compiled code at target/run/retail_dbt/models/staging/stg_payments.sql","logger":"airflow.task.hooks.airflow.providers.standard.hooks.subprocess.SubprocessHook"}
{"timestamp":"2025-08-28T03:15:37.987981","level":"info","event":"\u001b[0m03:15:37","logger":"airflow.task.hooks.airflow.providers.standard.hooks.subprocess.SubprocessHook"}
{"timestamp":"2025-08-28T03:15:37.988295","level":"info","event":"\u001b[0m03:15:37    compiled code at target/compiled/retail_dbt/models/staging/stg_payments.sql","logger":"airflow.task.hooks.airflow.providers.standard.hooks.subprocess.SubprocessHook"}
{"timestamp":"2025-08-28T03:15:37.988549","level":"info","event":"\u001b[0m03:15:37","logger":"airflow.task.hooks.airflow.providers.standard.hooks.subprocess.SubprocessHook"}
{"timestamp":"2025-08-28T03:15:37.988859","level":"info","event":"\u001b[0m03:15:37  \u001b[31mFailure in model stg_products (models/staging/stg_products.sql)\u001b[0m","logger":"airflow.task.hooks.airflow.providers.standard.hooks.subprocess.SubprocessHook"}
{"timestamp":"2025-08-28T03:15:37.989213","level":"info","event":"\u001b[0m03:15:37    Database Error in model stg_products (models/staging/stg_products.sql)","logger":"airflow.task.hooks.airflow.providers.standard.hooks.subprocess.SubprocessHook"}
{"timestamp":"2025-08-28T03:15:37.989296","level":"info","event":"  relation \"raw.products\" does not exist","logger":"airflow.task.hooks.airflow.providers.standard.hooks.subprocess.SubprocessHook"}
{"timestamp":"2025-08-28T03:15:37.989343","level":"info","event":"  LINE 20:   FROM \"postgres\".\"raw\".\"products\"","logger":"airflow.task.hooks.airflow.providers.standard.hooks.subprocess.SubprocessHook"}
{"timestamp":"2025-08-28T03:15:37.989378","level":"info","event":"                  ^","logger":"airflow.task.hooks.airflow.providers.standard.hooks.subprocess.SubprocessHook"}
{"timestamp":"2025-08-28T03:15:37.989410","level":"info","event":"  compiled code at target/run/retail_dbt/models/staging/stg_products.sql","logger":"airflow.task.hooks.airflow.providers.standard.hooks.subprocess.SubprocessHook"}
{"timestamp":"2025-08-28T03:15:37.989485","level":"info","event":"\u001b[0m03:15:37","logger":"airflow.task.hooks.airflow.providers.standard.hooks.subprocess.SubprocessHook"}
{"timestamp":"2025-08-28T03:15:37.989813","level":"info","event":"\u001b[0m03:15:37    compiled code at target/compiled/retail_dbt/models/staging/stg_products.sql","logger":"airflow.task.hooks.airflow.providers.standard.hooks.subprocess.SubprocessHook"}
{"timestamp":"2025-08-28T03:15:37.990073","level":"info","event":"\u001b[0m03:15:37","logger":"airflow.task.hooks.airflow.providers.standard.hooks.subprocess.SubprocessHook"}
{"timestamp":"2025-08-28T03:15:37.990394","level":"info","event":"\u001b[0m03:15:37  \u001b[31mFailure in model stg_purchase_orders (models/staging/stg_purchase_orders.sql)\u001b[0m","logger":"airflow.task.hooks.airflow.providers.standard.hooks.subprocess.SubprocessHook"}
{"timestamp":"2025-08-28T03:15:37.990685","level":"info","event":"\u001b[0m03:15:37    Database Error in model stg_purchase_orders (models/staging/stg_purchase_orders.sql)","logger":"airflow.task.hooks.airflow.providers.standard.hooks.subprocess.SubprocessHook"}
{"timestamp":"2025-08-28T03:15:37.990765","level":"info","event":"  relation \"raw.purchase_orders\" does not exist","logger":"airflow.task.hooks.airflow.providers.standard.hooks.subprocess.SubprocessHook"}
{"timestamp":"2025-08-28T03:15:37.990808","level":"info","event":"  LINE 15:     FROM \"postgres\".\"raw\".\"purchase_orders\"","logger":"airflow.task.hooks.airflow.providers.standard.hooks.subprocess.SubprocessHook"}
{"timestamp":"2025-08-28T03:15:37.990842","level":"info","event":"                    ^","logger":"airflow.task.hooks.airflow.providers.standard.hooks.subprocess.SubprocessHook"}
{"timestamp":"2025-08-28T03:15:37.990879","level":"info","event":"  compiled code at target/run/retail_dbt/models/staging/stg_purchase_orders.sql","logger":"airflow.task.hooks.airflow.providers.standard.hooks.subprocess.SubprocessHook"}
{"timestamp":"2025-08-28T03:15:37.990969","level":"info","event":"\u001b[0m03:15:37","logger":"airflow.task.hooks.airflow.providers.standard.hooks.subprocess.SubprocessHook"}
{"timestamp":"2025-08-28T03:15:37.991254","level":"info","event":"\u001b[0m03:15:37    compiled code at target/compiled/retail_dbt/models/staging/stg_purchase_orders.sql","logger":"airflow.task.hooks.airflow.providers.standard.hooks.subprocess.SubprocessHook"}
{"timestamp":"2025-08-28T03:15:37.991519","level":"info","event":"\u001b[0m03:15:37","logger":"airflow.task.hooks.airflow.providers.standard.hooks.subprocess.SubprocessHook"}
{"timestamp":"2025-08-28T03:15:37.991855","level":"info","event":"\u001b[0m03:15:37  \u001b[31mFailure in model stg_returns (models/staging/stg_returns.sql)\u001b[0m","logger":"airflow.task.hooks.airflow.providers.standard.hooks.subprocess.SubprocessHook"}
{"timestamp":"2025-08-28T03:15:37.992164","level":"info","event":"\u001b[0m03:15:37    Database Error in model stg_returns (models/staging/stg_returns.sql)","logger":"airflow.task.hooks.airflow.providers.standard.hooks.subprocess.SubprocessHook"}
{"timestamp":"2025-08-28T03:15:37.992230","level":"info","event":"  relation \"raw.returns\" does not exist","logger":"airflow.task.hooks.airflow.providers.standard.hooks.subprocess.SubprocessHook"}
{"timestamp":"2025-08-28T03:15:37.992272","level":"info","event":"  LINE 17:     FROM \"postgres\".\"raw\".\"returns\"","logger":"airflow.task.hooks.airflow.providers.standard.hooks.subprocess.SubprocessHook"}
{"timestamp":"2025-08-28T03:15:37.992307","level":"info","event":"                    ^","logger":"airflow.task.hooks.airflow.providers.standard.hooks.subprocess.SubprocessHook"}
{"timestamp":"2025-08-28T03:15:37.992340","level":"info","event":"  compiled code at target/run/retail_dbt/models/staging/stg_returns.sql","logger":"airflow.task.hooks.airflow.providers.standard.hooks.subprocess.SubprocessHook"}
{"timestamp":"2025-08-28T03:15:37.992421","level":"info","event":"\u001b[0m03:15:37","logger":"airflow.task.hooks.airflow.providers.standard.hooks.subprocess.SubprocessHook"}
{"timestamp":"2025-08-28T03:15:37.992730","level":"info","event":"\u001b[0m03:15:37    compiled code at target/compiled/retail_dbt/models/staging/stg_returns.sql","logger":"airflow.task.hooks.airflow.providers.standard.hooks.subprocess.SubprocessHook"}
{"timestamp":"2025-08-28T03:15:37.993000","level":"info","event":"\u001b[0m03:15:37","logger":"airflow.task.hooks.airflow.providers.standard.hooks.subprocess.SubprocessHook"}
{"timestamp":"2025-08-28T03:15:37.993335","level":"info","event":"\u001b[0m03:15:37  \u001b[31mFailure in model stg_promotions (models/staging/stg_promotions.sql)\u001b[0m","logger":"airflow.task.hooks.airflow.providers.standard.hooks.subprocess.SubprocessHook"}
{"timestamp":"2025-08-28T03:15:37.993697","level":"info","event":"\u001b[0m03:15:37    Database Error in model stg_promotions (models/staging/stg_promotions.sql)","logger":"airflow.task.hooks.airflow.providers.standard.hooks.subprocess.SubprocessHook"}
{"timestamp":"2025-08-28T03:15:37.993764","level":"info","event":"  relation \"raw.promotions\" does not exist","logger":"airflow.task.hooks.airflow.providers.standard.hooks.subprocess.SubprocessHook"}
{"timestamp":"2025-08-28T03:15:37.993808","level":"info","event":"  LINE 15:     FROM \"postgres\".\"raw\".\"promotions\"","logger":"airflow.task.hooks.airflow.providers.standard.hooks.subprocess.SubprocessHook"}
{"timestamp":"2025-08-28T03:15:37.993843","level":"info","event":"                    ^","logger":"airflow.task.hooks.airflow.providers.standard.hooks.subprocess.SubprocessHook"}
{"timestamp":"2025-08-28T03:15:37.993909","level":"info","event":"  compiled code at target/run/retail_dbt/models/staging/stg_promotions.sql","logger":"airflow.task.hooks.airflow.providers.standard.hooks.subprocess.SubprocessHook"}
{"timestamp":"2025-08-28T03:15:37.993951","level":"info","event":"\u001b[0m03:15:37","logger":"airflow.task.hooks.airflow.providers.standard.hooks.subprocess.SubprocessHook"}
{"timestamp":"2025-08-28T03:15:37.994211","level":"info","event":"\u001b[0m03:15:37    compiled code at target/compiled/retail_dbt/models/staging/stg_promotions.sql","logger":"airflow.task.hooks.airflow.providers.standard.hooks.subprocess.SubprocessHook"}
{"timestamp":"2025-08-28T03:15:37.994498","level":"info","event":"\u001b[0m03:15:37","logger":"airflow.task.hooks.airflow.providers.standard.hooks.subprocess.SubprocessHook"}
{"timestamp":"2025-08-28T03:15:37.994816","level":"info","event":"\u001b[0m03:15:37  \u001b[31mFailure in model stg_sales_items (models/staging/stg_sales_items.sql)\u001b[0m","logger":"airflow.task.hooks.airflow.providers.standard.hooks.subprocess.SubprocessHook"}
{"timestamp":"2025-08-28T03:15:37.995121","level":"info","event":"\u001b[0m03:15:37    Database Error in model stg_sales_items (models/staging/stg_sales_items.sql)","logger":"airflow.task.hooks.airflow.providers.standard.hooks.subprocess.SubprocessHook"}
{"timestamp":"2025-08-28T03:15:37.995190","level":"info","event":"  relation \"raw.sales_items\" does not exist","logger":"airflow.task.hooks.airflow.providers.standard.hooks.subprocess.SubprocessHook"}
{"timestamp":"2025-08-28T03:15:37.995239","level":"info","event":"  LINE 10:     select * from \"postgres\".\"raw\".\"sales_items\"","logger":"airflow.task.hooks.airflow.providers.standard.hooks.subprocess.SubprocessHook"}
{"timestamp":"2025-08-28T03:15:37.995275","level":"info","event":"                             ^","logger":"airflow.task.hooks.airflow.providers.standard.hooks.subprocess.SubprocessHook"}
{"timestamp":"2025-08-28T03:15:37.995343","level":"info","event":"  compiled code at target/run/retail_dbt/models/staging/stg_sales_items.sql","logger":"airflow.task.hooks.airflow.providers.standard.hooks.subprocess.SubprocessHook"}
{"timestamp":"2025-08-28T03:15:37.995387","level":"info","event":"\u001b[0m03:15:37","logger":"airflow.task.hooks.airflow.providers.standard.hooks.subprocess.SubprocessHook"}
{"timestamp":"2025-08-28T03:15:37.995681","level":"info","event":"\u001b[0m03:15:37    compiled code at target/compiled/retail_dbt/models/staging/stg_sales_items.sql","logger":"airflow.task.hooks.airflow.providers.standard.hooks.subprocess.SubprocessHook"}
{"timestamp":"2025-08-28T03:15:37.995941","level":"info","event":"\u001b[0m03:15:37","logger":"airflow.task.hooks.airflow.providers.standard.hooks.subprocess.SubprocessHook"}
{"timestamp":"2025-08-28T03:15:37.996255","level":"info","event":"\u001b[0m03:15:37  \u001b[31mFailure in model stg_sales_transactions (models/staging/stg_sales_transactions.sql)\u001b[0m","logger":"airflow.task.hooks.airflow.providers.standard.hooks.subprocess.SubprocessHook"}
{"timestamp":"2025-08-28T03:15:37.996572","level":"info","event":"\u001b[0m03:15:37    Database Error in model stg_sales_transactions (models/staging/stg_sales_transactions.sql)","logger":"airflow.task.hooks.airflow.providers.standard.hooks.subprocess.SubprocessHook"}
{"timestamp":"2025-08-28T03:15:37.996639","level":"info","event":"  relation \"raw.sales_transactions\" does not exist","logger":"airflow.task.hooks.airflow.providers.standard.hooks.subprocess.SubprocessHook"}
{"timestamp":"2025-08-28T03:15:37.996684","level":"info","event":"  LINE 10:     select * from \"postgres\".\"raw\".\"sales_transactions\"","logger":"airflow.task.hooks.airflow.providers.standard.hooks.subprocess.SubprocessHook"}
{"timestamp":"2025-08-28T03:15:37.996719","level":"info","event":"                             ^","logger":"airflow.task.hooks.airflow.providers.standard.hooks.subprocess.SubprocessHook"}
{"timestamp":"2025-08-28T03:15:37.996751","level":"info","event":"  compiled code at target/run/retail_dbt/models/staging/stg_sales_transactions.sql","logger":"airflow.task.hooks.airflow.providers.standard.hooks.subprocess.SubprocessHook"}
{"timestamp":"2025-08-28T03:15:37.996830","level":"info","event":"\u001b[0m03:15:37","logger":"airflow.task.hooks.airflow.providers.standard.hooks.subprocess.SubprocessHook"}
{"timestamp":"2025-08-28T03:15:37.997123","level":"info","event":"\u001b[0m03:15:37    compiled code at target/compiled/retail_dbt/models/staging/stg_sales_transactions.sql","logger":"airflow.task.hooks.airflow.providers.standard.hooks.subprocess.SubprocessHook"}
{"timestamp":"2025-08-28T03:15:37.997443","level":"info","event":"\u001b[0m03:15:37","logger":"airflow.task.hooks.airflow.providers.standard.hooks.subprocess.SubprocessHook"}
{"timestamp":"2025-08-28T03:15:37.997775","level":"info","event":"\u001b[0m03:15:37  \u001b[31mFailure in model stg_stock_movements (models/staging/stg_stock_movements.sql)\u001b[0m","logger":"airflow.task.hooks.airflow.providers.standard.hooks.subprocess.SubprocessHook"}
{"timestamp":"2025-08-28T03:15:37.998120","level":"info","event":"\u001b[0m03:15:37    Database Error in model stg_stock_movements (models/staging/stg_stock_movements.sql)","logger":"airflow.task.hooks.airflow.providers.standard.hooks.subprocess.SubprocessHook"}
{"timestamp":"2025-08-28T03:15:37.998194","level":"info","event":"  relation \"raw.stock_movements\" does not exist","logger":"airflow.task.hooks.airflow.providers.standard.hooks.subprocess.SubprocessHook"}
{"timestamp":"2025-08-28T03:15:37.998255","level":"info","event":"  LINE 18:   FROM \"postgres\".\"raw\".\"stock_movements\"","logger":"airflow.task.hooks.airflow.providers.standard.hooks.subprocess.SubprocessHook"}
{"timestamp":"2025-08-28T03:15:37.998299","level":"info","event":"                  ^","logger":"airflow.task.hooks.airflow.providers.standard.hooks.subprocess.SubprocessHook"}
{"timestamp":"2025-08-28T03:15:37.998335","level":"info","event":"  compiled code at target/run/retail_dbt/models/staging/stg_stock_movements.sql","logger":"airflow.task.hooks.airflow.providers.standard.hooks.subprocess.SubprocessHook"}
{"timestamp":"2025-08-28T03:15:37.998370","level":"info","event":"\u001b[0m03:15:37","logger":"airflow.task.hooks.airflow.providers.standard.hooks.subprocess.SubprocessHook"}
{"timestamp":"2025-08-28T03:15:37.998661","level":"info","event":"\u001b[0m03:15:37    compiled code at target/compiled/retail_dbt/models/staging/stg_stock_movements.sql","logger":"airflow.task.hooks.airflow.providers.standard.hooks.subprocess.SubprocessHook"}
{"timestamp":"2025-08-28T03:15:37.998932","level":"info","event":"\u001b[0m03:15:37","logger":"airflow.task.hooks.airflow.providers.standard.hooks.subprocess.SubprocessHook"}
{"timestamp":"2025-08-28T03:15:37.999293","level":"info","event":"\u001b[0m03:15:37  \u001b[31mFailure in model stg_shipments (models/staging/stg_shipments.sql)\u001b[0m","logger":"airflow.task.hooks.airflow.providers.standard.hooks.subprocess.SubprocessHook"}
{"timestamp":"2025-08-28T03:15:37.999602","level":"info","event":"\u001b[0m03:15:37    Database Error in model stg_shipments (models/staging/stg_shipments.sql)","logger":"airflow.task.hooks.airflow.providers.standard.hooks.subprocess.SubprocessHook"}
{"timestamp":"2025-08-28T03:15:37.999668","level":"info","event":"  relation \"raw.shipments\" does not exist","logger":"airflow.task.hooks.airflow.providers.standard.hooks.subprocess.SubprocessHook"}
{"timestamp":"2025-08-28T03:15:37.999714","level":"info","event":"  LINE 10:     select * from \"postgres\".\"raw\".\"shipments\"","logger":"airflow.task.hooks.airflow.providers.standard.hooks.subprocess.SubprocessHook"}
{"timestamp":"2025-08-28T03:15:37.999755","level":"info","event":"                             ^","logger":"airflow.task.hooks.airflow.providers.standard.hooks.subprocess.SubprocessHook"}
{"timestamp":"2025-08-28T03:15:37.999789","level":"info","event":"  compiled code at target/run/retail_dbt/models/staging/stg_shipments.sql","logger":"airflow.task.hooks.airflow.providers.standard.hooks.subprocess.SubprocessHook"}
{"timestamp":"2025-08-28T03:15:37.999843","level":"info","event":"\u001b[0m03:15:37","logger":"airflow.task.hooks.airflow.providers.standard.hooks.subprocess.SubprocessHook"}
{"timestamp":"2025-08-28T03:15:38.000175","level":"info","event":"\u001b[0m03:15:38    compiled code at target/compiled/retail_dbt/models/staging/stg_shipments.sql","logger":"airflow.task.hooks.airflow.providers.standard.hooks.subprocess.SubprocessHook"}
{"timestamp":"2025-08-28T03:15:38.000430","level":"info","event":"\u001b[0m03:15:38","logger":"airflow.task.hooks.airflow.providers.standard.hooks.subprocess.SubprocessHook"}
{"timestamp":"2025-08-28T03:15:38.000740","level":"info","event":"\u001b[0m03:15:38  \u001b[31mFailure in model stg_store_visits (models/staging/stg_store_visits.sql)\u001b[0m","logger":"airflow.task.hooks.airflow.providers.standard.hooks.subprocess.SubprocessHook"}
{"timestamp":"2025-08-28T03:15:38.001084","level":"info","event":"\u001b[0m03:15:38    Database Error in model stg_store_visits (models/staging/stg_store_visits.sql)","logger":"airflow.task.hooks.airflow.providers.standard.hooks.subprocess.SubprocessHook"}
{"timestamp":"2025-08-28T03:15:38.001158","level":"info","event":"  relation \"raw.store_visits\" does not exist","logger":"airflow.task.hooks.airflow.providers.standard.hooks.subprocess.SubprocessHook"}
{"timestamp":"2025-08-28T03:15:38.001203","level":"info","event":"  LINE 15:   FROM \"postgres\".\"raw\".\"store_visits\"","logger":"airflow.task.hooks.airflow.providers.standard.hooks.subprocess.SubprocessHook"}
{"timestamp":"2025-08-28T03:15:38.001255","level":"info","event":"                  ^","logger":"airflow.task.hooks.airflow.providers.standard.hooks.subprocess.SubprocessHook"}
{"timestamp":"2025-08-28T03:15:38.001336","level":"info","event":"  compiled code at target/run/retail_dbt/models/staging/stg_store_visits.sql","logger":"airflow.task.hooks.airflow.providers.standard.hooks.subprocess.SubprocessHook"}
{"timestamp":"2025-08-28T03:15:38.001381","level":"info","event":"\u001b[0m03:15:38","logger":"airflow.task.hooks.airflow.providers.standard.hooks.subprocess.SubprocessHook"}
{"timestamp":"2025-08-28T03:15:38.001618","level":"info","event":"\u001b[0m03:15:38    compiled code at target/compiled/retail_dbt/models/staging/stg_store_visits.sql","logger":"airflow.task.hooks.airflow.providers.standard.hooks.subprocess.SubprocessHook"}
{"timestamp":"2025-08-28T03:15:38.001914","level":"info","event":"\u001b[0m03:15:38","logger":"airflow.task.hooks.airflow.providers.standard.hooks.subprocess.SubprocessHook"}
{"timestamp":"2025-08-28T03:15:38.002232","level":"info","event":"\u001b[0m03:15:38  \u001b[31mFailure in model stg_stores (models/staging/stg_stores.sql)\u001b[0m","logger":"airflow.task.hooks.airflow.providers.standard.hooks.subprocess.SubprocessHook"}
{"timestamp":"2025-08-28T03:15:38.002541","level":"info","event":"\u001b[0m03:15:38    Database Error in model stg_stores (models/staging/stg_stores.sql)","logger":"airflow.task.hooks.airflow.providers.standard.hooks.subprocess.SubprocessHook"}
{"timestamp":"2025-08-28T03:15:38.002606","level":"info","event":"  relation \"raw.stores\" does not exist","logger":"airflow.task.hooks.airflow.providers.standard.hooks.subprocess.SubprocessHook"}
{"timestamp":"2025-08-28T03:15:38.002649","level":"info","event":"  LINE 15:   FROM raw.stores","logger":"airflow.task.hooks.airflow.providers.standard.hooks.subprocess.SubprocessHook"}
{"timestamp":"2025-08-28T03:15:38.002683","level":"info","event":"                  ^","logger":"airflow.task.hooks.airflow.providers.standard.hooks.subprocess.SubprocessHook"}
{"timestamp":"2025-08-28T03:15:38.002715","level":"info","event":"  compiled code at target/run/retail_dbt/models/staging/stg_stores.sql","logger":"airflow.task.hooks.airflow.providers.standard.hooks.subprocess.SubprocessHook"}
{"timestamp":"2025-08-28T03:15:38.002823","level":"info","event":"\u001b[0m03:15:38","logger":"airflow.task.hooks.airflow.providers.standard.hooks.subprocess.SubprocessHook"}
{"timestamp":"2025-08-28T03:15:38.003108","level":"info","event":"\u001b[0m03:15:38    compiled code at target/compiled/retail_dbt/models/staging/stg_stores.sql","logger":"airflow.task.hooks.airflow.providers.standard.hooks.subprocess.SubprocessHook"}
{"timestamp":"2025-08-28T03:15:38.003371","level":"info","event":"\u001b[0m03:15:38","logger":"airflow.task.hooks.airflow.providers.standard.hooks.subprocess.SubprocessHook"}
{"timestamp":"2025-08-28T03:15:38.003689","level":"info","event":"\u001b[0m03:15:38  \u001b[31mFailure in model stg_suppliers (models/staging/stg_suppliers.sql)\u001b[0m","logger":"airflow.task.hooks.airflow.providers.standard.hooks.subprocess.SubprocessHook"}
{"timestamp":"2025-08-28T03:15:38.004000","level":"info","event":"\u001b[0m03:15:38    Database Error in model stg_suppliers (models/staging/stg_suppliers.sql)","logger":"airflow.task.hooks.airflow.providers.standard.hooks.subprocess.SubprocessHook"}
{"timestamp":"2025-08-28T03:15:38.004067","level":"info","event":"  relation \"raw.suppliers\" does not exist","logger":"airflow.task.hooks.airflow.providers.standard.hooks.subprocess.SubprocessHook"}
{"timestamp":"2025-08-28T03:15:38.004110","level":"info","event":"  LINE 14:     FROM raw.suppliers","logger":"airflow.task.hooks.airflow.providers.standard.hooks.subprocess.SubprocessHook"}
{"timestamp":"2025-08-28T03:15:38.004144","level":"info","event":"                    ^","logger":"airflow.task.hooks.airflow.providers.standard.hooks.subprocess.SubprocessHook"}
{"timestamp":"2025-08-28T03:15:38.004176","level":"info","event":"  compiled code at target/run/retail_dbt/models/staging/stg_suppliers.sql","logger":"airflow.task.hooks.airflow.providers.standard.hooks.subprocess.SubprocessHook"}
{"timestamp":"2025-08-28T03:15:38.004254","level":"info","event":"\u001b[0m03:15:38","logger":"airflow.task.hooks.airflow.providers.standard.hooks.subprocess.SubprocessHook"}
{"timestamp":"2025-08-28T03:15:38.004537","level":"info","event":"\u001b[0m03:15:38    compiled code at target/compiled/retail_dbt/models/staging/stg_suppliers.sql","logger":"airflow.task.hooks.airflow.providers.standard.hooks.subprocess.SubprocessHook"}
{"timestamp":"2025-08-28T03:15:38.004822","level":"info","event":"\u001b[0m03:15:38","logger":"airflow.task.hooks.airflow.providers.standard.hooks.subprocess.SubprocessHook"}
{"timestamp":"2025-08-28T03:15:38.005137","level":"info","event":"\u001b[0m03:15:38  \u001b[31mFailure in model stg_tax_rules (models/staging/stg_tax_rules.sql)\u001b[0m","logger":"airflow.task.hooks.airflow.providers.standard.hooks.subprocess.SubprocessHook"}
{"timestamp":"2025-08-28T03:15:38.005501","level":"info","event":"\u001b[0m03:15:38    Database Error in model stg_tax_rules (models/staging/stg_tax_rules.sql)","logger":"airflow.task.hooks.airflow.providers.standard.hooks.subprocess.SubprocessHook"}
{"timestamp":"2025-08-28T03:15:38.005567","level":"info","event":"  relation \"raw.tax_rules\" does not exist","logger":"airflow.task.hooks.airflow.providers.standard.hooks.subprocess.SubprocessHook"}
{"timestamp":"2025-08-28T03:15:38.005609","level":"info","event":"  LINE 15:     FROM raw.tax_rules","logger":"airflow.task.hooks.airflow.providers.standard.hooks.subprocess.SubprocessHook"}
{"timestamp":"2025-08-28T03:15:38.005643","level":"info","event":"                    ^","logger":"airflow.task.hooks.airflow.providers.standard.hooks.subprocess.SubprocessHook"}
{"timestamp":"2025-08-28T03:15:38.005674","level":"info","event":"  compiled code at target/run/retail_dbt/models/staging/stg_tax_rules.sql","logger":"airflow.task.hooks.airflow.providers.standard.hooks.subprocess.SubprocessHook"}
{"timestamp":"2025-08-28T03:15:38.005792","level":"info","event":"\u001b[0m03:15:38","logger":"airflow.task.hooks.airflow.providers.standard.hooks.subprocess.SubprocessHook"}
{"timestamp":"2025-08-28T03:15:38.006064","level":"info","event":"\u001b[0m03:15:38    compiled code at target/compiled/retail_dbt/models/staging/stg_tax_rules.sql","logger":"airflow.task.hooks.airflow.providers.standard.hooks.subprocess.SubprocessHook"}
{"timestamp":"2025-08-28T03:15:38.006330","level":"info","event":"\u001b[0m03:15:38","logger":"airflow.task.hooks.airflow.providers.standard.hooks.subprocess.SubprocessHook"}
{"timestamp":"2025-08-28T03:15:38.006655","level":"info","event":"\u001b[0m03:15:38  Done. PASS=0 WARN=0 ERROR=23 SKIP=0 NO-OP=0 TOTAL=23","logger":"airflow.task.hooks.airflow.providers.standard.hooks.subprocess.SubprocessHook"}
{"timestamp":"2025-08-28T03:15:39.149123","level":"info","event":"Command exited with return code 1","logger":"airflow.task.hooks.airflow.providers.standard.hooks.subprocess.SubprocessHook"}
{"timestamp":"2025-08-28T03:15:39.149681","level":"error","event":"Task failed with exception","logger":"task","error_detail":[{"exc_type":"AirflowException","exc_value":"Bash command failed. The command returned a non-zero exit code 1.","exc_notes":[],"syntax_error":null,"is_cause":false,"frames":[{"filename":"/home/airflow/.local/lib/python3.12/site-packages/airflow/sdk/execution_time/task_runner.py","lineno":890,"name":"run"},{"filename":"/home/airflow/.local/lib/python3.12/site-packages/airflow/sdk/execution_time/task_runner.py","lineno":1177,"name":"_execute_task"},{"filename":"/home/airflow/.local/lib/python3.12/site-packages/airflow/sdk/bases/operator.py","lineno":397,"name":"wrapper"},{"filename":"/home/airflow/.local/lib/python3.12/site-packages/airflow/providers/standard/operators/bash.py","lineno":232,"name":"execute"}],"is_group":false,"exceptions":[]}]}
{"timestamp":"2025-08-28T03:15:39.167883","level":"warning","event":"/home/airflow/.local/lib/python3.12/site-packages/airflow/models/connection.py:471: DeprecationWarning: Using Connection.get_connection_from_secrets from `airflow.models` is deprecated.Please use `from airflow.sdk import Connection` instead\n  warnings.warn(\n","logger":"py.warnings"}
{"timestamp":"2025-08-28T03:15:39.174354","level":"info","event":"Connection Retrieved 'ms_teams_webhook'","logger":"airflow.hooks.base"}
{"timestamp":"2025-08-28T03:15:41.402427Z","level":"info","event":"Task instance in failure state","chan":"stdout","logger":"task"}
{"timestamp":"2025-08-28T03:15:41.403467Z","level":"info","event":"Task start","chan":"stdout","logger":"task"}
{"timestamp":"2025-08-28T03:15:41.403588Z","level":"info","event":"Task:<Task(BashOperator): dbt_staging>","chan":"stdout","logger":"task"}
{"timestamp":"2025-08-28T03:15:41.403640Z","level":"info","event":"Failure caused by Bash command failed. The command returned a non-zero exit code 1.","chan":"stdout","logger":"task"}
