{"timestamp":"2025-08-25T07:58:53.699283","level":"info","event":"DAG bundles loaded: dags-folder, example_dags","logger":"airflow.dag_processing.bundles.manager.DagBundlesManager"}
{"timestamp":"2025-08-25T07:58:53.699680","level":"info","event":"Filling up the DagBag from /opt/airflow/dags/dbt_process_data.py","logger":"airflow.models.dagbag.DagBag"}
{"timestamp":"2025-08-25T07:58:53.724837Z","level":"info","event":"Task instance is in running state","chan":"stdout","logger":"task"}
{"timestamp":"2025-08-25T07:58:53.724989Z","level":"info","event":" Previous state of the Task instance: TaskInstanceState.QUEUED","chan":"stdout","logger":"task"}
{"timestamp":"2025-08-25T07:58:53.725703Z","level":"info","event":"Current task name:dbt_staging","chan":"stdout","logger":"task"}
{"timestamp":"2025-08-25T07:58:53.725777Z","level":"info","event":"Dag name:dbt_pipeline_invalid_staging_silver","chan":"stdout","logger":"task"}
{"timestamp":"2025-08-25T07:58:53.726238","level":"info","event":"Tmp dir root location: /tmp","logger":"airflow.task.hooks.airflow.providers.standard.hooks.subprocess.SubprocessHook"}
{"timestamp":"2025-08-25T07:58:53.727777","level":"info","event":"Running command: ['/usr/bin/bash', '-c', 'cd /opt/airflow/dbt && dbt run --select path:models/staging --full-refresh --profiles-dir /home/airflow/.dbt']","logger":"airflow.task.hooks.airflow.providers.standard.hooks.subprocess.SubprocessHook"}
{"timestamp":"2025-08-25T07:58:53.742374","level":"info","event":"Output:","logger":"airflow.task.hooks.airflow.providers.standard.hooks.subprocess.SubprocessHook"}
{"timestamp":"2025-08-25T07:58:55.468317","level":"info","event":"\u001b[0m07:58:55  Running with dbt=1.10.9","logger":"airflow.task.hooks.airflow.providers.standard.hooks.subprocess.SubprocessHook"}
{"timestamp":"2025-08-25T07:58:55.664569","level":"info","event":"\u001b[0m07:58:55  Registered adapter: postgres=1.9.0","logger":"airflow.task.hooks.airflow.providers.standard.hooks.subprocess.SubprocessHook"}
{"timestamp":"2025-08-25T07:58:56.218268","level":"info","event":"\u001b[0m07:58:56  Found 88 models, 9 snapshots, 376 data tests, 23 sources, 816 macros","logger":"airflow.task.hooks.airflow.providers.standard.hooks.subprocess.SubprocessHook"}
{"timestamp":"2025-08-25T07:58:56.229583","level":"info","event":"\u001b[0m07:58:56","logger":"airflow.task.hooks.airflow.providers.standard.hooks.subprocess.SubprocessHook"}
{"timestamp":"2025-08-25T07:58:56.229909","level":"info","event":"\u001b[0m07:58:56  Concurrency: 4 threads (target='dev')","logger":"airflow.task.hooks.airflow.providers.standard.hooks.subprocess.SubprocessHook"}
{"timestamp":"2025-08-25T07:58:56.230203","level":"info","event":"\u001b[0m07:58:56","logger":"airflow.task.hooks.airflow.providers.standard.hooks.subprocess.SubprocessHook"}
{"timestamp":"2025-08-25T07:59:05.987805","level":"info","event":"\u001b[0m07:59:05  1 of 23 START sql view model silver_staging.stg_brands ......................... [RUN]","logger":"airflow.task.hooks.airflow.providers.standard.hooks.subprocess.SubprocessHook"}
{"timestamp":"2025-08-25T07:59:05.989308","level":"info","event":"\u001b[0m07:59:05  2 of 23 START sql view model silver_staging.stg_campaigns ...................... [RUN]","logger":"airflow.task.hooks.airflow.providers.standard.hooks.subprocess.SubprocessHook"}
{"timestamp":"2025-08-25T07:59:05.989838","level":"info","event":"\u001b[0m07:59:05  3 of 23 START sql view model silver_staging.stg_categories ..................... [RUN]","logger":"airflow.task.hooks.airflow.providers.standard.hooks.subprocess.SubprocessHook"}
{"timestamp":"2025-08-25T07:59:05.990934","level":"info","event":"\u001b[0m07:59:05  4 of 23 START sql view model silver_staging.stg_customer_feedback .............. [RUN]","logger":"airflow.task.hooks.airflow.providers.standard.hooks.subprocess.SubprocessHook"}
{"timestamp":"2025-08-25T07:59:09.759556","level":"info","event":"\u001b[0m07:59:09  4 of 23 OK created sql view model silver_staging.stg_customer_feedback ......... [\u001b[32mCREATE VIEW\u001b[0m in 3.77s]","logger":"airflow.task.hooks.airflow.providers.standard.hooks.subprocess.SubprocessHook"}
{"timestamp":"2025-08-25T07:59:09.764091","level":"info","event":"\u001b[0m07:59:09  1 of 23 OK created sql view model silver_staging.stg_brands .................... [\u001b[32mCREATE VIEW\u001b[0m in 3.77s]","logger":"airflow.task.hooks.airflow.providers.standard.hooks.subprocess.SubprocessHook"}
{"timestamp":"2025-08-25T07:59:09.764663","level":"info","event":"\u001b[0m07:59:09  5 of 23 START sql view model silver_staging.stg_customers ...................... [RUN]","logger":"airflow.task.hooks.airflow.providers.standard.hooks.subprocess.SubprocessHook"}
{"timestamp":"2025-08-25T07:59:09.767404","level":"info","event":"\u001b[0m07:59:09  6 of 23 START sql view model silver_staging.stg_discount_rules ................. [RUN]","logger":"airflow.task.hooks.airflow.providers.standard.hooks.subprocess.SubprocessHook"}
{"timestamp":"2025-08-25T07:59:10.193890","level":"info","event":"\u001b[0m07:59:10  2 of 23 OK created sql view model silver_staging.stg_campaigns ................. [\u001b[32mCREATE VIEW\u001b[0m in 4.20s]","logger":"airflow.task.hooks.airflow.providers.standard.hooks.subprocess.SubprocessHook"}
{"timestamp":"2025-08-25T07:59:10.195643","level":"info","event":"\u001b[0m07:59:10  7 of 23 START sql view model silver_staging.stg_employees ...................... [RUN]","logger":"airflow.task.hooks.airflow.providers.standard.hooks.subprocess.SubprocessHook"}
{"timestamp":"2025-08-25T07:59:10.225884","level":"info","event":"\u001b[0m07:59:10  3 of 23 OK created sql view model silver_staging.stg_categories ................ [\u001b[32mCREATE VIEW\u001b[0m in 4.23s]","logger":"airflow.task.hooks.airflow.providers.standard.hooks.subprocess.SubprocessHook"}
{"timestamp":"2025-08-25T07:59:10.227577","level":"info","event":"\u001b[0m07:59:10  8 of 23 START sql view model silver_staging.stg_inventory ...................... [RUN]","logger":"airflow.task.hooks.airflow.providers.standard.hooks.subprocess.SubprocessHook"}
{"timestamp":"2025-08-25T07:59:13.619965","level":"info","event":"\u001b[0m07:59:13  7 of 23 OK created sql view model silver_staging.stg_employees ................. [\u001b[32mCREATE VIEW\u001b[0m in 3.42s]","logger":"airflow.task.hooks.airflow.providers.standard.hooks.subprocess.SubprocessHook"}
{"timestamp":"2025-08-25T07:59:13.621356","level":"info","event":"\u001b[0m07:59:13  9 of 23 START sql view model silver_staging.stg_loyalty_programs ............... [RUN]","logger":"airflow.task.hooks.airflow.providers.standard.hooks.subprocess.SubprocessHook"}
{"timestamp":"2025-08-25T07:59:13.948611","level":"info","event":"\u001b[0m07:59:13  5 of 23 OK created sql view model silver_staging.stg_customers ................. [\u001b[32mCREATE VIEW\u001b[0m in 4.18s]","logger":"airflow.task.hooks.airflow.providers.standard.hooks.subprocess.SubprocessHook"}
{"timestamp":"2025-08-25T07:59:13.950053","level":"info","event":"\u001b[0m07:59:13  10 of 23 START sql view model silver_staging.stg_payments ...................... [RUN]","logger":"airflow.task.hooks.airflow.providers.standard.hooks.subprocess.SubprocessHook"}
{"timestamp":"2025-08-25T07:59:13.970341","level":"info","event":"\u001b[0m07:59:13  6 of 23 OK created sql view model silver_staging.stg_discount_rules ............ [\u001b[32mCREATE VIEW\u001b[0m in 4.20s]","logger":"airflow.task.hooks.airflow.providers.standard.hooks.subprocess.SubprocessHook"}
{"timestamp":"2025-08-25T07:59:13.971679","level":"info","event":"\u001b[0m07:59:13  11 of 23 START sql view model silver_staging.stg_pricing_history ............... [RUN]","logger":"airflow.task.hooks.airflow.providers.standard.hooks.subprocess.SubprocessHook"}
{"timestamp":"2025-08-25T07:59:14.227406","level":"info","event":"\u001b[0m07:59:14  8 of 23 OK created sql view model silver_staging.stg_inventory ................. [\u001b[32mCREATE VIEW\u001b[0m in 4.00s]","logger":"airflow.task.hooks.airflow.providers.standard.hooks.subprocess.SubprocessHook"}
{"timestamp":"2025-08-25T07:59:14.228902","level":"info","event":"\u001b[0m07:59:14  12 of 23 START sql view model silver_staging.stg_products ...................... [RUN]","logger":"airflow.task.hooks.airflow.providers.standard.hooks.subprocess.SubprocessHook"}
{"timestamp":"2025-08-25T07:59:17.057492","level":"info","event":"\u001b[0m07:59:17  9 of 23 OK created sql view model silver_staging.stg_loyalty_programs .......... [\u001b[32mCREATE VIEW\u001b[0m in 3.43s]","logger":"airflow.task.hooks.airflow.providers.standard.hooks.subprocess.SubprocessHook"}
{"timestamp":"2025-08-25T07:59:17.059127","level":"info","event":"\u001b[0m07:59:17  13 of 23 START sql view model silver_staging.stg_promotions .................... [RUN]","logger":"airflow.task.hooks.airflow.providers.standard.hooks.subprocess.SubprocessHook"}
{"timestamp":"2025-08-25T07:59:17.631055","level":"info","event":"\u001b[0m07:59:17  10 of 23 OK created sql view model silver_staging.stg_payments ................. [\u001b[32mCREATE VIEW\u001b[0m in 3.68s]","logger":"airflow.task.hooks.airflow.providers.standard.hooks.subprocess.SubprocessHook"}
{"timestamp":"2025-08-25T07:59:17.632379","level":"info","event":"\u001b[0m07:59:17  14 of 23 START sql view model silver_staging.stg_purchase_orders ............... [RUN]","logger":"airflow.task.hooks.airflow.providers.standard.hooks.subprocess.SubprocessHook"}
{"timestamp":"2025-08-25T07:59:17.823291","level":"info","event":"\u001b[0m07:59:17  12 of 23 OK created sql view model silver_staging.stg_products ................. [\u001b[32mCREATE VIEW\u001b[0m in 3.59s]","logger":"airflow.task.hooks.airflow.providers.standard.hooks.subprocess.SubprocessHook"}
{"timestamp":"2025-08-25T07:59:17.824669","level":"info","event":"\u001b[0m07:59:17  15 of 23 START sql view model silver_staging.stg_returns ....................... [RUN]","logger":"airflow.task.hooks.airflow.providers.standard.hooks.subprocess.SubprocessHook"}
{"timestamp":"2025-08-25T07:59:18.030242","level":"info","event":"\u001b[0m07:59:18  11 of 23 OK created sql view model silver_staging.stg_pricing_history .......... [\u001b[32mCREATE VIEW\u001b[0m in 4.06s]","logger":"airflow.task.hooks.airflow.providers.standard.hooks.subprocess.SubprocessHook"}
{"timestamp":"2025-08-25T07:59:18.031828","level":"info","event":"\u001b[0m07:59:18  16 of 23 START sql view model silver_staging.stg_sales_items ................... [RUN]","logger":"airflow.task.hooks.airflow.providers.standard.hooks.subprocess.SubprocessHook"}
{"timestamp":"2025-08-25T07:59:21.438481","level":"info","event":"\u001b[0m07:59:21  14 of 23 OK created sql view model silver_staging.stg_purchase_orders .......... [\u001b[32mCREATE VIEW\u001b[0m in 3.80s]","logger":"airflow.task.hooks.airflow.providers.standard.hooks.subprocess.SubprocessHook"}
{"timestamp":"2025-08-25T07:59:21.439803","level":"info","event":"\u001b[0m07:59:21  17 of 23 START sql view model silver_staging.stg_sales_transactions ............ [RUN]","logger":"airflow.task.hooks.airflow.providers.standard.hooks.subprocess.SubprocessHook"}
{"timestamp":"2025-08-25T07:59:21.451579","level":"info","event":"\u001b[0m07:59:21  13 of 23 OK created sql view model silver_staging.stg_promotions ............... [\u001b[32mCREATE VIEW\u001b[0m in 4.39s]","logger":"airflow.task.hooks.airflow.providers.standard.hooks.subprocess.SubprocessHook"}
{"timestamp":"2025-08-25T07:59:21.454072","level":"info","event":"\u001b[0m07:59:21  18 of 23 START sql view model silver_staging.stg_shipments ..................... [RUN]","logger":"airflow.task.hooks.airflow.providers.standard.hooks.subprocess.SubprocessHook"}
{"timestamp":"2025-08-25T07:59:21.584578","level":"info","event":"\u001b[0m07:59:21  16 of 23 OK created sql view model silver_staging.stg_sales_items .............. [\u001b[32mCREATE VIEW\u001b[0m in 3.55s]","logger":"airflow.task.hooks.airflow.providers.standard.hooks.subprocess.SubprocessHook"}
{"timestamp":"2025-08-25T07:59:21.586171","level":"info","event":"\u001b[0m07:59:21  19 of 23 START sql view model silver_staging.stg_stock_movements ............... [RUN]","logger":"airflow.task.hooks.airflow.providers.standard.hooks.subprocess.SubprocessHook"}
{"timestamp":"2025-08-25T07:59:21.882802","level":"info","event":"\u001b[0m07:59:21  15 of 23 OK created sql view model silver_staging.stg_returns .................. [\u001b[32mCREATE VIEW\u001b[0m in 4.06s]","logger":"airflow.task.hooks.airflow.providers.standard.hooks.subprocess.SubprocessHook"}
{"timestamp":"2025-08-25T07:59:21.884101","level":"info","event":"\u001b[0m07:59:21  20 of 23 START sql view model silver_staging.stg_store_visits .................. [RUN]","logger":"airflow.task.hooks.airflow.providers.standard.hooks.subprocess.SubprocessHook"}
{"timestamp":"2025-08-25T07:59:25.393041","level":"info","event":"\u001b[0m07:59:25  18 of 23 OK created sql view model silver_staging.stg_shipments ................ [\u001b[32mCREATE VIEW\u001b[0m in 3.94s]","logger":"airflow.task.hooks.airflow.providers.standard.hooks.subprocess.SubprocessHook"}
{"timestamp":"2025-08-25T07:59:25.394419","level":"info","event":"\u001b[0m07:59:25  21 of 23 START sql view model silver_staging.stg_stores ........................ [RUN]","logger":"airflow.task.hooks.airflow.providers.standard.hooks.subprocess.SubprocessHook"}
{"timestamp":"2025-08-25T07:59:25.514391","level":"info","event":"\u001b[0m07:59:25  19 of 23 OK created sql view model silver_staging.stg_stock_movements .......... [\u001b[32mCREATE VIEW\u001b[0m in 3.93s]","logger":"airflow.task.hooks.airflow.providers.standard.hooks.subprocess.SubprocessHook"}
{"timestamp":"2025-08-25T07:59:25.515748","level":"info","event":"\u001b[0m07:59:25  22 of 23 START sql view model silver_staging.stg_suppliers ..................... [RUN]","logger":"airflow.task.hooks.airflow.providers.standard.hooks.subprocess.SubprocessHook"}
{"timestamp":"2025-08-25T07:59:25.583051","level":"info","event":"\u001b[0m07:59:25  17 of 23 OK created sql view model silver_staging.stg_sales_transactions ....... [\u001b[32mCREATE VIEW\u001b[0m in 4.14s]","logger":"airflow.task.hooks.airflow.providers.standard.hooks.subprocess.SubprocessHook"}
{"timestamp":"2025-08-25T07:59:25.584848","level":"info","event":"\u001b[0m07:59:25  23 of 23 START sql view model silver_staging.stg_tax_rules ..................... [RUN]","logger":"airflow.task.hooks.airflow.providers.standard.hooks.subprocess.SubprocessHook"}
{"timestamp":"2025-08-25T07:59:25.705523","level":"info","event":"\u001b[0m07:59:25  20 of 23 OK created sql view model silver_staging.stg_store_visits ............. [\u001b[32mCREATE VIEW\u001b[0m in 3.82s]","logger":"airflow.task.hooks.airflow.providers.standard.hooks.subprocess.SubprocessHook"}
{"timestamp":"2025-08-25T07:59:29.241038","level":"info","event":"\u001b[0m07:59:29  21 of 23 OK created sql view model silver_staging.stg_stores ................... [\u001b[32mCREATE VIEW\u001b[0m in 3.84s]","logger":"airflow.task.hooks.airflow.providers.standard.hooks.subprocess.SubprocessHook"}
{"timestamp":"2025-08-25T07:59:29.514968","level":"info","event":"\u001b[0m07:59:29  22 of 23 OK created sql view model silver_staging.stg_suppliers ................ [\u001b[32mCREATE VIEW\u001b[0m in 4.00s]","logger":"airflow.task.hooks.airflow.providers.standard.hooks.subprocess.SubprocessHook"}
{"timestamp":"2025-08-25T07:59:31.089325","level":"info","event":"\u001b[0m07:59:31  23 of 23 OK created sql view model silver_staging.stg_tax_rules ................ [\u001b[32mCREATE VIEW\u001b[0m in 3.99s]","logger":"airflow.task.hooks.airflow.providers.standard.hooks.subprocess.SubprocessHook"}
{"timestamp":"2025-08-25T07:59:33.766943","level":"info","event":"\u001b[0m07:59:33","logger":"airflow.task.hooks.airflow.providers.standard.hooks.subprocess.SubprocessHook"}
{"timestamp":"2025-08-25T07:59:33.767280","level":"info","event":"\u001b[0m07:59:33  Finished running 23 view models in 0 hours 0 minutes and 37.54 seconds (37.54s).","logger":"airflow.task.hooks.airflow.providers.standard.hooks.subprocess.SubprocessHook"}
{"timestamp":"2025-08-25T07:59:33.875222","level":"info","event":"\u001b[0m07:59:33","logger":"airflow.task.hooks.airflow.providers.standard.hooks.subprocess.SubprocessHook"}
{"timestamp":"2025-08-25T07:59:33.875585","level":"info","event":"\u001b[0m07:59:33  \u001b[32mCompleted successfully\u001b[0m","logger":"airflow.task.hooks.airflow.providers.standard.hooks.subprocess.SubprocessHook"}
{"timestamp":"2025-08-25T07:59:33.875884","level":"info","event":"\u001b[0m07:59:33","logger":"airflow.task.hooks.airflow.providers.standard.hooks.subprocess.SubprocessHook"}
{"timestamp":"2025-08-25T07:59:33.876215","level":"info","event":"\u001b[0m07:59:33  Done. PASS=23 WARN=0 ERROR=0 SKIP=0 NO-OP=0 TOTAL=23","logger":"airflow.task.hooks.airflow.providers.standard.hooks.subprocess.SubprocessHook"}
{"timestamp":"2025-08-25T07:59:35.277582","level":"info","event":"Command exited with return code 0","logger":"airflow.task.hooks.airflow.providers.standard.hooks.subprocess.SubprocessHook"}
{"timestamp":"2025-08-25T07:59:35.278272","level":"info","event":"Pushing xcom","ti":"RuntimeTaskInstance(id=UUID('0198e03c-b9d1-7f00-ba60-d0b02decdde8'), task_id='dbt_staging', dag_id='dbt_pipeline_invalid_staging_silver', run_id='manual__2025-08-25T07:58:52.859055+00:00', try_number=1, map_index=-1, hostname='d71023bd2874', context_carrier={}, task=<Task(BashOperator): dbt_staging>, bundle_instance=LocalDagBundle(name=dags-folder), max_tries=0, start_date=datetime.datetime(2025, 8, 25, 7, 58, 53, 353421, tzinfo=datetime.timezone.utc), end_date=None, state=<TaskInstanceState.RUNNING: 'running'>, is_mapped=False, rendered_map_index=None, log_url='http://localhost:8080/dags/dbt_pipeline_invalid_staging_silver/runs/manual__2025-08-25T07%3A58%3A52.859055%2B00%3A00/tasks/dbt_staging?try_number=1')","logger":"task"}
{"timestamp":"2025-08-25T07:59:35.307893","level":"warning","event":"/home/airflow/.local/lib/python3.12/site-packages/airflow/models/connection.py:471: DeprecationWarning: Using Connection.get_connection_from_secrets from `airflow.models` is deprecated.Please use `from airflow.sdk import Connection` instead\n  warnings.warn(\n","logger":"py.warnings"}
{"timestamp":"2025-08-25T07:59:35.311746","level":"info","event":"Connection Retrieved 'ms_teams_webhook'","logger":"airflow.hooks.base"}
{"timestamp":"2025-08-25T07:59:37.559643Z","level":"info","event":"Task instance in success state","chan":"stdout","logger":"task"}
{"timestamp":"2025-08-25T07:59:37.559792Z","level":"info","event":" Previous state of the Task instance: TaskInstanceState.RUNNING","chan":"stdout","logger":"task"}
{"timestamp":"2025-08-25T07:59:37.560996Z","level":"info","event":"Task operator:<Task(BashOperator): dbt_staging>","chan":"stdout","logger":"task"}
